CRITICAL - 2024-09-02 05:15:56 --> ErrorException: Cannot redeclare removeIndexPhpFromUrl() (previously declared in /home2/cpfoodboxes/sites/dev.kolaxopackaging.com/podcast/ci-admin/remove_index.php:3)
[Method: GET, Route: /]
in FCPATH/remove_index.php on line 3.
 1 [internal function]: CodeIgniter\Debug\Exceptions->shutdownHandler()
CRITICAL - 2024-09-02 12:43:03 --> ErrorException: Trying to access array offset on value of type null
[Method: GET, Route: editepisode/21]
in APPPATH/Views/episode/editepisode.php on line 64.
 1 APPPATH/Views/episode/editepisode.php(64): CodeIgniter\Debug\Exceptions->errorHandler(2, 'Trying to access array offset on value of type null', '/home2/cpfoodboxes/sites/dev.kolaxopackaging.com/podcast/ci-admin/app/Views/episode/editepisode.php', 64)
 2 APPPATH/Views/page.php(4): include('/home2/cpfoodboxes/sites/dev.kolaxopackaging.com/podcast/ci-admin/app/Views/episode/editepisode.php')
 3 SYSTEMPATH/View/View.php(234): include('/home2/cpfoodboxes/sites/dev.kolaxopackaging.com/podcast/ci-admin/app/Views/page.php')
 4 SYSTEMPATH/View/View.php(237): CodeIgniter\View\View->CodeIgniter\View\{closure}()
 5 SYSTEMPATH/Common.php(1171): CodeIgniter\View\View->render('page', [], true)
 6 APPPATH/Controllers/Home.php(197): view('page', [...])
 7 SYSTEMPATH/CodeIgniter.php(933): App\Controllers\Home->editepisode('21')
 8 SYSTEMPATH/CodeIgniter.php(509): CodeIgniter\CodeIgniter->runController(Object(App\Controllers\Home))
 9 SYSTEMPATH/CodeIgniter.php(355): CodeIgniter\CodeIgniter->handleRequest(null, Object(Config\Cache), false)
10 SYSTEMPATH/Boot.php(312): CodeIgniter\CodeIgniter->run()
11 SYSTEMPATH/Boot.php(67): CodeIgniter\Boot::runCodeIgniter(Object(CodeIgniter\CodeIgniter))
12 FCPATH/index.php(66): CodeIgniter\Boot::bootWeb(Object(Config\Paths))
CRITICAL - 2024-09-02 12:43:06 --> ErrorException: Cannot redeclare removeIndexPhpFromUrl() (previously declared in /home2/cpfoodboxes/sites/dev.kolaxopackaging.com/podcast/ci-admin/remove_index.php:3)
[Method: GET, Route: /]
in FCPATH/remove_index.php on line 3.
 1 [internal function]: CodeIgniter\Debug\Exceptions->shutdownHandler()
CRITICAL - 2024-09-02 12:43:11 --> ErrorException: Cannot redeclare removeIndexPhpFromUrl() (previously declared in /home2/cpfoodboxes/sites/dev.kolaxopackaging.com/podcast/ci-admin/remove_index.php:3)
[Method: GET, Route: /]
in FCPATH/remove_index.php on line 3.
 1 [internal function]: CodeIgniter\Debug\Exceptions->shutdownHandler()
