CRITICAL - 2024-05-22 04:38:43 --> ParseError: Unclosed '{' on line 16
[Method: GET, Route: get]
in APPPATH\Models\HomeModel.php on line 114.
 1 SYSTEMPATH\Autoloader\Autoloader.php(296): CodeIgniter\Autoloader\Autoloader->includeFile('G:\\xampp\\htdocs\\podcast\\app\\Models\\HomeModel.php')
 2 SYSTEMPATH\Autoloader\Autoloader.php(272): CodeIgniter\Autoloader\Autoloader->loadInNamespace('App\\Models\\HomeModel')
 3 APPPATH\Controllers\Home.php(14): CodeIgniter\Autoloader\Autoloader->loadClass('App\\Models\\HomeModel')
 4 SYSTEMPATH\CodeIgniter.php(903): App\Controllers\Home->__construct()
 5 SYSTEMPATH\CodeIgniter.php(500): CodeIgniter\CodeIgniter->createController()
 6 SYSTEMPATH\CodeIgniter.php(355): CodeIgniter\CodeIgniter->handleRequest(null, Object(Config\Cache), false)
 7 SYSTEMPATH\Boot.php(312): CodeIgniter\CodeIgniter->run()
 8 SYSTEMPATH\Boot.php(67): CodeIgniter\Boot::runCodeIgniter(Object(CodeIgniter\CodeIgniter))
 9 FCPATH\index.php(57): CodeIgniter\Boot::bootWeb(Object(Config\Paths))
CRITICAL - 2024-05-22 04:39:13 --> ParseError: Unclosed '{' on line 16
[Method: GET, Route: get]
in APPPATH\Models\HomeModel.php on line 114.
 1 SYSTEMPATH\Autoloader\Autoloader.php(296): CodeIgniter\Autoloader\Autoloader->includeFile('G:\\xampp\\htdocs\\podcast\\app\\Models\\HomeModel.php')
 2 SYSTEMPATH\Autoloader\Autoloader.php(272): CodeIgniter\Autoloader\Autoloader->loadInNamespace('App\\Models\\HomeModel')
 3 APPPATH\Controllers\Home.php(14): CodeIgniter\Autoloader\Autoloader->loadClass('App\\Models\\HomeModel')
 4 SYSTEMPATH\CodeIgniter.php(903): App\Controllers\Home->__construct()
 5 SYSTEMPATH\CodeIgniter.php(500): CodeIgniter\CodeIgniter->createController()
 6 SYSTEMPATH\CodeIgniter.php(355): CodeIgniter\CodeIgniter->handleRequest(null, Object(Config\Cache), false)
 7 SYSTEMPATH\Boot.php(312): CodeIgniter\CodeIgniter->run()
 8 SYSTEMPATH\Boot.php(67): CodeIgniter\Boot::runCodeIgniter(Object(CodeIgniter\CodeIgniter))
 9 FCPATH\index.php(57): CodeIgniter\Boot::bootWeb(Object(Config\Paths))
CRITICAL - 2024-05-22 04:39:21 --> ParseError: Unclosed '{' on line 16
[Method: GET, Route: get]
in APPPATH\Models\HomeModel.php on line 114.
 1 SYSTEMPATH\Autoloader\Autoloader.php(296): CodeIgniter\Autoloader\Autoloader->includeFile('G:\\xampp\\htdocs\\podcast\\app\\Models\\HomeModel.php')
 2 SYSTEMPATH\Autoloader\Autoloader.php(272): CodeIgniter\Autoloader\Autoloader->loadInNamespace('App\\Models\\HomeModel')
 3 APPPATH\Controllers\Home.php(14): CodeIgniter\Autoloader\Autoloader->loadClass('App\\Models\\HomeModel')
 4 SYSTEMPATH\CodeIgniter.php(903): App\Controllers\Home->__construct()
 5 SYSTEMPATH\CodeIgniter.php(500): CodeIgniter\CodeIgniter->createController()
 6 SYSTEMPATH\CodeIgniter.php(355): CodeIgniter\CodeIgniter->handleRequest(null, Object(Config\Cache), false)
 7 SYSTEMPATH\Boot.php(312): CodeIgniter\CodeIgniter->run()
 8 SYSTEMPATH\Boot.php(67): CodeIgniter\Boot::runCodeIgniter(Object(CodeIgniter\CodeIgniter))
 9 FCPATH\index.php(57): CodeIgniter\Boot::bootWeb(Object(Config\Paths))
CRITICAL - 2024-05-22 04:39:28 --> ParseError: Unclosed '{' on line 16
[Method: GET, Route: get]
in APPPATH\Models\HomeModel.php on line 114.
 1 SYSTEMPATH\Autoloader\Autoloader.php(296): CodeIgniter\Autoloader\Autoloader->includeFile('G:\\xampp\\htdocs\\podcast\\app\\Models\\HomeModel.php')
 2 SYSTEMPATH\Autoloader\Autoloader.php(272): CodeIgniter\Autoloader\Autoloader->loadInNamespace('App\\Models\\HomeModel')
 3 APPPATH\Controllers\Home.php(14): CodeIgniter\Autoloader\Autoloader->loadClass('App\\Models\\HomeModel')
 4 SYSTEMPATH\CodeIgniter.php(903): App\Controllers\Home->__construct()
 5 SYSTEMPATH\CodeIgniter.php(500): CodeIgniter\CodeIgniter->createController()
 6 SYSTEMPATH\CodeIgniter.php(355): CodeIgniter\CodeIgniter->handleRequest(null, Object(Config\Cache), false)
 7 SYSTEMPATH\Boot.php(312): CodeIgniter\CodeIgniter->run()
 8 SYSTEMPATH\Boot.php(67): CodeIgniter\Boot::runCodeIgniter(Object(CodeIgniter\CodeIgniter))
 9 FCPATH\index.php(57): CodeIgniter\Boot::bootWeb(Object(Config\Paths))
CRITICAL - 2024-05-22 04:39:31 --> ParseError: Unclosed '{' on line 16
[Method: GET, Route: get]
in APPPATH\Models\HomeModel.php on line 114.
 1 SYSTEMPATH\Autoloader\Autoloader.php(296): CodeIgniter\Autoloader\Autoloader->includeFile('G:\\xampp\\htdocs\\podcast\\app\\Models\\HomeModel.php')
 2 SYSTEMPATH\Autoloader\Autoloader.php(272): CodeIgniter\Autoloader\Autoloader->loadInNamespace('App\\Models\\HomeModel')
 3 APPPATH\Controllers\Home.php(14): CodeIgniter\Autoloader\Autoloader->loadClass('App\\Models\\HomeModel')
 4 SYSTEMPATH\CodeIgniter.php(903): App\Controllers\Home->__construct()
 5 SYSTEMPATH\CodeIgniter.php(500): CodeIgniter\CodeIgniter->createController()
 6 SYSTEMPATH\CodeIgniter.php(355): CodeIgniter\CodeIgniter->handleRequest(null, Object(Config\Cache), false)
 7 SYSTEMPATH\Boot.php(312): CodeIgniter\CodeIgniter->run()
 8 SYSTEMPATH\Boot.php(67): CodeIgniter\Boot::runCodeIgniter(Object(CodeIgniter\CodeIgniter))
 9 FCPATH\index.php(57): CodeIgniter\Boot::bootWeb(Object(Config\Paths))
CRITICAL - 2024-05-22 04:39:38 --> ParseError: Unclosed '{' on line 16
[Method: GET, Route: get]
in APPPATH\Models\HomeModel.php on line 114.
 1 SYSTEMPATH\Autoloader\Autoloader.php(296): CodeIgniter\Autoloader\Autoloader->includeFile('G:\\xampp\\htdocs\\podcast\\app\\Models\\HomeModel.php')
 2 SYSTEMPATH\Autoloader\Autoloader.php(272): CodeIgniter\Autoloader\Autoloader->loadInNamespace('App\\Models\\HomeModel')
 3 APPPATH\Controllers\Home.php(14): CodeIgniter\Autoloader\Autoloader->loadClass('App\\Models\\HomeModel')
 4 SYSTEMPATH\CodeIgniter.php(903): App\Controllers\Home->__construct()
 5 SYSTEMPATH\CodeIgniter.php(500): CodeIgniter\CodeIgniter->createController()
 6 SYSTEMPATH\CodeIgniter.php(355): CodeIgniter\CodeIgniter->handleRequest(null, Object(Config\Cache), false)
 7 SYSTEMPATH\Boot.php(312): CodeIgniter\CodeIgniter->run()
 8 SYSTEMPATH\Boot.php(67): CodeIgniter\Boot::runCodeIgniter(Object(CodeIgniter\CodeIgniter))
 9 FCPATH\index.php(57): CodeIgniter\Boot::bootWeb(Object(Config\Paths))
CRITICAL - 2024-05-22 04:39:46 --> ParseError: Unclosed '{' on line 16
[Method: GET, Route: get]
in APPPATH\Models\HomeModel.php on line 114.
 1 SYSTEMPATH\Autoloader\Autoloader.php(296): CodeIgniter\Autoloader\Autoloader->includeFile('G:\\xampp\\htdocs\\podcast\\app\\Models\\HomeModel.php')
 2 SYSTEMPATH\Autoloader\Autoloader.php(272): CodeIgniter\Autoloader\Autoloader->loadInNamespace('App\\Models\\HomeModel')
 3 APPPATH\Controllers\Home.php(14): CodeIgniter\Autoloader\Autoloader->loadClass('App\\Models\\HomeModel')
 4 SYSTEMPATH\CodeIgniter.php(903): App\Controllers\Home->__construct()
 5 SYSTEMPATH\CodeIgniter.php(500): CodeIgniter\CodeIgniter->createController()
 6 SYSTEMPATH\CodeIgniter.php(355): CodeIgniter\CodeIgniter->handleRequest(null, Object(Config\Cache), false)
 7 SYSTEMPATH\Boot.php(312): CodeIgniter\CodeIgniter->run()
 8 SYSTEMPATH\Boot.php(67): CodeIgniter\Boot::runCodeIgniter(Object(CodeIgniter\CodeIgniter))
 9 FCPATH\index.php(57): CodeIgniter\Boot::bootWeb(Object(Config\Paths))
CRITICAL - 2024-05-22 04:42:28 --> CodeIgniter\Database\Exceptions\DatabaseException: You must set the database table to be used with your query.
[Method: POST, Route: update]
in SYSTEMPATH\Database\BaseConnection.php on line 913.
 1 SYSTEMPATH\Model.php(705): CodeIgniter\Database\BaseConnection->table(null)
 2 SYSTEMPATH\Model.php(886): CodeIgniter\Model->builder()
 3 APPPATH\Models\HomeModel.php(78): CodeIgniter\Model->__get('request')
 4 APPPATH\Controllers\Home.php(121): App\Models\HomeModel->generalUploadImages(Object(CodeIgniter\HTTP\Files\UploadedFile), 'G:\\xampp\\htdocs\\podcast\\writable\\uploads/')
 5 SYSTEMPATH\CodeIgniter.php(933): App\Controllers\Home->update()
 6 SYSTEMPATH\CodeIgniter.php(509): CodeIgniter\CodeIgniter->runController(Object(App\Controllers\Home))
 7 SYSTEMPATH\CodeIgniter.php(355): CodeIgniter\CodeIgniter->handleRequest(null, Object(Config\Cache), false)
 8 SYSTEMPATH\Boot.php(312): CodeIgniter\CodeIgniter->run()
 9 SYSTEMPATH\Boot.php(67): CodeIgniter\Boot::runCodeIgniter(Object(CodeIgniter\CodeIgniter))
10 FCPATH\index.php(57): CodeIgniter\Boot::bootWeb(Object(Config\Paths))
CRITICAL - 2024-05-22 04:42:38 --> CodeIgniter\Database\Exceptions\DatabaseException: You must set the database table to be used with your query.
[Method: POST, Route: update]
in SYSTEMPATH\Database\BaseConnection.php on line 913.
 1 SYSTEMPATH\Model.php(705): CodeIgniter\Database\BaseConnection->table(null)
 2 SYSTEMPATH\Model.php(886): CodeIgniter\Model->builder()
 3 APPPATH\Models\HomeModel.php(78): CodeIgniter\Model->__get('request')
 4 APPPATH\Controllers\Home.php(121): App\Models\HomeModel->generalUploadImages(Object(CodeIgniter\HTTP\Files\UploadedFile), 'G:\\xampp\\htdocs\\podcast\\writable\\uploads/')
 5 SYSTEMPATH\CodeIgniter.php(933): App\Controllers\Home->update()
 6 SYSTEMPATH\CodeIgniter.php(509): CodeIgniter\CodeIgniter->runController(Object(App\Controllers\Home))
 7 SYSTEMPATH\CodeIgniter.php(355): CodeIgniter\CodeIgniter->handleRequest(null, Object(Config\Cache), false)
 8 SYSTEMPATH\Boot.php(312): CodeIgniter\CodeIgniter->run()
 9 SYSTEMPATH\Boot.php(67): CodeIgniter\Boot::runCodeIgniter(Object(CodeIgniter\CodeIgniter))
10 FCPATH\index.php(57): CodeIgniter\Boot::bootWeb(Object(Config\Paths))
CRITICAL - 2024-05-22 05:02:44 --> ErrorException: Undefined variable $responseimg
[Method: POST, Route: update]
in APPPATH\Controllers\Home.php on line 118.
 1 APPPATH\Controllers\Home.php(118): CodeIgniter\Debug\Exceptions->errorHandler(2, 'Undefined variable $responseimg', 'G:\\xampp\\htdocs\\podcast\\app\\Controllers\\Home.php', 118)
 2 SYSTEMPATH\CodeIgniter.php(933): App\Controllers\Home->update()
 3 SYSTEMPATH\CodeIgniter.php(509): CodeIgniter\CodeIgniter->runController(Object(App\Controllers\Home))
 4 SYSTEMPATH\CodeIgniter.php(355): CodeIgniter\CodeIgniter->handleRequest(null, Object(Config\Cache), false)
 5 SYSTEMPATH\Boot.php(312): CodeIgniter\CodeIgniter->run()
 6 SYSTEMPATH\Boot.php(67): CodeIgniter\Boot::runCodeIgniter(Object(CodeIgniter\CodeIgniter))
 7 FCPATH\index.php(57): CodeIgniter\Boot::bootWeb(Object(Config\Paths))
CRITICAL - 2024-05-22 05:02:56 --> ErrorException: Undefined variable $responseimg
[Method: POST, Route: update]
in APPPATH\Controllers\Home.php on line 118.
 1 APPPATH\Controllers\Home.php(118): CodeIgniter\Debug\Exceptions->errorHandler(2, 'Undefined variable $responseimg', 'G:\\xampp\\htdocs\\podcast\\app\\Controllers\\Home.php', 118)
 2 SYSTEMPATH\CodeIgniter.php(933): App\Controllers\Home->update()
 3 SYSTEMPATH\CodeIgniter.php(509): CodeIgniter\CodeIgniter->runController(Object(App\Controllers\Home))
 4 SYSTEMPATH\CodeIgniter.php(355): CodeIgniter\CodeIgniter->handleRequest(null, Object(Config\Cache), false)
 5 SYSTEMPATH\Boot.php(312): CodeIgniter\CodeIgniter->run()
 6 SYSTEMPATH\Boot.php(67): CodeIgniter\Boot::runCodeIgniter(Object(CodeIgniter\CodeIgniter))
 7 FCPATH\index.php(57): CodeIgniter\Boot::bootWeb(Object(Config\Paths))
CRITICAL - 2024-05-22 05:03:37 --> ParseError: syntax error, unexpected token "=>"
[Method: POST, Route: update]
in APPPATH\Controllers\Home.php on line 118.
 1 SYSTEMPATH\Autoloader\Autoloader.php(296): CodeIgniter\Autoloader\Autoloader->includeFile('G:\\xampp\\htdocs\\podcast\\app\\Controllers\\Home.php')
 2 SYSTEMPATH\Autoloader\Autoloader.php(272): CodeIgniter\Autoloader\Autoloader->loadInNamespace('App\\Controllers\\Home')
 3 [internal function]: CodeIgniter\Autoloader\Autoloader->loadClass('App\\Controllers\\Home')
 4 SYSTEMPATH\CodeIgniter.php(887): class_exists('\\App\\Controllers\\Home', true)
 5 SYSTEMPATH\CodeIgniter.php(496): CodeIgniter\CodeIgniter->startController()
 6 SYSTEMPATH\CodeIgniter.php(355): CodeIgniter\CodeIgniter->handleRequest(null, Object(Config\Cache), false)
 7 SYSTEMPATH\Boot.php(312): CodeIgniter\CodeIgniter->run()
 8 SYSTEMPATH\Boot.php(67): CodeIgniter\Boot::runCodeIgniter(Object(CodeIgniter\CodeIgniter))
 9 FCPATH\index.php(57): CodeIgniter\Boot::bootWeb(Object(Config\Paths))
CRITICAL - 2024-05-22 05:04:09 --> ParseError: syntax error, unexpected token "=>", expecting ")"
[Method: POST, Route: update]
in APPPATH\Controllers\Home.php on line 119.
 1 SYSTEMPATH\Autoloader\Autoloader.php(296): CodeIgniter\Autoloader\Autoloader->includeFile('G:\\xampp\\htdocs\\podcast\\app\\Controllers\\Home.php')
 2 SYSTEMPATH\Autoloader\Autoloader.php(272): CodeIgniter\Autoloader\Autoloader->loadInNamespace('App\\Controllers\\Home')
 3 [internal function]: CodeIgniter\Autoloader\Autoloader->loadClass('App\\Controllers\\Home')
 4 SYSTEMPATH\CodeIgniter.php(887): class_exists('\\App\\Controllers\\Home', true)
 5 SYSTEMPATH\CodeIgniter.php(496): CodeIgniter\CodeIgniter->startController()
 6 SYSTEMPATH\CodeIgniter.php(355): CodeIgniter\CodeIgniter->handleRequest(null, Object(Config\Cache), false)
 7 SYSTEMPATH\Boot.php(312): CodeIgniter\CodeIgniter->run()
 8 SYSTEMPATH\Boot.php(67): CodeIgniter\Boot::runCodeIgniter(Object(CodeIgniter\CodeIgniter))
 9 FCPATH\index.php(57): CodeIgniter\Boot::bootWeb(Object(Config\Paths))
CRITICAL - 2024-05-22 05:05:37 --> ErrorException: Undefined variable $responseimg
[Method: POST, Route: update]
in APPPATH\Controllers\Home.php on line 119.
 1 APPPATH\Controllers\Home.php(119): CodeIgniter\Debug\Exceptions->errorHandler(2, 'Undefined variable $responseimg', 'G:\\xampp\\htdocs\\podcast\\app\\Controllers\\Home.php', 119)
 2 SYSTEMPATH\CodeIgniter.php(933): App\Controllers\Home->update()
 3 SYSTEMPATH\CodeIgniter.php(509): CodeIgniter\CodeIgniter->runController(Object(App\Controllers\Home))
 4 SYSTEMPATH\CodeIgniter.php(355): CodeIgniter\CodeIgniter->handleRequest(null, Object(Config\Cache), false)
 5 SYSTEMPATH\Boot.php(312): CodeIgniter\CodeIgniter->run()
 6 SYSTEMPATH\Boot.php(67): CodeIgniter\Boot::runCodeIgniter(Object(CodeIgniter\CodeIgniter))
 7 FCPATH\index.php(57): CodeIgniter\Boot::bootWeb(Object(Config\Paths))
CRITICAL - 2024-05-22 05:06:02 --> ErrorException: Undefined variable $responseimg
[Method: POST, Route: update]
in APPPATH\Controllers\Home.php on line 121.
 1 APPPATH\Controllers\Home.php(121): CodeIgniter\Debug\Exceptions->errorHandler(2, 'Undefined variable $responseimg', 'G:\\xampp\\htdocs\\podcast\\app\\Controllers\\Home.php', 121)
 2 SYSTEMPATH\CodeIgniter.php(933): App\Controllers\Home->update()
 3 SYSTEMPATH\CodeIgniter.php(509): CodeIgniter\CodeIgniter->runController(Object(App\Controllers\Home))
 4 SYSTEMPATH\CodeIgniter.php(355): CodeIgniter\CodeIgniter->handleRequest(null, Object(Config\Cache), false)
 5 SYSTEMPATH\Boot.php(312): CodeIgniter\CodeIgniter->run()
 6 SYSTEMPATH\Boot.php(67): CodeIgniter\Boot::runCodeIgniter(Object(CodeIgniter\CodeIgniter))
 7 FCPATH\index.php(57): CodeIgniter\Boot::bootWeb(Object(Config\Paths))
CRITICAL - 2024-05-22 05:06:59 --> ErrorException: Undefined variable $responseimg
[Method: POST, Route: update]
in APPPATH\Controllers\Home.php on line 121.
 1 APPPATH\Controllers\Home.php(121): CodeIgniter\Debug\Exceptions->errorHandler(2, 'Undefined variable $responseimg', 'G:\\xampp\\htdocs\\podcast\\app\\Controllers\\Home.php', 121)
 2 SYSTEMPATH\CodeIgniter.php(933): App\Controllers\Home->update()
 3 SYSTEMPATH\CodeIgniter.php(509): CodeIgniter\CodeIgniter->runController(Object(App\Controllers\Home))
 4 SYSTEMPATH\CodeIgniter.php(355): CodeIgniter\CodeIgniter->handleRequest(null, Object(Config\Cache), false)
 5 SYSTEMPATH\Boot.php(312): CodeIgniter\CodeIgniter->run()
 6 SYSTEMPATH\Boot.php(67): CodeIgniter\Boot::runCodeIgniter(Object(CodeIgniter\CodeIgniter))
 7 FCPATH\index.php(57): CodeIgniter\Boot::bootWeb(Object(Config\Paths))
CRITICAL - 2024-05-22 05:10:38 --> ErrorException: Undefined array key "file"
[Method: POST, Route: update]
in APPPATH\Controllers\Home.php on line 121.
 1 APPPATH\Controllers\Home.php(121): CodeIgniter\Debug\Exceptions->errorHandler(2, 'Undefined array key "file"', 'G:\\xampp\\htdocs\\podcast\\app\\Controllers\\Home.php', 121)
 2 SYSTEMPATH\CodeIgniter.php(933): App\Controllers\Home->update()
 3 SYSTEMPATH\CodeIgniter.php(509): CodeIgniter\CodeIgniter->runController(Object(App\Controllers\Home))
 4 SYSTEMPATH\CodeIgniter.php(355): CodeIgniter\CodeIgniter->handleRequest(null, Object(Config\Cache), false)
 5 SYSTEMPATH\Boot.php(312): CodeIgniter\CodeIgniter->run()
 6 SYSTEMPATH\Boot.php(67): CodeIgniter\Boot::runCodeIgniter(Object(CodeIgniter\CodeIgniter))
 7 FCPATH\index.php(57): CodeIgniter\Boot::bootWeb(Object(Config\Paths))
CRITICAL - 2024-05-22 05:11:26 --> ErrorException: Undefined array key "file"
[Method: POST, Route: update]
in APPPATH\Controllers\Home.php on line 119.
 1 APPPATH\Controllers\Home.php(119): CodeIgniter\Debug\Exceptions->errorHandler(2, 'Undefined array key "file"', 'G:\\xampp\\htdocs\\podcast\\app\\Controllers\\Home.php', 119)
 2 SYSTEMPATH\CodeIgniter.php(933): App\Controllers\Home->update()
 3 SYSTEMPATH\CodeIgniter.php(509): CodeIgniter\CodeIgniter->runController(Object(App\Controllers\Home))
 4 SYSTEMPATH\CodeIgniter.php(355): CodeIgniter\CodeIgniter->handleRequest(null, Object(Config\Cache), false)
 5 SYSTEMPATH\Boot.php(312): CodeIgniter\CodeIgniter->run()
 6 SYSTEMPATH\Boot.php(67): CodeIgniter\Boot::runCodeIgniter(Object(CodeIgniter\CodeIgniter))
 7 FCPATH\index.php(57): CodeIgniter\Boot::bootWeb(Object(Config\Paths))
CRITICAL - 2024-05-22 05:12:13 --> ErrorException: Cannot use isset() on the result of an expression (you can use "null !== expression" instead)
[Method: POST, Route: update]
in APPPATH\Controllers\Home.php on line 117.
 1 [internal function]: CodeIgniter\Debug\Exceptions->shutdownHandler()
CRITICAL - 2024-05-22 05:12:18 --> ErrorException: Cannot use isset() on the result of an expression (you can use "null !== expression" instead)
[Method: POST, Route: update]
in APPPATH\Controllers\Home.php on line 117.
 1 [internal function]: CodeIgniter\Debug\Exceptions->shutdownHandler()
CRITICAL - 2024-05-22 05:12:19 --> ErrorException: Cannot use isset() on the result of an expression (you can use "null !== expression" instead)
[Method: GET, Route: update]
in APPPATH\Controllers\Home.php on line 117.
 1 [internal function]: CodeIgniter\Debug\Exceptions->shutdownHandler()
CRITICAL - 2024-05-22 05:12:20 --> ErrorException: Cannot use isset() on the result of an expression (you can use "null !== expression" instead)
[Method: GET, Route: update]
in APPPATH\Controllers\Home.php on line 117.
 1 [internal function]: CodeIgniter\Debug\Exceptions->shutdownHandler()
CRITICAL - 2024-05-22 11:02:56 --> ErrorException: Undefined variable $db
[Method: GET, Route: seasons]
in APPPATH\Controllers\Home.php on line 27.
 1 APPPATH\Controllers\Home.php(27): CodeIgniter\Debug\Exceptions->errorHandler(2, 'Undefined variable $db', 'G:\\xampp\\htdocs\\podcast\\ci-admin\\app\\Controllers\\Home.php', 27)
 2 SYSTEMPATH\CodeIgniter.php(933): App\Controllers\Home->seasons()
 3 SYSTEMPATH\CodeIgniter.php(509): CodeIgniter\CodeIgniter->runController(Object(App\Controllers\Home))
 4 SYSTEMPATH\CodeIgniter.php(355): CodeIgniter\CodeIgniter->handleRequest(null, Object(Config\Cache), false)
 5 SYSTEMPATH\Boot.php(312): CodeIgniter\CodeIgniter->run()
 6 SYSTEMPATH\Boot.php(67): CodeIgniter\Boot::runCodeIgniter(Object(CodeIgniter\CodeIgniter))
 7 FCPATH\index.php(57): CodeIgniter\Boot::bootWeb(Object(Config\Paths))
CRITICAL - 2024-05-22 11:04:06 --> ErrorException: Undefined property: stdClass::$ID
[Method: GET, Route: seasons]
in APPPATH\Views\seasons.php on line 37.
 1 APPPATH\Views\seasons.php(37): CodeIgniter\Debug\Exceptions->errorHandler(2, 'Undefined property: stdClass::$ID', 'G:\\xampp\\htdocs\\podcast\\ci-admin\\app\\Views\\seasons.php', 37)
 2 APPPATH\Views\page.php(4): include('G:\\xampp\\htdocs\\podcast\\ci-admin\\app\\Views\\seasons.php')
 3 SYSTEMPATH\View\View.php(234): include('G:\\xampp\\htdocs\\podcast\\ci-admin\\app\\Views\\page.php')
 4 SYSTEMPATH\View\View.php(237): CodeIgniter\View\View->CodeIgniter\View\{closure}()
 5 SYSTEMPATH\Common.php(1171): CodeIgniter\View\View->render('page', [], true)
 6 APPPATH\Controllers\Home.php(32): view('page', [...])
 7 SYSTEMPATH\CodeIgniter.php(933): App\Controllers\Home->seasons()
 8 SYSTEMPATH\CodeIgniter.php(509): CodeIgniter\CodeIgniter->runController(Object(App\Controllers\Home))
 9 SYSTEMPATH\CodeIgniter.php(355): CodeIgniter\CodeIgniter->handleRequest(null, Object(Config\Cache), false)
10 SYSTEMPATH\Boot.php(312): CodeIgniter\CodeIgniter->run()
11 SYSTEMPATH\Boot.php(67): CodeIgniter\Boot::runCodeIgniter(Object(CodeIgniter\CodeIgniter))
12 FCPATH\index.php(57): CodeIgniter\Boot::bootWeb(Object(Config\Paths))
CRITICAL - 2024-05-22 11:20:02 --> ErrorException: Attempt to read property "ID" on null
[Method: GET, Route: edit/14]
in APPPATH\Views\sample.php on line 71.
 1 APPPATH\Views\sample.php(71): CodeIgniter\Debug\Exceptions->errorHandler(2, 'Attempt to read property "ID" on null', 'G:\\xampp\\htdocs\\podcast\\ci-admin\\app\\Views\\sample.php', 71)
 2 APPPATH\Views\page.php(4): include('G:\\xampp\\htdocs\\podcast\\ci-admin\\app\\Views\\sample.php')
 3 SYSTEMPATH\View\View.php(234): include('G:\\xampp\\htdocs\\podcast\\ci-admin\\app\\Views\\page.php')
 4 SYSTEMPATH\View\View.php(237): CodeIgniter\View\View->CodeIgniter\View\{closure}()
 5 SYSTEMPATH\Common.php(1171): CodeIgniter\View\View->render('page', [], true)
 6 APPPATH\Controllers\Home.php(63): view('page', [...])
 7 SYSTEMPATH\CodeIgniter.php(933): App\Controllers\Home->edit('14')
 8 SYSTEMPATH\CodeIgniter.php(509): CodeIgniter\CodeIgniter->runController(Object(App\Controllers\Home))
 9 SYSTEMPATH\CodeIgniter.php(355): CodeIgniter\CodeIgniter->handleRequest(null, Object(Config\Cache), false)
10 SYSTEMPATH\Boot.php(312): CodeIgniter\CodeIgniter->run()
11 SYSTEMPATH\Boot.php(67): CodeIgniter\Boot::runCodeIgniter(Object(CodeIgniter\CodeIgniter))
12 FCPATH\index.php(57): CodeIgniter\Boot::bootWeb(Object(Config\Paths))
CRITICAL - 2024-05-22 11:29:11 --> ErrorException: Attempt to read property "id" on string
[Method: GET, Route: editseasons/15]
in APPPATH\Views\seasons.php on line 48.
 1 APPPATH\Views\seasons.php(48): CodeIgniter\Debug\Exceptions->errorHandler(2, 'Attempt to read property "id" on string', 'G:\\xampp\\htdocs\\podcast\\ci-admin\\app\\Views\\seasons.php', 48)
 2 APPPATH\Views\page.php(4): include('G:\\xampp\\htdocs\\podcast\\ci-admin\\app\\Views\\seasons.php')
 3 SYSTEMPATH\View\View.php(234): include('G:\\xampp\\htdocs\\podcast\\ci-admin\\app\\Views\\page.php')
 4 SYSTEMPATH\View\View.php(237): CodeIgniter\View\View->CodeIgniter\View\{closure}()
 5 SYSTEMPATH\Common.php(1171): CodeIgniter\View\View->render('page', [], true)
 6 APPPATH\Controllers\Home.php(39): view('page', [...])
 7 SYSTEMPATH\CodeIgniter.php(933): App\Controllers\Home->editseasons('15')
 8 SYSTEMPATH\CodeIgniter.php(509): CodeIgniter\CodeIgniter->runController(Object(App\Controllers\Home))
 9 SYSTEMPATH\CodeIgniter.php(355): CodeIgniter\CodeIgniter->handleRequest(null, Object(Config\Cache), false)
10 SYSTEMPATH\Boot.php(312): CodeIgniter\CodeIgniter->run()
11 SYSTEMPATH\Boot.php(67): CodeIgniter\Boot::runCodeIgniter(Object(CodeIgniter\CodeIgniter))
12 FCPATH\index.php(57): CodeIgniter\Boot::bootWeb(Object(Config\Paths))
CRITICAL - 2024-05-22 11:29:48 --> ErrorException: Attempt to read property "id" on string
[Method: GET, Route: editseasons/15]
in APPPATH\Views\seasons.php on line 48.
 1 APPPATH\Views\seasons.php(48): CodeIgniter\Debug\Exceptions->errorHandler(2, 'Attempt to read property "id" on string', 'G:\\xampp\\htdocs\\podcast\\ci-admin\\app\\Views\\seasons.php', 48)
 2 APPPATH\Views\page.php(4): include('G:\\xampp\\htdocs\\podcast\\ci-admin\\app\\Views\\seasons.php')
 3 SYSTEMPATH\View\View.php(234): include('G:\\xampp\\htdocs\\podcast\\ci-admin\\app\\Views\\page.php')
 4 SYSTEMPATH\View\View.php(237): CodeIgniter\View\View->CodeIgniter\View\{closure}()
 5 SYSTEMPATH\Common.php(1171): CodeIgniter\View\View->render('page', [], true)
 6 APPPATH\Controllers\Home.php(39): view('page', [...])
 7 SYSTEMPATH\CodeIgniter.php(933): App\Controllers\Home->editseasons('15')
 8 SYSTEMPATH\CodeIgniter.php(509): CodeIgniter\CodeIgniter->runController(Object(App\Controllers\Home))
 9 SYSTEMPATH\CodeIgniter.php(355): CodeIgniter\CodeIgniter->handleRequest(null, Object(Config\Cache), false)
10 SYSTEMPATH\Boot.php(312): CodeIgniter\CodeIgniter->run()
11 SYSTEMPATH\Boot.php(67): CodeIgniter\Boot::runCodeIgniter(Object(CodeIgniter\CodeIgniter))
12 FCPATH\index.php(57): CodeIgniter\Boot::bootWeb(Object(Config\Paths))
CRITICAL - 2024-05-22 13:00:44 --> ErrorException: Undefined variable $record
[Method: GET, Route: addseason]
in APPPATH\Views\addseason.php on line 51.
 1 APPPATH\Views\addseason.php(51): CodeIgniter\Debug\Exceptions->errorHandler(2, 'Undefined variable $record', 'G:\\xampp\\htdocs\\podcast\\ci-admin\\app\\Views\\addseason.php', 51)
 2 APPPATH\Views\page.php(4): include('G:\\xampp\\htdocs\\podcast\\ci-admin\\app\\Views\\addseason.php')
 3 SYSTEMPATH\View\View.php(234): include('G:\\xampp\\htdocs\\podcast\\ci-admin\\app\\Views\\page.php')
 4 SYSTEMPATH\View\View.php(237): CodeIgniter\View\View->CodeIgniter\View\{closure}()
 5 SYSTEMPATH\Common.php(1171): CodeIgniter\View\View->render('page', [], true)
 6 APPPATH\Controllers\Home.php(40): view('page', [...])
 7 SYSTEMPATH\CodeIgniter.php(933): App\Controllers\Home->addseason()
 8 SYSTEMPATH\CodeIgniter.php(509): CodeIgniter\CodeIgniter->runController(Object(App\Controllers\Home))
 9 SYSTEMPATH\CodeIgniter.php(355): CodeIgniter\CodeIgniter->handleRequest(null, Object(Config\Cache), false)
10 SYSTEMPATH\Boot.php(312): CodeIgniter\CodeIgniter->run()
11 SYSTEMPATH\Boot.php(67): CodeIgniter\Boot::runCodeIgniter(Object(CodeIgniter\CodeIgniter))
12 FCPATH\index.php(57): CodeIgniter\Boot::bootWeb(Object(Config\Paths))
