ERROR - 2024-09-25 05:06:11 --> mysqli_sql_exception: You have an error in your SQL syntax; check the manual that corresponds to your MySQL server version for the right syntax to use near '' at line 1 in /home2/cpfoodboxes/sites/dev.kolaxopackaging.com/ci4/ci-admin/system/Database/MySQLi/Connection.php:308
Stack trace:
#0 /home2/cpfoodboxes/sites/dev.kolaxopackaging.com/ci4/ci-admin/system/Database/MySQLi/Connection.php(308): mysqli->query('SELECT * FROM c...', 0)
#1 /home2/cpfoodboxes/sites/dev.kolaxopackaging.com/ci4/ci-admin/system/Database/BaseConnection.php(722): CodeIgniter\Database\MySQLi\Connection->execute('SELECT * FROM c...')
#2 /home2/cpfoodboxes/sites/dev.kolaxopackaging.com/ci4/ci-admin/system/Database/BaseConnection.php(636): CodeIgniter\Database\BaseConnection->simpleQuery('SELECT * FROM c...')
#3 /home2/cpfoodboxes/sites/dev.kolaxopackaging.com/ci4/ci-admin/app/Models/HomeModel.php(17): CodeIgniter\Database\BaseConnection->query('SELECT * FROM c...')
#4 /home2/cpfoodboxes/sites/dev.kolaxopackaging.com/ci4/ci-admin/app/Controllers/Home.php(236): App\Models\HomeModel->get_row('ci_post', 'id', '')
#5 /home2/cpfoodboxes/sites/dev.kolaxopackaging.com/ci4/ci-admin/app/Controllers/Home.php(95): App\Controllers\Home->editproduct()
#6 /home2/cpfoodboxes/sites/dev.kolaxopackaging.com/ci4/ci-admin/system/CodeIgniter.php(933): App\Controllers\Home->manangerouts('editproduct')
#7 /home2/cpfoodboxes/sites/dev.kolaxopackaging.com/ci4/ci-admin/system/CodeIgniter.php(509): CodeIgniter\CodeIgniter->runController(Object(App\Controllers\Home))
#8 /home2/cpfoodboxes/sites/dev.kolaxopackaging.com/ci4/ci-admin/system/CodeIgniter.php(355): CodeIgniter\CodeIgniter->handleRequest(NULL, Object(Config\Cache), false)
#9 /home2/cpfoodboxes/sites/dev.kolaxopackaging.com/ci4/ci-admin/system/Boot.php(312): CodeIgniter\CodeIgniter->run()
#10 /home2/cpfoodboxes/sites/dev.kolaxopackaging.com/ci4/ci-admin/system/Boot.php(67): CodeIgniter\Boot::runCodeIgniter(Object(CodeIgniter\CodeIgniter))
#11 /home2/cpfoodboxes/sites/dev.kolaxopackaging.com/ci4/ci-admin/index.php(66): CodeIgniter\Boot::bootWeb(Object(Config\Paths))
#12 {main}
CRITICAL - 2024-09-25 05:06:11 --> CodeIgniter\Database\Exceptions\DatabaseException: You have an error in your SQL syntax; check the manual that corresponds to your MySQL server version for the right syntax to use near '' at line 1
[Method: GET, Route: tech/editproduct]
in SYSTEMPATH/Database/BaseConnection.php on line 676.
 1 APPPATH/Models/HomeModel.php(17): CodeIgniter\Database\BaseConnection->query('SELECT * FROM ci_post WHERE id = ')
 2 APPPATH/Controllers/Home.php(236): App\Models\HomeModel->get_row('ci_post', 'id', '')
 3 APPPATH/Controllers/Home.php(95): App\Controllers\Home->editproduct()
 4 SYSTEMPATH/CodeIgniter.php(933): App\Controllers\Home->manangerouts('editproduct')
 5 SYSTEMPATH/CodeIgniter.php(509): CodeIgniter\CodeIgniter->runController(Object(App\Controllers\Home))
 6 SYSTEMPATH/CodeIgniter.php(355): CodeIgniter\CodeIgniter->handleRequest(null, Object(Config\Cache), false)
 7 SYSTEMPATH/Boot.php(312): CodeIgniter\CodeIgniter->run()
 8 SYSTEMPATH/Boot.php(67): CodeIgniter\Boot::runCodeIgniter(Object(CodeIgniter\CodeIgniter))
 9 FCPATH/index.php(66): CodeIgniter\Boot::bootWeb(Object(Config\Paths))
CRITICAL - 2024-09-25 05:06:11 --> [Caused by] CodeIgniter\Database\Exceptions\DatabaseException: You have an error in your SQL syntax; check the manual that corresponds to your MySQL server version for the right syntax to use near '' at line 1
in SYSTEMPATH/Database/MySQLi/Connection.php on line 313.
 1 SYSTEMPATH/Database/BaseConnection.php(722): CodeIgniter\Database\MySQLi\Connection->execute('SELECT * FROM ci_post WHERE id = ')
 2 SYSTEMPATH/Database/BaseConnection.php(636): CodeIgniter\Database\BaseConnection->simpleQuery('SELECT * FROM ci_post WHERE id = ')
 3 APPPATH/Models/HomeModel.php(17): CodeIgniter\Database\BaseConnection->query('SELECT * FROM ci_post WHERE id = ')
 4 APPPATH/Controllers/Home.php(236): App\Models\HomeModel->get_row('ci_post', 'id', '')
 5 APPPATH/Controllers/Home.php(95): App\Controllers\Home->editproduct()
 6 SYSTEMPATH/CodeIgniter.php(933): App\Controllers\Home->manangerouts('editproduct')
 7 SYSTEMPATH/CodeIgniter.php(509): CodeIgniter\CodeIgniter->runController(Object(App\Controllers\Home))
 8 SYSTEMPATH/CodeIgniter.php(355): CodeIgniter\CodeIgniter->handleRequest(null, Object(Config\Cache), false)
 9 SYSTEMPATH/Boot.php(312): CodeIgniter\CodeIgniter->run()
10 SYSTEMPATH/Boot.php(67): CodeIgniter\Boot::runCodeIgniter(Object(CodeIgniter\CodeIgniter))
11 FCPATH/index.php(66): CodeIgniter\Boot::bootWeb(Object(Config\Paths))
CRITICAL - 2024-09-25 05:06:11 --> [Caused by] mysqli_sql_exception: You have an error in your SQL syntax; check the manual that corresponds to your MySQL server version for the right syntax to use near '' at line 1
in SYSTEMPATH/Database/MySQLi/Connection.php on line 308.
 1 SYSTEMPATH/Database/MySQLi/Connection.php(308): mysqli->query('SELECT * FROM ci_post WHERE id = ', 0)
 2 SYSTEMPATH/Database/BaseConnection.php(722): CodeIgniter\Database\MySQLi\Connection->execute('SELECT * FROM ci_post WHERE id = ')
 3 SYSTEMPATH/Database/BaseConnection.php(636): CodeIgniter\Database\BaseConnection->simpleQuery('SELECT * FROM ci_post WHERE id = ')
 4 APPPATH/Models/HomeModel.php(17): CodeIgniter\Database\BaseConnection->query('SELECT * FROM ci_post WHERE id = ')
 5 APPPATH/Controllers/Home.php(236): App\Models\HomeModel->get_row('ci_post', 'id', '')
 6 APPPATH/Controllers/Home.php(95): App\Controllers\Home->editproduct()
 7 SYSTEMPATH/CodeIgniter.php(933): App\Controllers\Home->manangerouts('editproduct')
 8 SYSTEMPATH/CodeIgniter.php(509): CodeIgniter\CodeIgniter->runController(Object(App\Controllers\Home))
 9 SYSTEMPATH/CodeIgniter.php(355): CodeIgniter\CodeIgniter->handleRequest(null, Object(Config\Cache), false)
10 SYSTEMPATH/Boot.php(312): CodeIgniter\CodeIgniter->run()
11 SYSTEMPATH/Boot.php(67): CodeIgniter\Boot::runCodeIgniter(Object(CodeIgniter\CodeIgniter))
12 FCPATH/index.php(66): CodeIgniter\Boot::bootWeb(Object(Config\Paths))
CRITICAL - 2024-09-25 09:40:51 --> ErrorException: Undefined array key 5
[Method: POST, Route: getajax]
in APPPATH/Controllers/Home.php on line 654.
 1 APPPATH/Controllers/Home.php(654): CodeIgniter\Debug\Exceptions->errorHandler(2, 'Undefined array key 5', '/home2/cpfoodboxes/sites/dev.kolaxopackaging.com/ci4/ci-admin/app/Controllers/Home.php', 654)
 2 SYSTEMPATH/CodeIgniter.php(933): App\Controllers\Home->getData12()
 3 SYSTEMPATH/CodeIgniter.php(509): CodeIgniter\CodeIgniter->runController(Object(App\Controllers\Home))
 4 SYSTEMPATH/CodeIgniter.php(355): CodeIgniter\CodeIgniter->handleRequest(null, Object(Config\Cache), false)
 5 SYSTEMPATH/Boot.php(312): CodeIgniter\CodeIgniter->run()
 6 SYSTEMPATH/Boot.php(67): CodeIgniter\Boot::runCodeIgniter(Object(CodeIgniter\CodeIgniter))
 7 FCPATH/index.php(66): CodeIgniter\Boot::bootWeb(Object(Config\Paths))
ERROR - 2024-09-25 12:20:17 --> mysqli_sql_exception: You have an error in your SQL syntax; check the manual that corresponds to your MySQL server version for the right syntax to use near '' at line 1 in /home2/cpfoodboxes/sites/dev.kolaxopackaging.com/ci4/ci-admin/system/Database/MySQLi/Connection.php:308
Stack trace:
#0 /home2/cpfoodboxes/sites/dev.kolaxopackaging.com/ci4/ci-admin/system/Database/MySQLi/Connection.php(308): mysqli->query('SELECT * FROM c...', 0)
#1 /home2/cpfoodboxes/sites/dev.kolaxopackaging.com/ci4/ci-admin/system/Database/BaseConnection.php(722): CodeIgniter\Database\MySQLi\Connection->execute('SELECT * FROM c...')
#2 /home2/cpfoodboxes/sites/dev.kolaxopackaging.com/ci4/ci-admin/system/Database/BaseConnection.php(636): CodeIgniter\Database\BaseConnection->simpleQuery('SELECT * FROM c...')
#3 /home2/cpfoodboxes/sites/dev.kolaxopackaging.com/ci4/ci-admin/app/Models/HomeModel.php(17): CodeIgniter\Database\BaseConnection->query('SELECT * FROM c...')
#4 /home2/cpfoodboxes/sites/dev.kolaxopackaging.com/ci4/ci-admin/app/Controllers/Home.php(319): App\Models\HomeModel->get_row('ci_post', 'id', '')
#5 /home2/cpfoodboxes/sites/dev.kolaxopackaging.com/ci4/ci-admin/app/Controllers/Home.php(89): App\Controllers\Home->editcategory()
#6 /home2/cpfoodboxes/sites/dev.kolaxopackaging.com/ci4/ci-admin/system/CodeIgniter.php(933): App\Controllers\Home->manangerouts('editcategory')
#7 /home2/cpfoodboxes/sites/dev.kolaxopackaging.com/ci4/ci-admin/system/CodeIgniter.php(509): CodeIgniter\CodeIgniter->runController(Object(App\Controllers\Home))
#8 /home2/cpfoodboxes/sites/dev.kolaxopackaging.com/ci4/ci-admin/system/CodeIgniter.php(355): CodeIgniter\CodeIgniter->handleRequest(NULL, Object(Config\Cache), false)
#9 /home2/cpfoodboxes/sites/dev.kolaxopackaging.com/ci4/ci-admin/system/Boot.php(312): CodeIgniter\CodeIgniter->run()
#10 /home2/cpfoodboxes/sites/dev.kolaxopackaging.com/ci4/ci-admin/system/Boot.php(67): CodeIgniter\Boot::runCodeIgniter(Object(CodeIgniter\CodeIgniter))
#11 /home2/cpfoodboxes/sites/dev.kolaxopackaging.com/ci4/ci-admin/index.php(66): CodeIgniter\Boot::bootWeb(Object(Config\Paths))
#12 {main}
CRITICAL - 2024-09-25 12:20:17 --> CodeIgniter\Database\Exceptions\DatabaseException: You have an error in your SQL syntax; check the manual that corresponds to your MySQL server version for the right syntax to use near '' at line 1
[Method: GET, Route: tech/editcategory]
in SYSTEMPATH/Database/BaseConnection.php on line 676.
 1 APPPATH/Models/HomeModel.php(17): CodeIgniter\Database\BaseConnection->query('SELECT * FROM ci_post WHERE id = ')
 2 APPPATH/Controllers/Home.php(319): App\Models\HomeModel->get_row('ci_post', 'id', '')
 3 APPPATH/Controllers/Home.php(89): App\Controllers\Home->editcategory()
 4 SYSTEMPATH/CodeIgniter.php(933): App\Controllers\Home->manangerouts('editcategory')
 5 SYSTEMPATH/CodeIgniter.php(509): CodeIgniter\CodeIgniter->runController(Object(App\Controllers\Home))
 6 SYSTEMPATH/CodeIgniter.php(355): CodeIgniter\CodeIgniter->handleRequest(null, Object(Config\Cache), false)
 7 SYSTEMPATH/Boot.php(312): CodeIgniter\CodeIgniter->run()
 8 SYSTEMPATH/Boot.php(67): CodeIgniter\Boot::runCodeIgniter(Object(CodeIgniter\CodeIgniter))
 9 FCPATH/index.php(66): CodeIgniter\Boot::bootWeb(Object(Config\Paths))
CRITICAL - 2024-09-25 12:20:17 --> [Caused by] CodeIgniter\Database\Exceptions\DatabaseException: You have an error in your SQL syntax; check the manual that corresponds to your MySQL server version for the right syntax to use near '' at line 1
in SYSTEMPATH/Database/MySQLi/Connection.php on line 313.
 1 SYSTEMPATH/Database/BaseConnection.php(722): CodeIgniter\Database\MySQLi\Connection->execute('SELECT * FROM ci_post WHERE id = ')
 2 SYSTEMPATH/Database/BaseConnection.php(636): CodeIgniter\Database\BaseConnection->simpleQuery('SELECT * FROM ci_post WHERE id = ')
 3 APPPATH/Models/HomeModel.php(17): CodeIgniter\Database\BaseConnection->query('SELECT * FROM ci_post WHERE id = ')
 4 APPPATH/Controllers/Home.php(319): App\Models\HomeModel->get_row('ci_post', 'id', '')
 5 APPPATH/Controllers/Home.php(89): App\Controllers\Home->editcategory()
 6 SYSTEMPATH/CodeIgniter.php(933): App\Controllers\Home->manangerouts('editcategory')
 7 SYSTEMPATH/CodeIgniter.php(509): CodeIgniter\CodeIgniter->runController(Object(App\Controllers\Home))
 8 SYSTEMPATH/CodeIgniter.php(355): CodeIgniter\CodeIgniter->handleRequest(null, Object(Config\Cache), false)
 9 SYSTEMPATH/Boot.php(312): CodeIgniter\CodeIgniter->run()
10 SYSTEMPATH/Boot.php(67): CodeIgniter\Boot::runCodeIgniter(Object(CodeIgniter\CodeIgniter))
11 FCPATH/index.php(66): CodeIgniter\Boot::bootWeb(Object(Config\Paths))
CRITICAL - 2024-09-25 12:20:17 --> [Caused by] mysqli_sql_exception: You have an error in your SQL syntax; check the manual that corresponds to your MySQL server version for the right syntax to use near '' at line 1
in SYSTEMPATH/Database/MySQLi/Connection.php on line 308.
 1 SYSTEMPATH/Database/MySQLi/Connection.php(308): mysqli->query('SELECT * FROM ci_post WHERE id = ', 0)
 2 SYSTEMPATH/Database/BaseConnection.php(722): CodeIgniter\Database\MySQLi\Connection->execute('SELECT * FROM ci_post WHERE id = ')
 3 SYSTEMPATH/Database/BaseConnection.php(636): CodeIgniter\Database\BaseConnection->simpleQuery('SELECT * FROM ci_post WHERE id = ')
 4 APPPATH/Models/HomeModel.php(17): CodeIgniter\Database\BaseConnection->query('SELECT * FROM ci_post WHERE id = ')
 5 APPPATH/Controllers/Home.php(319): App\Models\HomeModel->get_row('ci_post', 'id', '')
 6 APPPATH/Controllers/Home.php(89): App\Controllers\Home->editcategory()
 7 SYSTEMPATH/CodeIgniter.php(933): App\Controllers\Home->manangerouts('editcategory')
 8 SYSTEMPATH/CodeIgniter.php(509): CodeIgniter\CodeIgniter->runController(Object(App\Controllers\Home))
 9 SYSTEMPATH/CodeIgniter.php(355): CodeIgniter\CodeIgniter->handleRequest(null, Object(Config\Cache), false)
10 SYSTEMPATH/Boot.php(312): CodeIgniter\CodeIgniter->run()
11 SYSTEMPATH/Boot.php(67): CodeIgniter\Boot::runCodeIgniter(Object(CodeIgniter\CodeIgniter))
12 FCPATH/index.php(66): CodeIgniter\Boot::bootWeb(Object(Config\Paths))
ERROR - 2024-09-25 12:44:09 --> mysqli_sql_exception: You have an error in your SQL syntax; check the manual that corresponds to your MySQL server version for the right syntax to use near '' at line 1 in /home2/cpfoodboxes/sites/dev.kolaxopackaging.com/ci4/ci-admin/system/Database/MySQLi/Connection.php:308
Stack trace:
#0 /home2/cpfoodboxes/sites/dev.kolaxopackaging.com/ci4/ci-admin/system/Database/MySQLi/Connection.php(308): mysqli->query('SELECT * FROM c...', 0)
#1 /home2/cpfoodboxes/sites/dev.kolaxopackaging.com/ci4/ci-admin/system/Database/BaseConnection.php(722): CodeIgniter\Database\MySQLi\Connection->execute('SELECT * FROM c...')
#2 /home2/cpfoodboxes/sites/dev.kolaxopackaging.com/ci4/ci-admin/system/Database/BaseConnection.php(636): CodeIgniter\Database\BaseConnection->simpleQuery('SELECT * FROM c...')
#3 /home2/cpfoodboxes/sites/dev.kolaxopackaging.com/ci4/ci-admin/app/Models/HomeModel.php(17): CodeIgniter\Database\BaseConnection->query('SELECT * FROM c...')
#4 /home2/cpfoodboxes/sites/dev.kolaxopackaging.com/ci4/ci-admin/app/Controllers/Home.php(404): App\Models\HomeModel->get_row('custom_fields', 'id', '')
#5 /home2/cpfoodboxes/sites/dev.kolaxopackaging.com/ci4/ci-admin/app/Controllers/Home.php(60): App\Controllers\Home->edit_custom_field()
#6 /home2/cpfoodboxes/sites/dev.kolaxopackaging.com/ci4/ci-admin/system/CodeIgniter.php(933): App\Controllers\Home->manangerouts('edit_custom_fie...')
#7 /home2/cpfoodboxes/sites/dev.kolaxopackaging.com/ci4/ci-admin/system/CodeIgniter.php(509): CodeIgniter\CodeIgniter->runController(Object(App\Controllers\Home))
#8 /home2/cpfoodboxes/sites/dev.kolaxopackaging.com/ci4/ci-admin/system/CodeIgniter.php(355): CodeIgniter\CodeIgniter->handleRequest(NULL, Object(Config\Cache), false)
#9 /home2/cpfoodboxes/sites/dev.kolaxopackaging.com/ci4/ci-admin/system/Boot.php(312): CodeIgniter\CodeIgniter->run()
#10 /home2/cpfoodboxes/sites/dev.kolaxopackaging.com/ci4/ci-admin/system/Boot.php(67): CodeIgniter\Boot::runCodeIgniter(Object(CodeIgniter\CodeIgniter))
#11 /home2/cpfoodboxes/sites/dev.kolaxopackaging.com/ci4/ci-admin/index.php(66): CodeIgniter\Boot::bootWeb(Object(Config\Paths))
#12 {main}
CRITICAL - 2024-09-25 12:44:09 --> CodeIgniter\Database\Exceptions\DatabaseException: You have an error in your SQL syntax; check the manual that corresponds to your MySQL server version for the right syntax to use near '' at line 1
[Method: GET, Route: tech/edit_custom_field]
in SYSTEMPATH/Database/BaseConnection.php on line 676.
 1 APPPATH/Models/HomeModel.php(17): CodeIgniter\Database\BaseConnection->query('SELECT * FROM custom_fields WHERE id = ')
 2 APPPATH/Controllers/Home.php(404): App\Models\HomeModel->get_row('custom_fields', 'id', '')
 3 APPPATH/Controllers/Home.php(60): App\Controllers\Home->edit_custom_field()
 4 SYSTEMPATH/CodeIgniter.php(933): App\Controllers\Home->manangerouts('edit_custom_field')
 5 SYSTEMPATH/CodeIgniter.php(509): CodeIgniter\CodeIgniter->runController(Object(App\Controllers\Home))
 6 SYSTEMPATH/CodeIgniter.php(355): CodeIgniter\CodeIgniter->handleRequest(null, Object(Config\Cache), false)
 7 SYSTEMPATH/Boot.php(312): CodeIgniter\CodeIgniter->run()
 8 SYSTEMPATH/Boot.php(67): CodeIgniter\Boot::runCodeIgniter(Object(CodeIgniter\CodeIgniter))
 9 FCPATH/index.php(66): CodeIgniter\Boot::bootWeb(Object(Config\Paths))
CRITICAL - 2024-09-25 12:44:09 --> [Caused by] CodeIgniter\Database\Exceptions\DatabaseException: You have an error in your SQL syntax; check the manual that corresponds to your MySQL server version for the right syntax to use near '' at line 1
in SYSTEMPATH/Database/MySQLi/Connection.php on line 313.
 1 SYSTEMPATH/Database/BaseConnection.php(722): CodeIgniter\Database\MySQLi\Connection->execute('SELECT * FROM custom_fields WHERE id = ')
 2 SYSTEMPATH/Database/BaseConnection.php(636): CodeIgniter\Database\BaseConnection->simpleQuery('SELECT * FROM custom_fields WHERE id = ')
 3 APPPATH/Models/HomeModel.php(17): CodeIgniter\Database\BaseConnection->query('SELECT * FROM custom_fields WHERE id = ')
 4 APPPATH/Controllers/Home.php(404): App\Models\HomeModel->get_row('custom_fields', 'id', '')
 5 APPPATH/Controllers/Home.php(60): App\Controllers\Home->edit_custom_field()
 6 SYSTEMPATH/CodeIgniter.php(933): App\Controllers\Home->manangerouts('edit_custom_field')
 7 SYSTEMPATH/CodeIgniter.php(509): CodeIgniter\CodeIgniter->runController(Object(App\Controllers\Home))
 8 SYSTEMPATH/CodeIgniter.php(355): CodeIgniter\CodeIgniter->handleRequest(null, Object(Config\Cache), false)
 9 SYSTEMPATH/Boot.php(312): CodeIgniter\CodeIgniter->run()
10 SYSTEMPATH/Boot.php(67): CodeIgniter\Boot::runCodeIgniter(Object(CodeIgniter\CodeIgniter))
11 FCPATH/index.php(66): CodeIgniter\Boot::bootWeb(Object(Config\Paths))
CRITICAL - 2024-09-25 12:44:09 --> [Caused by] mysqli_sql_exception: You have an error in your SQL syntax; check the manual that corresponds to your MySQL server version for the right syntax to use near '' at line 1
in SYSTEMPATH/Database/MySQLi/Connection.php on line 308.
 1 SYSTEMPATH/Database/MySQLi/Connection.php(308): mysqli->query('SELECT * FROM custom_fields WHERE id = ', 0)
 2 SYSTEMPATH/Database/BaseConnection.php(722): CodeIgniter\Database\MySQLi\Connection->execute('SELECT * FROM custom_fields WHERE id = ')
 3 SYSTEMPATH/Database/BaseConnection.php(636): CodeIgniter\Database\BaseConnection->simpleQuery('SELECT * FROM custom_fields WHERE id = ')
 4 APPPATH/Models/HomeModel.php(17): CodeIgniter\Database\BaseConnection->query('SELECT * FROM custom_fields WHERE id = ')
 5 APPPATH/Controllers/Home.php(404): App\Models\HomeModel->get_row('custom_fields', 'id', '')
 6 APPPATH/Controllers/Home.php(60): App\Controllers\Home->edit_custom_field()
 7 SYSTEMPATH/CodeIgniter.php(933): App\Controllers\Home->manangerouts('edit_custom_field')
 8 SYSTEMPATH/CodeIgniter.php(509): CodeIgniter\CodeIgniter->runController(Object(App\Controllers\Home))
 9 SYSTEMPATH/CodeIgniter.php(355): CodeIgniter\CodeIgniter->handleRequest(null, Object(Config\Cache), false)
10 SYSTEMPATH/Boot.php(312): CodeIgniter\CodeIgniter->run()
11 SYSTEMPATH/Boot.php(67): CodeIgniter\Boot::runCodeIgniter(Object(CodeIgniter\CodeIgniter))
12 FCPATH/index.php(66): CodeIgniter\Boot::bootWeb(Object(Config\Paths))
CRITICAL - 2024-09-25 13:02:42 --> ErrorException: Undefined variable $packages
[Method: GET, Route: tech/editpage/14]
in APPPATH/Views/includes/edit_field_values.php on line 50.
 1 APPPATH/Views/includes/edit_field_values.php(50): CodeIgniter\Debug\Exceptions->errorHandler(2, 'Undefined variable $packages', '/home2/cpfoodboxes/sites/dev.kolaxopackaging.com/ci4/ci-admin/app/Views/includes/edit_field_values.php', 50)
 2 APPPATH/Views/pages/editpage.php(69): include('/home2/cpfoodboxes/sites/dev.kolaxopackaging.com/ci4/ci-admin/app/Views/includes/edit_field_values.php')
 3 APPPATH/Views/page.php(3): include('/home2/cpfoodboxes/sites/dev.kolaxopackaging.com/ci4/ci-admin/app/Views/pages/editpage.php')
 4 SYSTEMPATH/View/View.php(234): include('/home2/cpfoodboxes/sites/dev.kolaxopackaging.com/ci4/ci-admin/app/Views/page.php')
 5 SYSTEMPATH/View/View.php(237): CodeIgniter\View\View->CodeIgniter\View\{closure}()
 6 SYSTEMPATH/Common.php(1171): CodeIgniter\View\View->render('page', [], true)
 7 APPPATH/Controllers/Home.php(189): view('page', [...])
 8 APPPATH/Controllers/Home.php(79): App\Controllers\Home->editpage()
 9 SYSTEMPATH/CodeIgniter.php(933): App\Controllers\Home->manangerouts('editpage', '14')
10 SYSTEMPATH/CodeIgniter.php(509): CodeIgniter\CodeIgniter->runController(Object(App\Controllers\Home))
11 SYSTEMPATH/CodeIgniter.php(355): CodeIgniter\CodeIgniter->handleRequest(null, Object(Config\Cache), false)
12 SYSTEMPATH/Boot.php(312): CodeIgniter\CodeIgniter->run()
13 SYSTEMPATH/Boot.php(67): CodeIgniter\Boot::runCodeIgniter(Object(CodeIgniter\CodeIgniter))
14 FCPATH/index.php(66): CodeIgniter\Boot::bootWeb(Object(Config\Paths))
CRITICAL - 2024-09-25 13:04:38 --> ErrorException: Undefined variable $packages
[Method: GET, Route: tech/editpage/14]
in APPPATH/Views/includes/edit_field_values.php on line 50.
 1 APPPATH/Views/includes/edit_field_values.php(50): CodeIgniter\Debug\Exceptions->errorHandler(2, 'Undefined variable $packages', '/home2/cpfoodboxes/sites/dev.kolaxopackaging.com/ci4/ci-admin/app/Views/includes/edit_field_values.php', 50)
 2 APPPATH/Views/pages/editpage.php(69): include('/home2/cpfoodboxes/sites/dev.kolaxopackaging.com/ci4/ci-admin/app/Views/includes/edit_field_values.php')
 3 APPPATH/Views/page.php(3): include('/home2/cpfoodboxes/sites/dev.kolaxopackaging.com/ci4/ci-admin/app/Views/pages/editpage.php')
 4 SYSTEMPATH/View/View.php(234): include('/home2/cpfoodboxes/sites/dev.kolaxopackaging.com/ci4/ci-admin/app/Views/page.php')
 5 SYSTEMPATH/View/View.php(237): CodeIgniter\View\View->CodeIgniter\View\{closure}()
 6 SYSTEMPATH/Common.php(1171): CodeIgniter\View\View->render('page', [], true)
 7 APPPATH/Controllers/Home.php(189): view('page', [...])
 8 APPPATH/Controllers/Home.php(79): App\Controllers\Home->editpage()
 9 SYSTEMPATH/CodeIgniter.php(933): App\Controllers\Home->manangerouts('editpage', '14')
10 SYSTEMPATH/CodeIgniter.php(509): CodeIgniter\CodeIgniter->runController(Object(App\Controllers\Home))
11 SYSTEMPATH/CodeIgniter.php(355): CodeIgniter\CodeIgniter->handleRequest(null, Object(Config\Cache), false)
12 SYSTEMPATH/Boot.php(312): CodeIgniter\CodeIgniter->run()
13 SYSTEMPATH/Boot.php(67): CodeIgniter\Boot::runCodeIgniter(Object(CodeIgniter\CodeIgniter))
14 FCPATH/index.php(66): CodeIgniter\Boot::bootWeb(Object(Config\Paths))
CRITICAL - 2024-09-25 13:05:45 --> ErrorException: Undefined variable $packages
[Method: GET, Route: tech/editpage/14]
in APPPATH/Views/includes/edit_field_values.php on line 50.
 1 APPPATH/Views/includes/edit_field_values.php(50): CodeIgniter\Debug\Exceptions->errorHandler(2, 'Undefined variable $packages', '/home2/cpfoodboxes/sites/dev.kolaxopackaging.com/ci4/ci-admin/app/Views/includes/edit_field_values.php', 50)
 2 APPPATH/Views/pages/editpage.php(69): include('/home2/cpfoodboxes/sites/dev.kolaxopackaging.com/ci4/ci-admin/app/Views/includes/edit_field_values.php')
 3 APPPATH/Views/page.php(3): include('/home2/cpfoodboxes/sites/dev.kolaxopackaging.com/ci4/ci-admin/app/Views/pages/editpage.php')
 4 SYSTEMPATH/View/View.php(234): include('/home2/cpfoodboxes/sites/dev.kolaxopackaging.com/ci4/ci-admin/app/Views/page.php')
 5 SYSTEMPATH/View/View.php(237): CodeIgniter\View\View->CodeIgniter\View\{closure}()
 6 SYSTEMPATH/Common.php(1171): CodeIgniter\View\View->render('page', [], true)
 7 APPPATH/Controllers/Home.php(189): view('page', [...])
 8 APPPATH/Controllers/Home.php(79): App\Controllers\Home->editpage()
 9 SYSTEMPATH/CodeIgniter.php(933): App\Controllers\Home->manangerouts('editpage', '14')
10 SYSTEMPATH/CodeIgniter.php(509): CodeIgniter\CodeIgniter->runController(Object(App\Controllers\Home))
11 SYSTEMPATH/CodeIgniter.php(355): CodeIgniter\CodeIgniter->handleRequest(null, Object(Config\Cache), false)
12 SYSTEMPATH/Boot.php(312): CodeIgniter\CodeIgniter->run()
13 SYSTEMPATH/Boot.php(67): CodeIgniter\Boot::runCodeIgniter(Object(CodeIgniter\CodeIgniter))
14 FCPATH/index.php(66): CodeIgniter\Boot::bootWeb(Object(Config\Paths))
CRITICAL - 2024-09-25 13:08:23 --> ErrorException: Undefined variable $packages
[Method: GET, Route: tech/editpage/14]
in APPPATH/Views/includes/edit_field_values.php on line 50.
 1 APPPATH/Views/includes/edit_field_values.php(50): CodeIgniter\Debug\Exceptions->errorHandler(2, 'Undefined variable $packages', '/home2/cpfoodboxes/sites/dev.kolaxopackaging.com/ci4/ci-admin/app/Views/includes/edit_field_values.php', 50)
 2 APPPATH/Views/pages/editpage.php(69): include('/home2/cpfoodboxes/sites/dev.kolaxopackaging.com/ci4/ci-admin/app/Views/includes/edit_field_values.php')
 3 APPPATH/Views/page.php(3): include('/home2/cpfoodboxes/sites/dev.kolaxopackaging.com/ci4/ci-admin/app/Views/pages/editpage.php')
 4 SYSTEMPATH/View/View.php(234): include('/home2/cpfoodboxes/sites/dev.kolaxopackaging.com/ci4/ci-admin/app/Views/page.php')
 5 SYSTEMPATH/View/View.php(237): CodeIgniter\View\View->CodeIgniter\View\{closure}()
 6 SYSTEMPATH/Common.php(1171): CodeIgniter\View\View->render('page', [], true)
 7 APPPATH/Controllers/Home.php(189): view('page', [...])
 8 APPPATH/Controllers/Home.php(79): App\Controllers\Home->editpage()
 9 SYSTEMPATH/CodeIgniter.php(933): App\Controllers\Home->manangerouts('editpage', '14')
10 SYSTEMPATH/CodeIgniter.php(509): CodeIgniter\CodeIgniter->runController(Object(App\Controllers\Home))
11 SYSTEMPATH/CodeIgniter.php(355): CodeIgniter\CodeIgniter->handleRequest(null, Object(Config\Cache), false)
12 SYSTEMPATH/Boot.php(312): CodeIgniter\CodeIgniter->run()
13 SYSTEMPATH/Boot.php(67): CodeIgniter\Boot::runCodeIgniter(Object(CodeIgniter\CodeIgniter))
14 FCPATH/index.php(66): CodeIgniter\Boot::bootWeb(Object(Config\Paths))
