CRITICAL - 2024-08-16 09:56:19 --> ErrorException: Array to string conversion
[Method: GET, Route: editepisode/19]
in APPPATH\Views\episode\editepisode.php on line 167.
 1 APPPATH\Views\episode\editepisode.php(167): CodeIgniter\Debug\Exceptions->errorHandler(2, 'Array to string conversion', 'C:\\xampp\\htdocs\\server\\podcast\\ci-admin\\app\\Views\\episode\\editepisode.php', 167)
 2 APPPATH\Views\page.php(4): include('C:\\xampp\\htdocs\\server\\podcast\\ci-admin\\app\\Views\\episode\\editepisode.php')
 3 SYSTEMPATH\View\View.php(234): include('C:\\xampp\\htdocs\\server\\podcast\\ci-admin\\app\\Views\\page.php')
 4 SYSTEMPATH\View\View.php(237): CodeIgniter\View\View->CodeIgniter\View\{closure}()
 5 SYSTEMPATH\Common.php(1171): CodeIgniter\View\View->render('page', [], true)
 6 APPPATH\Controllers\Home.php(143): view('page', [...])
 7 SYSTEMPATH\CodeIgniter.php(933): App\Controllers\Home->editepisode('19')
 8 SYSTEMPATH\CodeIgniter.php(509): CodeIgniter\CodeIgniter->runController(Object(App\Controllers\Home))
 9 SYSTEMPATH\CodeIgniter.php(355): CodeIgniter\CodeIgniter->handleRequest(null, Object(Config\Cache), false)
10 SYSTEMPATH\Boot.php(312): CodeIgniter\CodeIgniter->run()
11 SYSTEMPATH\Boot.php(67): CodeIgniter\Boot::runCodeIgniter(Object(CodeIgniter\CodeIgniter))
12 FCPATH\index.php(58): CodeIgniter\Boot::bootWeb(Object(Config\Paths))
CRITICAL - 2024-08-16 09:58:37 --> ErrorException: Undefined array key "editr"
[Method: GET, Route: editepisode/19]
in APPPATH\Views\episode\editepisode.php on line 134.
 1 APPPATH\Views\episode\editepisode.php(134): CodeIgniter\Debug\Exceptions->errorHandler(2, 'Undefined array key "editr"', 'C:\\xampp\\htdocs\\server\\podcast\\ci-admin\\app\\Views\\episode\\editepisode.php', 134)
 2 APPPATH\Views\page.php(4): include('C:\\xampp\\htdocs\\server\\podcast\\ci-admin\\app\\Views\\episode\\editepisode.php')
 3 SYSTEMPATH\View\View.php(234): include('C:\\xampp\\htdocs\\server\\podcast\\ci-admin\\app\\Views\\page.php')
 4 SYSTEMPATH\View\View.php(237): CodeIgniter\View\View->CodeIgniter\View\{closure}()
 5 SYSTEMPATH\Common.php(1171): CodeIgniter\View\View->render('page', [], true)
 6 APPPATH\Controllers\Home.php(143): view('page', [...])
 7 SYSTEMPATH\CodeIgniter.php(933): App\Controllers\Home->editepisode('19')
 8 SYSTEMPATH\CodeIgniter.php(509): CodeIgniter\CodeIgniter->runController(Object(App\Controllers\Home))
 9 SYSTEMPATH\CodeIgniter.php(355): CodeIgniter\CodeIgniter->handleRequest(null, Object(Config\Cache), false)
10 SYSTEMPATH\Boot.php(312): CodeIgniter\CodeIgniter->run()
11 SYSTEMPATH\Boot.php(67): CodeIgniter\Boot::runCodeIgniter(Object(CodeIgniter\CodeIgniter))
12 FCPATH\index.php(58): CodeIgniter\Boot::bootWeb(Object(Config\Paths))
CRITICAL - 2024-08-16 09:58:56 --> ErrorException: Undefined array key "detail"
[Method: GET, Route: editepisode/19]
in APPPATH\Views\episode\editepisode.php on line 134.
 1 APPPATH\Views\episode\editepisode.php(134): CodeIgniter\Debug\Exceptions->errorHandler(2, 'Undefined array key "detail"', 'C:\\xampp\\htdocs\\server\\podcast\\ci-admin\\app\\Views\\episode\\editepisode.php', 134)
 2 APPPATH\Views\page.php(4): include('C:\\xampp\\htdocs\\server\\podcast\\ci-admin\\app\\Views\\episode\\editepisode.php')
 3 SYSTEMPATH\View\View.php(234): include('C:\\xampp\\htdocs\\server\\podcast\\ci-admin\\app\\Views\\page.php')
 4 SYSTEMPATH\View\View.php(237): CodeIgniter\View\View->CodeIgniter\View\{closure}()
 5 SYSTEMPATH\Common.php(1171): CodeIgniter\View\View->render('page', [], true)
 6 APPPATH\Controllers\Home.php(143): view('page', [...])
 7 SYSTEMPATH\CodeIgniter.php(933): App\Controllers\Home->editepisode('19')
 8 SYSTEMPATH\CodeIgniter.php(509): CodeIgniter\CodeIgniter->runController(Object(App\Controllers\Home))
 9 SYSTEMPATH\CodeIgniter.php(355): CodeIgniter\CodeIgniter->handleRequest(null, Object(Config\Cache), false)
10 SYSTEMPATH\Boot.php(312): CodeIgniter\CodeIgniter->run()
11 SYSTEMPATH\Boot.php(67): CodeIgniter\Boot::runCodeIgniter(Object(CodeIgniter\CodeIgniter))
12 FCPATH\index.php(58): CodeIgniter\Boot::bootWeb(Object(Config\Paths))
CRITICAL - 2024-08-16 09:58:56 --> ErrorException: Undefined array key "detail"
[Method: GET, Route: editepisode/19]
in APPPATH\Views\episode\editepisode.php on line 134.
 1 APPPATH\Views\episode\editepisode.php(134): CodeIgniter\Debug\Exceptions->errorHandler(2, 'Undefined array key "detail"', 'C:\\xampp\\htdocs\\server\\podcast\\ci-admin\\app\\Views\\episode\\editepisode.php', 134)
 2 APPPATH\Views\page.php(4): include('C:\\xampp\\htdocs\\server\\podcast\\ci-admin\\app\\Views\\episode\\editepisode.php')
 3 SYSTEMPATH\View\View.php(234): include('C:\\xampp\\htdocs\\server\\podcast\\ci-admin\\app\\Views\\page.php')
 4 SYSTEMPATH\View\View.php(237): CodeIgniter\View\View->CodeIgniter\View\{closure}()
 5 SYSTEMPATH\Common.php(1171): CodeIgniter\View\View->render('page', [], true)
 6 APPPATH\Controllers\Home.php(143): view('page', [...])
 7 SYSTEMPATH\CodeIgniter.php(933): App\Controllers\Home->editepisode('19')
 8 SYSTEMPATH\CodeIgniter.php(509): CodeIgniter\CodeIgniter->runController(Object(App\Controllers\Home))
 9 SYSTEMPATH\CodeIgniter.php(355): CodeIgniter\CodeIgniter->handleRequest(null, Object(Config\Cache), false)
10 SYSTEMPATH\Boot.php(312): CodeIgniter\CodeIgniter->run()
11 SYSTEMPATH\Boot.php(67): CodeIgniter\Boot::runCodeIgniter(Object(CodeIgniter\CodeIgniter))
12 FCPATH\index.php(58): CodeIgniter\Boot::bootWeb(Object(Config\Paths))
CRITICAL - 2024-08-16 11:42:28 --> ErrorException: Undefined variable $image_data_url
[Method: GET, Route: editepisode/19]
in APPPATH\Views\includes\footer.php on line 242.
 1 APPPATH\Views\includes\footer.php(242): CodeIgniter\Debug\Exceptions->errorHandler(2, 'Undefined variable $image_data_url', 'C:\\xampp\\htdocs\\server\\podcast\\ci-admin\\app\\Views\\includes\\footer.php', 242)
 2 APPPATH\Views\page.php(5): include('C:\\xampp\\htdocs\\server\\podcast\\ci-admin\\app\\Views\\includes\\footer.php')
 3 SYSTEMPATH\View\View.php(234): include('C:\\xampp\\htdocs\\server\\podcast\\ci-admin\\app\\Views\\page.php')
 4 SYSTEMPATH\View\View.php(237): CodeIgniter\View\View->CodeIgniter\View\{closure}()
 5 SYSTEMPATH\Common.php(1171): CodeIgniter\View\View->render('page', [], true)
 6 APPPATH\Controllers\Home.php(143): view('page', [...])
 7 SYSTEMPATH\CodeIgniter.php(933): App\Controllers\Home->editepisode('19')
 8 SYSTEMPATH\CodeIgniter.php(509): CodeIgniter\CodeIgniter->runController(Object(App\Controllers\Home))
 9 SYSTEMPATH\CodeIgniter.php(355): CodeIgniter\CodeIgniter->handleRequest(null, Object(Config\Cache), false)
10 SYSTEMPATH\Boot.php(312): CodeIgniter\CodeIgniter->run()
11 SYSTEMPATH\Boot.php(67): CodeIgniter\Boot::runCodeIgniter(Object(CodeIgniter\CodeIgniter))
12 FCPATH\index.php(58): CodeIgniter\Boot::bootWeb(Object(Config\Paths))
CRITICAL - 2024-08-16 11:49:04 --> ErrorException: Undefined array key "editorContent"
[Method: GET, Route: editepisode/19]
in APPPATH\Views\includes\footer.php on line 241.
 1 APPPATH\Views\includes\footer.php(241): CodeIgniter\Debug\Exceptions->errorHandler(2, 'Undefined array key "editorContent"', 'C:\\xampp\\htdocs\\server\\podcast\\ci-admin\\app\\Views\\includes\\footer.php', 241)
 2 APPPATH\Views\page.php(5): include('C:\\xampp\\htdocs\\server\\podcast\\ci-admin\\app\\Views\\includes\\footer.php')
 3 SYSTEMPATH\View\View.php(234): include('C:\\xampp\\htdocs\\server\\podcast\\ci-admin\\app\\Views\\page.php')
 4 SYSTEMPATH\View\View.php(237): CodeIgniter\View\View->CodeIgniter\View\{closure}()
 5 SYSTEMPATH\Common.php(1171): CodeIgniter\View\View->render('page', [], true)
 6 APPPATH\Controllers\Home.php(143): view('page', [...])
 7 SYSTEMPATH\CodeIgniter.php(933): App\Controllers\Home->editepisode('19')
 8 SYSTEMPATH\CodeIgniter.php(509): CodeIgniter\CodeIgniter->runController(Object(App\Controllers\Home))
 9 SYSTEMPATH\CodeIgniter.php(355): CodeIgniter\CodeIgniter->handleRequest(null, Object(Config\Cache), false)
10 SYSTEMPATH\Boot.php(312): CodeIgniter\CodeIgniter->run()
11 SYSTEMPATH\Boot.php(67): CodeIgniter\Boot::runCodeIgniter(Object(CodeIgniter\CodeIgniter))
12 FCPATH\index.php(58): CodeIgniter\Boot::bootWeb(Object(Config\Paths))
CRITICAL - 2024-08-16 11:56:08 --> ErrorException: Undefined variable $justHtml
[Method: GET, Route: editepisode/19]
in APPPATH\Views\includes\footer.php on line 275.
 1 APPPATH\Views\includes\footer.php(275): CodeIgniter\Debug\Exceptions->errorHandler(2, 'Undefined variable $justHtml', 'C:\\xampp\\htdocs\\server\\podcast\\ci-admin\\app\\Views\\includes\\footer.php', 275)
 2 APPPATH\Views\page.php(5): include('C:\\xampp\\htdocs\\server\\podcast\\ci-admin\\app\\Views\\includes\\footer.php')
 3 SYSTEMPATH\View\View.php(234): include('C:\\xampp\\htdocs\\server\\podcast\\ci-admin\\app\\Views\\page.php')
 4 SYSTEMPATH\View\View.php(237): CodeIgniter\View\View->CodeIgniter\View\{closure}()
 5 SYSTEMPATH\Common.php(1171): CodeIgniter\View\View->render('page', [], true)
 6 APPPATH\Controllers\Home.php(143): view('page', [...])
 7 SYSTEMPATH\CodeIgniter.php(933): App\Controllers\Home->editepisode('19')
 8 SYSTEMPATH\CodeIgniter.php(509): CodeIgniter\CodeIgniter->runController(Object(App\Controllers\Home))
 9 SYSTEMPATH\CodeIgniter.php(355): CodeIgniter\CodeIgniter->handleRequest(null, Object(Config\Cache), false)
10 SYSTEMPATH\Boot.php(312): CodeIgniter\CodeIgniter->run()
11 SYSTEMPATH\Boot.php(67): CodeIgniter\Boot::runCodeIgniter(Object(CodeIgniter\CodeIgniter))
12 FCPATH\index.php(58): CodeIgniter\Boot::bootWeb(Object(Config\Paths))
CRITICAL - 2024-08-16 11:56:30 --> ErrorException: Undefined array key "editorContent"
[Method: GET, Route: editepisode/19]
in APPPATH\Views\includes\footer.php on line 249.
 1 APPPATH\Views\includes\footer.php(249): CodeIgniter\Debug\Exceptions->errorHandler(2, 'Undefined array key "editorContent"', 'C:\\xampp\\htdocs\\server\\podcast\\ci-admin\\app\\Views\\includes\\footer.php', 249)
 2 APPPATH\Views\page.php(5): include('C:\\xampp\\htdocs\\server\\podcast\\ci-admin\\app\\Views\\includes\\footer.php')
 3 SYSTEMPATH\View\View.php(234): include('C:\\xampp\\htdocs\\server\\podcast\\ci-admin\\app\\Views\\page.php')
 4 SYSTEMPATH\View\View.php(237): CodeIgniter\View\View->CodeIgniter\View\{closure}()
 5 SYSTEMPATH\Common.php(1171): CodeIgniter\View\View->render('page', [], true)
 6 APPPATH\Controllers\Home.php(143): view('page', [...])
 7 SYSTEMPATH\CodeIgniter.php(933): App\Controllers\Home->editepisode('19')
 8 SYSTEMPATH\CodeIgniter.php(509): CodeIgniter\CodeIgniter->runController(Object(App\Controllers\Home))
 9 SYSTEMPATH\CodeIgniter.php(355): CodeIgniter\CodeIgniter->handleRequest(null, Object(Config\Cache), false)
10 SYSTEMPATH\Boot.php(312): CodeIgniter\CodeIgniter->run()
11 SYSTEMPATH\Boot.php(67): CodeIgniter\Boot::runCodeIgniter(Object(CodeIgniter\CodeIgniter))
12 FCPATH\index.php(58): CodeIgniter\Boot::bootWeb(Object(Config\Paths))
CRITICAL - 2024-08-16 11:56:43 --> ErrorException: Undefined array key "editorContent"
[Method: GET, Route: editepisode/19]
in APPPATH\Views\includes\footer.php on line 249.
 1 APPPATH\Views\includes\footer.php(249): CodeIgniter\Debug\Exceptions->errorHandler(2, 'Undefined array key "editorContent"', 'C:\\xampp\\htdocs\\server\\podcast\\ci-admin\\app\\Views\\includes\\footer.php', 249)
 2 APPPATH\Views\page.php(5): include('C:\\xampp\\htdocs\\server\\podcast\\ci-admin\\app\\Views\\includes\\footer.php')
 3 SYSTEMPATH\View\View.php(234): include('C:\\xampp\\htdocs\\server\\podcast\\ci-admin\\app\\Views\\page.php')
 4 SYSTEMPATH\View\View.php(237): CodeIgniter\View\View->CodeIgniter\View\{closure}()
 5 SYSTEMPATH\Common.php(1171): CodeIgniter\View\View->render('page', [], true)
 6 APPPATH\Controllers\Home.php(143): view('page', [...])
 7 SYSTEMPATH\CodeIgniter.php(933): App\Controllers\Home->editepisode('19')
 8 SYSTEMPATH\CodeIgniter.php(509): CodeIgniter\CodeIgniter->runController(Object(App\Controllers\Home))
 9 SYSTEMPATH\CodeIgniter.php(355): CodeIgniter\CodeIgniter->handleRequest(null, Object(Config\Cache), false)
10 SYSTEMPATH\Boot.php(312): CodeIgniter\CodeIgniter->run()
11 SYSTEMPATH\Boot.php(67): CodeIgniter\Boot::runCodeIgniter(Object(CodeIgniter\CodeIgniter))
12 FCPATH\index.php(58): CodeIgniter\Boot::bootWeb(Object(Config\Paths))
CRITICAL - 2024-08-16 11:57:04 --> ErrorException: Undefined array key "editorContent"
[Method: GET, Route: editepisode/19]
in APPPATH\Views\includes\footer.php on line 249.
 1 APPPATH\Views\includes\footer.php(249): CodeIgniter\Debug\Exceptions->errorHandler(2, 'Undefined array key "editorContent"', 'C:\\xampp\\htdocs\\server\\podcast\\ci-admin\\app\\Views\\includes\\footer.php', 249)
 2 APPPATH\Views\page.php(5): include('C:\\xampp\\htdocs\\server\\podcast\\ci-admin\\app\\Views\\includes\\footer.php')
 3 SYSTEMPATH\View\View.php(234): include('C:\\xampp\\htdocs\\server\\podcast\\ci-admin\\app\\Views\\page.php')
 4 SYSTEMPATH\View\View.php(237): CodeIgniter\View\View->CodeIgniter\View\{closure}()
 5 SYSTEMPATH\Common.php(1171): CodeIgniter\View\View->render('page', [], true)
 6 APPPATH\Controllers\Home.php(143): view('page', [...])
 7 SYSTEMPATH\CodeIgniter.php(933): App\Controllers\Home->editepisode('19')
 8 SYSTEMPATH\CodeIgniter.php(509): CodeIgniter\CodeIgniter->runController(Object(App\Controllers\Home))
 9 SYSTEMPATH\CodeIgniter.php(355): CodeIgniter\CodeIgniter->handleRequest(null, Object(Config\Cache), false)
10 SYSTEMPATH\Boot.php(312): CodeIgniter\CodeIgniter->run()
11 SYSTEMPATH\Boot.php(67): CodeIgniter\Boot::runCodeIgniter(Object(CodeIgniter\CodeIgniter))
12 FCPATH\index.php(58): CodeIgniter\Boot::bootWeb(Object(Config\Paths))
CRITICAL - 2024-08-16 11:58:22 --> ErrorException: Undefined array key "editorContent"
[Method: GET, Route: editepisode/19]
in APPPATH\Views\includes\footer.php on line 249.
 1 APPPATH\Views\includes\footer.php(249): CodeIgniter\Debug\Exceptions->errorHandler(2, 'Undefined array key "editorContent"', 'C:\\xampp\\htdocs\\server\\podcast\\ci-admin\\app\\Views\\includes\\footer.php', 249)
 2 APPPATH\Views\page.php(5): include('C:\\xampp\\htdocs\\server\\podcast\\ci-admin\\app\\Views\\includes\\footer.php')
 3 SYSTEMPATH\View\View.php(234): include('C:\\xampp\\htdocs\\server\\podcast\\ci-admin\\app\\Views\\page.php')
 4 SYSTEMPATH\View\View.php(237): CodeIgniter\View\View->CodeIgniter\View\{closure}()
 5 SYSTEMPATH\Common.php(1171): CodeIgniter\View\View->render('page', [], true)
 6 APPPATH\Controllers\Home.php(143): view('page', [...])
 7 SYSTEMPATH\CodeIgniter.php(933): App\Controllers\Home->editepisode('19')
 8 SYSTEMPATH\CodeIgniter.php(509): CodeIgniter\CodeIgniter->runController(Object(App\Controllers\Home))
 9 SYSTEMPATH\CodeIgniter.php(355): CodeIgniter\CodeIgniter->handleRequest(null, Object(Config\Cache), false)
10 SYSTEMPATH\Boot.php(312): CodeIgniter\CodeIgniter->run()
11 SYSTEMPATH\Boot.php(67): CodeIgniter\Boot::runCodeIgniter(Object(CodeIgniter\CodeIgniter))
12 FCPATH\index.php(58): CodeIgniter\Boot::bootWeb(Object(Config\Paths))
CRITICAL - 2024-08-16 11:58:36 --> ErrorException: Undefined array key "details"
[Method: GET, Route: editepisode/19]
in APPPATH\Views\includes\footer.php on line 249.
 1 APPPATH\Views\includes\footer.php(249): CodeIgniter\Debug\Exceptions->errorHandler(2, 'Undefined array key "details"', 'C:\\xampp\\htdocs\\server\\podcast\\ci-admin\\app\\Views\\includes\\footer.php', 249)
 2 APPPATH\Views\page.php(5): include('C:\\xampp\\htdocs\\server\\podcast\\ci-admin\\app\\Views\\includes\\footer.php')
 3 SYSTEMPATH\View\View.php(234): include('C:\\xampp\\htdocs\\server\\podcast\\ci-admin\\app\\Views\\page.php')
 4 SYSTEMPATH\View\View.php(237): CodeIgniter\View\View->CodeIgniter\View\{closure}()
 5 SYSTEMPATH\Common.php(1171): CodeIgniter\View\View->render('page', [], true)
 6 APPPATH\Controllers\Home.php(143): view('page', [...])
 7 SYSTEMPATH\CodeIgniter.php(933): App\Controllers\Home->editepisode('19')
 8 SYSTEMPATH\CodeIgniter.php(509): CodeIgniter\CodeIgniter->runController(Object(App\Controllers\Home))
 9 SYSTEMPATH\CodeIgniter.php(355): CodeIgniter\CodeIgniter->handleRequest(null, Object(Config\Cache), false)
10 SYSTEMPATH\Boot.php(312): CodeIgniter\CodeIgniter->run()
11 SYSTEMPATH\Boot.php(67): CodeIgniter\Boot::runCodeIgniter(Object(CodeIgniter\CodeIgniter))
12 FCPATH\index.php(58): CodeIgniter\Boot::bootWeb(Object(Config\Paths))
CRITICAL - 2024-08-16 11:58:50 --> ErrorException: Undefined array key "editorContent"
[Method: GET, Route: editepisode/19]
in APPPATH\Views\includes\footer.php on line 249.
 1 APPPATH\Views\includes\footer.php(249): CodeIgniter\Debug\Exceptions->errorHandler(2, 'Undefined array key "editorContent"', 'C:\\xampp\\htdocs\\server\\podcast\\ci-admin\\app\\Views\\includes\\footer.php', 249)
 2 APPPATH\Views\page.php(5): include('C:\\xampp\\htdocs\\server\\podcast\\ci-admin\\app\\Views\\includes\\footer.php')
 3 SYSTEMPATH\View\View.php(234): include('C:\\xampp\\htdocs\\server\\podcast\\ci-admin\\app\\Views\\page.php')
 4 SYSTEMPATH\View\View.php(237): CodeIgniter\View\View->CodeIgniter\View\{closure}()
 5 SYSTEMPATH\Common.php(1171): CodeIgniter\View\View->render('page', [], true)
 6 APPPATH\Controllers\Home.php(143): view('page', [...])
 7 SYSTEMPATH\CodeIgniter.php(933): App\Controllers\Home->editepisode('19')
 8 SYSTEMPATH\CodeIgniter.php(509): CodeIgniter\CodeIgniter->runController(Object(App\Controllers\Home))
 9 SYSTEMPATH\CodeIgniter.php(355): CodeIgniter\CodeIgniter->handleRequest(null, Object(Config\Cache), false)
10 SYSTEMPATH\Boot.php(312): CodeIgniter\CodeIgniter->run()
11 SYSTEMPATH\Boot.php(67): CodeIgniter\Boot::runCodeIgniter(Object(CodeIgniter\CodeIgniter))
12 FCPATH\index.php(58): CodeIgniter\Boot::bootWeb(Object(Config\Paths))
