CRITICAL - 2024-04-30 07:34:04 --> Error: Undefined constant "ASSETS"
[Method: GET, Route: attendance]
in APPPATH\Views\attendance\attendance.php on line 1.
 1 APPPATH\Views\page.php(4): include()
 2 SYSTEMPATH\View\View.php(234): include('G:\\xampp\\htdocs\\hrm\\app\\Views\\page.php')
 3 SYSTEMPATH\View\View.php(237): CodeIgniter\View\View->CodeIgniter\View\{closure}()
 4 SYSTEMPATH\Common.php(1171): CodeIgniter\View\View->render('page', [], true)
 5 APPPATH\Controllers\Home.php(47): view('page', [...])
 6 SYSTEMPATH\CodeIgniter.php(933): App\Controllers\Home->attendance()
 7 SYSTEMPATH\CodeIgniter.php(509): CodeIgniter\CodeIgniter->runController(Object(App\Controllers\Home))
 8 SYSTEMPATH\CodeIgniter.php(355): CodeIgniter\CodeIgniter->handleRequest(null, Object(Config\Cache), false)
 9 SYSTEMPATH\Boot.php(312): CodeIgniter\CodeIgniter->run()
10 SYSTEMPATH\Boot.php(67): CodeIgniter\Boot::runCodeIgniter(Object(CodeIgniter\CodeIgniter))
11 FCPATH\index.php(57): CodeIgniter\Boot::bootWeb(Object(Config\Paths))
CRITICAL - 2024-04-30 07:34:46 --> Error: Undefined constant "ASSETS"
[Method: GET, Route: attendance]
in APPPATH\Views\attendance\attendance.php on line 1.
 1 APPPATH\Views\page.php(4): include()
 2 SYSTEMPATH\View\View.php(234): include('G:\\xampp\\htdocs\\hrm\\app\\Views\\page.php')
 3 SYSTEMPATH\View\View.php(237): CodeIgniter\View\View->CodeIgniter\View\{closure}()
 4 SYSTEMPATH\Common.php(1171): CodeIgniter\View\View->render('page', [], true)
 5 APPPATH\Controllers\Home.php(43): view('page', [...])
 6 SYSTEMPATH\CodeIgniter.php(933): App\Controllers\Home->attendance()
 7 SYSTEMPATH\CodeIgniter.php(509): CodeIgniter\CodeIgniter->runController(Object(App\Controllers\Home))
 8 SYSTEMPATH\CodeIgniter.php(355): CodeIgniter\CodeIgniter->handleRequest(null, Object(Config\Cache), false)
 9 SYSTEMPATH\Boot.php(312): CodeIgniter\CodeIgniter->run()
10 SYSTEMPATH\Boot.php(67): CodeIgniter\Boot::runCodeIgniter(Object(CodeIgniter\CodeIgniter))
11 FCPATH\index.php(57): CodeIgniter\Boot::bootWeb(Object(Config\Paths))
CRITICAL - 2024-04-30 07:37:15 --> Error: Class "Hermawan\DataTables\DataTable" not found
[Method: GET, Route: attendance]
in APPPATH\Controllers\Home.php on line 39.
 1 SYSTEMPATH\CodeIgniter.php(933): App\Controllers\Home->attendance()
 2 SYSTEMPATH\CodeIgniter.php(509): CodeIgniter\CodeIgniter->runController(Object(App\Controllers\Home))
 3 SYSTEMPATH\CodeIgniter.php(355): CodeIgniter\CodeIgniter->handleRequest(null, Object(Config\Cache), false)
 4 SYSTEMPATH\Boot.php(312): CodeIgniter\CodeIgniter->run()
 5 SYSTEMPATH\Boot.php(67): CodeIgniter\Boot::runCodeIgniter(Object(CodeIgniter\CodeIgniter))
 6 FCPATH\index.php(57): CodeIgniter\Boot::bootWeb(Object(Config\Paths))
CRITICAL - 2024-04-30 07:37:17 --> Error: Class "Hermawan\DataTables\DataTable" not found
[Method: GET, Route: attendance]
in APPPATH\Controllers\Home.php on line 39.
 1 SYSTEMPATH\CodeIgniter.php(933): App\Controllers\Home->attendance()
 2 SYSTEMPATH\CodeIgniter.php(509): CodeIgniter\CodeIgniter->runController(Object(App\Controllers\Home))
 3 SYSTEMPATH\CodeIgniter.php(355): CodeIgniter\CodeIgniter->handleRequest(null, Object(Config\Cache), false)
 4 SYSTEMPATH\Boot.php(312): CodeIgniter\CodeIgniter->run()
 5 SYSTEMPATH\Boot.php(67): CodeIgniter\Boot::runCodeIgniter(Object(CodeIgniter\CodeIgniter))
 6 FCPATH\index.php(57): CodeIgniter\Boot::bootWeb(Object(Config\Paths))
CRITICAL - 2024-04-30 07:37:24 --> ErrorException: Undefined variable $db
[Method: GET, Route: attendance]
in APPPATH\Controllers\Home.php on line 37.
 1 APPPATH\Controllers\Home.php(37): CodeIgniter\Debug\Exceptions->errorHandler(2, 'Undefined variable $db', 'G:\\xampp\\htdocs\\hrm\\app\\Controllers\\Home.php', 37)
 2 SYSTEMPATH\CodeIgniter.php(933): App\Controllers\Home->attendance()
 3 SYSTEMPATH\CodeIgniter.php(509): CodeIgniter\CodeIgniter->runController(Object(App\Controllers\Home))
 4 SYSTEMPATH\CodeIgniter.php(355): CodeIgniter\CodeIgniter->handleRequest(null, Object(Config\Cache), false)
 5 SYSTEMPATH\Boot.php(312): CodeIgniter\CodeIgniter->run()
 6 SYSTEMPATH\Boot.php(67): CodeIgniter\Boot::runCodeIgniter(Object(CodeIgniter\CodeIgniter))
 7 FCPATH\index.php(57): CodeIgniter\Boot::bootWeb(Object(Config\Paths))
CRITICAL - 2024-04-30 07:37:41 --> ErrorException: Undefined variable $db
[Method: GET, Route: attendance]
in APPPATH\Controllers\Home.php on line 37.
 1 APPPATH\Controllers\Home.php(37): CodeIgniter\Debug\Exceptions->errorHandler(2, 'Undefined variable $db', 'G:\\xampp\\htdocs\\hrm\\app\\Controllers\\Home.php', 37)
 2 SYSTEMPATH\CodeIgniter.php(933): App\Controllers\Home->attendance()
 3 SYSTEMPATH\CodeIgniter.php(509): CodeIgniter\CodeIgniter->runController(Object(App\Controllers\Home))
 4 SYSTEMPATH\CodeIgniter.php(355): CodeIgniter\CodeIgniter->handleRequest(null, Object(Config\Cache), false)
 5 SYSTEMPATH\Boot.php(312): CodeIgniter\CodeIgniter->run()
 6 SYSTEMPATH\Boot.php(67): CodeIgniter\Boot::runCodeIgniter(Object(CodeIgniter\CodeIgniter))
 7 FCPATH\index.php(57): CodeIgniter\Boot::bootWeb(Object(Config\Paths))
CRITICAL - 2024-04-30 07:38:16 --> Error: Class "Hermawan\DataTables\DataTable" not found
[Method: GET, Route: attendance]
in APPPATH\Controllers\Home.php on line 39.
 1 SYSTEMPATH\CodeIgniter.php(933): App\Controllers\Home->attendance()
 2 SYSTEMPATH\CodeIgniter.php(509): CodeIgniter\CodeIgniter->runController(Object(App\Controllers\Home))
 3 SYSTEMPATH\CodeIgniter.php(355): CodeIgniter\CodeIgniter->handleRequest(null, Object(Config\Cache), false)
 4 SYSTEMPATH\Boot.php(312): CodeIgniter\CodeIgniter->run()
 5 SYSTEMPATH\Boot.php(67): CodeIgniter\Boot::runCodeIgniter(Object(CodeIgniter\CodeIgniter))
 6 FCPATH\index.php(57): CodeIgniter\Boot::bootWeb(Object(Config\Paths))
CRITICAL - 2024-04-30 07:54:25 --> Error: Class "Hermawan\DataTables\DataTable" not found
[Method: GET, Route: attendance]
in APPPATH\Controllers\Home.php on line 39.
 1 SYSTEMPATH\CodeIgniter.php(933): App\Controllers\Home->attendance()
 2 SYSTEMPATH\CodeIgniter.php(509): CodeIgniter\CodeIgniter->runController(Object(App\Controllers\Home))
 3 SYSTEMPATH\CodeIgniter.php(355): CodeIgniter\CodeIgniter->handleRequest(null, Object(Config\Cache), false)
 4 SYSTEMPATH\Boot.php(312): CodeIgniter\CodeIgniter->run()
 5 SYSTEMPATH\Boot.php(67): CodeIgniter\Boot::runCodeIgniter(Object(CodeIgniter\CodeIgniter))
 6 FCPATH\index.php(57): CodeIgniter\Boot::bootWeb(Object(Config\Paths))
CRITICAL - 2024-04-30 07:54:46 --> ParseError: syntax error, unexpected variable "$data"
[Method: GET, Route: attendance]
in APPPATH\Controllers\Home.php on line 54.
 1 SYSTEMPATH\Autoloader\Autoloader.php(296): CodeIgniter\Autoloader\Autoloader->includeFile('G:\\xampp\\htdocs\\hrm\\app\\Controllers\\Home.php')
 2 SYSTEMPATH\Autoloader\Autoloader.php(272): CodeIgniter\Autoloader\Autoloader->loadInNamespace('App\\Controllers\\Home')
 3 [internal function]: CodeIgniter\Autoloader\Autoloader->loadClass('App\\Controllers\\Home')
 4 SYSTEMPATH\CodeIgniter.php(887): class_exists('\\App\\Controllers\\Home', true)
 5 SYSTEMPATH\CodeIgniter.php(496): CodeIgniter\CodeIgniter->startController()
 6 SYSTEMPATH\CodeIgniter.php(355): CodeIgniter\CodeIgniter->handleRequest(null, Object(Config\Cache), false)
 7 SYSTEMPATH\Boot.php(312): CodeIgniter\CodeIgniter->run()
 8 SYSTEMPATH\Boot.php(67): CodeIgniter\Boot::runCodeIgniter(Object(CodeIgniter\CodeIgniter))
 9 FCPATH\index.php(57): CodeIgniter\Boot::bootWeb(Object(Config\Paths))
CRITICAL - 2024-04-30 07:54:53 --> ParseError: syntax error, unexpected variable "$data"
[Method: GET, Route: attendance]
in APPPATH\Controllers\Home.php on line 54.
 1 SYSTEMPATH\Autoloader\Autoloader.php(296): CodeIgniter\Autoloader\Autoloader->includeFile('G:\\xampp\\htdocs\\hrm\\app\\Controllers\\Home.php')
 2 SYSTEMPATH\Autoloader\Autoloader.php(272): CodeIgniter\Autoloader\Autoloader->loadInNamespace('App\\Controllers\\Home')
 3 [internal function]: CodeIgniter\Autoloader\Autoloader->loadClass('App\\Controllers\\Home')
 4 SYSTEMPATH\CodeIgniter.php(887): class_exists('\\App\\Controllers\\Home', true)
 5 SYSTEMPATH\CodeIgniter.php(496): CodeIgniter\CodeIgniter->startController()
 6 SYSTEMPATH\CodeIgniter.php(355): CodeIgniter\CodeIgniter->handleRequest(null, Object(Config\Cache), false)
 7 SYSTEMPATH\Boot.php(312): CodeIgniter\CodeIgniter->run()
 8 SYSTEMPATH\Boot.php(67): CodeIgniter\Boot::runCodeIgniter(Object(CodeIgniter\CodeIgniter))
 9 FCPATH\index.php(57): CodeIgniter\Boot::bootWeb(Object(Config\Paths))
CRITICAL - 2024-04-30 07:54:58 --> ErrorException: Undefined variable $query
[Method: GET, Route: attendance]
in APPPATH\Controllers\Home.php on line 54.
 1 APPPATH\Controllers\Home.php(54): CodeIgniter\Debug\Exceptions->errorHandler(2, 'Undefined variable $query', 'G:\\xampp\\htdocs\\hrm\\app\\Controllers\\Home.php', 54)
 2 SYSTEMPATH\CodeIgniter.php(933): App\Controllers\Home->attendance()
 3 SYSTEMPATH\CodeIgniter.php(509): CodeIgniter\CodeIgniter->runController(Object(App\Controllers\Home))
 4 SYSTEMPATH\CodeIgniter.php(355): CodeIgniter\CodeIgniter->handleRequest(null, Object(Config\Cache), false)
 5 SYSTEMPATH\Boot.php(312): CodeIgniter\CodeIgniter->run()
 6 SYSTEMPATH\Boot.php(67): CodeIgniter\Boot::runCodeIgniter(Object(CodeIgniter\CodeIgniter))
 7 FCPATH\index.php(57): CodeIgniter\Boot::bootWeb(Object(Config\Paths))
CRITICAL - 2024-04-30 07:55:12 --> ParseError: syntax error, unexpected variable "$query"
[Method: GET, Route: attendance]
in APPPATH\Controllers\Home.php on line 50.
 1 SYSTEMPATH\Autoloader\Autoloader.php(296): CodeIgniter\Autoloader\Autoloader->includeFile('G:\\xampp\\htdocs\\hrm\\app\\Controllers\\Home.php')
 2 SYSTEMPATH\Autoloader\Autoloader.php(272): CodeIgniter\Autoloader\Autoloader->loadInNamespace('App\\Controllers\\Home')
 3 [internal function]: CodeIgniter\Autoloader\Autoloader->loadClass('App\\Controllers\\Home')
 4 SYSTEMPATH\CodeIgniter.php(887): class_exists('\\App\\Controllers\\Home', true)
 5 SYSTEMPATH\CodeIgniter.php(496): CodeIgniter\CodeIgniter->startController()
 6 SYSTEMPATH\CodeIgniter.php(355): CodeIgniter\CodeIgniter->handleRequest(null, Object(Config\Cache), false)
 7 SYSTEMPATH\Boot.php(312): CodeIgniter\CodeIgniter->run()
 8 SYSTEMPATH\Boot.php(67): CodeIgniter\Boot::runCodeIgniter(Object(CodeIgniter\CodeIgniter))
 9 FCPATH\index.php(57): CodeIgniter\Boot::bootWeb(Object(Config\Paths))
CRITICAL - 2024-04-30 09:12:32 --> ErrorException: Undefined property: App\Controllers\Home::$member
[Method: GET, Route: getLists]
in APPPATH\Controllers\Home.php on line 87.
 1 APPPATH\Controllers\Home.php(87): CodeIgniter\Debug\Exceptions->errorHandler(2, 'Undefined property: App\\Controllers\\Home::$member', 'G:\\xampp\\htdocs\\hrm\\app\\Controllers\\Home.php', 87)
 2 SYSTEMPATH\CodeIgniter.php(933): App\Controllers\Home->getLists()
 3 SYSTEMPATH\CodeIgniter.php(509): CodeIgniter\CodeIgniter->runController(Object(App\Controllers\Home))
 4 SYSTEMPATH\CodeIgniter.php(355): CodeIgniter\CodeIgniter->handleRequest(null, Object(Config\Cache), false)
 5 SYSTEMPATH\Boot.php(312): CodeIgniter\CodeIgniter->run()
 6 SYSTEMPATH\Boot.php(67): CodeIgniter\Boot::runCodeIgniter(Object(CodeIgniter\CodeIgniter))
 7 FCPATH\index.php(57): CodeIgniter\Boot::bootWeb(Object(Config\Paths))
CRITICAL - 2024-04-30 09:13:26 --> ErrorException: Undefined property: App\Controllers\Home::$member
[Method: GET, Route: getLists]
in APPPATH\Controllers\Home.php on line 87.
 1 APPPATH\Controllers\Home.php(87): CodeIgniter\Debug\Exceptions->errorHandler(2, 'Undefined property: App\\Controllers\\Home::$member', 'G:\\xampp\\htdocs\\hrm\\app\\Controllers\\Home.php', 87)
 2 SYSTEMPATH\CodeIgniter.php(933): App\Controllers\Home->getLists()
 3 SYSTEMPATH\CodeIgniter.php(509): CodeIgniter\CodeIgniter->runController(Object(App\Controllers\Home))
 4 SYSTEMPATH\CodeIgniter.php(355): CodeIgniter\CodeIgniter->handleRequest(null, Object(Config\Cache), false)
 5 SYSTEMPATH\Boot.php(312): CodeIgniter\CodeIgniter->run()
 6 SYSTEMPATH\Boot.php(67): CodeIgniter\Boot::runCodeIgniter(Object(CodeIgniter\CodeIgniter))
 7 FCPATH\index.php(57): CodeIgniter\Boot::bootWeb(Object(Config\Paths))
CRITICAL - 2024-04-30 09:14:23 --> ErrorException: Undefined property: App\Controllers\Home::$member
[Method: GET, Route: getLists]
in APPPATH\Controllers\Home.php on line 87.
 1 APPPATH\Controllers\Home.php(87): CodeIgniter\Debug\Exceptions->errorHandler(2, 'Undefined property: App\\Controllers\\Home::$member', 'G:\\xampp\\htdocs\\hrm\\app\\Controllers\\Home.php', 87)
 2 SYSTEMPATH\CodeIgniter.php(933): App\Controllers\Home->getLists()
 3 SYSTEMPATH\CodeIgniter.php(509): CodeIgniter\CodeIgniter->runController(Object(App\Controllers\Home))
 4 SYSTEMPATH\CodeIgniter.php(355): CodeIgniter\CodeIgniter->handleRequest(null, Object(Config\Cache), false)
 5 SYSTEMPATH\Boot.php(312): CodeIgniter\CodeIgniter->run()
 6 SYSTEMPATH\Boot.php(67): CodeIgniter\Boot::runCodeIgniter(Object(CodeIgniter\CodeIgniter))
 7 FCPATH\index.php(57): CodeIgniter\Boot::bootWeb(Object(Config\Paths))
CRITICAL - 2024-04-30 09:15:39 --> ErrorException: Undefined property: App\Controllers\Home::$member
[Method: GET, Route: getLists]
in APPPATH\Controllers\Home.php on line 86.
 1 APPPATH\Controllers\Home.php(86): CodeIgniter\Debug\Exceptions->errorHandler(2, 'Undefined property: App\\Controllers\\Home::$member', 'G:\\xampp\\htdocs\\hrm\\app\\Controllers\\Home.php', 86)
 2 SYSTEMPATH\CodeIgniter.php(933): App\Controllers\Home->getLists()
 3 SYSTEMPATH\CodeIgniter.php(509): CodeIgniter\CodeIgniter->runController(Object(App\Controllers\Home))
 4 SYSTEMPATH\CodeIgniter.php(355): CodeIgniter\CodeIgniter->handleRequest(null, Object(Config\Cache), false)
 5 SYSTEMPATH\Boot.php(312): CodeIgniter\CodeIgniter->run()
 6 SYSTEMPATH\Boot.php(67): CodeIgniter\Boot::runCodeIgniter(Object(CodeIgniter\CodeIgniter))
 7 FCPATH\index.php(57): CodeIgniter\Boot::bootWeb(Object(Config\Paths))
CRITICAL - 2024-04-30 09:16:25 --> ParseError: syntax error, unexpected token "*", expecting "function" or "const"
[Method: GET, Route: attendance]
in APPPATH\Models\HomeModel.php on line 92.
 1 SYSTEMPATH\Autoloader\Autoloader.php(296): CodeIgniter\Autoloader\Autoloader->includeFile('G:\\xampp\\htdocs\\hrm\\app\\Models\\HomeModel.php')
 2 SYSTEMPATH\Autoloader\Autoloader.php(272): CodeIgniter\Autoloader\Autoloader->loadInNamespace('App\\Models\\HomeModel')
 3 APPPATH\Controllers\Home.php(14): CodeIgniter\Autoloader\Autoloader->loadClass('App\\Models\\HomeModel')
 4 SYSTEMPATH\CodeIgniter.php(903): App\Controllers\Home->__construct()
 5 SYSTEMPATH\CodeIgniter.php(500): CodeIgniter\CodeIgniter->createController()
 6 SYSTEMPATH\CodeIgniter.php(355): CodeIgniter\CodeIgniter->handleRequest(null, Object(Config\Cache), false)
 7 SYSTEMPATH\Boot.php(312): CodeIgniter\CodeIgniter->run()
 8 SYSTEMPATH\Boot.php(67): CodeIgniter\Boot::runCodeIgniter(Object(CodeIgniter\CodeIgniter))
 9 FCPATH\index.php(57): CodeIgniter\Boot::bootWeb(Object(Config\Paths))
CRITICAL - 2024-04-30 09:16:46 --> ErrorException: Undefined property: App\Controllers\Home::$member
[Method: GET, Route: getLists]
in APPPATH\Controllers\Home.php on line 86.
 1 APPPATH\Controllers\Home.php(86): CodeIgniter\Debug\Exceptions->errorHandler(2, 'Undefined property: App\\Controllers\\Home::$member', 'G:\\xampp\\htdocs\\hrm\\app\\Controllers\\Home.php', 86)
 2 SYSTEMPATH\CodeIgniter.php(933): App\Controllers\Home->getLists()
 3 SYSTEMPATH\CodeIgniter.php(509): CodeIgniter\CodeIgniter->runController(Object(App\Controllers\Home))
 4 SYSTEMPATH\CodeIgniter.php(355): CodeIgniter\CodeIgniter->handleRequest(null, Object(Config\Cache), false)
 5 SYSTEMPATH\Boot.php(312): CodeIgniter\CodeIgniter->run()
 6 SYSTEMPATH\Boot.php(67): CodeIgniter\Boot::runCodeIgniter(Object(CodeIgniter\CodeIgniter))
 7 FCPATH\index.php(57): CodeIgniter\Boot::bootWeb(Object(Config\Paths))
CRITICAL - 2024-04-30 09:17:26 --> Error: Call to a member function from() on null
[Method: GET, Route: getLists]
in APPPATH\Models\HomeModel.php on line 125.
 1 APPPATH\Models\HomeModel.php(93): App\Models\HomeModel->_get_datatables_query([])
 2 APPPATH\Controllers\Home.php(86): App\Models\HomeModel->getRows([])
 3 SYSTEMPATH\CodeIgniter.php(933): App\Controllers\Home->getLists()
 4 SYSTEMPATH\CodeIgniter.php(509): CodeIgniter\CodeIgniter->runController(Object(App\Controllers\Home))
 5 SYSTEMPATH\CodeIgniter.php(355): CodeIgniter\CodeIgniter->handleRequest(null, Object(Config\Cache), false)
 6 SYSTEMPATH\Boot.php(312): CodeIgniter\CodeIgniter->run()
 7 SYSTEMPATH\Boot.php(67): CodeIgniter\Boot::runCodeIgniter(Object(CodeIgniter\CodeIgniter))
 8 FCPATH\index.php(57): CodeIgniter\Boot::bootWeb(Object(Config\Paths))
CRITICAL - 2024-04-30 09:19:32 --> Error: Call to a member function from() on null
[Method: GET, Route: getLists]
in APPPATH\Models\HomeModel.php on line 125.
 1 APPPATH\Models\HomeModel.php(93): App\Models\HomeModel->_get_datatables_query([])
 2 APPPATH\Controllers\Home.php(86): App\Models\HomeModel->getRows([])
 3 SYSTEMPATH\CodeIgniter.php(933): App\Controllers\Home->getLists()
 4 SYSTEMPATH\CodeIgniter.php(509): CodeIgniter\CodeIgniter->runController(Object(App\Controllers\Home))
 5 SYSTEMPATH\CodeIgniter.php(355): CodeIgniter\CodeIgniter->handleRequest(null, Object(Config\Cache), false)
 6 SYSTEMPATH\Boot.php(312): CodeIgniter\CodeIgniter->run()
 7 SYSTEMPATH\Boot.php(67): CodeIgniter\Boot::runCodeIgniter(Object(CodeIgniter\CodeIgniter))
 8 FCPATH\index.php(57): CodeIgniter\Boot::bootWeb(Object(Config\Paths))
CRITICAL - 2024-04-30 09:20:08 --> Error: Call to a member function from() on null
[Method: GET, Route: getLists]
in APPPATH\Models\HomeModel.php on line 125.
 1 APPPATH\Models\HomeModel.php(93): App\Models\HomeModel->_get_datatables_query([])
 2 APPPATH\Controllers\Home.php(86): App\Models\HomeModel->getRows([])
 3 SYSTEMPATH\CodeIgniter.php(933): App\Controllers\Home->getLists()
 4 SYSTEMPATH\CodeIgniter.php(509): CodeIgniter\CodeIgniter->runController(Object(App\Controllers\Home))
 5 SYSTEMPATH\CodeIgniter.php(355): CodeIgniter\CodeIgniter->handleRequest(null, Object(Config\Cache), false)
 6 SYSTEMPATH\Boot.php(312): CodeIgniter\CodeIgniter->run()
 7 SYSTEMPATH\Boot.php(67): CodeIgniter\Boot::runCodeIgniter(Object(CodeIgniter\CodeIgniter))
 8 FCPATH\index.php(57): CodeIgniter\Boot::bootWeb(Object(Config\Paths))
CRITICAL - 2024-04-30 09:20:24 --> Error: Call to a member function from() on null
[Method: GET, Route: getLists]
in APPPATH\Models\HomeModel.php on line 125.
 1 APPPATH\Models\HomeModel.php(93): App\Models\HomeModel->_get_datatables_query([])
 2 APPPATH\Controllers\Home.php(86): App\Models\HomeModel->getRows([])
 3 SYSTEMPATH\CodeIgniter.php(933): App\Controllers\Home->getLists()
 4 SYSTEMPATH\CodeIgniter.php(509): CodeIgniter\CodeIgniter->runController(Object(App\Controllers\Home))
 5 SYSTEMPATH\CodeIgniter.php(355): CodeIgniter\CodeIgniter->handleRequest(null, Object(Config\Cache), false)
 6 SYSTEMPATH\Boot.php(312): CodeIgniter\CodeIgniter->run()
 7 SYSTEMPATH\Boot.php(67): CodeIgniter\Boot::runCodeIgniter(Object(CodeIgniter\CodeIgniter))
 8 FCPATH\index.php(57): CodeIgniter\Boot::bootWeb(Object(Config\Paths))
CRITICAL - 2024-04-30 09:20:44 --> Error: Call to a member function from() on null
[Method: GET, Route: getLists]
in APPPATH\Models\HomeModel.php on line 125.
 1 APPPATH\Models\HomeModel.php(93): App\Models\HomeModel->_get_datatables_query([])
 2 APPPATH\Controllers\Home.php(86): App\Models\HomeModel->getRows([])
 3 SYSTEMPATH\CodeIgniter.php(933): App\Controllers\Home->getLists()
 4 SYSTEMPATH\CodeIgniter.php(509): CodeIgniter\CodeIgniter->runController(Object(App\Controllers\Home))
 5 SYSTEMPATH\CodeIgniter.php(355): CodeIgniter\CodeIgniter->handleRequest(null, Object(Config\Cache), false)
 6 SYSTEMPATH\Boot.php(312): CodeIgniter\CodeIgniter->run()
 7 SYSTEMPATH\Boot.php(67): CodeIgniter\Boot::runCodeIgniter(Object(CodeIgniter\CodeIgniter))
 8 FCPATH\index.php(57): CodeIgniter\Boot::bootWeb(Object(Config\Paths))
CRITICAL - 2024-04-30 09:20:47 --> Error: Call to a member function from() on null
[Method: GET, Route: getLists]
in APPPATH\Models\HomeModel.php on line 125.
 1 APPPATH\Models\HomeModel.php(93): App\Models\HomeModel->_get_datatables_query([])
 2 APPPATH\Controllers\Home.php(86): App\Models\HomeModel->getRows([])
 3 SYSTEMPATH\CodeIgniter.php(933): App\Controllers\Home->getLists()
 4 SYSTEMPATH\CodeIgniter.php(509): CodeIgniter\CodeIgniter->runController(Object(App\Controllers\Home))
 5 SYSTEMPATH\CodeIgniter.php(355): CodeIgniter\CodeIgniter->handleRequest(null, Object(Config\Cache), false)
 6 SYSTEMPATH\Boot.php(312): CodeIgniter\CodeIgniter->run()
 7 SYSTEMPATH\Boot.php(67): CodeIgniter\Boot::runCodeIgniter(Object(CodeIgniter\CodeIgniter))
 8 FCPATH\index.php(57): CodeIgniter\Boot::bootWeb(Object(Config\Paths))
CRITICAL - 2024-04-30 09:20:59 --> ErrorException: Undefined variable $memData
[Method: GET, Route: getLists]
in APPPATH\Controllers\Home.php on line 87.
 1 APPPATH\Controllers\Home.php(87): CodeIgniter\Debug\Exceptions->errorHandler(2, 'Undefined variable $memData', 'G:\\xampp\\htdocs\\hrm\\app\\Controllers\\Home.php', 87)
 2 SYSTEMPATH\CodeIgniter.php(933): App\Controllers\Home->getLists()
 3 SYSTEMPATH\CodeIgniter.php(509): CodeIgniter\CodeIgniter->runController(Object(App\Controllers\Home))
 4 SYSTEMPATH\CodeIgniter.php(355): CodeIgniter\CodeIgniter->handleRequest(null, Object(Config\Cache), false)
 5 SYSTEMPATH\Boot.php(312): CodeIgniter\CodeIgniter->run()
 6 SYSTEMPATH\Boot.php(67): CodeIgniter\Boot::runCodeIgniter(Object(CodeIgniter\CodeIgniter))
 7 FCPATH\index.php(57): CodeIgniter\Boot::bootWeb(Object(Config\Paths))
CRITICAL - 2024-04-30 09:21:19 --> ArgumentCountError: Too few arguments to function App\Models\HomeModel::getRows(), 0 passed in G:\xampp\htdocs\hrm\app\Controllers\Home.php on line 86 and exactly 1 expected
[Method: GET, Route: getLists]
in APPPATH\Models\HomeModel.php on line 92.
 1 APPPATH\Controllers\Home.php(86): App\Models\HomeModel->getRows()
 2 SYSTEMPATH\CodeIgniter.php(933): App\Controllers\Home->getLists()
 3 SYSTEMPATH\CodeIgniter.php(509): CodeIgniter\CodeIgniter->runController(Object(App\Controllers\Home))
 4 SYSTEMPATH\CodeIgniter.php(355): CodeIgniter\CodeIgniter->handleRequest(null, Object(Config\Cache), false)
 5 SYSTEMPATH\Boot.php(312): CodeIgniter\CodeIgniter->run()
 6 SYSTEMPATH\Boot.php(67): CodeIgniter\Boot::runCodeIgniter(Object(CodeIgniter\CodeIgniter))
 7 FCPATH\index.php(57): CodeIgniter\Boot::bootWeb(Object(Config\Paths))
CRITICAL - 2024-04-30 09:23:52 --> Error: Call to undefined method CodeIgniter\Database\MySQLi\Connection::from()
[Method: GET, Route: getLists]
in APPPATH\Controllers\Home.php on line 87.
 1 SYSTEMPATH\CodeIgniter.php(933): App\Controllers\Home->getLists()
 2 SYSTEMPATH\CodeIgniter.php(509): CodeIgniter\CodeIgniter->runController(Object(App\Controllers\Home))
 3 SYSTEMPATH\CodeIgniter.php(355): CodeIgniter\CodeIgniter->handleRequest(null, Object(Config\Cache), false)
 4 SYSTEMPATH\Boot.php(312): CodeIgniter\CodeIgniter->run()
 5 SYSTEMPATH\Boot.php(67): CodeIgniter\Boot::runCodeIgniter(Object(CodeIgniter\CodeIgniter))
 6 FCPATH\index.php(57): CodeIgniter\Boot::bootWeb(Object(Config\Paths))
CRITICAL - 2024-04-30 09:23:54 --> Error: Call to undefined method CodeIgniter\Database\MySQLi\Connection::from()
[Method: GET, Route: getLists]
in APPPATH\Controllers\Home.php on line 87.
 1 SYSTEMPATH\CodeIgniter.php(933): App\Controllers\Home->getLists()
 2 SYSTEMPATH\CodeIgniter.php(509): CodeIgniter\CodeIgniter->runController(Object(App\Controllers\Home))
 3 SYSTEMPATH\CodeIgniter.php(355): CodeIgniter\CodeIgniter->handleRequest(null, Object(Config\Cache), false)
 4 SYSTEMPATH\Boot.php(312): CodeIgniter\CodeIgniter->run()
 5 SYSTEMPATH\Boot.php(67): CodeIgniter\Boot::runCodeIgniter(Object(CodeIgniter\CodeIgniter))
 6 FCPATH\index.php(57): CodeIgniter\Boot::bootWeb(Object(Config\Paths))
CRITICAL - 2024-04-30 09:28:38 --> ErrorException: Undefined array key "start"
[Method: GET, Route: getLists]
in APPPATH\Controllers\Home.php on line 88.
 1 APPPATH\Controllers\Home.php(88): CodeIgniter\Debug\Exceptions->errorHandler(2, 'Undefined array key "start"', 'G:\\xampp\\htdocs\\hrm\\app\\Controllers\\Home.php', 88)
 2 SYSTEMPATH\CodeIgniter.php(933): App\Controllers\Home->getLists()
 3 SYSTEMPATH\CodeIgniter.php(509): CodeIgniter\CodeIgniter->runController(Object(App\Controllers\Home))
 4 SYSTEMPATH\CodeIgniter.php(355): CodeIgniter\CodeIgniter->handleRequest(null, Object(Config\Cache), false)
 5 SYSTEMPATH\Boot.php(312): CodeIgniter\CodeIgniter->run()
 6 SYSTEMPATH\Boot.php(67): CodeIgniter\Boot::runCodeIgniter(Object(CodeIgniter\CodeIgniter))
 7 FCPATH\index.php(57): CodeIgniter\Boot::bootWeb(Object(Config\Paths))
CRITICAL - 2024-04-30 09:29:03 --> ErrorException: Undefined array key "start"
[Method: GET, Route: getLists]
in APPPATH\Controllers\Home.php on line 88.
 1 APPPATH\Controllers\Home.php(88): CodeIgniter\Debug\Exceptions->errorHandler(2, 'Undefined array key "start"', 'G:\\xampp\\htdocs\\hrm\\app\\Controllers\\Home.php', 88)
 2 SYSTEMPATH\CodeIgniter.php(933): App\Controllers\Home->getLists()
 3 SYSTEMPATH\CodeIgniter.php(509): CodeIgniter\CodeIgniter->runController(Object(App\Controllers\Home))
 4 SYSTEMPATH\CodeIgniter.php(355): CodeIgniter\CodeIgniter->handleRequest(null, Object(Config\Cache), false)
 5 SYSTEMPATH\Boot.php(312): CodeIgniter\CodeIgniter->run()
 6 SYSTEMPATH\Boot.php(67): CodeIgniter\Boot::runCodeIgniter(Object(CodeIgniter\CodeIgniter))
 7 FCPATH\index.php(57): CodeIgniter\Boot::bootWeb(Object(Config\Paths))
CRITICAL - 2024-04-30 09:29:04 --> ErrorException: Undefined array key "start"
[Method: GET, Route: getLists]
in APPPATH\Controllers\Home.php on line 88.
 1 APPPATH\Controllers\Home.php(88): CodeIgniter\Debug\Exceptions->errorHandler(2, 'Undefined array key "start"', 'G:\\xampp\\htdocs\\hrm\\app\\Controllers\\Home.php', 88)
 2 SYSTEMPATH\CodeIgniter.php(933): App\Controllers\Home->getLists()
 3 SYSTEMPATH\CodeIgniter.php(509): CodeIgniter\CodeIgniter->runController(Object(App\Controllers\Home))
 4 SYSTEMPATH\CodeIgniter.php(355): CodeIgniter\CodeIgniter->handleRequest(null, Object(Config\Cache), false)
 5 SYSTEMPATH\Boot.php(312): CodeIgniter\CodeIgniter->run()
 6 SYSTEMPATH\Boot.php(67): CodeIgniter\Boot::runCodeIgniter(Object(CodeIgniter\CodeIgniter))
 7 FCPATH\index.php(57): CodeIgniter\Boot::bootWeb(Object(Config\Paths))
CRITICAL - 2024-04-30 09:29:25 --> ErrorException: Undefined variable $i
[Method: GET, Route: getLists]
in APPPATH\Controllers\Home.php on line 90.
 1 APPPATH\Controllers\Home.php(90): CodeIgniter\Debug\Exceptions->errorHandler(2, 'Undefined variable $i', 'G:\\xampp\\htdocs\\hrm\\app\\Controllers\\Home.php', 90)
 2 SYSTEMPATH\CodeIgniter.php(933): App\Controllers\Home->getLists()
 3 SYSTEMPATH\CodeIgniter.php(509): CodeIgniter\CodeIgniter->runController(Object(App\Controllers\Home))
 4 SYSTEMPATH\CodeIgniter.php(355): CodeIgniter\CodeIgniter->handleRequest(null, Object(Config\Cache), false)
 5 SYSTEMPATH\Boot.php(312): CodeIgniter\CodeIgniter->run()
 6 SYSTEMPATH\Boot.php(67): CodeIgniter\Boot::runCodeIgniter(Object(CodeIgniter\CodeIgniter))
 7 FCPATH\index.php(57): CodeIgniter\Boot::bootWeb(Object(Config\Paths))
CRITICAL - 2024-04-30 09:30:35 --> ErrorException: Undefined variable $i
[Method: GET, Route: getLists]
in APPPATH\Controllers\Home.php on line 92.
 1 APPPATH\Controllers\Home.php(92): CodeIgniter\Debug\Exceptions->errorHandler(2, 'Undefined variable $i', 'G:\\xampp\\htdocs\\hrm\\app\\Controllers\\Home.php', 92)
 2 SYSTEMPATH\CodeIgniter.php(933): App\Controllers\Home->getLists()
 3 SYSTEMPATH\CodeIgniter.php(509): CodeIgniter\CodeIgniter->runController(Object(App\Controllers\Home))
 4 SYSTEMPATH\CodeIgniter.php(355): CodeIgniter\CodeIgniter->handleRequest(null, Object(Config\Cache), false)
 5 SYSTEMPATH\Boot.php(312): CodeIgniter\CodeIgniter->run()
 6 SYSTEMPATH\Boot.php(67): CodeIgniter\Boot::runCodeIgniter(Object(CodeIgniter\CodeIgniter))
 7 FCPATH\index.php(57): CodeIgniter\Boot::bootWeb(Object(Config\Paths))
CRITICAL - 2024-04-30 09:30:46 --> ErrorException: Undefined variable $i
[Method: GET, Route: getLists]
in APPPATH\Controllers\Home.php on line 92.
 1 APPPATH\Controllers\Home.php(92): CodeIgniter\Debug\Exceptions->errorHandler(2, 'Undefined variable $i', 'G:\\xampp\\htdocs\\hrm\\app\\Controllers\\Home.php', 92)
 2 SYSTEMPATH\CodeIgniter.php(933): App\Controllers\Home->getLists()
 3 SYSTEMPATH\CodeIgniter.php(509): CodeIgniter\CodeIgniter->runController(Object(App\Controllers\Home))
 4 SYSTEMPATH\CodeIgniter.php(355): CodeIgniter\CodeIgniter->handleRequest(null, Object(Config\Cache), false)
 5 SYSTEMPATH\Boot.php(312): CodeIgniter\CodeIgniter->run()
 6 SYSTEMPATH\Boot.php(67): CodeIgniter\Boot::runCodeIgniter(Object(CodeIgniter\CodeIgniter))
 7 FCPATH\index.php(57): CodeIgniter\Boot::bootWeb(Object(Config\Paths))
CRITICAL - 2024-04-30 09:30:52 --> ErrorException: Undefined variable $i
[Method: GET, Route: getLists]
in APPPATH\Controllers\Home.php on line 92.
 1 APPPATH\Controllers\Home.php(92): CodeIgniter\Debug\Exceptions->errorHandler(2, 'Undefined variable $i', 'G:\\xampp\\htdocs\\hrm\\app\\Controllers\\Home.php', 92)
 2 SYSTEMPATH\CodeIgniter.php(933): App\Controllers\Home->getLists()
 3 SYSTEMPATH\CodeIgniter.php(509): CodeIgniter\CodeIgniter->runController(Object(App\Controllers\Home))
 4 SYSTEMPATH\CodeIgniter.php(355): CodeIgniter\CodeIgniter->handleRequest(null, Object(Config\Cache), false)
 5 SYSTEMPATH\Boot.php(312): CodeIgniter\CodeIgniter->run()
 6 SYSTEMPATH\Boot.php(67): CodeIgniter\Boot::runCodeIgniter(Object(CodeIgniter\CodeIgniter))
 7 FCPATH\index.php(57): CodeIgniter\Boot::bootWeb(Object(Config\Paths))
CRITICAL - 2024-04-30 09:31:07 --> ErrorException: Undefined variable $i
[Method: GET, Route: getLists]
in APPPATH\Controllers\Home.php on line 94.
 1 APPPATH\Controllers\Home.php(94): CodeIgniter\Debug\Exceptions->errorHandler(2, 'Undefined variable $i', 'G:\\xampp\\htdocs\\hrm\\app\\Controllers\\Home.php', 94)
 2 SYSTEMPATH\CodeIgniter.php(933): App\Controllers\Home->getLists()
 3 SYSTEMPATH\CodeIgniter.php(509): CodeIgniter\CodeIgniter->runController(Object(App\Controllers\Home))
 4 SYSTEMPATH\CodeIgniter.php(355): CodeIgniter\CodeIgniter->handleRequest(null, Object(Config\Cache), false)
 5 SYSTEMPATH\Boot.php(312): CodeIgniter\CodeIgniter->run()
 6 SYSTEMPATH\Boot.php(67): CodeIgniter\Boot::runCodeIgniter(Object(CodeIgniter\CodeIgniter))
 7 FCPATH\index.php(57): CodeIgniter\Boot::bootWeb(Object(Config\Paths))
CRITICAL - 2024-04-30 09:31:19 --> ErrorException: Undefined variable $status
[Method: GET, Route: getLists]
in APPPATH\Controllers\Home.php on line 94.
 1 APPPATH\Controllers\Home.php(94): CodeIgniter\Debug\Exceptions->errorHandler(2, 'Undefined variable $status', 'G:\\xampp\\htdocs\\hrm\\app\\Controllers\\Home.php', 94)
 2 SYSTEMPATH\CodeIgniter.php(933): App\Controllers\Home->getLists()
 3 SYSTEMPATH\CodeIgniter.php(509): CodeIgniter\CodeIgniter->runController(Object(App\Controllers\Home))
 4 SYSTEMPATH\CodeIgniter.php(355): CodeIgniter\CodeIgniter->handleRequest(null, Object(Config\Cache), false)
 5 SYSTEMPATH\Boot.php(312): CodeIgniter\CodeIgniter->run()
 6 SYSTEMPATH\Boot.php(67): CodeIgniter\Boot::runCodeIgniter(Object(CodeIgniter\CodeIgniter))
 7 FCPATH\index.php(57): CodeIgniter\Boot::bootWeb(Object(Config\Paths))
CRITICAL - 2024-04-30 09:32:19 --> Error: Cannot use object of type stdClass as array
[Method: GET, Route: getLists]
in APPPATH\Controllers\Home.php on line 93.
 1 SYSTEMPATH\CodeIgniter.php(933): App\Controllers\Home->getLists()
 2 SYSTEMPATH\CodeIgniter.php(509): CodeIgniter\CodeIgniter->runController(Object(App\Controllers\Home))
 3 SYSTEMPATH\CodeIgniter.php(355): CodeIgniter\CodeIgniter->handleRequest(null, Object(Config\Cache), false)
 4 SYSTEMPATH\Boot.php(312): CodeIgniter\CodeIgniter->run()
 5 SYSTEMPATH\Boot.php(67): CodeIgniter\Boot::runCodeIgniter(Object(CodeIgniter\CodeIgniter))
 6 FCPATH\index.php(57): CodeIgniter\Boot::bootWeb(Object(Config\Paths))
CRITICAL - 2024-04-30 09:33:29 --> Error: Object of class stdClass could not be converted to string
[Method: GET, Route: getLists]
in APPPATH\Controllers\Home.php on line 92.
 1 SYSTEMPATH\CodeIgniter.php(933): App\Controllers\Home->getLists()
 2 SYSTEMPATH\CodeIgniter.php(509): CodeIgniter\CodeIgniter->runController(Object(App\Controllers\Home))
 3 SYSTEMPATH\CodeIgniter.php(355): CodeIgniter\CodeIgniter->handleRequest(null, Object(Config\Cache), false)
 4 SYSTEMPATH\Boot.php(312): CodeIgniter\CodeIgniter->run()
 5 SYSTEMPATH\Boot.php(67): CodeIgniter\Boot::runCodeIgniter(Object(CodeIgniter\CodeIgniter))
 6 FCPATH\index.php(57): CodeIgniter\Boot::bootWeb(Object(Config\Paths))
CRITICAL - 2024-04-30 09:34:17 --> ErrorException: Attempt to read property "employee_id" on int
[Method: GET, Route: getLists]
in APPPATH\Controllers\Home.php on line 93.
 1 APPPATH\Controllers\Home.php(93): CodeIgniter\Debug\Exceptions->errorHandler(2, 'Attempt to read property "employee_id" on int', 'G:\\xampp\\htdocs\\hrm\\app\\Controllers\\Home.php', 93)
 2 SYSTEMPATH\CodeIgniter.php(933): App\Controllers\Home->getLists()
 3 SYSTEMPATH\CodeIgniter.php(509): CodeIgniter\CodeIgniter->runController(Object(App\Controllers\Home))
 4 SYSTEMPATH\CodeIgniter.php(355): CodeIgniter\CodeIgniter->handleRequest(null, Object(Config\Cache), false)
 5 SYSTEMPATH\Boot.php(312): CodeIgniter\CodeIgniter->run()
 6 SYSTEMPATH\Boot.php(67): CodeIgniter\Boot::runCodeIgniter(Object(CodeIgniter\CodeIgniter))
 7 FCPATH\index.php(57): CodeIgniter\Boot::bootWeb(Object(Config\Paths))
CRITICAL - 2024-04-30 09:36:48 --> ErrorException: Undefined array key "draw"
[Method: GET, Route: getLists]
in APPPATH\Controllers\Home.php on line 100.
 1 APPPATH\Controllers\Home.php(100): CodeIgniter\Debug\Exceptions->errorHandler(2, 'Undefined array key "draw"', 'G:\\xampp\\htdocs\\hrm\\app\\Controllers\\Home.php', 100)
 2 SYSTEMPATH\CodeIgniter.php(933): App\Controllers\Home->getLists()
 3 SYSTEMPATH\CodeIgniter.php(509): CodeIgniter\CodeIgniter->runController(Object(App\Controllers\Home))
 4 SYSTEMPATH\CodeIgniter.php(355): CodeIgniter\CodeIgniter->handleRequest(null, Object(Config\Cache), false)
 5 SYSTEMPATH\Boot.php(312): CodeIgniter\CodeIgniter->run()
 6 SYSTEMPATH\Boot.php(67): CodeIgniter\Boot::runCodeIgniter(Object(CodeIgniter\CodeIgniter))
 7 FCPATH\index.php(57): CodeIgniter\Boot::bootWeb(Object(Config\Paths))
CRITICAL - 2024-04-30 09:37:09 --> ParseError: syntax error, unexpected token ","
[Method: GET, Route: getLists]
in APPPATH\Controllers\Home.php on line 102.
 1 SYSTEMPATH\Autoloader\Autoloader.php(296): CodeIgniter\Autoloader\Autoloader->includeFile('G:\\xampp\\htdocs\\hrm\\app\\Controllers\\Home.php')
 2 SYSTEMPATH\Autoloader\Autoloader.php(272): CodeIgniter\Autoloader\Autoloader->loadInNamespace('App\\Controllers\\Home')
 3 [internal function]: CodeIgniter\Autoloader\Autoloader->loadClass('App\\Controllers\\Home')
 4 SYSTEMPATH\CodeIgniter.php(887): class_exists('\\App\\Controllers\\Home', true)
 5 SYSTEMPATH\CodeIgniter.php(496): CodeIgniter\CodeIgniter->startController()
 6 SYSTEMPATH\CodeIgniter.php(355): CodeIgniter\CodeIgniter->handleRequest(null, Object(Config\Cache), false)
 7 SYSTEMPATH\Boot.php(312): CodeIgniter\CodeIgniter->run()
 8 SYSTEMPATH\Boot.php(67): CodeIgniter\Boot::runCodeIgniter(Object(CodeIgniter\CodeIgniter))
 9 FCPATH\index.php(57): CodeIgniter\Boot::bootWeb(Object(Config\Paths))
CRITICAL - 2024-04-30 09:37:13 --> ParseError: syntax error, unexpected token ","
[Method: GET, Route: getLists]
in APPPATH\Controllers\Home.php on line 102.
 1 SYSTEMPATH\Autoloader\Autoloader.php(296): CodeIgniter\Autoloader\Autoloader->includeFile('G:\\xampp\\htdocs\\hrm\\app\\Controllers\\Home.php')
 2 SYSTEMPATH\Autoloader\Autoloader.php(272): CodeIgniter\Autoloader\Autoloader->loadInNamespace('App\\Controllers\\Home')
 3 [internal function]: CodeIgniter\Autoloader\Autoloader->loadClass('App\\Controllers\\Home')
 4 SYSTEMPATH\CodeIgniter.php(887): class_exists('\\App\\Controllers\\Home', true)
 5 SYSTEMPATH\CodeIgniter.php(496): CodeIgniter\CodeIgniter->startController()
 6 SYSTEMPATH\CodeIgniter.php(355): CodeIgniter\CodeIgniter->handleRequest(null, Object(Config\Cache), false)
 7 SYSTEMPATH\Boot.php(312): CodeIgniter\CodeIgniter->run()
 8 SYSTEMPATH\Boot.php(67): CodeIgniter\Boot::runCodeIgniter(Object(CodeIgniter\CodeIgniter))
 9 FCPATH\index.php(57): CodeIgniter\Boot::bootWeb(Object(Config\Paths))
CRITICAL - 2024-04-30 09:37:30 --> ParseError: syntax error, unexpected token ","
[Method: GET, Route: getLists]
in APPPATH\Controllers\Home.php on line 102.
 1 SYSTEMPATH\Autoloader\Autoloader.php(296): CodeIgniter\Autoloader\Autoloader->includeFile('G:\\xampp\\htdocs\\hrm\\app\\Controllers\\Home.php')
 2 SYSTEMPATH\Autoloader\Autoloader.php(272): CodeIgniter\Autoloader\Autoloader->loadInNamespace('App\\Controllers\\Home')
 3 [internal function]: CodeIgniter\Autoloader\Autoloader->loadClass('App\\Controllers\\Home')
 4 SYSTEMPATH\CodeIgniter.php(887): class_exists('\\App\\Controllers\\Home', true)
 5 SYSTEMPATH\CodeIgniter.php(496): CodeIgniter\CodeIgniter->startController()
 6 SYSTEMPATH\CodeIgniter.php(355): CodeIgniter\CodeIgniter->handleRequest(null, Object(Config\Cache), false)
 7 SYSTEMPATH\Boot.php(312): CodeIgniter\CodeIgniter->run()
 8 SYSTEMPATH\Boot.php(67): CodeIgniter\Boot::runCodeIgniter(Object(CodeIgniter\CodeIgniter))
 9 FCPATH\index.php(57): CodeIgniter\Boot::bootWeb(Object(Config\Paths))
CRITICAL - 2024-04-30 09:38:01 --> ParseError: syntax error, unexpected token ","
[Method: GET, Route: getLists]
in APPPATH\Controllers\Home.php on line 103.
 1 SYSTEMPATH\Autoloader\Autoloader.php(296): CodeIgniter\Autoloader\Autoloader->includeFile('G:\\xampp\\htdocs\\hrm\\app\\Controllers\\Home.php')
 2 SYSTEMPATH\Autoloader\Autoloader.php(272): CodeIgniter\Autoloader\Autoloader->loadInNamespace('App\\Controllers\\Home')
 3 [internal function]: CodeIgniter\Autoloader\Autoloader->loadClass('App\\Controllers\\Home')
 4 SYSTEMPATH\CodeIgniter.php(887): class_exists('\\App\\Controllers\\Home', true)
 5 SYSTEMPATH\CodeIgniter.php(496): CodeIgniter\CodeIgniter->startController()
 6 SYSTEMPATH\CodeIgniter.php(355): CodeIgniter\CodeIgniter->handleRequest(null, Object(Config\Cache), false)
 7 SYSTEMPATH\Boot.php(312): CodeIgniter\CodeIgniter->run()
 8 SYSTEMPATH\Boot.php(67): CodeIgniter\Boot::runCodeIgniter(Object(CodeIgniter\CodeIgniter))
 9 FCPATH\index.php(57): CodeIgniter\Boot::bootWeb(Object(Config\Paths))
CRITICAL - 2024-04-30 09:38:04 --> ParseError: syntax error, unexpected token ","
[Method: GET, Route: getLists]
in APPPATH\Controllers\Home.php on line 103.
 1 SYSTEMPATH\Autoloader\Autoloader.php(296): CodeIgniter\Autoloader\Autoloader->includeFile('G:\\xampp\\htdocs\\hrm\\app\\Controllers\\Home.php')
 2 SYSTEMPATH\Autoloader\Autoloader.php(272): CodeIgniter\Autoloader\Autoloader->loadInNamespace('App\\Controllers\\Home')
 3 [internal function]: CodeIgniter\Autoloader\Autoloader->loadClass('App\\Controllers\\Home')
 4 SYSTEMPATH\CodeIgniter.php(887): class_exists('\\App\\Controllers\\Home', true)
 5 SYSTEMPATH\CodeIgniter.php(496): CodeIgniter\CodeIgniter->startController()
 6 SYSTEMPATH\CodeIgniter.php(355): CodeIgniter\CodeIgniter->handleRequest(null, Object(Config\Cache), false)
 7 SYSTEMPATH\Boot.php(312): CodeIgniter\CodeIgniter->run()
 8 SYSTEMPATH\Boot.php(67): CodeIgniter\Boot::runCodeIgniter(Object(CodeIgniter\CodeIgniter))
 9 FCPATH\index.php(57): CodeIgniter\Boot::bootWeb(Object(Config\Paths))
CRITICAL - 2024-04-30 09:38:21 --> ParseError: syntax error, unexpected token ","
[Method: GET, Route: getLists]
in APPPATH\Controllers\Home.php on line 103.
 1 SYSTEMPATH\Autoloader\Autoloader.php(296): CodeIgniter\Autoloader\Autoloader->includeFile('G:\\xampp\\htdocs\\hrm\\app\\Controllers\\Home.php')
 2 SYSTEMPATH\Autoloader\Autoloader.php(272): CodeIgniter\Autoloader\Autoloader->loadInNamespace('App\\Controllers\\Home')
 3 [internal function]: CodeIgniter\Autoloader\Autoloader->loadClass('App\\Controllers\\Home')
 4 SYSTEMPATH\CodeIgniter.php(887): class_exists('\\App\\Controllers\\Home', true)
 5 SYSTEMPATH\CodeIgniter.php(496): CodeIgniter\CodeIgniter->startController()
 6 SYSTEMPATH\CodeIgniter.php(355): CodeIgniter\CodeIgniter->handleRequest(null, Object(Config\Cache), false)
 7 SYSTEMPATH\Boot.php(312): CodeIgniter\CodeIgniter->run()
 8 SYSTEMPATH\Boot.php(67): CodeIgniter\Boot::runCodeIgniter(Object(CodeIgniter\CodeIgniter))
 9 FCPATH\index.php(57): CodeIgniter\Boot::bootWeb(Object(Config\Paths))
CRITICAL - 2024-04-30 09:38:32 --> ParseError: syntax error, unexpected token ","
[Method: GET, Route: getLists]
in APPPATH\Controllers\Home.php on line 104.
 1 SYSTEMPATH\Autoloader\Autoloader.php(296): CodeIgniter\Autoloader\Autoloader->includeFile('G:\\xampp\\htdocs\\hrm\\app\\Controllers\\Home.php')
 2 SYSTEMPATH\Autoloader\Autoloader.php(272): CodeIgniter\Autoloader\Autoloader->loadInNamespace('App\\Controllers\\Home')
 3 [internal function]: CodeIgniter\Autoloader\Autoloader->loadClass('App\\Controllers\\Home')
 4 SYSTEMPATH\CodeIgniter.php(887): class_exists('\\App\\Controllers\\Home', true)
 5 SYSTEMPATH\CodeIgniter.php(496): CodeIgniter\CodeIgniter->startController()
 6 SYSTEMPATH\CodeIgniter.php(355): CodeIgniter\CodeIgniter->handleRequest(null, Object(Config\Cache), false)
 7 SYSTEMPATH\Boot.php(312): CodeIgniter\CodeIgniter->run()
 8 SYSTEMPATH\Boot.php(67): CodeIgniter\Boot::runCodeIgniter(Object(CodeIgniter\CodeIgniter))
 9 FCPATH\index.php(57): CodeIgniter\Boot::bootWeb(Object(Config\Paths))
CRITICAL - 2024-04-30 09:38:52 --> ParseError: syntax error, unexpected token ","
[Method: GET, Route: getLists]
in APPPATH\Controllers\Home.php on line 102.
 1 SYSTEMPATH\Autoloader\Autoloader.php(296): CodeIgniter\Autoloader\Autoloader->includeFile('G:\\xampp\\htdocs\\hrm\\app\\Controllers\\Home.php')
 2 SYSTEMPATH\Autoloader\Autoloader.php(272): CodeIgniter\Autoloader\Autoloader->loadInNamespace('App\\Controllers\\Home')
 3 [internal function]: CodeIgniter\Autoloader\Autoloader->loadClass('App\\Controllers\\Home')
 4 SYSTEMPATH\CodeIgniter.php(887): class_exists('\\App\\Controllers\\Home', true)
 5 SYSTEMPATH\CodeIgniter.php(496): CodeIgniter\CodeIgniter->startController()
 6 SYSTEMPATH\CodeIgniter.php(355): CodeIgniter\CodeIgniter->handleRequest(null, Object(Config\Cache), false)
 7 SYSTEMPATH\Boot.php(312): CodeIgniter\CodeIgniter->run()
 8 SYSTEMPATH\Boot.php(67): CodeIgniter\Boot::runCodeIgniter(Object(CodeIgniter\CodeIgniter))
 9 FCPATH\index.php(57): CodeIgniter\Boot::bootWeb(Object(Config\Paths))
CRITICAL - 2024-04-30 09:39:22 --> ParseError: syntax error, unexpected token ","
[Method: GET, Route: getLists]
in APPPATH\Controllers\Home.php on line 102.
 1 SYSTEMPATH\Autoloader\Autoloader.php(296): CodeIgniter\Autoloader\Autoloader->includeFile('G:\\xampp\\htdocs\\hrm\\app\\Controllers\\Home.php')
 2 SYSTEMPATH\Autoloader\Autoloader.php(272): CodeIgniter\Autoloader\Autoloader->loadInNamespace('App\\Controllers\\Home')
 3 [internal function]: CodeIgniter\Autoloader\Autoloader->loadClass('App\\Controllers\\Home')
 4 SYSTEMPATH\CodeIgniter.php(887): class_exists('\\App\\Controllers\\Home', true)
 5 SYSTEMPATH\CodeIgniter.php(496): CodeIgniter\CodeIgniter->startController()
 6 SYSTEMPATH\CodeIgniter.php(355): CodeIgniter\CodeIgniter->handleRequest(null, Object(Config\Cache), false)
 7 SYSTEMPATH\Boot.php(312): CodeIgniter\CodeIgniter->run()
 8 SYSTEMPATH\Boot.php(67): CodeIgniter\Boot::runCodeIgniter(Object(CodeIgniter\CodeIgniter))
 9 FCPATH\index.php(57): CodeIgniter\Boot::bootWeb(Object(Config\Paths))
CRITICAL - 2024-04-30 09:39:30 --> ParseError: syntax error, unexpected token ","
[Method: GET, Route: getLists]
in APPPATH\Controllers\Home.php on line 102.
 1 SYSTEMPATH\Autoloader\Autoloader.php(296): CodeIgniter\Autoloader\Autoloader->includeFile('G:\\xampp\\htdocs\\hrm\\app\\Controllers\\Home.php')
 2 SYSTEMPATH\Autoloader\Autoloader.php(272): CodeIgniter\Autoloader\Autoloader->loadInNamespace('App\\Controllers\\Home')
 3 [internal function]: CodeIgniter\Autoloader\Autoloader->loadClass('App\\Controllers\\Home')
 4 SYSTEMPATH\CodeIgniter.php(887): class_exists('\\App\\Controllers\\Home', true)
 5 SYSTEMPATH\CodeIgniter.php(496): CodeIgniter\CodeIgniter->startController()
 6 SYSTEMPATH\CodeIgniter.php(355): CodeIgniter\CodeIgniter->handleRequest(null, Object(Config\Cache), false)
 7 SYSTEMPATH\Boot.php(312): CodeIgniter\CodeIgniter->run()
 8 SYSTEMPATH\Boot.php(67): CodeIgniter\Boot::runCodeIgniter(Object(CodeIgniter\CodeIgniter))
 9 FCPATH\index.php(57): CodeIgniter\Boot::bootWeb(Object(Config\Paths))
CRITICAL - 2024-04-30 09:39:36 --> ParseError: syntax error, unexpected token ","
[Method: GET, Route: getLists]
in APPPATH\Controllers\Home.php on line 102.
 1 SYSTEMPATH\Autoloader\Autoloader.php(296): CodeIgniter\Autoloader\Autoloader->includeFile('G:\\xampp\\htdocs\\hrm\\app\\Controllers\\Home.php')
 2 SYSTEMPATH\Autoloader\Autoloader.php(272): CodeIgniter\Autoloader\Autoloader->loadInNamespace('App\\Controllers\\Home')
 3 [internal function]: CodeIgniter\Autoloader\Autoloader->loadClass('App\\Controllers\\Home')
 4 SYSTEMPATH\CodeIgniter.php(887): class_exists('\\App\\Controllers\\Home', true)
 5 SYSTEMPATH\CodeIgniter.php(496): CodeIgniter\CodeIgniter->startController()
 6 SYSTEMPATH\CodeIgniter.php(355): CodeIgniter\CodeIgniter->handleRequest(null, Object(Config\Cache), false)
 7 SYSTEMPATH\Boot.php(312): CodeIgniter\CodeIgniter->run()
 8 SYSTEMPATH\Boot.php(67): CodeIgniter\Boot::runCodeIgniter(Object(CodeIgniter\CodeIgniter))
 9 FCPATH\index.php(57): CodeIgniter\Boot::bootWeb(Object(Config\Paths))
CRITICAL - 2024-04-30 10:22:18 --> ErrorException: Undefined variable $i
[Method: GET, Route: attendance]
in APPPATH\Views\attendance\attendance.php on line 29.
 1 APPPATH\Views\attendance\attendance.php(29): CodeIgniter\Debug\Exceptions->errorHandler(2, 'Undefined variable $i', 'G:\\xampp\\htdocs\\hrm\\app\\Views\\attendance\\attendance.php', 29)
 2 APPPATH\Views\page.php(4): include('G:\\xampp\\htdocs\\hrm\\app\\Views\\attendance\\attendance.php')
 3 SYSTEMPATH\View\View.php(234): include('G:\\xampp\\htdocs\\hrm\\app\\Views\\page.php')
 4 SYSTEMPATH\View\View.php(237): CodeIgniter\View\View->CodeIgniter\View\{closure}()
 5 SYSTEMPATH\Common.php(1171): CodeIgniter\View\View->render('page', [], true)
 6 APPPATH\Controllers\Home.php(41): view('page', [...])
 7 SYSTEMPATH\CodeIgniter.php(933): App\Controllers\Home->attendance()
 8 SYSTEMPATH\CodeIgniter.php(509): CodeIgniter\CodeIgniter->runController(Object(App\Controllers\Home))
 9 SYSTEMPATH\CodeIgniter.php(355): CodeIgniter\CodeIgniter->handleRequest(null, Object(Config\Cache), false)
10 SYSTEMPATH\Boot.php(312): CodeIgniter\CodeIgniter->run()
11 SYSTEMPATH\Boot.php(67): CodeIgniter\Boot::runCodeIgniter(Object(CodeIgniter\CodeIgniter))
12 FCPATH\index.php(57): CodeIgniter\Boot::bootWeb(Object(Config\Paths))
ERROR - 2024-04-30 11:45:01 --> mysqli_sql_exception: You have an error in your SQL syntax; check the manual that corresponds to your MariaDB server version for the right syntax to use near '=users.id) FROM attendance' at line 1 in G:\xampp\htdocs\hrm\system\Database\MySQLi\Connection.php:308
Stack trace:
#0 G:\xampp\htdocs\hrm\system\Database\MySQLi\Connection.php(308): mysqli->query('SELECT *,(selec...', 0)
#1 G:\xampp\htdocs\hrm\system\Database\BaseConnection.php(722): CodeIgniter\Database\MySQLi\Connection->execute('SELECT *,(selec...')
#2 G:\xampp\htdocs\hrm\system\Database\BaseConnection.php(636): CodeIgniter\Database\BaseConnection->simpleQuery('SELECT *,(selec...')
#3 G:\xampp\htdocs\hrm\app\Controllers\Home.php(35): CodeIgniter\Database\BaseConnection->query('SELECT *,(selec...')
#4 G:\xampp\htdocs\hrm\system\CodeIgniter.php(933): App\Controllers\Home->attendance()
#5 G:\xampp\htdocs\hrm\system\CodeIgniter.php(509): CodeIgniter\CodeIgniter->runController(Object(App\Controllers\Home))
#6 G:\xampp\htdocs\hrm\system\CodeIgniter.php(355): CodeIgniter\CodeIgniter->handleRequest(NULL, Object(Config\Cache), false)
#7 G:\xampp\htdocs\hrm\system\Boot.php(312): CodeIgniter\CodeIgniter->run()
#8 G:\xampp\htdocs\hrm\system\Boot.php(67): CodeIgniter\Boot::runCodeIgniter(Object(CodeIgniter\CodeIgniter))
#9 G:\xampp\htdocs\hrm\index.php(57): CodeIgniter\Boot::bootWeb(Object(Config\Paths))
#10 {main}
CRITICAL - 2024-04-30 11:45:01 --> CodeIgniter\Database\Exceptions\DatabaseException: You have an error in your SQL syntax; check the manual that corresponds to your MariaDB server version for the right syntax to use near '=users.id) FROM attendance' at line 1
[Method: GET, Route: attendance]
in SYSTEMPATH\Database\BaseConnection.php on line 676.
 1 APPPATH\Controllers\Home.php(35): CodeIgniter\Database\BaseConnection->query('SELECT *,(select employee_id from users where attendance.employee_id==users.id) FROM attendance')
 2 SYSTEMPATH\CodeIgniter.php(933): App\Controllers\Home->attendance()
 3 SYSTEMPATH\CodeIgniter.php(509): CodeIgniter\CodeIgniter->runController(Object(App\Controllers\Home))
 4 SYSTEMPATH\CodeIgniter.php(355): CodeIgniter\CodeIgniter->handleRequest(null, Object(Config\Cache), false)
 5 SYSTEMPATH\Boot.php(312): CodeIgniter\CodeIgniter->run()
 6 SYSTEMPATH\Boot.php(67): CodeIgniter\Boot::runCodeIgniter(Object(CodeIgniter\CodeIgniter))
 7 FCPATH\index.php(57): CodeIgniter\Boot::bootWeb(Object(Config\Paths))
CRITICAL - 2024-04-30 11:45:01 --> [Caused by] CodeIgniter\Database\Exceptions\DatabaseException: You have an error in your SQL syntax; check the manual that corresponds to your MariaDB server version for the right syntax to use near '=users.id) FROM attendance' at line 1
in SYSTEMPATH\Database\MySQLi\Connection.php on line 313.
 1 SYSTEMPATH\Database\BaseConnection.php(722): CodeIgniter\Database\MySQLi\Connection->execute('SELECT *,(select employee_id from users where attendance.employee_id==users.id) FROM attendance')
 2 SYSTEMPATH\Database\BaseConnection.php(636): CodeIgniter\Database\BaseConnection->simpleQuery('SELECT *,(select employee_id from users where attendance.employee_id==users.id) FROM attendance')
 3 APPPATH\Controllers\Home.php(35): CodeIgniter\Database\BaseConnection->query('SELECT *,(select employee_id from users where attendance.employee_id==users.id) FROM attendance')
 4 SYSTEMPATH\CodeIgniter.php(933): App\Controllers\Home->attendance()
 5 SYSTEMPATH\CodeIgniter.php(509): CodeIgniter\CodeIgniter->runController(Object(App\Controllers\Home))
 6 SYSTEMPATH\CodeIgniter.php(355): CodeIgniter\CodeIgniter->handleRequest(null, Object(Config\Cache), false)
 7 SYSTEMPATH\Boot.php(312): CodeIgniter\CodeIgniter->run()
 8 SYSTEMPATH\Boot.php(67): CodeIgniter\Boot::runCodeIgniter(Object(CodeIgniter\CodeIgniter))
 9 FCPATH\index.php(57): CodeIgniter\Boot::bootWeb(Object(Config\Paths))
CRITICAL - 2024-04-30 11:45:01 --> [Caused by] mysqli_sql_exception: You have an error in your SQL syntax; check the manual that corresponds to your MariaDB server version for the right syntax to use near '=users.id) FROM attendance' at line 1
in SYSTEMPATH\Database\MySQLi\Connection.php on line 308.
 1 SYSTEMPATH\Database\MySQLi\Connection.php(308): mysqli->query('SELECT *,(select employee_id from users where attendance.employee_id==users.id) FROM attendance', 0)
 2 SYSTEMPATH\Database\BaseConnection.php(722): CodeIgniter\Database\MySQLi\Connection->execute('SELECT *,(select employee_id from users where attendance.employee_id==users.id) FROM attendance')
 3 SYSTEMPATH\Database\BaseConnection.php(636): CodeIgniter\Database\BaseConnection->simpleQuery('SELECT *,(select employee_id from users where attendance.employee_id==users.id) FROM attendance')
 4 APPPATH\Controllers\Home.php(35): CodeIgniter\Database\BaseConnection->query('SELECT *,(select employee_id from users where attendance.employee_id==users.id) FROM attendance')
 5 SYSTEMPATH\CodeIgniter.php(933): App\Controllers\Home->attendance()
 6 SYSTEMPATH\CodeIgniter.php(509): CodeIgniter\CodeIgniter->runController(Object(App\Controllers\Home))
 7 SYSTEMPATH\CodeIgniter.php(355): CodeIgniter\CodeIgniter->handleRequest(null, Object(Config\Cache), false)
 8 SYSTEMPATH\Boot.php(312): CodeIgniter\CodeIgniter->run()
 9 SYSTEMPATH\Boot.php(67): CodeIgniter\Boot::runCodeIgniter(Object(CodeIgniter\CodeIgniter))
10 FCPATH\index.php(57): CodeIgniter\Boot::bootWeb(Object(Config\Paths))
ERROR - 2024-04-30 11:45:43 --> mysqli_sql_exception: You have an error in your SQL syntax; check the manual that corresponds to your MariaDB server version for the right syntax to use near '=users.id) FROM attendance as at' at line 1 in G:\xampp\htdocs\hrm\system\Database\MySQLi\Connection.php:308
Stack trace:
#0 G:\xampp\htdocs\hrm\system\Database\MySQLi\Connection.php(308): mysqli->query('SELECT *,(selec...', 0)
#1 G:\xampp\htdocs\hrm\system\Database\BaseConnection.php(722): CodeIgniter\Database\MySQLi\Connection->execute('SELECT *,(selec...')
#2 G:\xampp\htdocs\hrm\system\Database\BaseConnection.php(636): CodeIgniter\Database\BaseConnection->simpleQuery('SELECT *,(selec...')
#3 G:\xampp\htdocs\hrm\app\Controllers\Home.php(35): CodeIgniter\Database\BaseConnection->query('SELECT *,(selec...')
#4 G:\xampp\htdocs\hrm\system\CodeIgniter.php(933): App\Controllers\Home->attendance()
#5 G:\xampp\htdocs\hrm\system\CodeIgniter.php(509): CodeIgniter\CodeIgniter->runController(Object(App\Controllers\Home))
#6 G:\xampp\htdocs\hrm\system\CodeIgniter.php(355): CodeIgniter\CodeIgniter->handleRequest(NULL, Object(Config\Cache), false)
#7 G:\xampp\htdocs\hrm\system\Boot.php(312): CodeIgniter\CodeIgniter->run()
#8 G:\xampp\htdocs\hrm\system\Boot.php(67): CodeIgniter\Boot::runCodeIgniter(Object(CodeIgniter\CodeIgniter))
#9 G:\xampp\htdocs\hrm\index.php(57): CodeIgniter\Boot::bootWeb(Object(Config\Paths))
#10 {main}
CRITICAL - 2024-04-30 11:45:43 --> CodeIgniter\Database\Exceptions\DatabaseException: You have an error in your SQL syntax; check the manual that corresponds to your MariaDB server version for the right syntax to use near '=users.id) FROM attendance as at' at line 1
[Method: GET, Route: attendance]
in SYSTEMPATH\Database\BaseConnection.php on line 676.
 1 APPPATH\Controllers\Home.php(35): CodeIgniter\Database\BaseConnection->query('SELECT *,(select employee_id from users where at.employee_id==users.id) FROM attendance as at')
 2 SYSTEMPATH\CodeIgniter.php(933): App\Controllers\Home->attendance()
 3 SYSTEMPATH\CodeIgniter.php(509): CodeIgniter\CodeIgniter->runController(Object(App\Controllers\Home))
 4 SYSTEMPATH\CodeIgniter.php(355): CodeIgniter\CodeIgniter->handleRequest(null, Object(Config\Cache), false)
 5 SYSTEMPATH\Boot.php(312): CodeIgniter\CodeIgniter->run()
 6 SYSTEMPATH\Boot.php(67): CodeIgniter\Boot::runCodeIgniter(Object(CodeIgniter\CodeIgniter))
 7 FCPATH\index.php(57): CodeIgniter\Boot::bootWeb(Object(Config\Paths))
CRITICAL - 2024-04-30 11:45:43 --> [Caused by] CodeIgniter\Database\Exceptions\DatabaseException: You have an error in your SQL syntax; check the manual that corresponds to your MariaDB server version for the right syntax to use near '=users.id) FROM attendance as at' at line 1
in SYSTEMPATH\Database\MySQLi\Connection.php on line 313.
 1 SYSTEMPATH\Database\BaseConnection.php(722): CodeIgniter\Database\MySQLi\Connection->execute('SELECT *,(select employee_id from users where at.employee_id==users.id) FROM attendance as at')
 2 SYSTEMPATH\Database\BaseConnection.php(636): CodeIgniter\Database\BaseConnection->simpleQuery('SELECT *,(select employee_id from users where at.employee_id==users.id) FROM attendance as at')
 3 APPPATH\Controllers\Home.php(35): CodeIgniter\Database\BaseConnection->query('SELECT *,(select employee_id from users where at.employee_id==users.id) FROM attendance as at')
 4 SYSTEMPATH\CodeIgniter.php(933): App\Controllers\Home->attendance()
 5 SYSTEMPATH\CodeIgniter.php(509): CodeIgniter\CodeIgniter->runController(Object(App\Controllers\Home))
 6 SYSTEMPATH\CodeIgniter.php(355): CodeIgniter\CodeIgniter->handleRequest(null, Object(Config\Cache), false)
 7 SYSTEMPATH\Boot.php(312): CodeIgniter\CodeIgniter->run()
 8 SYSTEMPATH\Boot.php(67): CodeIgniter\Boot::runCodeIgniter(Object(CodeIgniter\CodeIgniter))
 9 FCPATH\index.php(57): CodeIgniter\Boot::bootWeb(Object(Config\Paths))
CRITICAL - 2024-04-30 11:45:43 --> [Caused by] mysqli_sql_exception: You have an error in your SQL syntax; check the manual that corresponds to your MariaDB server version for the right syntax to use near '=users.id) FROM attendance as at' at line 1
in SYSTEMPATH\Database\MySQLi\Connection.php on line 308.
 1 SYSTEMPATH\Database\MySQLi\Connection.php(308): mysqli->query('SELECT *,(select employee_id from users where at.employee_id==users.id) FROM attendance as at', 0)
 2 SYSTEMPATH\Database\BaseConnection.php(722): CodeIgniter\Database\MySQLi\Connection->execute('SELECT *,(select employee_id from users where at.employee_id==users.id) FROM attendance as at')
 3 SYSTEMPATH\Database\BaseConnection.php(636): CodeIgniter\Database\BaseConnection->simpleQuery('SELECT *,(select employee_id from users where at.employee_id==users.id) FROM attendance as at')
 4 APPPATH\Controllers\Home.php(35): CodeIgniter\Database\BaseConnection->query('SELECT *,(select employee_id from users where at.employee_id==users.id) FROM attendance as at')
 5 SYSTEMPATH\CodeIgniter.php(933): App\Controllers\Home->attendance()
 6 SYSTEMPATH\CodeIgniter.php(509): CodeIgniter\CodeIgniter->runController(Object(App\Controllers\Home))
 7 SYSTEMPATH\CodeIgniter.php(355): CodeIgniter\CodeIgniter->handleRequest(null, Object(Config\Cache), false)
 8 SYSTEMPATH\Boot.php(312): CodeIgniter\CodeIgniter->run()
 9 SYSTEMPATH\Boot.php(67): CodeIgniter\Boot::runCodeIgniter(Object(CodeIgniter\CodeIgniter))
10 FCPATH\index.php(57): CodeIgniter\Boot::bootWeb(Object(Config\Paths))
CRITICAL - 2024-04-30 11:49:33 --> ErrorException: Undefined property: stdClass::$name
[Method: GET, Route: attendance]
in APPPATH\Views\attendance\attendance.php on line 37.
 1 APPPATH\Views\attendance\attendance.php(37): CodeIgniter\Debug\Exceptions->errorHandler(2, 'Undefined property: stdClass::$name', 'G:\\xampp\\htdocs\\hrm\\app\\Views\\attendance\\attendance.php', 37)
 2 APPPATH\Views\page.php(4): include('G:\\xampp\\htdocs\\hrm\\app\\Views\\attendance\\attendance.php')
 3 SYSTEMPATH\View\View.php(234): include('G:\\xampp\\htdocs\\hrm\\app\\Views\\page.php')
 4 SYSTEMPATH\View\View.php(237): CodeIgniter\View\View->CodeIgniter\View\{closure}()
 5 SYSTEMPATH\Common.php(1171): CodeIgniter\View\View->render('page', [], true)
 6 APPPATH\Controllers\Home.php(41): view('page', [...])
 7 SYSTEMPATH\CodeIgniter.php(933): App\Controllers\Home->attendance()
 8 SYSTEMPATH\CodeIgniter.php(509): CodeIgniter\CodeIgniter->runController(Object(App\Controllers\Home))
 9 SYSTEMPATH\CodeIgniter.php(355): CodeIgniter\CodeIgniter->handleRequest(null, Object(Config\Cache), false)
10 SYSTEMPATH\Boot.php(312): CodeIgniter\CodeIgniter->run()
11 SYSTEMPATH\Boot.php(67): CodeIgniter\Boot::runCodeIgniter(Object(CodeIgniter\CodeIgniter))
12 FCPATH\index.php(57): CodeIgniter\Boot::bootWeb(Object(Config\Paths))
CRITICAL - 2024-04-30 11:51:34 --> ErrorException: Undefined property: stdClass::$name
[Method: GET, Route: attendance]
in APPPATH\Views\attendance\attendance.php on line 37.
 1 APPPATH\Views\attendance\attendance.php(37): CodeIgniter\Debug\Exceptions->errorHandler(2, 'Undefined property: stdClass::$name', 'G:\\xampp\\htdocs\\hrm\\app\\Views\\attendance\\attendance.php', 37)
 2 APPPATH\Views\page.php(4): include('G:\\xampp\\htdocs\\hrm\\app\\Views\\attendance\\attendance.php')
 3 SYSTEMPATH\View\View.php(234): include('G:\\xampp\\htdocs\\hrm\\app\\Views\\page.php')
 4 SYSTEMPATH\View\View.php(237): CodeIgniter\View\View->CodeIgniter\View\{closure}()
 5 SYSTEMPATH\Common.php(1171): CodeIgniter\View\View->render('page', [], true)
 6 APPPATH\Controllers\Home.php(41): view('page', [...])
 7 SYSTEMPATH\CodeIgniter.php(933): App\Controllers\Home->attendance()
 8 SYSTEMPATH\CodeIgniter.php(509): CodeIgniter\CodeIgniter->runController(Object(App\Controllers\Home))
 9 SYSTEMPATH\CodeIgniter.php(355): CodeIgniter\CodeIgniter->handleRequest(null, Object(Config\Cache), false)
10 SYSTEMPATH\Boot.php(312): CodeIgniter\CodeIgniter->run()
11 SYSTEMPATH\Boot.php(67): CodeIgniter\Boot::runCodeIgniter(Object(CodeIgniter\CodeIgniter))
12 FCPATH\index.php(57): CodeIgniter\Boot::bootWeb(Object(Config\Paths))
CRITICAL - 2024-04-30 11:51:36 --> ErrorException: Undefined property: stdClass::$name
[Method: GET, Route: attendance]
in APPPATH\Views\attendance\attendance.php on line 37.
 1 APPPATH\Views\attendance\attendance.php(37): CodeIgniter\Debug\Exceptions->errorHandler(2, 'Undefined property: stdClass::$name', 'G:\\xampp\\htdocs\\hrm\\app\\Views\\attendance\\attendance.php', 37)
 2 APPPATH\Views\page.php(4): include('G:\\xampp\\htdocs\\hrm\\app\\Views\\attendance\\attendance.php')
 3 SYSTEMPATH\View\View.php(234): include('G:\\xampp\\htdocs\\hrm\\app\\Views\\page.php')
 4 SYSTEMPATH\View\View.php(237): CodeIgniter\View\View->CodeIgniter\View\{closure}()
 5 SYSTEMPATH\Common.php(1171): CodeIgniter\View\View->render('page', [], true)
 6 APPPATH\Controllers\Home.php(41): view('page', [...])
 7 SYSTEMPATH\CodeIgniter.php(933): App\Controllers\Home->attendance()
 8 SYSTEMPATH\CodeIgniter.php(509): CodeIgniter\CodeIgniter->runController(Object(App\Controllers\Home))
 9 SYSTEMPATH\CodeIgniter.php(355): CodeIgniter\CodeIgniter->handleRequest(null, Object(Config\Cache), false)
10 SYSTEMPATH\Boot.php(312): CodeIgniter\CodeIgniter->run()
11 SYSTEMPATH\Boot.php(67): CodeIgniter\Boot::runCodeIgniter(Object(CodeIgniter\CodeIgniter))
12 FCPATH\index.php(57): CodeIgniter\Boot::bootWeb(Object(Config\Paths))
CRITICAL - 2024-04-30 11:51:53 --> ErrorException: Undefined property: stdClass::$name
[Method: GET, Route: attendance]
in APPPATH\Views\attendance\attendance.php on line 37.
 1 APPPATH\Views\attendance\attendance.php(37): CodeIgniter\Debug\Exceptions->errorHandler(2, 'Undefined property: stdClass::$name', 'G:\\xampp\\htdocs\\hrm\\app\\Views\\attendance\\attendance.php', 37)
 2 APPPATH\Views\page.php(4): include('G:\\xampp\\htdocs\\hrm\\app\\Views\\attendance\\attendance.php')
 3 SYSTEMPATH\View\View.php(234): include('G:\\xampp\\htdocs\\hrm\\app\\Views\\page.php')
 4 SYSTEMPATH\View\View.php(237): CodeIgniter\View\View->CodeIgniter\View\{closure}()
 5 SYSTEMPATH\Common.php(1171): CodeIgniter\View\View->render('page', [], true)
 6 APPPATH\Controllers\Home.php(41): view('page', [...])
 7 SYSTEMPATH\CodeIgniter.php(933): App\Controllers\Home->attendance()
 8 SYSTEMPATH\CodeIgniter.php(509): CodeIgniter\CodeIgniter->runController(Object(App\Controllers\Home))
 9 SYSTEMPATH\CodeIgniter.php(355): CodeIgniter\CodeIgniter->handleRequest(null, Object(Config\Cache), false)
10 SYSTEMPATH\Boot.php(312): CodeIgniter\CodeIgniter->run()
11 SYSTEMPATH\Boot.php(67): CodeIgniter\Boot::runCodeIgniter(Object(CodeIgniter\CodeIgniter))
12 FCPATH\index.php(57): CodeIgniter\Boot::bootWeb(Object(Config\Paths))
CRITICAL - 2024-04-30 11:51:54 --> ErrorException: Undefined property: stdClass::$name
[Method: GET, Route: attendance]
in APPPATH\Views\attendance\attendance.php on line 37.
 1 APPPATH\Views\attendance\attendance.php(37): CodeIgniter\Debug\Exceptions->errorHandler(2, 'Undefined property: stdClass::$name', 'G:\\xampp\\htdocs\\hrm\\app\\Views\\attendance\\attendance.php', 37)
 2 APPPATH\Views\page.php(4): include('G:\\xampp\\htdocs\\hrm\\app\\Views\\attendance\\attendance.php')
 3 SYSTEMPATH\View\View.php(234): include('G:\\xampp\\htdocs\\hrm\\app\\Views\\page.php')
 4 SYSTEMPATH\View\View.php(237): CodeIgniter\View\View->CodeIgniter\View\{closure}()
 5 SYSTEMPATH\Common.php(1171): CodeIgniter\View\View->render('page', [], true)
 6 APPPATH\Controllers\Home.php(41): view('page', [...])
 7 SYSTEMPATH\CodeIgniter.php(933): App\Controllers\Home->attendance()
 8 SYSTEMPATH\CodeIgniter.php(509): CodeIgniter\CodeIgniter->runController(Object(App\Controllers\Home))
 9 SYSTEMPATH\CodeIgniter.php(355): CodeIgniter\CodeIgniter->handleRequest(null, Object(Config\Cache), false)
10 SYSTEMPATH\Boot.php(312): CodeIgniter\CodeIgniter->run()
11 SYSTEMPATH\Boot.php(67): CodeIgniter\Boot::runCodeIgniter(Object(CodeIgniter\CodeIgniter))
12 FCPATH\index.php(57): CodeIgniter\Boot::bootWeb(Object(Config\Paths))
CRITICAL - 2024-04-30 11:52:07 --> ErrorException: Undefined property: stdClass::$name
[Method: GET, Route: attendance]
in APPPATH\Views\attendance\attendance.php on line 37.
 1 APPPATH\Views\attendance\attendance.php(37): CodeIgniter\Debug\Exceptions->errorHandler(2, 'Undefined property: stdClass::$name', 'G:\\xampp\\htdocs\\hrm\\app\\Views\\attendance\\attendance.php', 37)
 2 APPPATH\Views\page.php(4): include('G:\\xampp\\htdocs\\hrm\\app\\Views\\attendance\\attendance.php')
 3 SYSTEMPATH\View\View.php(234): include('G:\\xampp\\htdocs\\hrm\\app\\Views\\page.php')
 4 SYSTEMPATH\View\View.php(237): CodeIgniter\View\View->CodeIgniter\View\{closure}()
 5 SYSTEMPATH\Common.php(1171): CodeIgniter\View\View->render('page', [], true)
 6 APPPATH\Controllers\Home.php(41): view('page', [...])
 7 SYSTEMPATH\CodeIgniter.php(933): App\Controllers\Home->attendance()
 8 SYSTEMPATH\CodeIgniter.php(509): CodeIgniter\CodeIgniter->runController(Object(App\Controllers\Home))
 9 SYSTEMPATH\CodeIgniter.php(355): CodeIgniter\CodeIgniter->handleRequest(null, Object(Config\Cache), false)
10 SYSTEMPATH\Boot.php(312): CodeIgniter\CodeIgniter->run()
11 SYSTEMPATH\Boot.php(67): CodeIgniter\Boot::runCodeIgniter(Object(CodeIgniter\CodeIgniter))
12 FCPATH\index.php(57): CodeIgniter\Boot::bootWeb(Object(Config\Paths))
