CRITICAL - 2024-10-03 09:13:28 --> ErrorException: Undefined array key "title"
[Method: GET, Route: edituser/2]
in APPPATH/Views/user/edituser.php on line 16.
 1 APPPATH/Views/user/edituser.php(16): CodeIgniter\Debug\Exceptions->errorHandler(2, 'Undefined array key "title"', '/home2/cpfoodboxes/sites/dev.kolaxopackaging.com/ci4/ci-admin/app/Views/user/edituser.php', 16)
 2 APPPATH/Views/page.php(3): include('/home2/cpfoodboxes/sites/dev.kolaxopackaging.com/ci4/ci-admin/app/Views/user/edituser.php')
 3 SYSTEMPATH/View/View.php(234): include('/home2/cpfoodboxes/sites/dev.kolaxopackaging.com/ci4/ci-admin/app/Views/page.php')
 4 SYSTEMPATH/View/View.php(237): CodeIgniter\View\View->CodeIgniter\View\{closure}()
 5 SYSTEMPATH/Common.php(1171): CodeIgniter\View\View->render('page', [], true)
 6 APPPATH/Controllers/Home.php(671): view('page', [...])
 7 SYSTEMPATH/CodeIgniter.php(933): App\Controllers\Home->edituser('2')
 8 SYSTEMPATH/CodeIgniter.php(509): CodeIgniter\CodeIgniter->runController(Object(App\Controllers\Home))
 9 SYSTEMPATH/CodeIgniter.php(355): CodeIgniter\CodeIgniter->handleRequest(null, Object(Config\Cache), false)
10 SYSTEMPATH/Boot.php(312): CodeIgniter\CodeIgniter->run()
11 SYSTEMPATH/Boot.php(67): CodeIgniter\Boot::runCodeIgniter(Object(CodeIgniter\CodeIgniter))
12 FCPATH/index.php(66): CodeIgniter\Boot::bootWeb(Object(Config\Paths))
ERROR - 2024-10-03 09:15:39 --> mysqli_sql_exception: Unknown column 'name' in 'field list' in /home2/cpfoodboxes/sites/dev.kolaxopackaging.com/ci4/ci-admin/system/Database/MySQLi/Connection.php:308
Stack trace:
#0 /home2/cpfoodboxes/sites/dev.kolaxopackaging.com/ci4/ci-admin/system/Database/MySQLi/Connection.php(308): mysqli->query('INSERT INTO `us...', 0)
#1 /home2/cpfoodboxes/sites/dev.kolaxopackaging.com/ci4/ci-admin/system/Database/BaseConnection.php(722): CodeIgniter\Database\MySQLi\Connection->execute('INSERT INTO `us...')
#2 /home2/cpfoodboxes/sites/dev.kolaxopackaging.com/ci4/ci-admin/system/Database/BaseConnection.php(636): CodeIgniter\Database\BaseConnection->simpleQuery('INSERT INTO `us...')
#3 /home2/cpfoodboxes/sites/dev.kolaxopackaging.com/ci4/ci-admin/system/Database/BaseBuilder.php(2325): CodeIgniter\Database\BaseConnection->query('INSERT INTO `us...', Array, false)
#4 /home2/cpfoodboxes/sites/dev.kolaxopackaging.com/ci4/ci-admin/app/Controllers/Home.php(637): CodeIgniter\Database\BaseBuilder->insert(Array)
#5 /home2/cpfoodboxes/sites/dev.kolaxopackaging.com/ci4/ci-admin/system/CodeIgniter.php(933): App\Controllers\Home->manangeuser('adduser')
#6 /home2/cpfoodboxes/sites/dev.kolaxopackaging.com/ci4/ci-admin/system/CodeIgniter.php(509): CodeIgniter\CodeIgniter->runController(Object(App\Controllers\Home))
#7 /home2/cpfoodboxes/sites/dev.kolaxopackaging.com/ci4/ci-admin/system/CodeIgniter.php(355): CodeIgniter\CodeIgniter->handleRequest(NULL, Object(Config\Cache), false)
#8 /home2/cpfoodboxes/sites/dev.kolaxopackaging.com/ci4/ci-admin/system/Boot.php(312): CodeIgniter\CodeIgniter->run()
#9 /home2/cpfoodboxes/sites/dev.kolaxopackaging.com/ci4/ci-admin/system/Boot.php(67): CodeIgniter\Boot::runCodeIgniter(Object(CodeIgniter\CodeIgniter))
#10 /home2/cpfoodboxes/sites/dev.kolaxopackaging.com/ci4/ci-admin/index.php(66): CodeIgniter\Boot::bootWeb(Object(Config\Paths))
#11 {main}
CRITICAL - 2024-10-03 09:15:39 --> CodeIgniter\Database\Exceptions\DatabaseException: Unknown column 'name' in 'field list'
[Method: POST, Route: user/adduser]
in SYSTEMPATH/Database/BaseConnection.php on line 676.
 1 SYSTEMPATH/Database/BaseBuilder.php(2325): CodeIgniter\Database\BaseConnection->query('INSERT INTO `users` (`name`, `usertype`, `username`, `password`, `status`, `update_on`) VALUES (:name:, :usertype:, :username:, :password:, :status:, :update_on:)', [...], false)
 2 APPPATH/Controllers/Home.php(637): CodeIgniter\Database\BaseBuilder->insert([...])
 3 SYSTEMPATH/CodeIgniter.php(933): App\Controllers\Home->manangeuser('adduser')
 4 SYSTEMPATH/CodeIgniter.php(509): CodeIgniter\CodeIgniter->runController(Object(App\Controllers\Home))
 5 SYSTEMPATH/CodeIgniter.php(355): CodeIgniter\CodeIgniter->handleRequest(null, Object(Config\Cache), false)
 6 SYSTEMPATH/Boot.php(312): CodeIgniter\CodeIgniter->run()
 7 SYSTEMPATH/Boot.php(67): CodeIgniter\Boot::runCodeIgniter(Object(CodeIgniter\CodeIgniter))
 8 FCPATH/index.php(66): CodeIgniter\Boot::bootWeb(Object(Config\Paths))
CRITICAL - 2024-10-03 09:15:39 --> [Caused by] CodeIgniter\Database\Exceptions\DatabaseException: Unknown column 'name' in 'field list'
in SYSTEMPATH/Database/MySQLi/Connection.php on line 313.
 1 SYSTEMPATH/Database/BaseConnection.php(722): CodeIgniter\Database\MySQLi\Connection->execute('INSERT INTO `users` (`name`, `usertype`, `username`, `password`, `status`, `update_on`) VALUES (\'Hameez Khan\', \'Admin\', \'hameez\', \'hameez123\', 0, 1727946939)')
 2 SYSTEMPATH/Database/BaseConnection.php(636): CodeIgniter\Database\BaseConnection->simpleQuery('INSERT INTO `users` (`name`, `usertype`, `username`, `password`, `status`, `update_on`) VALUES (\'Hameez Khan\', \'Admin\', \'hameez\', \'hameez123\', 0, 1727946939)')
 3 SYSTEMPATH/Database/BaseBuilder.php(2325): CodeIgniter\Database\BaseConnection->query('INSERT INTO `users` (`name`, `usertype`, `username`, `password`, `status`, `update_on`) VALUES (:name:, :usertype:, :username:, :password:, :status:, :update_on:)', [...], false)
 4 APPPATH/Controllers/Home.php(637): CodeIgniter\Database\BaseBuilder->insert([...])
 5 SYSTEMPATH/CodeIgniter.php(933): App\Controllers\Home->manangeuser('adduser')
 6 SYSTEMPATH/CodeIgniter.php(509): CodeIgniter\CodeIgniter->runController(Object(App\Controllers\Home))
 7 SYSTEMPATH/CodeIgniter.php(355): CodeIgniter\CodeIgniter->handleRequest(null, Object(Config\Cache), false)
 8 SYSTEMPATH/Boot.php(312): CodeIgniter\CodeIgniter->run()
 9 SYSTEMPATH/Boot.php(67): CodeIgniter\Boot::runCodeIgniter(Object(CodeIgniter\CodeIgniter))
10 FCPATH/index.php(66): CodeIgniter\Boot::bootWeb(Object(Config\Paths))
CRITICAL - 2024-10-03 09:15:39 --> [Caused by] mysqli_sql_exception: Unknown column 'name' in 'field list'
in SYSTEMPATH/Database/MySQLi/Connection.php on line 308.
 1 SYSTEMPATH/Database/MySQLi/Connection.php(308): mysqli->query('INSERT INTO `users` (`name`, `usertype`, `username`, `password`, `status`, `update_on`) VALUES (\'Hameez Khan\', \'Admin\', \'hameez\', \'hameez123\', 0, 1727946939)', 0)
 2 SYSTEMPATH/Database/BaseConnection.php(722): CodeIgniter\Database\MySQLi\Connection->execute('INSERT INTO `users` (`name`, `usertype`, `username`, `password`, `status`, `update_on`) VALUES (\'Hameez Khan\', \'Admin\', \'hameez\', \'hameez123\', 0, 1727946939)')
 3 SYSTEMPATH/Database/BaseConnection.php(636): CodeIgniter\Database\BaseConnection->simpleQuery('INSERT INTO `users` (`name`, `usertype`, `username`, `password`, `status`, `update_on`) VALUES (\'Hameez Khan\', \'Admin\', \'hameez\', \'hameez123\', 0, 1727946939)')
 4 SYSTEMPATH/Database/BaseBuilder.php(2325): CodeIgniter\Database\BaseConnection->query('INSERT INTO `users` (`name`, `usertype`, `username`, `password`, `status`, `update_on`) VALUES (:name:, :usertype:, :username:, :password:, :status:, :update_on:)', [...], false)
 5 APPPATH/Controllers/Home.php(637): CodeIgniter\Database\BaseBuilder->insert([...])
 6 SYSTEMPATH/CodeIgniter.php(933): App\Controllers\Home->manangeuser('adduser')
 7 SYSTEMPATH/CodeIgniter.php(509): CodeIgniter\CodeIgniter->runController(Object(App\Controllers\Home))
 8 SYSTEMPATH/CodeIgniter.php(355): CodeIgniter\CodeIgniter->handleRequest(null, Object(Config\Cache), false)
 9 SYSTEMPATH/Boot.php(312): CodeIgniter\CodeIgniter->run()
10 SYSTEMPATH/Boot.php(67): CodeIgniter\Boot::runCodeIgniter(Object(CodeIgniter\CodeIgniter))
11 FCPATH/index.php(66): CodeIgniter\Boot::bootWeb(Object(Config\Paths))
CRITICAL - 2024-10-03 09:19:25 --> ErrorException: Trying to access array offset on value of type null
[Method: GET, Route: tech/editpage/11]
in APPPATH/Views/pages/editpage.php on line 8.
 1 APPPATH/Views/pages/editpage.php(8): CodeIgniter\Debug\Exceptions->errorHandler(2, 'Trying to access array offset on value of type null', '/home2/cpfoodboxes/sites/dev.kolaxopackaging.com/ci4/ci-admin/app/Views/pages/editpage.php', 8)
 2 APPPATH/Views/page.php(3): include('/home2/cpfoodboxes/sites/dev.kolaxopackaging.com/ci4/ci-admin/app/Views/pages/editpage.php')
 3 SYSTEMPATH/View/View.php(234): include('/home2/cpfoodboxes/sites/dev.kolaxopackaging.com/ci4/ci-admin/app/Views/page.php')
 4 SYSTEMPATH/View/View.php(237): CodeIgniter\View\View->CodeIgniter\View\{closure}()
 5 SYSTEMPATH/Common.php(1171): CodeIgniter\View\View->render('page', [], true)
 6 APPPATH/Controllers/Home.php(361): view('page', [...])
 7 APPPATH/Controllers/Home.php(88): App\Controllers\Home->editpage()
 8 SYSTEMPATH/CodeIgniter.php(933): App\Controllers\Home->manangerouts('editpage', '11')
 9 SYSTEMPATH/CodeIgniter.php(509): CodeIgniter\CodeIgniter->runController(Object(App\Controllers\Home))
10 SYSTEMPATH/CodeIgniter.php(355): CodeIgniter\CodeIgniter->handleRequest(null, Object(Config\Cache), false)
11 SYSTEMPATH/Boot.php(312): CodeIgniter\CodeIgniter->run()
12 SYSTEMPATH/Boot.php(67): CodeIgniter\Boot::runCodeIgniter(Object(CodeIgniter\CodeIgniter))
13 FCPATH/index.php(66): CodeIgniter\Boot::bootWeb(Object(Config\Paths))
