CRITICAL - 2024-05-27 04:18:49 --> ErrorException: Undefined array key "snum"
[Method: GET, Route: editepisode/66]
in APPPATH\Views\episode\editepisode.php on line 64.
 1 APPPATH\Views\episode\editepisode.php(64): CodeIgniter\Debug\Exceptions->errorHandler(2, 'Undefined array key "snum"', 'G:\\xampp\\htdocs\\podcast\\ci-admin\\app\\Views\\episode\\editepisode.php', 64)
 2 APPPATH\Views\page.php(4): include('G:\\xampp\\htdocs\\podcast\\ci-admin\\app\\Views\\episode\\editepisode.php')
 3 SYSTEMPATH\View\View.php(234): include('G:\\xampp\\htdocs\\podcast\\ci-admin\\app\\Views\\page.php')
 4 SYSTEMPATH\View\View.php(237): CodeIgniter\View\View->CodeIgniter\View\{closure}()
 5 SYSTEMPATH\Common.php(1171): CodeIgniter\View\View->render('page', [], true)
 6 APPPATH\Controllers\Home.php(96): view('page', [...])
 7 SYSTEMPATH\CodeIgniter.php(933): App\Controllers\Home->editepisode('66')
 8 SYSTEMPATH\CodeIgniter.php(509): CodeIgniter\CodeIgniter->runController(Object(App\Controllers\Home))
 9 SYSTEMPATH\CodeIgniter.php(355): CodeIgniter\CodeIgniter->handleRequest(null, Object(Config\Cache), false)
10 SYSTEMPATH\Boot.php(312): CodeIgniter\CodeIgniter->run()
11 SYSTEMPATH\Boot.php(67): CodeIgniter\Boot::runCodeIgniter(Object(CodeIgniter\CodeIgniter))
12 FCPATH\index.php(58): CodeIgniter\Boot::bootWeb(Object(Config\Paths))
CRITICAL - 2024-05-27 04:19:52 --> ErrorException: Attempt to read property "id" on string
[Method: GET, Route: editepisode/66]
in APPPATH\Views\episode\editepisode.php on line 85.
 1 APPPATH\Views\episode\editepisode.php(85): CodeIgniter\Debug\Exceptions->errorHandler(2, 'Attempt to read property "id" on string', 'G:\\xampp\\htdocs\\podcast\\ci-admin\\app\\Views\\episode\\editepisode.php', 85)
 2 APPPATH\Views\page.php(4): include('G:\\xampp\\htdocs\\podcast\\ci-admin\\app\\Views\\episode\\editepisode.php')
 3 SYSTEMPATH\View\View.php(234): include('G:\\xampp\\htdocs\\podcast\\ci-admin\\app\\Views\\page.php')
 4 SYSTEMPATH\View\View.php(237): CodeIgniter\View\View->CodeIgniter\View\{closure}()
 5 SYSTEMPATH\Common.php(1171): CodeIgniter\View\View->render('page', [], true)
 6 APPPATH\Controllers\Home.php(96): view('page', [...])
 7 SYSTEMPATH\CodeIgniter.php(933): App\Controllers\Home->editepisode('66')
 8 SYSTEMPATH\CodeIgniter.php(509): CodeIgniter\CodeIgniter->runController(Object(App\Controllers\Home))
 9 SYSTEMPATH\CodeIgniter.php(355): CodeIgniter\CodeIgniter->handleRequest(null, Object(Config\Cache), false)
10 SYSTEMPATH\Boot.php(312): CodeIgniter\CodeIgniter->run()
11 SYSTEMPATH\Boot.php(67): CodeIgniter\Boot::runCodeIgniter(Object(CodeIgniter\CodeIgniter))
12 FCPATH\index.php(58): CodeIgniter\Boot::bootWeb(Object(Config\Paths))
CRITICAL - 2024-05-27 04:26:30 --> ErrorException: Attempt to read property "id" on string
[Method: GET, Route: editepisode/66]
in APPPATH\Views\episode\editepisode.php on line 85.
 1 APPPATH\Views\episode\editepisode.php(85): CodeIgniter\Debug\Exceptions->errorHandler(2, 'Attempt to read property "id" on string', 'G:\\xampp\\htdocs\\podcast\\ci-admin\\app\\Views\\episode\\editepisode.php', 85)
 2 APPPATH\Views\page.php(4): include('G:\\xampp\\htdocs\\podcast\\ci-admin\\app\\Views\\episode\\editepisode.php')
 3 SYSTEMPATH\View\View.php(234): include('G:\\xampp\\htdocs\\podcast\\ci-admin\\app\\Views\\page.php')
 4 SYSTEMPATH\View\View.php(237): CodeIgniter\View\View->CodeIgniter\View\{closure}()
 5 SYSTEMPATH\Common.php(1171): CodeIgniter\View\View->render('page', [], true)
 6 APPPATH\Controllers\Home.php(97): view('page', [...])
 7 SYSTEMPATH\CodeIgniter.php(933): App\Controllers\Home->editepisode('66')
 8 SYSTEMPATH\CodeIgniter.php(509): CodeIgniter\CodeIgniter->runController(Object(App\Controllers\Home))
 9 SYSTEMPATH\CodeIgniter.php(355): CodeIgniter\CodeIgniter->handleRequest(null, Object(Config\Cache), false)
10 SYSTEMPATH\Boot.php(312): CodeIgniter\CodeIgniter->run()
11 SYSTEMPATH\Boot.php(67): CodeIgniter\Boot::runCodeIgniter(Object(CodeIgniter\CodeIgniter))
12 FCPATH\index.php(58): CodeIgniter\Boot::bootWeb(Object(Config\Paths))
CRITICAL - 2024-05-27 04:27:41 --> ErrorException: Attempt to read property "title" on array
[Method: GET, Route: editepisode/66]
in APPPATH\Views\episode\editepisode.php on line 66.
 1 APPPATH\Views\episode\editepisode.php(66): CodeIgniter\Debug\Exceptions->errorHandler(2, 'Attempt to read property "title" on array', 'G:\\xampp\\htdocs\\podcast\\ci-admin\\app\\Views\\episode\\editepisode.php', 66)
 2 APPPATH\Views\page.php(4): include('G:\\xampp\\htdocs\\podcast\\ci-admin\\app\\Views\\episode\\editepisode.php')
 3 SYSTEMPATH\View\View.php(234): include('G:\\xampp\\htdocs\\podcast\\ci-admin\\app\\Views\\page.php')
 4 SYSTEMPATH\View\View.php(237): CodeIgniter\View\View->CodeIgniter\View\{closure}()
 5 SYSTEMPATH\Common.php(1171): CodeIgniter\View\View->render('page', [], true)
 6 APPPATH\Controllers\Home.php(97): view('page', [...])
 7 SYSTEMPATH\CodeIgniter.php(933): App\Controllers\Home->editepisode('66')
 8 SYSTEMPATH\CodeIgniter.php(509): CodeIgniter\CodeIgniter->runController(Object(App\Controllers\Home))
 9 SYSTEMPATH\CodeIgniter.php(355): CodeIgniter\CodeIgniter->handleRequest(null, Object(Config\Cache), false)
10 SYSTEMPATH\Boot.php(312): CodeIgniter\CodeIgniter->run()
11 SYSTEMPATH\Boot.php(67): CodeIgniter\Boot::runCodeIgniter(Object(CodeIgniter\CodeIgniter))
12 FCPATH\index.php(58): CodeIgniter\Boot::bootWeb(Object(Config\Paths))
CRITICAL - 2024-05-27 04:52:38 --> ParseError: syntax error, unexpected token "public"
[Method: GET, Route: author/all]
in APPPATH\Controllers\Home.php on line 120.
 1 SYSTEMPATH\Autoloader\Autoloader.php(296): CodeIgniter\Autoloader\Autoloader->includeFile('G:\\xampp\\htdocs\\podcast\\ci-admin\\app\\Controllers\\Home.php')
 2 SYSTEMPATH\Autoloader\Autoloader.php(272): CodeIgniter\Autoloader\Autoloader->loadInNamespace('App\\Controllers\\Home')
 3 [internal function]: CodeIgniter\Autoloader\Autoloader->loadClass('App\\Controllers\\Home')
 4 SYSTEMPATH\CodeIgniter.php(887): class_exists('\\App\\Controllers\\Home', true)
 5 SYSTEMPATH\CodeIgniter.php(496): CodeIgniter\CodeIgniter->startController()
 6 SYSTEMPATH\CodeIgniter.php(355): CodeIgniter\CodeIgniter->handleRequest(null, Object(Config\Cache), false)
 7 SYSTEMPATH\Boot.php(312): CodeIgniter\CodeIgniter->run()
 8 SYSTEMPATH\Boot.php(67): CodeIgniter\Boot::runCodeIgniter(Object(CodeIgniter\CodeIgniter))
 9 FCPATH\index.php(58): CodeIgniter\Boot::bootWeb(Object(Config\Paths))
CRITICAL - 2024-05-27 04:59:00 --> ParseError: syntax error, unexpected token "public"
[Method: GET, Route: author/all]
in APPPATH\Controllers\Home.php on line 120.
 1 SYSTEMPATH\Autoloader\Autoloader.php(296): CodeIgniter\Autoloader\Autoloader->includeFile('G:\\xampp\\htdocs\\podcast\\ci-admin\\app\\Controllers\\Home.php')
 2 SYSTEMPATH\Autoloader\Autoloader.php(272): CodeIgniter\Autoloader\Autoloader->loadInNamespace('App\\Controllers\\Home')
 3 [internal function]: CodeIgniter\Autoloader\Autoloader->loadClass('App\\Controllers\\Home')
 4 SYSTEMPATH\CodeIgniter.php(887): class_exists('\\App\\Controllers\\Home', true)
 5 SYSTEMPATH\CodeIgniter.php(496): CodeIgniter\CodeIgniter->startController()
 6 SYSTEMPATH\CodeIgniter.php(355): CodeIgniter\CodeIgniter->handleRequest(null, Object(Config\Cache), false)
 7 SYSTEMPATH\Boot.php(312): CodeIgniter\CodeIgniter->run()
 8 SYSTEMPATH\Boot.php(67): CodeIgniter\Boot::runCodeIgniter(Object(CodeIgniter\CodeIgniter))
 9 FCPATH\index.php(58): CodeIgniter\Boot::bootWeb(Object(Config\Paths))
CRITICAL - 2024-05-27 05:06:36 --> ErrorException: include(episode/addauthor.php): Failed to open stream: No such file or directory
[Method: GET, Route: author/addauthor]
in APPPATH\Views\page.php on line 4.
 1 APPPATH\Views\page.php(4): CodeIgniter\Debug\Exceptions->errorHandler(2, 'include(episode/addauthor.php): Failed to open stream: No such file or directory', 'G:\\xampp\\htdocs\\podcast\\ci-admin\\app\\Views\\page.php', 4)
 2 APPPATH\Views\page.php(4): include()
 3 SYSTEMPATH\View\View.php(234): include('G:\\xampp\\htdocs\\podcast\\ci-admin\\app\\Views\\page.php')
 4 SYSTEMPATH\View\View.php(237): CodeIgniter\View\View->CodeIgniter\View\{closure}()
 5 SYSTEMPATH\Common.php(1171): CodeIgniter\View\View->render('page', [], true)
 6 APPPATH\Controllers\Home.php(102): view('page', [...])
 7 SYSTEMPATH\CodeIgniter.php(933): App\Controllers\Home->manangeauthor('addauthor')
 8 SYSTEMPATH\CodeIgniter.php(509): CodeIgniter\CodeIgniter->runController(Object(App\Controllers\Home))
 9 SYSTEMPATH\CodeIgniter.php(355): CodeIgniter\CodeIgniter->handleRequest(null, Object(Config\Cache), false)
10 SYSTEMPATH\Boot.php(312): CodeIgniter\CodeIgniter->run()
11 SYSTEMPATH\Boot.php(67): CodeIgniter\Boot::runCodeIgniter(Object(CodeIgniter\CodeIgniter))
12 FCPATH\index.php(58): CodeIgniter\Boot::bootWeb(Object(Config\Paths))
ERROR - 2024-05-27 05:39:50 --> mysqli_sql_exception: Unknown column 'banner' in 'field list' in G:\xampp\htdocs\podcast\ci-admin\system\Database\MySQLi\Connection.php:308
Stack trace:
#0 G:\xampp\htdocs\podcast\ci-admin\system\Database\MySQLi\Connection.php(308): mysqli->query('INSERT INTO `au...', 0)
#1 G:\xampp\htdocs\podcast\ci-admin\system\Database\BaseConnection.php(722): CodeIgniter\Database\MySQLi\Connection->execute('INSERT INTO `au...')
#2 G:\xampp\htdocs\podcast\ci-admin\system\Database\BaseConnection.php(636): CodeIgniter\Database\BaseConnection->simpleQuery('INSERT INTO `au...')
#3 G:\xampp\htdocs\podcast\ci-admin\system\Database\BaseBuilder.php(2325): CodeIgniter\Database\BaseConnection->query('INSERT INTO `au...', Array, false)
#4 G:\xampp\htdocs\podcast\ci-admin\app\Controllers\Home.php(168): CodeIgniter\Database\BaseBuilder->insert(Array)
#5 G:\xampp\htdocs\podcast\ci-admin\system\CodeIgniter.php(933): App\Controllers\Home->insertmanage('author')
#6 G:\xampp\htdocs\podcast\ci-admin\system\CodeIgniter.php(509): CodeIgniter\CodeIgniter->runController(Object(App\Controllers\Home))
#7 G:\xampp\htdocs\podcast\ci-admin\system\CodeIgniter.php(355): CodeIgniter\CodeIgniter->handleRequest(NULL, Object(Config\Cache), false)
#8 G:\xampp\htdocs\podcast\ci-admin\system\Boot.php(312): CodeIgniter\CodeIgniter->run()
#9 G:\xampp\htdocs\podcast\ci-admin\system\Boot.php(67): CodeIgniter\Boot::runCodeIgniter(Object(CodeIgniter\CodeIgniter))
#10 G:\xampp\htdocs\podcast\ci-admin\index.php(58): CodeIgniter\Boot::bootWeb(Object(Config\Paths))
#11 {main}
CRITICAL - 2024-05-27 05:39:50 --> CodeIgniter\Database\Exceptions\DatabaseException: Unknown column 'banner' in 'field list'
[Method: POST, Route: save/author]
in SYSTEMPATH\Database\BaseConnection.php on line 676.
 1 SYSTEMPATH\Database\BaseBuilder.php(2325): CodeIgniter\Database\BaseConnection->query('INSERT INTO `author` (`name`, `role`, `facebook`, `instagram`, `twitter`, `linkedIn`, `pinterest`, `youtube`, `status`, `update_on`, `banner`) VALUES (:name:, :role:, :facebook:, :instagram:, :twitter:, :linkedIn:, :pinterest:, :youtube:, :status:, :update_on:, :banner:)', [...], false)
 2 APPPATH\Controllers\Home.php(168): CodeIgniter\Database\BaseBuilder->insert([...])
 3 SYSTEMPATH\CodeIgniter.php(933): App\Controllers\Home->insertmanage('author')
 4 SYSTEMPATH\CodeIgniter.php(509): CodeIgniter\CodeIgniter->runController(Object(App\Controllers\Home))
 5 SYSTEMPATH\CodeIgniter.php(355): CodeIgniter\CodeIgniter->handleRequest(null, Object(Config\Cache), false)
 6 SYSTEMPATH\Boot.php(312): CodeIgniter\CodeIgniter->run()
 7 SYSTEMPATH\Boot.php(67): CodeIgniter\Boot::runCodeIgniter(Object(CodeIgniter\CodeIgniter))
 8 FCPATH\index.php(58): CodeIgniter\Boot::bootWeb(Object(Config\Paths))
CRITICAL - 2024-05-27 05:39:50 --> [Caused by] CodeIgniter\Database\Exceptions\DatabaseException: Unknown column 'banner' in 'field list'
in SYSTEMPATH\Database\MySQLi\Connection.php on line 313.
 1 SYSTEMPATH\Database\BaseConnection.php(722): CodeIgniter\Database\MySQLi\Connection->execute('INSERT INTO `author` (`name`, `role`, `facebook`, `instagram`, `twitter`, `linkedIn`, `pinterest`, `youtube`, `status`, `update_on`, `banner`) VALUES (\'Saddam Wali\', \'Creator\', \'#\', \'#\', \'#\', \'#\', \'#\', \'#\', \'1\', 1716788389, \'1716788390_ac31af54441713b3a725.png\')')
 2 SYSTEMPATH\Database\BaseConnection.php(636): CodeIgniter\Database\BaseConnection->simpleQuery('INSERT INTO `author` (`name`, `role`, `facebook`, `instagram`, `twitter`, `linkedIn`, `pinterest`, `youtube`, `status`, `update_on`, `banner`) VALUES (\'Saddam Wali\', \'Creator\', \'#\', \'#\', \'#\', \'#\', \'#\', \'#\', \'1\', 1716788389, \'1716788390_ac31af54441713b3a725.png\')')
 3 SYSTEMPATH\Database\BaseBuilder.php(2325): CodeIgniter\Database\BaseConnection->query('INSERT INTO `author` (`name`, `role`, `facebook`, `instagram`, `twitter`, `linkedIn`, `pinterest`, `youtube`, `status`, `update_on`, `banner`) VALUES (:name:, :role:, :facebook:, :instagram:, :twitter:, :linkedIn:, :pinterest:, :youtube:, :status:, :update_on:, :banner:)', [...], false)
 4 APPPATH\Controllers\Home.php(168): CodeIgniter\Database\BaseBuilder->insert([...])
 5 SYSTEMPATH\CodeIgniter.php(933): App\Controllers\Home->insertmanage('author')
 6 SYSTEMPATH\CodeIgniter.php(509): CodeIgniter\CodeIgniter->runController(Object(App\Controllers\Home))
 7 SYSTEMPATH\CodeIgniter.php(355): CodeIgniter\CodeIgniter->handleRequest(null, Object(Config\Cache), false)
 8 SYSTEMPATH\Boot.php(312): CodeIgniter\CodeIgniter->run()
 9 SYSTEMPATH\Boot.php(67): CodeIgniter\Boot::runCodeIgniter(Object(CodeIgniter\CodeIgniter))
10 FCPATH\index.php(58): CodeIgniter\Boot::bootWeb(Object(Config\Paths))
CRITICAL - 2024-05-27 05:39:50 --> [Caused by] mysqli_sql_exception: Unknown column 'banner' in 'field list'
in SYSTEMPATH\Database\MySQLi\Connection.php on line 308.
 1 SYSTEMPATH\Database\MySQLi\Connection.php(308): mysqli->query('INSERT INTO `author` (`name`, `role`, `facebook`, `instagram`, `twitter`, `linkedIn`, `pinterest`, `youtube`, `status`, `update_on`, `banner`) VALUES (\'Saddam Wali\', \'Creator\', \'#\', \'#\', \'#\', \'#\', \'#\', \'#\', \'1\', 1716788389, \'1716788390_ac31af54441713b3a725.png\')', 0)
 2 SYSTEMPATH\Database\BaseConnection.php(722): CodeIgniter\Database\MySQLi\Connection->execute('INSERT INTO `author` (`name`, `role`, `facebook`, `instagram`, `twitter`, `linkedIn`, `pinterest`, `youtube`, `status`, `update_on`, `banner`) VALUES (\'Saddam Wali\', \'Creator\', \'#\', \'#\', \'#\', \'#\', \'#\', \'#\', \'1\', 1716788389, \'1716788390_ac31af54441713b3a725.png\')')
 3 SYSTEMPATH\Database\BaseConnection.php(636): CodeIgniter\Database\BaseConnection->simpleQuery('INSERT INTO `author` (`name`, `role`, `facebook`, `instagram`, `twitter`, `linkedIn`, `pinterest`, `youtube`, `status`, `update_on`, `banner`) VALUES (\'Saddam Wali\', \'Creator\', \'#\', \'#\', \'#\', \'#\', \'#\', \'#\', \'1\', 1716788389, \'1716788390_ac31af54441713b3a725.png\')')
 4 SYSTEMPATH\Database\BaseBuilder.php(2325): CodeIgniter\Database\BaseConnection->query('INSERT INTO `author` (`name`, `role`, `facebook`, `instagram`, `twitter`, `linkedIn`, `pinterest`, `youtube`, `status`, `update_on`, `banner`) VALUES (:name:, :role:, :facebook:, :instagram:, :twitter:, :linkedIn:, :pinterest:, :youtube:, :status:, :update_on:, :banner:)', [...], false)
 5 APPPATH\Controllers\Home.php(168): CodeIgniter\Database\BaseBuilder->insert([...])
 6 SYSTEMPATH\CodeIgniter.php(933): App\Controllers\Home->insertmanage('author')
 7 SYSTEMPATH\CodeIgniter.php(509): CodeIgniter\CodeIgniter->runController(Object(App\Controllers\Home))
 8 SYSTEMPATH\CodeIgniter.php(355): CodeIgniter\CodeIgniter->handleRequest(null, Object(Config\Cache), false)
 9 SYSTEMPATH\Boot.php(312): CodeIgniter\CodeIgniter->run()
10 SYSTEMPATH\Boot.php(67): CodeIgniter\Boot::runCodeIgniter(Object(CodeIgniter\CodeIgniter))
11 FCPATH\index.php(58): CodeIgniter\Boot::bootWeb(Object(Config\Paths))
CRITICAL - 2024-05-27 05:42:52 --> ErrorException: Undefined array key "title"
[Method: GET, Route: editeauthor/1]
in APPPATH\Views\author\editauthor.php on line 66.
 1 APPPATH\Views\author\editauthor.php(66): CodeIgniter\Debug\Exceptions->errorHandler(2, 'Undefined array key "title"', 'G:\\xampp\\htdocs\\podcast\\ci-admin\\app\\Views\\author\\editauthor.php', 66)
 2 APPPATH\Views\page.php(4): include('G:\\xampp\\htdocs\\podcast\\ci-admin\\app\\Views\\author\\editauthor.php')
 3 SYSTEMPATH\View\View.php(234): include('G:\\xampp\\htdocs\\podcast\\ci-admin\\app\\Views\\page.php')
 4 SYSTEMPATH\View\View.php(237): CodeIgniter\View\View->CodeIgniter\View\{closure}()
 5 SYSTEMPATH\Common.php(1171): CodeIgniter\View\View->render('page', [], true)
 6 APPPATH\Controllers\Home.php(127): view('page', [...])
 7 SYSTEMPATH\CodeIgniter.php(933): App\Controllers\Home->editeauthor('1')
 8 SYSTEMPATH\CodeIgniter.php(509): CodeIgniter\CodeIgniter->runController(Object(App\Controllers\Home))
 9 SYSTEMPATH\CodeIgniter.php(355): CodeIgniter\CodeIgniter->handleRequest(null, Object(Config\Cache), false)
10 SYSTEMPATH\Boot.php(312): CodeIgniter\CodeIgniter->run()
11 SYSTEMPATH\Boot.php(67): CodeIgniter\Boot::runCodeIgniter(Object(CodeIgniter\CodeIgniter))
12 FCPATH\index.php(58): CodeIgniter\Boot::bootWeb(Object(Config\Paths))
CRITICAL - 2024-05-27 05:45:22 --> ErrorException: Undefined array key "banner"
[Method: GET, Route: editeauthor/1]
in APPPATH\Views\author\editauthor.php on line 69.
 1 APPPATH\Views\author\editauthor.php(69): CodeIgniter\Debug\Exceptions->errorHandler(2, 'Undefined array key "banner"', 'G:\\xampp\\htdocs\\podcast\\ci-admin\\app\\Views\\author\\editauthor.php', 69)
 2 APPPATH\Views\page.php(4): include('G:\\xampp\\htdocs\\podcast\\ci-admin\\app\\Views\\author\\editauthor.php')
 3 SYSTEMPATH\View\View.php(234): include('G:\\xampp\\htdocs\\podcast\\ci-admin\\app\\Views\\page.php')
 4 SYSTEMPATH\View\View.php(237): CodeIgniter\View\View->CodeIgniter\View\{closure}()
 5 SYSTEMPATH\Common.php(1171): CodeIgniter\View\View->render('page', [], true)
 6 APPPATH\Controllers\Home.php(127): view('page', [...])
 7 SYSTEMPATH\CodeIgniter.php(933): App\Controllers\Home->editeauthor('1')
 8 SYSTEMPATH\CodeIgniter.php(509): CodeIgniter\CodeIgniter->runController(Object(App\Controllers\Home))
 9 SYSTEMPATH\CodeIgniter.php(355): CodeIgniter\CodeIgniter->handleRequest(null, Object(Config\Cache), false)
10 SYSTEMPATH\Boot.php(312): CodeIgniter\CodeIgniter->run()
11 SYSTEMPATH\Boot.php(67): CodeIgniter\Boot::runCodeIgniter(Object(CodeIgniter\CodeIgniter))
12 FCPATH\index.php(58): CodeIgniter\Boot::bootWeb(Object(Config\Paths))
CRITICAL - 2024-05-27 05:51:49 --> CodeIgniter\HTTP\Exceptions\BadRequestException: The URI you submitted has disallowed characters: "2;"
[Method: POST, Route: update/author/2;]
in SYSTEMPATH\Router\Router.php on line 736.
 1 SYSTEMPATH\Router\Router.php(203): CodeIgniter\Router\Router->checkDisallowedChars('update/author/2;')
 2 SYSTEMPATH\CodeIgniter.php(834): CodeIgniter\Router\Router->handle('update/author/2;')
 3 SYSTEMPATH\CodeIgniter.php(457): CodeIgniter\CodeIgniter->tryToRouteIt(Object(CodeIgniter\Router\RouteCollection))
 4 SYSTEMPATH\CodeIgniter.php(355): CodeIgniter\CodeIgniter->handleRequest(null, Object(Config\Cache), false)
 5 SYSTEMPATH\Boot.php(312): CodeIgniter\CodeIgniter->run()
 6 SYSTEMPATH\Boot.php(67): CodeIgniter\Boot::runCodeIgniter(Object(CodeIgniter\CodeIgniter))
 7 FCPATH\index.php(58): CodeIgniter\Boot::bootWeb(Object(Config\Paths))
ERROR - 2024-05-27 06:12:02 --> mysqli_sql_exception: Column 'season' cannot be null in G:\xampp\htdocs\podcast\ci-admin\system\Database\MySQLi\Connection.php:308
Stack trace:
#0 G:\xampp\htdocs\podcast\ci-admin\system\Database\MySQLi\Connection.php(308): mysqli->query('INSERT INTO `ep...', 0)
#1 G:\xampp\htdocs\podcast\ci-admin\system\Database\BaseConnection.php(722): CodeIgniter\Database\MySQLi\Connection->execute('INSERT INTO `ep...')
#2 G:\xampp\htdocs\podcast\ci-admin\system\Database\BaseConnection.php(636): CodeIgniter\Database\BaseConnection->simpleQuery('INSERT INTO `ep...')
#3 G:\xampp\htdocs\podcast\ci-admin\system\Database\BaseBuilder.php(2325): CodeIgniter\Database\BaseConnection->query('INSERT INTO `ep...', Array, false)
#4 G:\xampp\htdocs\podcast\ci-admin\app\Controllers\Home.php(248): CodeIgniter\Database\BaseBuilder->insert(Array)
#5 G:\xampp\htdocs\podcast\ci-admin\system\CodeIgniter.php(933): App\Controllers\Home->insertmanage('season')
#6 G:\xampp\htdocs\podcast\ci-admin\system\CodeIgniter.php(509): CodeIgniter\CodeIgniter->runController(Object(App\Controllers\Home))
#7 G:\xampp\htdocs\podcast\ci-admin\system\CodeIgniter.php(355): CodeIgniter\CodeIgniter->handleRequest(NULL, Object(Config\Cache), false)
#8 G:\xampp\htdocs\podcast\ci-admin\system\Boot.php(312): CodeIgniter\CodeIgniter->run()
#9 G:\xampp\htdocs\podcast\ci-admin\system\Boot.php(67): CodeIgniter\Boot::runCodeIgniter(Object(CodeIgniter\CodeIgniter))
#10 G:\xampp\htdocs\podcast\ci-admin\index.php(58): CodeIgniter\Boot::bootWeb(Object(Config\Paths))
#11 {main}
CRITICAL - 2024-05-27 06:12:02 --> CodeIgniter\Database\Exceptions\DatabaseException: Column 'season' cannot be null
[Method: POST, Route: save/season]
in SYSTEMPATH\Database\BaseConnection.php on line 676.
 1 SYSTEMPATH\Database\BaseBuilder.php(2325): CodeIgniter\Database\BaseConnection->query('INSERT INTO `episodes` (`title`, `slug`, `feature`, `season`, `author`, `enum`, `details`, `meta_title`, `meta_description`, `keywords`, `added_on`, `banner`) VALUES (:title:, :slug:, :feature:, :season:, :author:, :enum:, :details:, :meta_title:, :meta_description:, :keywords:, :added_on:, :banner:)', [...], false)
 2 APPPATH\Controllers\Home.php(248): CodeIgniter\Database\BaseBuilder->insert([...])
 3 SYSTEMPATH\CodeIgniter.php(933): App\Controllers\Home->insertmanage('season')
 4 SYSTEMPATH\CodeIgniter.php(509): CodeIgniter\CodeIgniter->runController(Object(App\Controllers\Home))
 5 SYSTEMPATH\CodeIgniter.php(355): CodeIgniter\CodeIgniter->handleRequest(null, Object(Config\Cache), false)
 6 SYSTEMPATH\Boot.php(312): CodeIgniter\CodeIgniter->run()
 7 SYSTEMPATH\Boot.php(67): CodeIgniter\Boot::runCodeIgniter(Object(CodeIgniter\CodeIgniter))
 8 FCPATH\index.php(58): CodeIgniter\Boot::bootWeb(Object(Config\Paths))
CRITICAL - 2024-05-27 06:12:02 --> [Caused by] CodeIgniter\Database\Exceptions\DatabaseException: Column 'season' cannot be null
in SYSTEMPATH\Database\MySQLi\Connection.php on line 313.
 1 SYSTEMPATH\Database\BaseConnection.php(722): CodeIgniter\Database\MySQLi\Connection->execute('INSERT INTO `episodes` (`title`, `slug`, `feature`, `season`, `author`, `enum`, `details`, `meta_title`, `meta_description`, `keywords`, `added_on`, `banner`) VALUES (\'rrrrrrrrrrrrrrrrrrrrr\', \'rrrrrrrrrrrrrrrrrrrrr\', NULL, NULL, NULL, NULL, NULL, NULL, NULL, NULL, 1716790322, \'1716790322_e4b4edc278d96a9c6466.png\')')
 2 SYSTEMPATH\Database\BaseConnection.php(636): CodeIgniter\Database\BaseConnection->simpleQuery('INSERT INTO `episodes` (`title`, `slug`, `feature`, `season`, `author`, `enum`, `details`, `meta_title`, `meta_description`, `keywords`, `added_on`, `banner`) VALUES (\'rrrrrrrrrrrrrrrrrrrrr\', \'rrrrrrrrrrrrrrrrrrrrr\', NULL, NULL, NULL, NULL, NULL, NULL, NULL, NULL, 1716790322, \'1716790322_e4b4edc278d96a9c6466.png\')')
 3 SYSTEMPATH\Database\BaseBuilder.php(2325): CodeIgniter\Database\BaseConnection->query('INSERT INTO `episodes` (`title`, `slug`, `feature`, `season`, `author`, `enum`, `details`, `meta_title`, `meta_description`, `keywords`, `added_on`, `banner`) VALUES (:title:, :slug:, :feature:, :season:, :author:, :enum:, :details:, :meta_title:, :meta_description:, :keywords:, :added_on:, :banner:)', [...], false)
 4 APPPATH\Controllers\Home.php(248): CodeIgniter\Database\BaseBuilder->insert([...])
 5 SYSTEMPATH\CodeIgniter.php(933): App\Controllers\Home->insertmanage('season')
 6 SYSTEMPATH\CodeIgniter.php(509): CodeIgniter\CodeIgniter->runController(Object(App\Controllers\Home))
 7 SYSTEMPATH\CodeIgniter.php(355): CodeIgniter\CodeIgniter->handleRequest(null, Object(Config\Cache), false)
 8 SYSTEMPATH\Boot.php(312): CodeIgniter\CodeIgniter->run()
 9 SYSTEMPATH\Boot.php(67): CodeIgniter\Boot::runCodeIgniter(Object(CodeIgniter\CodeIgniter))
10 FCPATH\index.php(58): CodeIgniter\Boot::bootWeb(Object(Config\Paths))
CRITICAL - 2024-05-27 06:12:02 --> [Caused by] mysqli_sql_exception: Column 'season' cannot be null
in SYSTEMPATH\Database\MySQLi\Connection.php on line 308.
 1 SYSTEMPATH\Database\MySQLi\Connection.php(308): mysqli->query('INSERT INTO `episodes` (`title`, `slug`, `feature`, `season`, `author`, `enum`, `details`, `meta_title`, `meta_description`, `keywords`, `added_on`, `banner`) VALUES (\'rrrrrrrrrrrrrrrrrrrrr\', \'rrrrrrrrrrrrrrrrrrrrr\', NULL, NULL, NULL, NULL, NULL, NULL, NULL, NULL, 1716790322, \'1716790322_e4b4edc278d96a9c6466.png\')', 0)
 2 SYSTEMPATH\Database\BaseConnection.php(722): CodeIgniter\Database\MySQLi\Connection->execute('INSERT INTO `episodes` (`title`, `slug`, `feature`, `season`, `author`, `enum`, `details`, `meta_title`, `meta_description`, `keywords`, `added_on`, `banner`) VALUES (\'rrrrrrrrrrrrrrrrrrrrr\', \'rrrrrrrrrrrrrrrrrrrrr\', NULL, NULL, NULL, NULL, NULL, NULL, NULL, NULL, 1716790322, \'1716790322_e4b4edc278d96a9c6466.png\')')
 3 SYSTEMPATH\Database\BaseConnection.php(636): CodeIgniter\Database\BaseConnection->simpleQuery('INSERT INTO `episodes` (`title`, `slug`, `feature`, `season`, `author`, `enum`, `details`, `meta_title`, `meta_description`, `keywords`, `added_on`, `banner`) VALUES (\'rrrrrrrrrrrrrrrrrrrrr\', \'rrrrrrrrrrrrrrrrrrrrr\', NULL, NULL, NULL, NULL, NULL, NULL, NULL, NULL, 1716790322, \'1716790322_e4b4edc278d96a9c6466.png\')')
 4 SYSTEMPATH\Database\BaseBuilder.php(2325): CodeIgniter\Database\BaseConnection->query('INSERT INTO `episodes` (`title`, `slug`, `feature`, `season`, `author`, `enum`, `details`, `meta_title`, `meta_description`, `keywords`, `added_on`, `banner`) VALUES (:title:, :slug:, :feature:, :season:, :author:, :enum:, :details:, :meta_title:, :meta_description:, :keywords:, :added_on:, :banner:)', [...], false)
 5 APPPATH\Controllers\Home.php(248): CodeIgniter\Database\BaseBuilder->insert([...])
 6 SYSTEMPATH\CodeIgniter.php(933): App\Controllers\Home->insertmanage('season')
 7 SYSTEMPATH\CodeIgniter.php(509): CodeIgniter\CodeIgniter->runController(Object(App\Controllers\Home))
 8 SYSTEMPATH\CodeIgniter.php(355): CodeIgniter\CodeIgniter->handleRequest(null, Object(Config\Cache), false)
 9 SYSTEMPATH\Boot.php(312): CodeIgniter\CodeIgniter->run()
10 SYSTEMPATH\Boot.php(67): CodeIgniter\Boot::runCodeIgniter(Object(CodeIgniter\CodeIgniter))
11 FCPATH\index.php(58): CodeIgniter\Boot::bootWeb(Object(Config\Paths))
CRITICAL - 2024-05-27 06:25:04 --> ErrorException: Undefined property: CodeIgniter\View\View::$request
[Method: GET, Route: author/all]
in APPPATH\Views\includes\header.php on line 100.
 1 APPPATH\Views\includes\header.php(100): CodeIgniter\Debug\Exceptions->errorHandler(2, 'Undefined property: CodeIgniter\\View\\View::$request', 'G:\\xampp\\htdocs\\podcast\\ci-admin\\app\\Views\\includes\\header.php', 100)
 2 APPPATH\Views\page.php(3): include('G:\\xampp\\htdocs\\podcast\\ci-admin\\app\\Views\\includes\\header.php')
 3 SYSTEMPATH\View\View.php(234): include('G:\\xampp\\htdocs\\podcast\\ci-admin\\app\\Views\\page.php')
 4 SYSTEMPATH\View\View.php(237): CodeIgniter\View\View->CodeIgniter\View\{closure}()
 5 SYSTEMPATH\Common.php(1171): CodeIgniter\View\View->render('page', [], true)
 6 APPPATH\Controllers\Home.php(104): view('page', [...])
 7 SYSTEMPATH\CodeIgniter.php(933): App\Controllers\Home->manangeauthor('all')
 8 SYSTEMPATH\CodeIgniter.php(509): CodeIgniter\CodeIgniter->runController(Object(App\Controllers\Home))
 9 SYSTEMPATH\CodeIgniter.php(355): CodeIgniter\CodeIgniter->handleRequest(null, Object(Config\Cache), false)
10 SYSTEMPATH\Boot.php(312): CodeIgniter\CodeIgniter->run()
11 SYSTEMPATH\Boot.php(67): CodeIgniter\Boot::runCodeIgniter(Object(CodeIgniter\CodeIgniter))
12 FCPATH\index.php(58): CodeIgniter\Boot::bootWeb(Object(Config\Paths))
CRITICAL - 2024-05-27 06:26:07 --> ErrorException: Undefined property: CodeIgniter\View\View::$request
[Method: GET, Route: season/all]
in APPPATH\Views\season\seasons.php on line 12.
 1 APPPATH\Views\season\seasons.php(12): CodeIgniter\Debug\Exceptions->errorHandler(2, 'Undefined property: CodeIgniter\\View\\View::$request', 'G:\\xampp\\htdocs\\podcast\\ci-admin\\app\\Views\\season\\seasons.php', 12)
 2 APPPATH\Views\page.php(4): include('G:\\xampp\\htdocs\\podcast\\ci-admin\\app\\Views\\season\\seasons.php')
 3 SYSTEMPATH\View\View.php(234): include('G:\\xampp\\htdocs\\podcast\\ci-admin\\app\\Views\\page.php')
 4 SYSTEMPATH\View\View.php(237): CodeIgniter\View\View->CodeIgniter\View\{closure}()
 5 SYSTEMPATH\Common.php(1171): CodeIgniter\View\View->render('page', [], true)
 6 APPPATH\Controllers\Home.php(39): view('page', [...])
 7 SYSTEMPATH\CodeIgniter.php(933): App\Controllers\Home->manangeseasons('all')
 8 SYSTEMPATH\CodeIgniter.php(509): CodeIgniter\CodeIgniter->runController(Object(App\Controllers\Home))
 9 SYSTEMPATH\CodeIgniter.php(355): CodeIgniter\CodeIgniter->handleRequest(null, Object(Config\Cache), false)
10 SYSTEMPATH\Boot.php(312): CodeIgniter\CodeIgniter->run()
11 SYSTEMPATH\Boot.php(67): CodeIgniter\Boot::runCodeIgniter(Object(CodeIgniter\CodeIgniter))
12 FCPATH\index.php(58): CodeIgniter\Boot::bootWeb(Object(Config\Paths))
CRITICAL - 2024-05-27 06:26:58 --> Error: Cannot access protected property CodeIgniter\HTTP\IncomingRequest::$uri
[Method: GET, Route: /]
in APPPATH\Controllers\Home.php on line 22.
 1 SYSTEMPATH\CodeIgniter.php(933): App\Controllers\Home->index()
 2 SYSTEMPATH\CodeIgniter.php(509): CodeIgniter\CodeIgniter->runController(Object(App\Controllers\Home))
 3 SYSTEMPATH\CodeIgniter.php(355): CodeIgniter\CodeIgniter->handleRequest(null, Object(Config\Cache), false)
 4 SYSTEMPATH\Boot.php(312): CodeIgniter\CodeIgniter->run()
 5 SYSTEMPATH\Boot.php(67): CodeIgniter\Boot::runCodeIgniter(Object(CodeIgniter\CodeIgniter))
 6 FCPATH\index.php(58): CodeIgniter\Boot::bootWeb(Object(Config\Paths))
CRITICAL - 2024-05-27 06:27:00 --> Error: Cannot access protected property CodeIgniter\HTTP\IncomingRequest::$uri
[Method: GET, Route: /]
in APPPATH\Controllers\Home.php on line 22.
 1 SYSTEMPATH\CodeIgniter.php(933): App\Controllers\Home->index()
 2 SYSTEMPATH\CodeIgniter.php(509): CodeIgniter\CodeIgniter->runController(Object(App\Controllers\Home))
 3 SYSTEMPATH\CodeIgniter.php(355): CodeIgniter\CodeIgniter->handleRequest(null, Object(Config\Cache), false)
 4 SYSTEMPATH\Boot.php(312): CodeIgniter\CodeIgniter->run()
 5 SYSTEMPATH\Boot.php(67): CodeIgniter\Boot::runCodeIgniter(Object(CodeIgniter\CodeIgniter))
 6 FCPATH\index.php(58): CodeIgniter\Boot::bootWeb(Object(Config\Paths))
CRITICAL - 2024-05-27 06:43:08 --> ErrorException: Undefined variable $result
[Method: GET, Route: editseasons/14]
in APPPATH\Views\season\editseasons.php on line 61.
 1 APPPATH\Views\season\editseasons.php(61): CodeIgniter\Debug\Exceptions->errorHandler(2, 'Undefined variable $result', 'G:\\xampp\\htdocs\\podcast\\ci-admin\\app\\Views\\season\\editseasons.php', 61)
 2 APPPATH\Views\page.php(4): include('G:\\xampp\\htdocs\\podcast\\ci-admin\\app\\Views\\season\\editseasons.php')
 3 SYSTEMPATH\View\View.php(234): include('G:\\xampp\\htdocs\\podcast\\ci-admin\\app\\Views\\page.php')
 4 SYSTEMPATH\View\View.php(237): CodeIgniter\View\View->CodeIgniter\View\{closure}()
 5 SYSTEMPATH\Common.php(1171): CodeIgniter\View\View->render('page', [], true)
 6 APPPATH\Controllers\Home.php(152): view('page', [...])
 7 SYSTEMPATH\CodeIgniter.php(933): App\Controllers\Home->editseasons('14')
 8 SYSTEMPATH\CodeIgniter.php(509): CodeIgniter\CodeIgniter->runController(Object(App\Controllers\Home))
 9 SYSTEMPATH\CodeIgniter.php(355): CodeIgniter\CodeIgniter->handleRequest(null, Object(Config\Cache), false)
10 SYSTEMPATH\Boot.php(312): CodeIgniter\CodeIgniter->run()
11 SYSTEMPATH\Boot.php(67): CodeIgniter\Boot::runCodeIgniter(Object(CodeIgniter\CodeIgniter))
12 FCPATH\index.php(58): CodeIgniter\Boot::bootWeb(Object(Config\Paths))
CRITICAL - 2024-05-27 06:43:17 --> ErrorException: Undefined variable $record
[Method: GET, Route: editseasons/14]
in APPPATH\Views\season\editseasons.php on line 61.
 1 APPPATH\Views\season\editseasons.php(61): CodeIgniter\Debug\Exceptions->errorHandler(2, 'Undefined variable $record', 'G:\\xampp\\htdocs\\podcast\\ci-admin\\app\\Views\\season\\editseasons.php', 61)
 2 APPPATH\Views\page.php(4): include('G:\\xampp\\htdocs\\podcast\\ci-admin\\app\\Views\\season\\editseasons.php')
 3 SYSTEMPATH\View\View.php(234): include('G:\\xampp\\htdocs\\podcast\\ci-admin\\app\\Views\\page.php')
 4 SYSTEMPATH\View\View.php(237): CodeIgniter\View\View->CodeIgniter\View\{closure}()
 5 SYSTEMPATH\Common.php(1171): CodeIgniter\View\View->render('page', [], true)
 6 APPPATH\Controllers\Home.php(152): view('page', [...])
 7 SYSTEMPATH\CodeIgniter.php(933): App\Controllers\Home->editseasons('14')
 8 SYSTEMPATH\CodeIgniter.php(509): CodeIgniter\CodeIgniter->runController(Object(App\Controllers\Home))
 9 SYSTEMPATH\CodeIgniter.php(355): CodeIgniter\CodeIgniter->handleRequest(null, Object(Config\Cache), false)
10 SYSTEMPATH\Boot.php(312): CodeIgniter\CodeIgniter->run()
11 SYSTEMPATH\Boot.php(67): CodeIgniter\Boot::runCodeIgniter(Object(CodeIgniter\CodeIgniter))
12 FCPATH\index.php(58): CodeIgniter\Boot::bootWeb(Object(Config\Paths))
CRITICAL - 2024-05-27 06:44:07 --> ErrorException: Attempt to read property "title" on array
[Method: GET, Route: editseasons/14]
in APPPATH\Views\season\editseasons.php on line 67.
 1 APPPATH\Views\season\editseasons.php(67): CodeIgniter\Debug\Exceptions->errorHandler(2, 'Attempt to read property "title" on array', 'G:\\xampp\\htdocs\\podcast\\ci-admin\\app\\Views\\season\\editseasons.php', 67)
 2 APPPATH\Views\page.php(4): include('G:\\xampp\\htdocs\\podcast\\ci-admin\\app\\Views\\season\\editseasons.php')
 3 SYSTEMPATH\View\View.php(234): include('G:\\xampp\\htdocs\\podcast\\ci-admin\\app\\Views\\page.php')
 4 SYSTEMPATH\View\View.php(237): CodeIgniter\View\View->CodeIgniter\View\{closure}()
 5 SYSTEMPATH\Common.php(1171): CodeIgniter\View\View->render('page', [], true)
 6 APPPATH\Controllers\Home.php(152): view('page', [...])
 7 SYSTEMPATH\CodeIgniter.php(933): App\Controllers\Home->editseasons('14')
 8 SYSTEMPATH\CodeIgniter.php(509): CodeIgniter\CodeIgniter->runController(Object(App\Controllers\Home))
 9 SYSTEMPATH\CodeIgniter.php(355): CodeIgniter\CodeIgniter->handleRequest(null, Object(Config\Cache), false)
10 SYSTEMPATH\Boot.php(312): CodeIgniter\CodeIgniter->run()
11 SYSTEMPATH\Boot.php(67): CodeIgniter\Boot::runCodeIgniter(Object(CodeIgniter\CodeIgniter))
12 FCPATH\index.php(58): CodeIgniter\Boot::bootWeb(Object(Config\Paths))
CRITICAL - 2024-05-27 06:44:13 --> ErrorException: Attempt to read property "name" on array
[Method: GET, Route: editseasons/14]
in APPPATH\Views\season\editseasons.php on line 67.
 1 APPPATH\Views\season\editseasons.php(67): CodeIgniter\Debug\Exceptions->errorHandler(2, 'Attempt to read property "name" on array', 'G:\\xampp\\htdocs\\podcast\\ci-admin\\app\\Views\\season\\editseasons.php', 67)
 2 APPPATH\Views\page.php(4): include('G:\\xampp\\htdocs\\podcast\\ci-admin\\app\\Views\\season\\editseasons.php')
 3 SYSTEMPATH\View\View.php(234): include('G:\\xampp\\htdocs\\podcast\\ci-admin\\app\\Views\\page.php')
 4 SYSTEMPATH\View\View.php(237): CodeIgniter\View\View->CodeIgniter\View\{closure}()
 5 SYSTEMPATH\Common.php(1171): CodeIgniter\View\View->render('page', [], true)
 6 APPPATH\Controllers\Home.php(152): view('page', [...])
 7 SYSTEMPATH\CodeIgniter.php(933): App\Controllers\Home->editseasons('14')
 8 SYSTEMPATH\CodeIgniter.php(509): CodeIgniter\CodeIgniter->runController(Object(App\Controllers\Home))
 9 SYSTEMPATH\CodeIgniter.php(355): CodeIgniter\CodeIgniter->handleRequest(null, Object(Config\Cache), false)
10 SYSTEMPATH\Boot.php(312): CodeIgniter\CodeIgniter->run()
11 SYSTEMPATH\Boot.php(67): CodeIgniter\Boot::runCodeIgniter(Object(CodeIgniter\CodeIgniter))
12 FCPATH\index.php(58): CodeIgniter\Boot::bootWeb(Object(Config\Paths))
