CRITICAL - 2024-05-20 08:58:07 --> ErrorException: Undefined variable $db
[Method: POST, Route: save]
in APPPATH\Controllers\Home.php on line 56.
 1 APPPATH\Controllers\Home.php(56): CodeIgniter\Debug\Exceptions->errorHandler(2, 'Undefined variable $db', 'G:\\xampp\\htdocs\\podcast\\app\\Controllers\\Home.php', 56)
 2 SYSTEMPATH\CodeIgniter.php(933): App\Controllers\Home->save()
 3 SYSTEMPATH\CodeIgniter.php(509): CodeIgniter\CodeIgniter->runController(Object(App\Controllers\Home))
 4 SYSTEMPATH\CodeIgniter.php(355): CodeIgniter\CodeIgniter->handleRequest(null, Object(Config\Cache), false)
 5 SYSTEMPATH\Boot.php(312): CodeIgniter\CodeIgniter->run()
 6 SYSTEMPATH\Boot.php(67): CodeIgniter\Boot::runCodeIgniter(Object(CodeIgniter\CodeIgniter))
 7 FCPATH\index.php(57): CodeIgniter\Boot::bootWeb(Object(Config\Paths))
CRITICAL - 2024-05-20 08:59:01 --> ErrorException: Undefined variable $db
[Method: POST, Route: save]
in APPPATH\Controllers\Home.php on line 56.
 1 APPPATH\Controllers\Home.php(56): CodeIgniter\Debug\Exceptions->errorHandler(2, 'Undefined variable $db', 'G:\\xampp\\htdocs\\podcast\\app\\Controllers\\Home.php', 56)
 2 SYSTEMPATH\CodeIgniter.php(933): App\Controllers\Home->save()
 3 SYSTEMPATH\CodeIgniter.php(509): CodeIgniter\CodeIgniter->runController(Object(App\Controllers\Home))
 4 SYSTEMPATH\CodeIgniter.php(355): CodeIgniter\CodeIgniter->handleRequest(null, Object(Config\Cache), false)
 5 SYSTEMPATH\Boot.php(312): CodeIgniter\CodeIgniter->run()
 6 SYSTEMPATH\Boot.php(67): CodeIgniter\Boot::runCodeIgniter(Object(CodeIgniter\CodeIgniter))
 7 FCPATH\index.php(57): CodeIgniter\Boot::bootWeb(Object(Config\Paths))
CRITICAL - 2024-05-20 08:59:21 --> ErrorException: Undefined variable $db
[Method: POST, Route: save]
in APPPATH\Controllers\Home.php on line 56.
 1 APPPATH\Controllers\Home.php(56): CodeIgniter\Debug\Exceptions->errorHandler(2, 'Undefined variable $db', 'G:\\xampp\\htdocs\\podcast\\app\\Controllers\\Home.php', 56)
 2 SYSTEMPATH\CodeIgniter.php(933): App\Controllers\Home->save()
 3 SYSTEMPATH\CodeIgniter.php(509): CodeIgniter\CodeIgniter->runController(Object(App\Controllers\Home))
 4 SYSTEMPATH\CodeIgniter.php(355): CodeIgniter\CodeIgniter->handleRequest(null, Object(Config\Cache), false)
 5 SYSTEMPATH\Boot.php(312): CodeIgniter\CodeIgniter->run()
 6 SYSTEMPATH\Boot.php(67): CodeIgniter\Boot::runCodeIgniter(Object(CodeIgniter\CodeIgniter))
 7 FCPATH\index.php(57): CodeIgniter\Boot::bootWeb(Object(Config\Paths))
CRITICAL - 2024-05-20 09:00:43 --> ErrorException: Undefined variable $db
[Method: POST, Route: save]
in APPPATH\Controllers\Home.php on line 56.
 1 APPPATH\Controllers\Home.php(56): CodeIgniter\Debug\Exceptions->errorHandler(2, 'Undefined variable $db', 'G:\\xampp\\htdocs\\podcast\\app\\Controllers\\Home.php', 56)
 2 SYSTEMPATH\CodeIgniter.php(933): App\Controllers\Home->save()
 3 SYSTEMPATH\CodeIgniter.php(509): CodeIgniter\CodeIgniter->runController(Object(App\Controllers\Home))
 4 SYSTEMPATH\CodeIgniter.php(355): CodeIgniter\CodeIgniter->handleRequest(null, Object(Config\Cache), false)
 5 SYSTEMPATH\Boot.php(312): CodeIgniter\CodeIgniter->run()
 6 SYSTEMPATH\Boot.php(67): CodeIgniter\Boot::runCodeIgniter(Object(CodeIgniter\CodeIgniter))
 7 FCPATH\index.php(57): CodeIgniter\Boot::bootWeb(Object(Config\Paths))
ERROR - 2024-05-20 09:01:50 --> mysqli_sql_exception: Column 'name' cannot be null in G:\xampp\htdocs\podcast\system\Database\MySQLi\Connection.php:308
Stack trace:
#0 G:\xampp\htdocs\podcast\system\Database\MySQLi\Connection.php(308): mysqli->query('INSERT INTO `re...', 0)
#1 G:\xampp\htdocs\podcast\system\Database\BaseConnection.php(722): CodeIgniter\Database\MySQLi\Connection->execute('INSERT INTO `re...')
#2 G:\xampp\htdocs\podcast\system\Database\BaseConnection.php(636): CodeIgniter\Database\BaseConnection->simpleQuery('INSERT INTO `re...')
#3 G:\xampp\htdocs\podcast\system\Database\BaseBuilder.php(2325): CodeIgniter\Database\BaseConnection->query('INSERT INTO `re...', Array, false)
#4 G:\xampp\htdocs\podcast\app\Controllers\Home.php(56): CodeIgniter\Database\BaseBuilder->insert(Array)
#5 G:\xampp\htdocs\podcast\system\CodeIgniter.php(933): App\Controllers\Home->save()
#6 G:\xampp\htdocs\podcast\system\CodeIgniter.php(509): CodeIgniter\CodeIgniter->runController(Object(App\Controllers\Home))
#7 G:\xampp\htdocs\podcast\system\CodeIgniter.php(355): CodeIgniter\CodeIgniter->handleRequest(NULL, Object(Config\Cache), false)
#8 G:\xampp\htdocs\podcast\system\Boot.php(312): CodeIgniter\CodeIgniter->run()
#9 G:\xampp\htdocs\podcast\system\Boot.php(67): CodeIgniter\Boot::runCodeIgniter(Object(CodeIgniter\CodeIgniter))
#10 G:\xampp\htdocs\podcast\index.php(57): CodeIgniter\Boot::bootWeb(Object(Config\Paths))
#11 {main}
CRITICAL - 2024-05-20 09:01:50 --> CodeIgniter\Database\Exceptions\DatabaseException: Column 'name' cannot be null
[Method: POST, Route: save]
in SYSTEMPATH\Database\BaseConnection.php on line 676.
 1 SYSTEMPATH\Database\BaseBuilder.php(2325): CodeIgniter\Database\BaseConnection->query('INSERT INTO `record` (`name`, `email`, `phone`, `company`, `service`, `row_date`) VALUES (:name:, :email:, :phone:, :company:, :service:, :row_date:)', [...], false)
 2 APPPATH\Controllers\Home.php(56): CodeIgniter\Database\BaseBuilder->insert([...])
 3 SYSTEMPATH\CodeIgniter.php(933): App\Controllers\Home->save()
 4 SYSTEMPATH\CodeIgniter.php(509): CodeIgniter\CodeIgniter->runController(Object(App\Controllers\Home))
 5 SYSTEMPATH\CodeIgniter.php(355): CodeIgniter\CodeIgniter->handleRequest(null, Object(Config\Cache), false)
 6 SYSTEMPATH\Boot.php(312): CodeIgniter\CodeIgniter->run()
 7 SYSTEMPATH\Boot.php(67): CodeIgniter\Boot::runCodeIgniter(Object(CodeIgniter\CodeIgniter))
 8 FCPATH\index.php(57): CodeIgniter\Boot::bootWeb(Object(Config\Paths))
CRITICAL - 2024-05-20 09:01:50 --> [Caused by] CodeIgniter\Database\Exceptions\DatabaseException: Column 'name' cannot be null
in SYSTEMPATH\Database\MySQLi\Connection.php on line 313.
 1 SYSTEMPATH\Database\BaseConnection.php(722): CodeIgniter\Database\MySQLi\Connection->execute('INSERT INTO `record` (`name`, `email`, `phone`, `company`, `service`, `row_date`) VALUES (NULL, \'saddam.emenac@gmail.com\', NULL, NULL, NULL, 1716195710)')
 2 SYSTEMPATH\Database\BaseConnection.php(636): CodeIgniter\Database\BaseConnection->simpleQuery('INSERT INTO `record` (`name`, `email`, `phone`, `company`, `service`, `row_date`) VALUES (NULL, \'saddam.emenac@gmail.com\', NULL, NULL, NULL, 1716195710)')
 3 SYSTEMPATH\Database\BaseBuilder.php(2325): CodeIgniter\Database\BaseConnection->query('INSERT INTO `record` (`name`, `email`, `phone`, `company`, `service`, `row_date`) VALUES (:name:, :email:, :phone:, :company:, :service:, :row_date:)', [...], false)
 4 APPPATH\Controllers\Home.php(56): CodeIgniter\Database\BaseBuilder->insert([...])
 5 SYSTEMPATH\CodeIgniter.php(933): App\Controllers\Home->save()
 6 SYSTEMPATH\CodeIgniter.php(509): CodeIgniter\CodeIgniter->runController(Object(App\Controllers\Home))
 7 SYSTEMPATH\CodeIgniter.php(355): CodeIgniter\CodeIgniter->handleRequest(null, Object(Config\Cache), false)
 8 SYSTEMPATH\Boot.php(312): CodeIgniter\CodeIgniter->run()
 9 SYSTEMPATH\Boot.php(67): CodeIgniter\Boot::runCodeIgniter(Object(CodeIgniter\CodeIgniter))
10 FCPATH\index.php(57): CodeIgniter\Boot::bootWeb(Object(Config\Paths))
CRITICAL - 2024-05-20 09:01:50 --> [Caused by] mysqli_sql_exception: Column 'name' cannot be null
in SYSTEMPATH\Database\MySQLi\Connection.php on line 308.
 1 SYSTEMPATH\Database\MySQLi\Connection.php(308): mysqli->query('INSERT INTO `record` (`name`, `email`, `phone`, `company`, `service`, `row_date`) VALUES (NULL, \'saddam.emenac@gmail.com\', NULL, NULL, NULL, 1716195710)', 0)
 2 SYSTEMPATH\Database\BaseConnection.php(722): CodeIgniter\Database\MySQLi\Connection->execute('INSERT INTO `record` (`name`, `email`, `phone`, `company`, `service`, `row_date`) VALUES (NULL, \'saddam.emenac@gmail.com\', NULL, NULL, NULL, 1716195710)')
 3 SYSTEMPATH\Database\BaseConnection.php(636): CodeIgniter\Database\BaseConnection->simpleQuery('INSERT INTO `record` (`name`, `email`, `phone`, `company`, `service`, `row_date`) VALUES (NULL, \'saddam.emenac@gmail.com\', NULL, NULL, NULL, 1716195710)')
 4 SYSTEMPATH\Database\BaseBuilder.php(2325): CodeIgniter\Database\BaseConnection->query('INSERT INTO `record` (`name`, `email`, `phone`, `company`, `service`, `row_date`) VALUES (:name:, :email:, :phone:, :company:, :service:, :row_date:)', [...], false)
 5 APPPATH\Controllers\Home.php(56): CodeIgniter\Database\BaseBuilder->insert([...])
 6 SYSTEMPATH\CodeIgniter.php(933): App\Controllers\Home->save()
 7 SYSTEMPATH\CodeIgniter.php(509): CodeIgniter\CodeIgniter->runController(Object(App\Controllers\Home))
 8 SYSTEMPATH\CodeIgniter.php(355): CodeIgniter\CodeIgniter->handleRequest(null, Object(Config\Cache), false)
 9 SYSTEMPATH\Boot.php(312): CodeIgniter\CodeIgniter->run()
10 SYSTEMPATH\Boot.php(67): CodeIgniter\Boot::runCodeIgniter(Object(CodeIgniter\CodeIgniter))
11 FCPATH\index.php(57): CodeIgniter\Boot::bootWeb(Object(Config\Paths))
ERROR - 2024-05-20 09:03:15 --> mysqli_sql_exception: Column 'name' cannot be null in G:\xampp\htdocs\podcast\system\Database\MySQLi\Connection.php:308
Stack trace:
#0 G:\xampp\htdocs\podcast\system\Database\MySQLi\Connection.php(308): mysqli->query('INSERT INTO `re...', 0)
#1 G:\xampp\htdocs\podcast\system\Database\BaseConnection.php(722): CodeIgniter\Database\MySQLi\Connection->execute('INSERT INTO `re...')
#2 G:\xampp\htdocs\podcast\system\Database\BaseConnection.php(636): CodeIgniter\Database\BaseConnection->simpleQuery('INSERT INTO `re...')
#3 G:\xampp\htdocs\podcast\system\Database\BaseBuilder.php(2325): CodeIgniter\Database\BaseConnection->query('INSERT INTO `re...', Array, false)
#4 G:\xampp\htdocs\podcast\app\Controllers\Home.php(56): CodeIgniter\Database\BaseBuilder->insert(Array)
#5 G:\xampp\htdocs\podcast\system\CodeIgniter.php(933): App\Controllers\Home->save()
#6 G:\xampp\htdocs\podcast\system\CodeIgniter.php(509): CodeIgniter\CodeIgniter->runController(Object(App\Controllers\Home))
#7 G:\xampp\htdocs\podcast\system\CodeIgniter.php(355): CodeIgniter\CodeIgniter->handleRequest(NULL, Object(Config\Cache), false)
#8 G:\xampp\htdocs\podcast\system\Boot.php(312): CodeIgniter\CodeIgniter->run()
#9 G:\xampp\htdocs\podcast\system\Boot.php(67): CodeIgniter\Boot::runCodeIgniter(Object(CodeIgniter\CodeIgniter))
#10 G:\xampp\htdocs\podcast\index.php(57): CodeIgniter\Boot::bootWeb(Object(Config\Paths))
#11 {main}
CRITICAL - 2024-05-20 09:03:15 --> CodeIgniter\Database\Exceptions\DatabaseException: Column 'name' cannot be null
[Method: POST, Route: save]
in SYSTEMPATH\Database\BaseConnection.php on line 676.
 1 SYSTEMPATH\Database\BaseBuilder.php(2325): CodeIgniter\Database\BaseConnection->query('INSERT INTO `record` (`name`, `email`, `phone`, `company`, `service`, `row_date`) VALUES (:name:, :email:, :phone:, :company:, :service:, :row_date:)', [...], false)
 2 APPPATH\Controllers\Home.php(56): CodeIgniter\Database\BaseBuilder->insert([...])
 3 SYSTEMPATH\CodeIgniter.php(933): App\Controllers\Home->save()
 4 SYSTEMPATH\CodeIgniter.php(509): CodeIgniter\CodeIgniter->runController(Object(App\Controllers\Home))
 5 SYSTEMPATH\CodeIgniter.php(355): CodeIgniter\CodeIgniter->handleRequest(null, Object(Config\Cache), false)
 6 SYSTEMPATH\Boot.php(312): CodeIgniter\CodeIgniter->run()
 7 SYSTEMPATH\Boot.php(67): CodeIgniter\Boot::runCodeIgniter(Object(CodeIgniter\CodeIgniter))
 8 FCPATH\index.php(57): CodeIgniter\Boot::bootWeb(Object(Config\Paths))
CRITICAL - 2024-05-20 09:03:15 --> [Caused by] CodeIgniter\Database\Exceptions\DatabaseException: Column 'name' cannot be null
in SYSTEMPATH\Database\MySQLi\Connection.php on line 313.
 1 SYSTEMPATH\Database\BaseConnection.php(722): CodeIgniter\Database\MySQLi\Connection->execute('INSERT INTO `record` (`name`, `email`, `phone`, `company`, `service`, `row_date`) VALUES (NULL, \'saddam.emenac@gmail.com\', NULL, NULL, NULL, 1716195795)')
 2 SYSTEMPATH\Database\BaseConnection.php(636): CodeIgniter\Database\BaseConnection->simpleQuery('INSERT INTO `record` (`name`, `email`, `phone`, `company`, `service`, `row_date`) VALUES (NULL, \'saddam.emenac@gmail.com\', NULL, NULL, NULL, 1716195795)')
 3 SYSTEMPATH\Database\BaseBuilder.php(2325): CodeIgniter\Database\BaseConnection->query('INSERT INTO `record` (`name`, `email`, `phone`, `company`, `service`, `row_date`) VALUES (:name:, :email:, :phone:, :company:, :service:, :row_date:)', [...], false)
 4 APPPATH\Controllers\Home.php(56): CodeIgniter\Database\BaseBuilder->insert([...])
 5 SYSTEMPATH\CodeIgniter.php(933): App\Controllers\Home->save()
 6 SYSTEMPATH\CodeIgniter.php(509): CodeIgniter\CodeIgniter->runController(Object(App\Controllers\Home))
 7 SYSTEMPATH\CodeIgniter.php(355): CodeIgniter\CodeIgniter->handleRequest(null, Object(Config\Cache), false)
 8 SYSTEMPATH\Boot.php(312): CodeIgniter\CodeIgniter->run()
 9 SYSTEMPATH\Boot.php(67): CodeIgniter\Boot::runCodeIgniter(Object(CodeIgniter\CodeIgniter))
10 FCPATH\index.php(57): CodeIgniter\Boot::bootWeb(Object(Config\Paths))
CRITICAL - 2024-05-20 09:03:15 --> [Caused by] mysqli_sql_exception: Column 'name' cannot be null
in SYSTEMPATH\Database\MySQLi\Connection.php on line 308.
 1 SYSTEMPATH\Database\MySQLi\Connection.php(308): mysqli->query('INSERT INTO `record` (`name`, `email`, `phone`, `company`, `service`, `row_date`) VALUES (NULL, \'saddam.emenac@gmail.com\', NULL, NULL, NULL, 1716195795)', 0)
 2 SYSTEMPATH\Database\BaseConnection.php(722): CodeIgniter\Database\MySQLi\Connection->execute('INSERT INTO `record` (`name`, `email`, `phone`, `company`, `service`, `row_date`) VALUES (NULL, \'saddam.emenac@gmail.com\', NULL, NULL, NULL, 1716195795)')
 3 SYSTEMPATH\Database\BaseConnection.php(636): CodeIgniter\Database\BaseConnection->simpleQuery('INSERT INTO `record` (`name`, `email`, `phone`, `company`, `service`, `row_date`) VALUES (NULL, \'saddam.emenac@gmail.com\', NULL, NULL, NULL, 1716195795)')
 4 SYSTEMPATH\Database\BaseBuilder.php(2325): CodeIgniter\Database\BaseConnection->query('INSERT INTO `record` (`name`, `email`, `phone`, `company`, `service`, `row_date`) VALUES (:name:, :email:, :phone:, :company:, :service:, :row_date:)', [...], false)
 5 APPPATH\Controllers\Home.php(56): CodeIgniter\Database\BaseBuilder->insert([...])
 6 SYSTEMPATH\CodeIgniter.php(933): App\Controllers\Home->save()
 7 SYSTEMPATH\CodeIgniter.php(509): CodeIgniter\CodeIgniter->runController(Object(App\Controllers\Home))
 8 SYSTEMPATH\CodeIgniter.php(355): CodeIgniter\CodeIgniter->handleRequest(null, Object(Config\Cache), false)
 9 SYSTEMPATH\Boot.php(312): CodeIgniter\CodeIgniter->run()
10 SYSTEMPATH\Boot.php(67): CodeIgniter\Boot::runCodeIgniter(Object(CodeIgniter\CodeIgniter))
11 FCPATH\index.php(57): CodeIgniter\Boot::bootWeb(Object(Config\Paths))
ERROR - 2024-05-20 09:03:23 --> mysqli_sql_exception: Column 'name' cannot be null in G:\xampp\htdocs\podcast\system\Database\MySQLi\Connection.php:308
Stack trace:
#0 G:\xampp\htdocs\podcast\system\Database\MySQLi\Connection.php(308): mysqli->query('INSERT INTO `re...', 0)
#1 G:\xampp\htdocs\podcast\system\Database\BaseConnection.php(722): CodeIgniter\Database\MySQLi\Connection->execute('INSERT INTO `re...')
#2 G:\xampp\htdocs\podcast\system\Database\BaseConnection.php(636): CodeIgniter\Database\BaseConnection->simpleQuery('INSERT INTO `re...')
#3 G:\xampp\htdocs\podcast\system\Database\BaseBuilder.php(2325): CodeIgniter\Database\BaseConnection->query('INSERT INTO `re...', Array, false)
#4 G:\xampp\htdocs\podcast\app\Controllers\Home.php(56): CodeIgniter\Database\BaseBuilder->insert(Array)
#5 G:\xampp\htdocs\podcast\system\CodeIgniter.php(933): App\Controllers\Home->save()
#6 G:\xampp\htdocs\podcast\system\CodeIgniter.php(509): CodeIgniter\CodeIgniter->runController(Object(App\Controllers\Home))
#7 G:\xampp\htdocs\podcast\system\CodeIgniter.php(355): CodeIgniter\CodeIgniter->handleRequest(NULL, Object(Config\Cache), false)
#8 G:\xampp\htdocs\podcast\system\Boot.php(312): CodeIgniter\CodeIgniter->run()
#9 G:\xampp\htdocs\podcast\system\Boot.php(67): CodeIgniter\Boot::runCodeIgniter(Object(CodeIgniter\CodeIgniter))
#10 G:\xampp\htdocs\podcast\index.php(57): CodeIgniter\Boot::bootWeb(Object(Config\Paths))
#11 {main}
CRITICAL - 2024-05-20 09:03:23 --> CodeIgniter\Database\Exceptions\DatabaseException: Column 'name' cannot be null
[Method: POST, Route: save]
in SYSTEMPATH\Database\BaseConnection.php on line 676.
 1 SYSTEMPATH\Database\BaseBuilder.php(2325): CodeIgniter\Database\BaseConnection->query('INSERT INTO `record` (`name`, `email`, `phone`, `company`, `service`, `row_date`) VALUES (:name:, :email:, :phone:, :company:, :service:, :row_date:)', [...], false)
 2 APPPATH\Controllers\Home.php(56): CodeIgniter\Database\BaseBuilder->insert([...])
 3 SYSTEMPATH\CodeIgniter.php(933): App\Controllers\Home->save()
 4 SYSTEMPATH\CodeIgniter.php(509): CodeIgniter\CodeIgniter->runController(Object(App\Controllers\Home))
 5 SYSTEMPATH\CodeIgniter.php(355): CodeIgniter\CodeIgniter->handleRequest(null, Object(Config\Cache), false)
 6 SYSTEMPATH\Boot.php(312): CodeIgniter\CodeIgniter->run()
 7 SYSTEMPATH\Boot.php(67): CodeIgniter\Boot::runCodeIgniter(Object(CodeIgniter\CodeIgniter))
 8 FCPATH\index.php(57): CodeIgniter\Boot::bootWeb(Object(Config\Paths))
CRITICAL - 2024-05-20 09:03:23 --> [Caused by] CodeIgniter\Database\Exceptions\DatabaseException: Column 'name' cannot be null
in SYSTEMPATH\Database\MySQLi\Connection.php on line 313.
 1 SYSTEMPATH\Database\BaseConnection.php(722): CodeIgniter\Database\MySQLi\Connection->execute('INSERT INTO `record` (`name`, `email`, `phone`, `company`, `service`, `row_date`) VALUES (NULL, \'saddam.emenac@gmail.com\', NULL, NULL, NULL, 1716195803)')
 2 SYSTEMPATH\Database\BaseConnection.php(636): CodeIgniter\Database\BaseConnection->simpleQuery('INSERT INTO `record` (`name`, `email`, `phone`, `company`, `service`, `row_date`) VALUES (NULL, \'saddam.emenac@gmail.com\', NULL, NULL, NULL, 1716195803)')
 3 SYSTEMPATH\Database\BaseBuilder.php(2325): CodeIgniter\Database\BaseConnection->query('INSERT INTO `record` (`name`, `email`, `phone`, `company`, `service`, `row_date`) VALUES (:name:, :email:, :phone:, :company:, :service:, :row_date:)', [...], false)
 4 APPPATH\Controllers\Home.php(56): CodeIgniter\Database\BaseBuilder->insert([...])
 5 SYSTEMPATH\CodeIgniter.php(933): App\Controllers\Home->save()
 6 SYSTEMPATH\CodeIgniter.php(509): CodeIgniter\CodeIgniter->runController(Object(App\Controllers\Home))
 7 SYSTEMPATH\CodeIgniter.php(355): CodeIgniter\CodeIgniter->handleRequest(null, Object(Config\Cache), false)
 8 SYSTEMPATH\Boot.php(312): CodeIgniter\CodeIgniter->run()
 9 SYSTEMPATH\Boot.php(67): CodeIgniter\Boot::runCodeIgniter(Object(CodeIgniter\CodeIgniter))
10 FCPATH\index.php(57): CodeIgniter\Boot::bootWeb(Object(Config\Paths))
CRITICAL - 2024-05-20 09:03:23 --> [Caused by] mysqli_sql_exception: Column 'name' cannot be null
in SYSTEMPATH\Database\MySQLi\Connection.php on line 308.
 1 SYSTEMPATH\Database\MySQLi\Connection.php(308): mysqli->query('INSERT INTO `record` (`name`, `email`, `phone`, `company`, `service`, `row_date`) VALUES (NULL, \'saddam.emenac@gmail.com\', NULL, NULL, NULL, 1716195803)', 0)
 2 SYSTEMPATH\Database\BaseConnection.php(722): CodeIgniter\Database\MySQLi\Connection->execute('INSERT INTO `record` (`name`, `email`, `phone`, `company`, `service`, `row_date`) VALUES (NULL, \'saddam.emenac@gmail.com\', NULL, NULL, NULL, 1716195803)')
 3 SYSTEMPATH\Database\BaseConnection.php(636): CodeIgniter\Database\BaseConnection->simpleQuery('INSERT INTO `record` (`name`, `email`, `phone`, `company`, `service`, `row_date`) VALUES (NULL, \'saddam.emenac@gmail.com\', NULL, NULL, NULL, 1716195803)')
 4 SYSTEMPATH\Database\BaseBuilder.php(2325): CodeIgniter\Database\BaseConnection->query('INSERT INTO `record` (`name`, `email`, `phone`, `company`, `service`, `row_date`) VALUES (:name:, :email:, :phone:, :company:, :service:, :row_date:)', [...], false)
 5 APPPATH\Controllers\Home.php(56): CodeIgniter\Database\BaseBuilder->insert([...])
 6 SYSTEMPATH\CodeIgniter.php(933): App\Controllers\Home->save()
 7 SYSTEMPATH\CodeIgniter.php(509): CodeIgniter\CodeIgniter->runController(Object(App\Controllers\Home))
 8 SYSTEMPATH\CodeIgniter.php(355): CodeIgniter\CodeIgniter->handleRequest(null, Object(Config\Cache), false)
 9 SYSTEMPATH\Boot.php(312): CodeIgniter\CodeIgniter->run()
10 SYSTEMPATH\Boot.php(67): CodeIgniter\Boot::runCodeIgniter(Object(CodeIgniter\CodeIgniter))
11 FCPATH\index.php(57): CodeIgniter\Boot::bootWeb(Object(Config\Paths))
ERROR - 2024-05-20 09:03:42 --> mysqli_sql_exception: Column 'name' cannot be null in G:\xampp\htdocs\podcast\system\Database\MySQLi\Connection.php:308
Stack trace:
#0 G:\xampp\htdocs\podcast\system\Database\MySQLi\Connection.php(308): mysqli->query('INSERT INTO `re...', 0)
#1 G:\xampp\htdocs\podcast\system\Database\BaseConnection.php(722): CodeIgniter\Database\MySQLi\Connection->execute('INSERT INTO `re...')
#2 G:\xampp\htdocs\podcast\system\Database\BaseConnection.php(636): CodeIgniter\Database\BaseConnection->simpleQuery('INSERT INTO `re...')
#3 G:\xampp\htdocs\podcast\system\Database\BaseBuilder.php(2325): CodeIgniter\Database\BaseConnection->query('INSERT INTO `re...', Array, false)
#4 G:\xampp\htdocs\podcast\app\Controllers\Home.php(56): CodeIgniter\Database\BaseBuilder->insert(Array)
#5 G:\xampp\htdocs\podcast\system\CodeIgniter.php(933): App\Controllers\Home->save()
#6 G:\xampp\htdocs\podcast\system\CodeIgniter.php(509): CodeIgniter\CodeIgniter->runController(Object(App\Controllers\Home))
#7 G:\xampp\htdocs\podcast\system\CodeIgniter.php(355): CodeIgniter\CodeIgniter->handleRequest(NULL, Object(Config\Cache), false)
#8 G:\xampp\htdocs\podcast\system\Boot.php(312): CodeIgniter\CodeIgniter->run()
#9 G:\xampp\htdocs\podcast\system\Boot.php(67): CodeIgniter\Boot::runCodeIgniter(Object(CodeIgniter\CodeIgniter))
#10 G:\xampp\htdocs\podcast\index.php(57): CodeIgniter\Boot::bootWeb(Object(Config\Paths))
#11 {main}
CRITICAL - 2024-05-20 09:03:42 --> CodeIgniter\Database\Exceptions\DatabaseException: Column 'name' cannot be null
[Method: POST, Route: save]
in SYSTEMPATH\Database\BaseConnection.php on line 676.
 1 SYSTEMPATH\Database\BaseBuilder.php(2325): CodeIgniter\Database\BaseConnection->query('INSERT INTO `record` (`name`, `email`, `phone`, `company`, `service`, `row_date`) VALUES (:name:, :email:, :phone:, :company:, :service:, :row_date:)', [...], false)
 2 APPPATH\Controllers\Home.php(56): CodeIgniter\Database\BaseBuilder->insert([...])
 3 SYSTEMPATH\CodeIgniter.php(933): App\Controllers\Home->save()
 4 SYSTEMPATH\CodeIgniter.php(509): CodeIgniter\CodeIgniter->runController(Object(App\Controllers\Home))
 5 SYSTEMPATH\CodeIgniter.php(355): CodeIgniter\CodeIgniter->handleRequest(null, Object(Config\Cache), false)
 6 SYSTEMPATH\Boot.php(312): CodeIgniter\CodeIgniter->run()
 7 SYSTEMPATH\Boot.php(67): CodeIgniter\Boot::runCodeIgniter(Object(CodeIgniter\CodeIgniter))
 8 FCPATH\index.php(57): CodeIgniter\Boot::bootWeb(Object(Config\Paths))
CRITICAL - 2024-05-20 09:03:42 --> [Caused by] CodeIgniter\Database\Exceptions\DatabaseException: Column 'name' cannot be null
in SYSTEMPATH\Database\MySQLi\Connection.php on line 313.
 1 SYSTEMPATH\Database\BaseConnection.php(722): CodeIgniter\Database\MySQLi\Connection->execute('INSERT INTO `record` (`name`, `email`, `phone`, `company`, `service`, `row_date`) VALUES (NULL, \'saddam.emenac@gmail.com\', NULL, NULL, NULL, 1716195822)')
 2 SYSTEMPATH\Database\BaseConnection.php(636): CodeIgniter\Database\BaseConnection->simpleQuery('INSERT INTO `record` (`name`, `email`, `phone`, `company`, `service`, `row_date`) VALUES (NULL, \'saddam.emenac@gmail.com\', NULL, NULL, NULL, 1716195822)')
 3 SYSTEMPATH\Database\BaseBuilder.php(2325): CodeIgniter\Database\BaseConnection->query('INSERT INTO `record` (`name`, `email`, `phone`, `company`, `service`, `row_date`) VALUES (:name:, :email:, :phone:, :company:, :service:, :row_date:)', [...], false)
 4 APPPATH\Controllers\Home.php(56): CodeIgniter\Database\BaseBuilder->insert([...])
 5 SYSTEMPATH\CodeIgniter.php(933): App\Controllers\Home->save()
 6 SYSTEMPATH\CodeIgniter.php(509): CodeIgniter\CodeIgniter->runController(Object(App\Controllers\Home))
 7 SYSTEMPATH\CodeIgniter.php(355): CodeIgniter\CodeIgniter->handleRequest(null, Object(Config\Cache), false)
 8 SYSTEMPATH\Boot.php(312): CodeIgniter\CodeIgniter->run()
 9 SYSTEMPATH\Boot.php(67): CodeIgniter\Boot::runCodeIgniter(Object(CodeIgniter\CodeIgniter))
10 FCPATH\index.php(57): CodeIgniter\Boot::bootWeb(Object(Config\Paths))
CRITICAL - 2024-05-20 09:03:42 --> [Caused by] mysqli_sql_exception: Column 'name' cannot be null
in SYSTEMPATH\Database\MySQLi\Connection.php on line 308.
 1 SYSTEMPATH\Database\MySQLi\Connection.php(308): mysqli->query('INSERT INTO `record` (`name`, `email`, `phone`, `company`, `service`, `row_date`) VALUES (NULL, \'saddam.emenac@gmail.com\', NULL, NULL, NULL, 1716195822)', 0)
 2 SYSTEMPATH\Database\BaseConnection.php(722): CodeIgniter\Database\MySQLi\Connection->execute('INSERT INTO `record` (`name`, `email`, `phone`, `company`, `service`, `row_date`) VALUES (NULL, \'saddam.emenac@gmail.com\', NULL, NULL, NULL, 1716195822)')
 3 SYSTEMPATH\Database\BaseConnection.php(636): CodeIgniter\Database\BaseConnection->simpleQuery('INSERT INTO `record` (`name`, `email`, `phone`, `company`, `service`, `row_date`) VALUES (NULL, \'saddam.emenac@gmail.com\', NULL, NULL, NULL, 1716195822)')
 4 SYSTEMPATH\Database\BaseBuilder.php(2325): CodeIgniter\Database\BaseConnection->query('INSERT INTO `record` (`name`, `email`, `phone`, `company`, `service`, `row_date`) VALUES (:name:, :email:, :phone:, :company:, :service:, :row_date:)', [...], false)
 5 APPPATH\Controllers\Home.php(56): CodeIgniter\Database\BaseBuilder->insert([...])
 6 SYSTEMPATH\CodeIgniter.php(933): App\Controllers\Home->save()
 7 SYSTEMPATH\CodeIgniter.php(509): CodeIgniter\CodeIgniter->runController(Object(App\Controllers\Home))
 8 SYSTEMPATH\CodeIgniter.php(355): CodeIgniter\CodeIgniter->handleRequest(null, Object(Config\Cache), false)
 9 SYSTEMPATH\Boot.php(312): CodeIgniter\CodeIgniter->run()
10 SYSTEMPATH\Boot.php(67): CodeIgniter\Boot::runCodeIgniter(Object(CodeIgniter\CodeIgniter))
11 FCPATH\index.php(57): CodeIgniter\Boot::bootWeb(Object(Config\Paths))
ERROR - 2024-05-20 09:03:44 --> mysqli_sql_exception: Column 'name' cannot be null in G:\xampp\htdocs\podcast\system\Database\MySQLi\Connection.php:308
Stack trace:
#0 G:\xampp\htdocs\podcast\system\Database\MySQLi\Connection.php(308): mysqli->query('INSERT INTO `re...', 0)
#1 G:\xampp\htdocs\podcast\system\Database\BaseConnection.php(722): CodeIgniter\Database\MySQLi\Connection->execute('INSERT INTO `re...')
#2 G:\xampp\htdocs\podcast\system\Database\BaseConnection.php(636): CodeIgniter\Database\BaseConnection->simpleQuery('INSERT INTO `re...')
#3 G:\xampp\htdocs\podcast\system\Database\BaseBuilder.php(2325): CodeIgniter\Database\BaseConnection->query('INSERT INTO `re...', Array, false)
#4 G:\xampp\htdocs\podcast\app\Controllers\Home.php(56): CodeIgniter\Database\BaseBuilder->insert(Array)
#5 G:\xampp\htdocs\podcast\system\CodeIgniter.php(933): App\Controllers\Home->save()
#6 G:\xampp\htdocs\podcast\system\CodeIgniter.php(509): CodeIgniter\CodeIgniter->runController(Object(App\Controllers\Home))
#7 G:\xampp\htdocs\podcast\system\CodeIgniter.php(355): CodeIgniter\CodeIgniter->handleRequest(NULL, Object(Config\Cache), false)
#8 G:\xampp\htdocs\podcast\system\Boot.php(312): CodeIgniter\CodeIgniter->run()
#9 G:\xampp\htdocs\podcast\system\Boot.php(67): CodeIgniter\Boot::runCodeIgniter(Object(CodeIgniter\CodeIgniter))
#10 G:\xampp\htdocs\podcast\index.php(57): CodeIgniter\Boot::bootWeb(Object(Config\Paths))
#11 {main}
CRITICAL - 2024-05-20 09:03:44 --> CodeIgniter\Database\Exceptions\DatabaseException: Column 'name' cannot be null
[Method: POST, Route: save]
in SYSTEMPATH\Database\BaseConnection.php on line 676.
 1 SYSTEMPATH\Database\BaseBuilder.php(2325): CodeIgniter\Database\BaseConnection->query('INSERT INTO `record` (`name`, `email`, `phone`, `company`, `service`, `row_date`) VALUES (:name:, :email:, :phone:, :company:, :service:, :row_date:)', [...], false)
 2 APPPATH\Controllers\Home.php(56): CodeIgniter\Database\BaseBuilder->insert([...])
 3 SYSTEMPATH\CodeIgniter.php(933): App\Controllers\Home->save()
 4 SYSTEMPATH\CodeIgniter.php(509): CodeIgniter\CodeIgniter->runController(Object(App\Controllers\Home))
 5 SYSTEMPATH\CodeIgniter.php(355): CodeIgniter\CodeIgniter->handleRequest(null, Object(Config\Cache), false)
 6 SYSTEMPATH\Boot.php(312): CodeIgniter\CodeIgniter->run()
 7 SYSTEMPATH\Boot.php(67): CodeIgniter\Boot::runCodeIgniter(Object(CodeIgniter\CodeIgniter))
 8 FCPATH\index.php(57): CodeIgniter\Boot::bootWeb(Object(Config\Paths))
CRITICAL - 2024-05-20 09:03:44 --> [Caused by] CodeIgniter\Database\Exceptions\DatabaseException: Column 'name' cannot be null
in SYSTEMPATH\Database\MySQLi\Connection.php on line 313.
 1 SYSTEMPATH\Database\BaseConnection.php(722): CodeIgniter\Database\MySQLi\Connection->execute('INSERT INTO `record` (`name`, `email`, `phone`, `company`, `service`, `row_date`) VALUES (NULL, \'saddam.emenac@gmail.com\', NULL, NULL, NULL, 1716195824)')
 2 SYSTEMPATH\Database\BaseConnection.php(636): CodeIgniter\Database\BaseConnection->simpleQuery('INSERT INTO `record` (`name`, `email`, `phone`, `company`, `service`, `row_date`) VALUES (NULL, \'saddam.emenac@gmail.com\', NULL, NULL, NULL, 1716195824)')
 3 SYSTEMPATH\Database\BaseBuilder.php(2325): CodeIgniter\Database\BaseConnection->query('INSERT INTO `record` (`name`, `email`, `phone`, `company`, `service`, `row_date`) VALUES (:name:, :email:, :phone:, :company:, :service:, :row_date:)', [...], false)
 4 APPPATH\Controllers\Home.php(56): CodeIgniter\Database\BaseBuilder->insert([...])
 5 SYSTEMPATH\CodeIgniter.php(933): App\Controllers\Home->save()
 6 SYSTEMPATH\CodeIgniter.php(509): CodeIgniter\CodeIgniter->runController(Object(App\Controllers\Home))
 7 SYSTEMPATH\CodeIgniter.php(355): CodeIgniter\CodeIgniter->handleRequest(null, Object(Config\Cache), false)
 8 SYSTEMPATH\Boot.php(312): CodeIgniter\CodeIgniter->run()
 9 SYSTEMPATH\Boot.php(67): CodeIgniter\Boot::runCodeIgniter(Object(CodeIgniter\CodeIgniter))
10 FCPATH\index.php(57): CodeIgniter\Boot::bootWeb(Object(Config\Paths))
CRITICAL - 2024-05-20 09:03:44 --> [Caused by] mysqli_sql_exception: Column 'name' cannot be null
in SYSTEMPATH\Database\MySQLi\Connection.php on line 308.
 1 SYSTEMPATH\Database\MySQLi\Connection.php(308): mysqli->query('INSERT INTO `record` (`name`, `email`, `phone`, `company`, `service`, `row_date`) VALUES (NULL, \'saddam.emenac@gmail.com\', NULL, NULL, NULL, 1716195824)', 0)
 2 SYSTEMPATH\Database\BaseConnection.php(722): CodeIgniter\Database\MySQLi\Connection->execute('INSERT INTO `record` (`name`, `email`, `phone`, `company`, `service`, `row_date`) VALUES (NULL, \'saddam.emenac@gmail.com\', NULL, NULL, NULL, 1716195824)')
 3 SYSTEMPATH\Database\BaseConnection.php(636): CodeIgniter\Database\BaseConnection->simpleQuery('INSERT INTO `record` (`name`, `email`, `phone`, `company`, `service`, `row_date`) VALUES (NULL, \'saddam.emenac@gmail.com\', NULL, NULL, NULL, 1716195824)')
 4 SYSTEMPATH\Database\BaseBuilder.php(2325): CodeIgniter\Database\BaseConnection->query('INSERT INTO `record` (`name`, `email`, `phone`, `company`, `service`, `row_date`) VALUES (:name:, :email:, :phone:, :company:, :service:, :row_date:)', [...], false)
 5 APPPATH\Controllers\Home.php(56): CodeIgniter\Database\BaseBuilder->insert([...])
 6 SYSTEMPATH\CodeIgniter.php(933): App\Controllers\Home->save()
 7 SYSTEMPATH\CodeIgniter.php(509): CodeIgniter\CodeIgniter->runController(Object(App\Controllers\Home))
 8 SYSTEMPATH\CodeIgniter.php(355): CodeIgniter\CodeIgniter->handleRequest(null, Object(Config\Cache), false)
 9 SYSTEMPATH\Boot.php(312): CodeIgniter\CodeIgniter->run()
10 SYSTEMPATH\Boot.php(67): CodeIgniter\Boot::runCodeIgniter(Object(CodeIgniter\CodeIgniter))
11 FCPATH\index.php(57): CodeIgniter\Boot::bootWeb(Object(Config\Paths))
ERROR - 2024-05-20 09:04:12 --> mysqli_sql_exception: Column 'name' cannot be null in G:\xampp\htdocs\podcast\system\Database\MySQLi\Connection.php:308
Stack trace:
#0 G:\xampp\htdocs\podcast\system\Database\MySQLi\Connection.php(308): mysqli->query('INSERT INTO `re...', 0)
#1 G:\xampp\htdocs\podcast\system\Database\BaseConnection.php(722): CodeIgniter\Database\MySQLi\Connection->execute('INSERT INTO `re...')
#2 G:\xampp\htdocs\podcast\system\Database\BaseConnection.php(636): CodeIgniter\Database\BaseConnection->simpleQuery('INSERT INTO `re...')
#3 G:\xampp\htdocs\podcast\system\Database\BaseBuilder.php(2325): CodeIgniter\Database\BaseConnection->query('INSERT INTO `re...', Array, false)
#4 G:\xampp\htdocs\podcast\app\Controllers\Home.php(56): CodeIgniter\Database\BaseBuilder->insert(Array)
#5 G:\xampp\htdocs\podcast\system\CodeIgniter.php(933): App\Controllers\Home->save()
#6 G:\xampp\htdocs\podcast\system\CodeIgniter.php(509): CodeIgniter\CodeIgniter->runController(Object(App\Controllers\Home))
#7 G:\xampp\htdocs\podcast\system\CodeIgniter.php(355): CodeIgniter\CodeIgniter->handleRequest(NULL, Object(Config\Cache), false)
#8 G:\xampp\htdocs\podcast\system\Boot.php(312): CodeIgniter\CodeIgniter->run()
#9 G:\xampp\htdocs\podcast\system\Boot.php(67): CodeIgniter\Boot::runCodeIgniter(Object(CodeIgniter\CodeIgniter))
#10 G:\xampp\htdocs\podcast\index.php(57): CodeIgniter\Boot::bootWeb(Object(Config\Paths))
#11 {main}
CRITICAL - 2024-05-20 09:04:12 --> CodeIgniter\Database\Exceptions\DatabaseException: Column 'name' cannot be null
[Method: POST, Route: save]
in SYSTEMPATH\Database\BaseConnection.php on line 676.
 1 SYSTEMPATH\Database\BaseBuilder.php(2325): CodeIgniter\Database\BaseConnection->query('INSERT INTO `record` (`name`, `email`, `phone`, `company`, `service`, `row_date`) VALUES (:name:, :email:, :phone:, :company:, :service:, :row_date:)', [...], false)
 2 APPPATH\Controllers\Home.php(56): CodeIgniter\Database\BaseBuilder->insert([...])
 3 SYSTEMPATH\CodeIgniter.php(933): App\Controllers\Home->save()
 4 SYSTEMPATH\CodeIgniter.php(509): CodeIgniter\CodeIgniter->runController(Object(App\Controllers\Home))
 5 SYSTEMPATH\CodeIgniter.php(355): CodeIgniter\CodeIgniter->handleRequest(null, Object(Config\Cache), false)
 6 SYSTEMPATH\Boot.php(312): CodeIgniter\CodeIgniter->run()
 7 SYSTEMPATH\Boot.php(67): CodeIgniter\Boot::runCodeIgniter(Object(CodeIgniter\CodeIgniter))
 8 FCPATH\index.php(57): CodeIgniter\Boot::bootWeb(Object(Config\Paths))
CRITICAL - 2024-05-20 09:04:12 --> [Caused by] CodeIgniter\Database\Exceptions\DatabaseException: Column 'name' cannot be null
in SYSTEMPATH\Database\MySQLi\Connection.php on line 313.
 1 SYSTEMPATH\Database\BaseConnection.php(722): CodeIgniter\Database\MySQLi\Connection->execute('INSERT INTO `record` (`name`, `email`, `phone`, `company`, `service`, `row_date`) VALUES (NULL, \'saddam.emenac@gmail.com\', NULL, NULL, NULL, 1716195852)')
 2 SYSTEMPATH\Database\BaseConnection.php(636): CodeIgniter\Database\BaseConnection->simpleQuery('INSERT INTO `record` (`name`, `email`, `phone`, `company`, `service`, `row_date`) VALUES (NULL, \'saddam.emenac@gmail.com\', NULL, NULL, NULL, 1716195852)')
 3 SYSTEMPATH\Database\BaseBuilder.php(2325): CodeIgniter\Database\BaseConnection->query('INSERT INTO `record` (`name`, `email`, `phone`, `company`, `service`, `row_date`) VALUES (:name:, :email:, :phone:, :company:, :service:, :row_date:)', [...], false)
 4 APPPATH\Controllers\Home.php(56): CodeIgniter\Database\BaseBuilder->insert([...])
 5 SYSTEMPATH\CodeIgniter.php(933): App\Controllers\Home->save()
 6 SYSTEMPATH\CodeIgniter.php(509): CodeIgniter\CodeIgniter->runController(Object(App\Controllers\Home))
 7 SYSTEMPATH\CodeIgniter.php(355): CodeIgniter\CodeIgniter->handleRequest(null, Object(Config\Cache), false)
 8 SYSTEMPATH\Boot.php(312): CodeIgniter\CodeIgniter->run()
 9 SYSTEMPATH\Boot.php(67): CodeIgniter\Boot::runCodeIgniter(Object(CodeIgniter\CodeIgniter))
10 FCPATH\index.php(57): CodeIgniter\Boot::bootWeb(Object(Config\Paths))
CRITICAL - 2024-05-20 09:04:12 --> [Caused by] mysqli_sql_exception: Column 'name' cannot be null
in SYSTEMPATH\Database\MySQLi\Connection.php on line 308.
 1 SYSTEMPATH\Database\MySQLi\Connection.php(308): mysqli->query('INSERT INTO `record` (`name`, `email`, `phone`, `company`, `service`, `row_date`) VALUES (NULL, \'saddam.emenac@gmail.com\', NULL, NULL, NULL, 1716195852)', 0)
 2 SYSTEMPATH\Database\BaseConnection.php(722): CodeIgniter\Database\MySQLi\Connection->execute('INSERT INTO `record` (`name`, `email`, `phone`, `company`, `service`, `row_date`) VALUES (NULL, \'saddam.emenac@gmail.com\', NULL, NULL, NULL, 1716195852)')
 3 SYSTEMPATH\Database\BaseConnection.php(636): CodeIgniter\Database\BaseConnection->simpleQuery('INSERT INTO `record` (`name`, `email`, `phone`, `company`, `service`, `row_date`) VALUES (NULL, \'saddam.emenac@gmail.com\', NULL, NULL, NULL, 1716195852)')
 4 SYSTEMPATH\Database\BaseBuilder.php(2325): CodeIgniter\Database\BaseConnection->query('INSERT INTO `record` (`name`, `email`, `phone`, `company`, `service`, `row_date`) VALUES (:name:, :email:, :phone:, :company:, :service:, :row_date:)', [...], false)
 5 APPPATH\Controllers\Home.php(56): CodeIgniter\Database\BaseBuilder->insert([...])
 6 SYSTEMPATH\CodeIgniter.php(933): App\Controllers\Home->save()
 7 SYSTEMPATH\CodeIgniter.php(509): CodeIgniter\CodeIgniter->runController(Object(App\Controllers\Home))
 8 SYSTEMPATH\CodeIgniter.php(355): CodeIgniter\CodeIgniter->handleRequest(null, Object(Config\Cache), false)
 9 SYSTEMPATH\Boot.php(312): CodeIgniter\CodeIgniter->run()
10 SYSTEMPATH\Boot.php(67): CodeIgniter\Boot::runCodeIgniter(Object(CodeIgniter\CodeIgniter))
11 FCPATH\index.php(57): CodeIgniter\Boot::bootWeb(Object(Config\Paths))
CRITICAL - 2024-05-20 09:55:23 --> ErrorException: Undefined property: stdClass::$id
[Method: GET, Route: get]
in APPPATH\Views\viewdata.php on line 84.
 1 APPPATH\Views\viewdata.php(84): CodeIgniter\Debug\Exceptions->errorHandler(2, 'Undefined property: stdClass::$id', 'G:\\xampp\\htdocs\\podcast\\app\\Views\\viewdata.php', 84)
 2 APPPATH\Views\page.php(4): include('G:\\xampp\\htdocs\\podcast\\app\\Views\\viewdata.php')
 3 SYSTEMPATH\View\View.php(234): include('G:\\xampp\\htdocs\\podcast\\app\\Views\\page.php')
 4 SYSTEMPATH\View\View.php(237): CodeIgniter\View\View->CodeIgniter\View\{closure}()
 5 SYSTEMPATH\Common.php(1171): CodeIgniter\View\View->render('page', [], true)
 6 APPPATH\Controllers\Home.php(42): view('page', [...])
 7 SYSTEMPATH\CodeIgniter.php(933): App\Controllers\Home->get_record()
 8 SYSTEMPATH\CodeIgniter.php(509): CodeIgniter\CodeIgniter->runController(Object(App\Controllers\Home))
 9 SYSTEMPATH\CodeIgniter.php(355): CodeIgniter\CodeIgniter->handleRequest(null, Object(Config\Cache), false)
10 SYSTEMPATH\Boot.php(312): CodeIgniter\CodeIgniter->run()
11 SYSTEMPATH\Boot.php(67): CodeIgniter\Boot::runCodeIgniter(Object(CodeIgniter\CodeIgniter))
12 FCPATH\index.php(57): CodeIgniter\Boot::bootWeb(Object(Config\Paths))
CRITICAL - 2024-05-20 09:55:37 --> ErrorException: Undefined property: stdClass::$id
[Method: GET, Route: get]
in APPPATH\Views\viewdata.php on line 84.
 1 APPPATH\Views\viewdata.php(84): CodeIgniter\Debug\Exceptions->errorHandler(2, 'Undefined property: stdClass::$id', 'G:\\xampp\\htdocs\\podcast\\app\\Views\\viewdata.php', 84)
 2 APPPATH\Views\page.php(4): include('G:\\xampp\\htdocs\\podcast\\app\\Views\\viewdata.php')
 3 SYSTEMPATH\View\View.php(234): include('G:\\xampp\\htdocs\\podcast\\app\\Views\\page.php')
 4 SYSTEMPATH\View\View.php(237): CodeIgniter\View\View->CodeIgniter\View\{closure}()
 5 SYSTEMPATH\Common.php(1171): CodeIgniter\View\View->render('page', [], true)
 6 APPPATH\Controllers\Home.php(42): view('page', [...])
 7 SYSTEMPATH\CodeIgniter.php(933): App\Controllers\Home->get_record()
 8 SYSTEMPATH\CodeIgniter.php(509): CodeIgniter\CodeIgniter->runController(Object(App\Controllers\Home))
 9 SYSTEMPATH\CodeIgniter.php(355): CodeIgniter\CodeIgniter->handleRequest(null, Object(Config\Cache), false)
10 SYSTEMPATH\Boot.php(312): CodeIgniter\CodeIgniter->run()
11 SYSTEMPATH\Boot.php(67): CodeIgniter\Boot::runCodeIgniter(Object(CodeIgniter\CodeIgniter))
12 FCPATH\index.php(57): CodeIgniter\Boot::bootWeb(Object(Config\Paths))
CRITICAL - 2024-05-20 10:31:23 --> ParseError: syntax error, unexpected token "="
[Method: GET, Route: edit/1]
in APPPATH\Controllers\Home.php on line 52.
 1 SYSTEMPATH\Autoloader\Autoloader.php(296): CodeIgniter\Autoloader\Autoloader->includeFile('G:\\xampp\\htdocs\\podcast\\app\\Controllers\\Home.php')
 2 SYSTEMPATH\Autoloader\Autoloader.php(272): CodeIgniter\Autoloader\Autoloader->loadInNamespace('App\\Controllers\\Home')
 3 [internal function]: CodeIgniter\Autoloader\Autoloader->loadClass('App\\Controllers\\Home')
 4 SYSTEMPATH\CodeIgniter.php(887): class_exists('\\App\\Controllers\\Home', true)
 5 SYSTEMPATH\CodeIgniter.php(496): CodeIgniter\CodeIgniter->startController()
 6 SYSTEMPATH\CodeIgniter.php(355): CodeIgniter\CodeIgniter->handleRequest(null, Object(Config\Cache), false)
 7 SYSTEMPATH\Boot.php(312): CodeIgniter\CodeIgniter->run()
 8 SYSTEMPATH\Boot.php(67): CodeIgniter\Boot::runCodeIgniter(Object(CodeIgniter\CodeIgniter))
 9 FCPATH\index.php(57): CodeIgniter\Boot::bootWeb(Object(Config\Paths))
CRITICAL - 2024-05-20 10:32:07 --> Error: Cannot use object of type stdClass as array
[Method: GET, Route: edit/1]
in APPPATH\Views\sample.php on line 74.
 1 APPPATH\Views\page.php(4): include()
 2 SYSTEMPATH\View\View.php(234): include('G:\\xampp\\htdocs\\podcast\\app\\Views\\page.php')
 3 SYSTEMPATH\View\View.php(237): CodeIgniter\View\View->CodeIgniter\View\{closure}()
 4 SYSTEMPATH\Common.php(1171): CodeIgniter\View\View->render('page', [], true)
 5 APPPATH\Controllers\Home.php(55): view('page', [...])
 6 SYSTEMPATH\CodeIgniter.php(933): App\Controllers\Home->edit('1')
 7 SYSTEMPATH\CodeIgniter.php(509): CodeIgniter\CodeIgniter->runController(Object(App\Controllers\Home))
 8 SYSTEMPATH\CodeIgniter.php(355): CodeIgniter\CodeIgniter->handleRequest(null, Object(Config\Cache), false)
 9 SYSTEMPATH\Boot.php(312): CodeIgniter\CodeIgniter->run()
10 SYSTEMPATH\Boot.php(67): CodeIgniter\Boot::runCodeIgniter(Object(CodeIgniter\CodeIgniter))
11 FCPATH\index.php(57): CodeIgniter\Boot::bootWeb(Object(Config\Paths))
CRITICAL - 2024-05-20 10:33:23 --> ErrorException: Undefined variable $result
[Method: GET, Route: create]
in APPPATH\Views\sample.php on line 74.
 1 APPPATH\Views\sample.php(74): CodeIgniter\Debug\Exceptions->errorHandler(2, 'Undefined variable $result', 'G:\\xampp\\htdocs\\podcast\\app\\Views\\sample.php', 74)
 2 APPPATH\Views\page.php(4): include('G:\\xampp\\htdocs\\podcast\\app\\Views\\sample.php')
 3 SYSTEMPATH\View\View.php(234): include('G:\\xampp\\htdocs\\podcast\\app\\Views\\page.php')
 4 SYSTEMPATH\View\View.php(237): CodeIgniter\View\View->CodeIgniter\View\{closure}()
 5 SYSTEMPATH\Common.php(1171): CodeIgniter\View\View->render('page', [], true)
 6 APPPATH\Controllers\Home.php(64): view('page', [...])
 7 SYSTEMPATH\CodeIgniter.php(933): App\Controllers\Home->create_record()
 8 SYSTEMPATH\CodeIgniter.php(509): CodeIgniter\CodeIgniter->runController(Object(App\Controllers\Home))
 9 SYSTEMPATH\CodeIgniter.php(355): CodeIgniter\CodeIgniter->handleRequest(null, Object(Config\Cache), false)
10 SYSTEMPATH\Boot.php(312): CodeIgniter\CodeIgniter->run()
11 SYSTEMPATH\Boot.php(67): CodeIgniter\Boot::runCodeIgniter(Object(CodeIgniter\CodeIgniter))
12 FCPATH\index.php(57): CodeIgniter\Boot::bootWeb(Object(Config\Paths))
CRITICAL - 2024-05-20 10:33:38 --> ErrorException: Undefined variable $result
[Method: GET, Route: create]
in APPPATH\Views\sample.php on line 74.
 1 APPPATH\Views\sample.php(74): CodeIgniter\Debug\Exceptions->errorHandler(2, 'Undefined variable $result', 'G:\\xampp\\htdocs\\podcast\\app\\Views\\sample.php', 74)
 2 APPPATH\Views\page.php(4): include('G:\\xampp\\htdocs\\podcast\\app\\Views\\sample.php')
 3 SYSTEMPATH\View\View.php(234): include('G:\\xampp\\htdocs\\podcast\\app\\Views\\page.php')
 4 SYSTEMPATH\View\View.php(237): CodeIgniter\View\View->CodeIgniter\View\{closure}()
 5 SYSTEMPATH\Common.php(1171): CodeIgniter\View\View->render('page', [], true)
 6 APPPATH\Controllers\Home.php(64): view('page', [...])
 7 SYSTEMPATH\CodeIgniter.php(933): App\Controllers\Home->create_record()
 8 SYSTEMPATH\CodeIgniter.php(509): CodeIgniter\CodeIgniter->runController(Object(App\Controllers\Home))
 9 SYSTEMPATH\CodeIgniter.php(355): CodeIgniter\CodeIgniter->handleRequest(null, Object(Config\Cache), false)
10 SYSTEMPATH\Boot.php(312): CodeIgniter\CodeIgniter->run()
11 SYSTEMPATH\Boot.php(67): CodeIgniter\Boot::runCodeIgniter(Object(CodeIgniter\CodeIgniter))
12 FCPATH\index.php(57): CodeIgniter\Boot::bootWeb(Object(Config\Paths))
CRITICAL - 2024-05-20 10:33:39 --> ErrorException: Undefined variable $result
[Method: GET, Route: create]
in APPPATH\Views\sample.php on line 74.
 1 APPPATH\Views\sample.php(74): CodeIgniter\Debug\Exceptions->errorHandler(2, 'Undefined variable $result', 'G:\\xampp\\htdocs\\podcast\\app\\Views\\sample.php', 74)
 2 APPPATH\Views\page.php(4): include('G:\\xampp\\htdocs\\podcast\\app\\Views\\sample.php')
 3 SYSTEMPATH\View\View.php(234): include('G:\\xampp\\htdocs\\podcast\\app\\Views\\page.php')
 4 SYSTEMPATH\View\View.php(237): CodeIgniter\View\View->CodeIgniter\View\{closure}()
 5 SYSTEMPATH\Common.php(1171): CodeIgniter\View\View->render('page', [], true)
 6 APPPATH\Controllers\Home.php(64): view('page', [...])
 7 SYSTEMPATH\CodeIgniter.php(933): App\Controllers\Home->create_record()
 8 SYSTEMPATH\CodeIgniter.php(509): CodeIgniter\CodeIgniter->runController(Object(App\Controllers\Home))
 9 SYSTEMPATH\CodeIgniter.php(355): CodeIgniter\CodeIgniter->handleRequest(null, Object(Config\Cache), false)
10 SYSTEMPATH\Boot.php(312): CodeIgniter\CodeIgniter->run()
11 SYSTEMPATH\Boot.php(67): CodeIgniter\Boot::runCodeIgniter(Object(CodeIgniter\CodeIgniter))
12 FCPATH\index.php(57): CodeIgniter\Boot::bootWeb(Object(Config\Paths))
CRITICAL - 2024-05-20 10:34:03 --> ErrorException: Undefined variable $result
[Method: GET, Route: create]
in APPPATH\Views\sample.php on line 74.
 1 APPPATH\Views\sample.php(74): CodeIgniter\Debug\Exceptions->errorHandler(2, 'Undefined variable $result', 'G:\\xampp\\htdocs\\podcast\\app\\Views\\sample.php', 74)
 2 APPPATH\Views\page.php(4): include('G:\\xampp\\htdocs\\podcast\\app\\Views\\sample.php')
 3 SYSTEMPATH\View\View.php(234): include('G:\\xampp\\htdocs\\podcast\\app\\Views\\page.php')
 4 SYSTEMPATH\View\View.php(237): CodeIgniter\View\View->CodeIgniter\View\{closure}()
 5 SYSTEMPATH\Common.php(1171): CodeIgniter\View\View->render('page', [], true)
 6 APPPATH\Controllers\Home.php(64): view('page', [...])
 7 SYSTEMPATH\CodeIgniter.php(933): App\Controllers\Home->create_record()
 8 SYSTEMPATH\CodeIgniter.php(509): CodeIgniter\CodeIgniter->runController(Object(App\Controllers\Home))
 9 SYSTEMPATH\CodeIgniter.php(355): CodeIgniter\CodeIgniter->handleRequest(null, Object(Config\Cache), false)
10 SYSTEMPATH\Boot.php(312): CodeIgniter\CodeIgniter->run()
11 SYSTEMPATH\Boot.php(67): CodeIgniter\Boot::runCodeIgniter(Object(CodeIgniter\CodeIgniter))
12 FCPATH\index.php(57): CodeIgniter\Boot::bootWeb(Object(Config\Paths))
CRITICAL - 2024-05-20 10:34:21 --> ErrorException: Undefined variable $result
[Method: GET, Route: create]
in APPPATH\Views\sample.php on line 74.
 1 APPPATH\Views\sample.php(74): CodeIgniter\Debug\Exceptions->errorHandler(2, 'Undefined variable $result', 'G:\\xampp\\htdocs\\podcast\\app\\Views\\sample.php', 74)
 2 APPPATH\Views\page.php(4): include('G:\\xampp\\htdocs\\podcast\\app\\Views\\sample.php')
 3 SYSTEMPATH\View\View.php(234): include('G:\\xampp\\htdocs\\podcast\\app\\Views\\page.php')
 4 SYSTEMPATH\View\View.php(237): CodeIgniter\View\View->CodeIgniter\View\{closure}()
 5 SYSTEMPATH\Common.php(1171): CodeIgniter\View\View->render('page', [], true)
 6 APPPATH\Controllers\Home.php(64): view('page', [...])
 7 SYSTEMPATH\CodeIgniter.php(933): App\Controllers\Home->create_record()
 8 SYSTEMPATH\CodeIgniter.php(509): CodeIgniter\CodeIgniter->runController(Object(App\Controllers\Home))
 9 SYSTEMPATH\CodeIgniter.php(355): CodeIgniter\CodeIgniter->handleRequest(null, Object(Config\Cache), false)
10 SYSTEMPATH\Boot.php(312): CodeIgniter\CodeIgniter->run()
11 SYSTEMPATH\Boot.php(67): CodeIgniter\Boot::runCodeIgniter(Object(CodeIgniter\CodeIgniter))
12 FCPATH\index.php(57): CodeIgniter\Boot::bootWeb(Object(Config\Paths))
CRITICAL - 2024-05-20 10:37:16 --> ParseError: syntax error, unexpected token "}", expecting "," or ";"
[Method: GET, Route: create]
in APPPATH\Views\sample.php on line 69.
 1 SYSTEMPATH\View\View.php(234): include()
 2 SYSTEMPATH\View\View.php(237): CodeIgniter\View\View->CodeIgniter\View\{closure}()
 3 SYSTEMPATH\Common.php(1171): CodeIgniter\View\View->render('page', [], true)
 4 APPPATH\Controllers\Home.php(64): view('page', [...])
 5 SYSTEMPATH\CodeIgniter.php(933): App\Controllers\Home->create_record()
 6 SYSTEMPATH\CodeIgniter.php(509): CodeIgniter\CodeIgniter->runController(Object(App\Controllers\Home))
 7 SYSTEMPATH\CodeIgniter.php(355): CodeIgniter\CodeIgniter->handleRequest(null, Object(Config\Cache), false)
 8 SYSTEMPATH\Boot.php(312): CodeIgniter\CodeIgniter->run()
 9 SYSTEMPATH\Boot.php(67): CodeIgniter\Boot::runCodeIgniter(Object(CodeIgniter\CodeIgniter))
10 FCPATH\index.php(57): CodeIgniter\Boot::bootWeb(Object(Config\Paths))
CRITICAL - 2024-05-20 10:37:17 --> ParseError: syntax error, unexpected token "}", expecting "," or ";"
[Method: GET, Route: create]
in APPPATH\Views\sample.php on line 69.
 1 SYSTEMPATH\View\View.php(234): include()
 2 SYSTEMPATH\View\View.php(237): CodeIgniter\View\View->CodeIgniter\View\{closure}()
 3 SYSTEMPATH\Common.php(1171): CodeIgniter\View\View->render('page', [], true)
 4 APPPATH\Controllers\Home.php(64): view('page', [...])
 5 SYSTEMPATH\CodeIgniter.php(933): App\Controllers\Home->create_record()
 6 SYSTEMPATH\CodeIgniter.php(509): CodeIgniter\CodeIgniter->runController(Object(App\Controllers\Home))
 7 SYSTEMPATH\CodeIgniter.php(355): CodeIgniter\CodeIgniter->handleRequest(null, Object(Config\Cache), false)
 8 SYSTEMPATH\Boot.php(312): CodeIgniter\CodeIgniter->run()
 9 SYSTEMPATH\Boot.php(67): CodeIgniter\Boot::runCodeIgniter(Object(CodeIgniter\CodeIgniter))
10 FCPATH\index.php(57): CodeIgniter\Boot::bootWeb(Object(Config\Paths))
CRITICAL - 2024-05-20 10:37:38 --> ParseError: syntax error, unexpected token "}", expecting "," or ";"
[Method: GET, Route: create]
in APPPATH\Views\sample.php on line 69.
 1 SYSTEMPATH\View\View.php(234): include()
 2 SYSTEMPATH\View\View.php(237): CodeIgniter\View\View->CodeIgniter\View\{closure}()
 3 SYSTEMPATH\Common.php(1171): CodeIgniter\View\View->render('page', [], true)
 4 APPPATH\Controllers\Home.php(64): view('page', [...])
 5 SYSTEMPATH\CodeIgniter.php(933): App\Controllers\Home->create_record()
 6 SYSTEMPATH\CodeIgniter.php(509): CodeIgniter\CodeIgniter->runController(Object(App\Controllers\Home))
 7 SYSTEMPATH\CodeIgniter.php(355): CodeIgniter\CodeIgniter->handleRequest(null, Object(Config\Cache), false)
 8 SYSTEMPATH\Boot.php(312): CodeIgniter\CodeIgniter->run()
 9 SYSTEMPATH\Boot.php(67): CodeIgniter\Boot::runCodeIgniter(Object(CodeIgniter\CodeIgniter))
10 FCPATH\index.php(57): CodeIgniter\Boot::bootWeb(Object(Config\Paths))
CRITICAL - 2024-05-20 10:37:39 --> ParseError: syntax error, unexpected token "}", expecting "," or ";"
[Method: GET, Route: create]
in APPPATH\Views\sample.php on line 69.
 1 SYSTEMPATH\View\View.php(234): include()
 2 SYSTEMPATH\View\View.php(237): CodeIgniter\View\View->CodeIgniter\View\{closure}()
 3 SYSTEMPATH\Common.php(1171): CodeIgniter\View\View->render('page', [], true)
 4 APPPATH\Controllers\Home.php(64): view('page', [...])
 5 SYSTEMPATH\CodeIgniter.php(933): App\Controllers\Home->create_record()
 6 SYSTEMPATH\CodeIgniter.php(509): CodeIgniter\CodeIgniter->runController(Object(App\Controllers\Home))
 7 SYSTEMPATH\CodeIgniter.php(355): CodeIgniter\CodeIgniter->handleRequest(null, Object(Config\Cache), false)
 8 SYSTEMPATH\Boot.php(312): CodeIgniter\CodeIgniter->run()
 9 SYSTEMPATH\Boot.php(67): CodeIgniter\Boot::runCodeIgniter(Object(CodeIgniter\CodeIgniter))
10 FCPATH\index.php(57): CodeIgniter\Boot::bootWeb(Object(Config\Paths))
CRITICAL - 2024-05-20 10:38:04 --> ParseError: syntax error, unexpected token "}", expecting "," or ";"
[Method: GET, Route: create]
in APPPATH\Views\sample.php on line 70.
 1 SYSTEMPATH\View\View.php(234): include()
 2 SYSTEMPATH\View\View.php(237): CodeIgniter\View\View->CodeIgniter\View\{closure}()
 3 SYSTEMPATH\Common.php(1171): CodeIgniter\View\View->render('page', [], true)
 4 APPPATH\Controllers\Home.php(64): view('page', [...])
 5 SYSTEMPATH\CodeIgniter.php(933): App\Controllers\Home->create_record()
 6 SYSTEMPATH\CodeIgniter.php(509): CodeIgniter\CodeIgniter->runController(Object(App\Controllers\Home))
 7 SYSTEMPATH\CodeIgniter.php(355): CodeIgniter\CodeIgniter->handleRequest(null, Object(Config\Cache), false)
 8 SYSTEMPATH\Boot.php(312): CodeIgniter\CodeIgniter->run()
 9 SYSTEMPATH\Boot.php(67): CodeIgniter\Boot::runCodeIgniter(Object(CodeIgniter\CodeIgniter))
10 FCPATH\index.php(57): CodeIgniter\Boot::bootWeb(Object(Config\Paths))
CRITICAL - 2024-05-20 10:38:20 --> ParseError: syntax error, unexpected token "}", expecting "," or ";"
[Method: GET, Route: create]
in APPPATH\Views\sample.php on line 70.
 1 SYSTEMPATH\View\View.php(234): include()
 2 SYSTEMPATH\View\View.php(237): CodeIgniter\View\View->CodeIgniter\View\{closure}()
 3 SYSTEMPATH\Common.php(1171): CodeIgniter\View\View->render('page', [], true)
 4 APPPATH\Controllers\Home.php(64): view('page', [...])
 5 SYSTEMPATH\CodeIgniter.php(933): App\Controllers\Home->create_record()
 6 SYSTEMPATH\CodeIgniter.php(509): CodeIgniter\CodeIgniter->runController(Object(App\Controllers\Home))
 7 SYSTEMPATH\CodeIgniter.php(355): CodeIgniter\CodeIgniter->handleRequest(null, Object(Config\Cache), false)
 8 SYSTEMPATH\Boot.php(312): CodeIgniter\CodeIgniter->run()
 9 SYSTEMPATH\Boot.php(67): CodeIgniter\Boot::runCodeIgniter(Object(CodeIgniter\CodeIgniter))
10 FCPATH\index.php(57): CodeIgniter\Boot::bootWeb(Object(Config\Paths))
CRITICAL - 2024-05-20 10:38:21 --> ParseError: syntax error, unexpected token "}", expecting "," or ";"
[Method: GET, Route: create]
in APPPATH\Views\sample.php on line 70.
 1 SYSTEMPATH\View\View.php(234): include()
 2 SYSTEMPATH\View\View.php(237): CodeIgniter\View\View->CodeIgniter\View\{closure}()
 3 SYSTEMPATH\Common.php(1171): CodeIgniter\View\View->render('page', [], true)
 4 APPPATH\Controllers\Home.php(64): view('page', [...])
 5 SYSTEMPATH\CodeIgniter.php(933): App\Controllers\Home->create_record()
 6 SYSTEMPATH\CodeIgniter.php(509): CodeIgniter\CodeIgniter->runController(Object(App\Controllers\Home))
 7 SYSTEMPATH\CodeIgniter.php(355): CodeIgniter\CodeIgniter->handleRequest(null, Object(Config\Cache), false)
 8 SYSTEMPATH\Boot.php(312): CodeIgniter\CodeIgniter->run()
 9 SYSTEMPATH\Boot.php(67): CodeIgniter\Boot::runCodeIgniter(Object(CodeIgniter\CodeIgniter))
10 FCPATH\index.php(57): CodeIgniter\Boot::bootWeb(Object(Config\Paths))
CRITICAL - 2024-05-20 10:38:26 --> ParseError: syntax error, unexpected token "}", expecting "," or ";"
[Method: GET, Route: create]
in APPPATH\Views\sample.php on line 70.
 1 SYSTEMPATH\View\View.php(234): include()
 2 SYSTEMPATH\View\View.php(237): CodeIgniter\View\View->CodeIgniter\View\{closure}()
 3 SYSTEMPATH\Common.php(1171): CodeIgniter\View\View->render('page', [], true)
 4 APPPATH\Controllers\Home.php(64): view('page', [...])
 5 SYSTEMPATH\CodeIgniter.php(933): App\Controllers\Home->create_record()
 6 SYSTEMPATH\CodeIgniter.php(509): CodeIgniter\CodeIgniter->runController(Object(App\Controllers\Home))
 7 SYSTEMPATH\CodeIgniter.php(355): CodeIgniter\CodeIgniter->handleRequest(null, Object(Config\Cache), false)
 8 SYSTEMPATH\Boot.php(312): CodeIgniter\CodeIgniter->run()
 9 SYSTEMPATH\Boot.php(67): CodeIgniter\Boot::runCodeIgniter(Object(CodeIgniter\CodeIgniter))
10 FCPATH\index.php(57): CodeIgniter\Boot::bootWeb(Object(Config\Paths))
CRITICAL - 2024-05-20 10:38:27 --> ParseError: syntax error, unexpected token "}", expecting "," or ";"
[Method: GET, Route: create]
in APPPATH\Views\sample.php on line 70.
 1 SYSTEMPATH\View\View.php(234): include()
 2 SYSTEMPATH\View\View.php(237): CodeIgniter\View\View->CodeIgniter\View\{closure}()
 3 SYSTEMPATH\Common.php(1171): CodeIgniter\View\View->render('page', [], true)
 4 APPPATH\Controllers\Home.php(64): view('page', [...])
 5 SYSTEMPATH\CodeIgniter.php(933): App\Controllers\Home->create_record()
 6 SYSTEMPATH\CodeIgniter.php(509): CodeIgniter\CodeIgniter->runController(Object(App\Controllers\Home))
 7 SYSTEMPATH\CodeIgniter.php(355): CodeIgniter\CodeIgniter->handleRequest(null, Object(Config\Cache), false)
 8 SYSTEMPATH\Boot.php(312): CodeIgniter\CodeIgniter->run()
 9 SYSTEMPATH\Boot.php(67): CodeIgniter\Boot::runCodeIgniter(Object(CodeIgniter\CodeIgniter))
10 FCPATH\index.php(57): CodeIgniter\Boot::bootWeb(Object(Config\Paths))
CRITICAL - 2024-05-20 10:38:42 --> ParseError: syntax error, unexpected token "}", expecting "," or ";"
[Method: GET, Route: create]
in APPPATH\Views\sample.php on line 70.
 1 SYSTEMPATH\View\View.php(234): include()
 2 SYSTEMPATH\View\View.php(237): CodeIgniter\View\View->CodeIgniter\View\{closure}()
 3 SYSTEMPATH\Common.php(1171): CodeIgniter\View\View->render('page', [], true)
 4 APPPATH\Controllers\Home.php(64): view('page', [...])
 5 SYSTEMPATH\CodeIgniter.php(933): App\Controllers\Home->create_record()
 6 SYSTEMPATH\CodeIgniter.php(509): CodeIgniter\CodeIgniter->runController(Object(App\Controllers\Home))
 7 SYSTEMPATH\CodeIgniter.php(355): CodeIgniter\CodeIgniter->handleRequest(null, Object(Config\Cache), false)
 8 SYSTEMPATH\Boot.php(312): CodeIgniter\CodeIgniter->run()
 9 SYSTEMPATH\Boot.php(67): CodeIgniter\Boot::runCodeIgniter(Object(CodeIgniter\CodeIgniter))
10 FCPATH\index.php(57): CodeIgniter\Boot::bootWeb(Object(Config\Paths))
CRITICAL - 2024-05-20 10:39:00 --> ParseError: syntax error, unexpected token "}", expecting "," or ";"
[Method: GET, Route: create]
in APPPATH\Views\sample.php on line 70.
 1 SYSTEMPATH\View\View.php(234): include()
 2 SYSTEMPATH\View\View.php(237): CodeIgniter\View\View->CodeIgniter\View\{closure}()
 3 SYSTEMPATH\Common.php(1171): CodeIgniter\View\View->render('page', [], true)
 4 APPPATH\Controllers\Home.php(65): view('page', [...])
 5 SYSTEMPATH\CodeIgniter.php(933): App\Controllers\Home->create_record()
 6 SYSTEMPATH\CodeIgniter.php(509): CodeIgniter\CodeIgniter->runController(Object(App\Controllers\Home))
 7 SYSTEMPATH\CodeIgniter.php(355): CodeIgniter\CodeIgniter->handleRequest(null, Object(Config\Cache), false)
 8 SYSTEMPATH\Boot.php(312): CodeIgniter\CodeIgniter->run()
 9 SYSTEMPATH\Boot.php(67): CodeIgniter\Boot::runCodeIgniter(Object(CodeIgniter\CodeIgniter))
10 FCPATH\index.php(57): CodeIgniter\Boot::bootWeb(Object(Config\Paths))
CRITICAL - 2024-05-20 10:39:15 --> ParseError: syntax error, unexpected token "}", expecting "," or ";"
[Method: GET, Route: create]
in APPPATH\Views\sample.php on line 71.
 1 SYSTEMPATH\View\View.php(234): include()
 2 SYSTEMPATH\View\View.php(237): CodeIgniter\View\View->CodeIgniter\View\{closure}()
 3 SYSTEMPATH\Common.php(1171): CodeIgniter\View\View->render('page', [], true)
 4 APPPATH\Controllers\Home.php(65): view('page', [...])
 5 SYSTEMPATH\CodeIgniter.php(933): App\Controllers\Home->create_record()
 6 SYSTEMPATH\CodeIgniter.php(509): CodeIgniter\CodeIgniter->runController(Object(App\Controllers\Home))
 7 SYSTEMPATH\CodeIgniter.php(355): CodeIgniter\CodeIgniter->handleRequest(null, Object(Config\Cache), false)
 8 SYSTEMPATH\Boot.php(312): CodeIgniter\CodeIgniter->run()
 9 SYSTEMPATH\Boot.php(67): CodeIgniter\Boot::runCodeIgniter(Object(CodeIgniter\CodeIgniter))
10 FCPATH\index.php(57): CodeIgniter\Boot::bootWeb(Object(Config\Paths))
CRITICAL - 2024-05-20 10:39:16 --> ParseError: syntax error, unexpected token "}", expecting "," or ";"
[Method: GET, Route: create]
in APPPATH\Views\sample.php on line 71.
 1 SYSTEMPATH\View\View.php(234): include()
 2 SYSTEMPATH\View\View.php(237): CodeIgniter\View\View->CodeIgniter\View\{closure}()
 3 SYSTEMPATH\Common.php(1171): CodeIgniter\View\View->render('page', [], true)
 4 APPPATH\Controllers\Home.php(65): view('page', [...])
 5 SYSTEMPATH\CodeIgniter.php(933): App\Controllers\Home->create_record()
 6 SYSTEMPATH\CodeIgniter.php(509): CodeIgniter\CodeIgniter->runController(Object(App\Controllers\Home))
 7 SYSTEMPATH\CodeIgniter.php(355): CodeIgniter\CodeIgniter->handleRequest(null, Object(Config\Cache), false)
 8 SYSTEMPATH\Boot.php(312): CodeIgniter\CodeIgniter->run()
 9 SYSTEMPATH\Boot.php(67): CodeIgniter\Boot::runCodeIgniter(Object(CodeIgniter\CodeIgniter))
10 FCPATH\index.php(57): CodeIgniter\Boot::bootWeb(Object(Config\Paths))
CRITICAL - 2024-05-20 10:39:16 --> ParseError: syntax error, unexpected token "}", expecting "," or ";"
[Method: GET, Route: create]
in APPPATH\Views\sample.php on line 71.
 1 SYSTEMPATH\View\View.php(234): include()
 2 SYSTEMPATH\View\View.php(237): CodeIgniter\View\View->CodeIgniter\View\{closure}()
 3 SYSTEMPATH\Common.php(1171): CodeIgniter\View\View->render('page', [], true)
 4 APPPATH\Controllers\Home.php(65): view('page', [...])
 5 SYSTEMPATH\CodeIgniter.php(933): App\Controllers\Home->create_record()
 6 SYSTEMPATH\CodeIgniter.php(509): CodeIgniter\CodeIgniter->runController(Object(App\Controllers\Home))
 7 SYSTEMPATH\CodeIgniter.php(355): CodeIgniter\CodeIgniter->handleRequest(null, Object(Config\Cache), false)
 8 SYSTEMPATH\Boot.php(312): CodeIgniter\CodeIgniter->run()
 9 SYSTEMPATH\Boot.php(67): CodeIgniter\Boot::runCodeIgniter(Object(CodeIgniter\CodeIgniter))
10 FCPATH\index.php(57): CodeIgniter\Boot::bootWeb(Object(Config\Paths))
CRITICAL - 2024-05-20 11:11:31 --> ErrorException: Cannot use isset() on the result of an expression (you can use "null !== expression" instead)
[Method: GET, Route: get]
in APPPATH\Controllers\Home.php on line 117.
 1 [internal function]: CodeIgniter\Debug\Exceptions->shutdownHandler()
CRITICAL - 2024-05-20 11:11:33 --> ErrorException: Cannot use isset() on the result of an expression (you can use "null !== expression" instead)
[Method: GET, Route: get]
in APPPATH\Controllers\Home.php on line 117.
 1 [internal function]: CodeIgniter\Debug\Exceptions->shutdownHandler()
CRITICAL - 2024-05-20 11:11:46 --> ErrorException: Cannot use isset() on the result of an expression (you can use "null !== expression" instead)
[Method: GET, Route: get]
in APPPATH\Controllers\Home.php on line 117.
 1 [internal function]: CodeIgniter\Debug\Exceptions->shutdownHandler()
CRITICAL - 2024-05-20 11:12:22 --> ErrorException: Cannot use isset() on the result of an expression (you can use "null !== expression" instead)
[Method: GET, Route: get]
in APPPATH\Controllers\Home.php on line 117.
 1 [internal function]: CodeIgniter\Debug\Exceptions->shutdownHandler()
CRITICAL - 2024-05-20 11:12:23 --> ErrorException: Cannot use isset() on the result of an expression (you can use "null !== expression" instead)
[Method: GET, Route: get]
in APPPATH\Controllers\Home.php on line 117.
 1 [internal function]: CodeIgniter\Debug\Exceptions->shutdownHandler()
CRITICAL - 2024-05-20 11:12:38 --> ErrorException: Cannot use isset() on the result of an expression (you can use "null !== expression" instead)
[Method: GET, Route: get]
in APPPATH\Controllers\Home.php on line 117.
 1 [internal function]: CodeIgniter\Debug\Exceptions->shutdownHandler()
CRITICAL - 2024-05-20 11:12:46 --> ErrorException: Cannot use isset() on the result of an expression (you can use "null !== expression" instead)
[Method: GET, Route: get]
in APPPATH\Controllers\Home.php on line 117.
 1 [internal function]: CodeIgniter\Debug\Exceptions->shutdownHandler()
CRITICAL - 2024-05-20 11:13:26 --> CodeIgniter\View\Exceptions\ViewException: Invalid file: "upload_form.php"
[Method: POST, Route: update]
in SYSTEMPATH\Exceptions\FrameworkException.php on line 41.
 1 SYSTEMPATH\View\View.php(222): CodeIgniter\Exceptions\FrameworkException::forInvalidFile('upload_form.php')
 2 SYSTEMPATH\Common.php(1171): CodeIgniter\View\View->render('upload_form', [], true)
 3 APPPATH\Controllers\Home.php(130): view('upload_form')
 4 SYSTEMPATH\CodeIgniter.php(933): App\Controllers\Home->update()
 5 SYSTEMPATH\CodeIgniter.php(509): CodeIgniter\CodeIgniter->runController(Object(App\Controllers\Home))
 6 SYSTEMPATH\CodeIgniter.php(355): CodeIgniter\CodeIgniter->handleRequest(null, Object(Config\Cache), false)
 7 SYSTEMPATH\Boot.php(312): CodeIgniter\CodeIgniter->run()
 8 SYSTEMPATH\Boot.php(67): CodeIgniter\Boot::runCodeIgniter(Object(CodeIgniter\CodeIgniter))
 9 FCPATH\index.php(57): CodeIgniter\Boot::bootWeb(Object(Config\Paths))
CRITICAL - 2024-05-20 11:18:46 --> ParseError: syntax error, unexpected token "=>", expecting ")"
[Method: GET, Route: get]
in APPPATH\Controllers\Home.php on line 132.
 1 SYSTEMPATH\Autoloader\Autoloader.php(296): CodeIgniter\Autoloader\Autoloader->includeFile('G:\\xampp\\htdocs\\podcast\\app\\Controllers\\Home.php')
 2 SYSTEMPATH\Autoloader\Autoloader.php(272): CodeIgniter\Autoloader\Autoloader->loadInNamespace('App\\Controllers\\Home')
 3 [internal function]: CodeIgniter\Autoloader\Autoloader->loadClass('App\\Controllers\\Home')
 4 SYSTEMPATH\CodeIgniter.php(887): class_exists('\\App\\Controllers\\Home', true)
 5 SYSTEMPATH\CodeIgniter.php(496): CodeIgniter\CodeIgniter->startController()
 6 SYSTEMPATH\CodeIgniter.php(355): CodeIgniter\CodeIgniter->handleRequest(null, Object(Config\Cache), false)
 7 SYSTEMPATH\Boot.php(312): CodeIgniter\CodeIgniter->run()
 8 SYSTEMPATH\Boot.php(67): CodeIgniter\Boot::runCodeIgniter(Object(CodeIgniter\CodeIgniter))
 9 FCPATH\index.php(57): CodeIgniter\Boot::bootWeb(Object(Config\Paths))
CRITICAL - 2024-05-20 11:18:47 --> ParseError: syntax error, unexpected token "=>", expecting ")"
[Method: GET, Route: get]
in APPPATH\Controllers\Home.php on line 132.
 1 SYSTEMPATH\Autoloader\Autoloader.php(296): CodeIgniter\Autoloader\Autoloader->includeFile('G:\\xampp\\htdocs\\podcast\\app\\Controllers\\Home.php')
 2 SYSTEMPATH\Autoloader\Autoloader.php(272): CodeIgniter\Autoloader\Autoloader->loadInNamespace('App\\Controllers\\Home')
 3 [internal function]: CodeIgniter\Autoloader\Autoloader->loadClass('App\\Controllers\\Home')
 4 SYSTEMPATH\CodeIgniter.php(887): class_exists('\\App\\Controllers\\Home', true)
 5 SYSTEMPATH\CodeIgniter.php(496): CodeIgniter\CodeIgniter->startController()
 6 SYSTEMPATH\CodeIgniter.php(355): CodeIgniter\CodeIgniter->handleRequest(null, Object(Config\Cache), false)
 7 SYSTEMPATH\Boot.php(312): CodeIgniter\CodeIgniter->run()
 8 SYSTEMPATH\Boot.php(67): CodeIgniter\Boot::runCodeIgniter(Object(CodeIgniter\CodeIgniter))
 9 FCPATH\index.php(57): CodeIgniter\Boot::bootWeb(Object(Config\Paths))
CRITICAL - 2024-05-20 11:19:38 --> ErrorException: Undefined variable $newFileName
[Method: POST, Route: update]
in APPPATH\Controllers\Home.php on line 132.
 1 APPPATH\Controllers\Home.php(132): CodeIgniter\Debug\Exceptions->errorHandler(2, 'Undefined variable $newFileName', 'G:\\xampp\\htdocs\\podcast\\app\\Controllers\\Home.php', 132)
 2 SYSTEMPATH\CodeIgniter.php(933): App\Controllers\Home->update()
 3 SYSTEMPATH\CodeIgniter.php(509): CodeIgniter\CodeIgniter->runController(Object(App\Controllers\Home))
 4 SYSTEMPATH\CodeIgniter.php(355): CodeIgniter\CodeIgniter->handleRequest(null, Object(Config\Cache), false)
 5 SYSTEMPATH\Boot.php(312): CodeIgniter\CodeIgniter->run()
 6 SYSTEMPATH\Boot.php(67): CodeIgniter\Boot::runCodeIgniter(Object(CodeIgniter\CodeIgniter))
 7 FCPATH\index.php(57): CodeIgniter\Boot::bootWeb(Object(Config\Paths))
CRITICAL - 2024-05-20 11:54:43 --> Error: Call to a member function isValid() on null
[Method: POST, Route: update]
in APPPATH\Helpers\upload_helper.php on line 30.
 1 APPPATH\Controllers\Home.php(129): uploadFile(null, 'G:\\xampp\\htdocs\\podcast\\writable\\uploads/', [...], 2048)
 2 SYSTEMPATH\CodeIgniter.php(933): App\Controllers\Home->update()
 3 SYSTEMPATH\CodeIgniter.php(509): CodeIgniter\CodeIgniter->runController(Object(App\Controllers\Home))
 4 SYSTEMPATH\CodeIgniter.php(355): CodeIgniter\CodeIgniter->handleRequest(null, Object(Config\Cache), false)
 5 SYSTEMPATH\Boot.php(312): CodeIgniter\CodeIgniter->run()
 6 SYSTEMPATH\Boot.php(67): CodeIgniter\Boot::runCodeIgniter(Object(CodeIgniter\CodeIgniter))
 7 FCPATH\index.php(57): CodeIgniter\Boot::bootWeb(Object(Config\Paths))
CRITICAL - 2024-05-20 11:54:59 --> Error: Call to a member function isValid() on null
[Method: POST, Route: update]
in APPPATH\Helpers\upload_helper.php on line 30.
 1 APPPATH\Controllers\Home.php(129): uploadFile(null, 'G:\\xampp\\htdocs\\podcast\\writable\\uploads/', [...], 2048)
 2 SYSTEMPATH\CodeIgniter.php(933): App\Controllers\Home->update()
 3 SYSTEMPATH\CodeIgniter.php(509): CodeIgniter\CodeIgniter->runController(Object(App\Controllers\Home))
 4 SYSTEMPATH\CodeIgniter.php(355): CodeIgniter\CodeIgniter->handleRequest(null, Object(Config\Cache), false)
 5 SYSTEMPATH\Boot.php(312): CodeIgniter\CodeIgniter->run()
 6 SYSTEMPATH\Boot.php(67): CodeIgniter\Boot::runCodeIgniter(Object(CodeIgniter\CodeIgniter))
 7 FCPATH\index.php(57): CodeIgniter\Boot::bootWeb(Object(Config\Paths))
CRITICAL - 2024-05-20 11:56:39 --> Error: Call to a member function isValid() on null
[Method: POST, Route: update]
in APPPATH\Controllers\Home.php on line 184.
 1 APPPATH\Controllers\Home.php(129): App\Controllers\Home->uploadFile(null, 'G:\\xampp\\htdocs\\podcast\\writable\\uploads/', [...], 2048)
 2 SYSTEMPATH\CodeIgniter.php(933): App\Controllers\Home->update()
 3 SYSTEMPATH\CodeIgniter.php(509): CodeIgniter\CodeIgniter->runController(Object(App\Controllers\Home))
 4 SYSTEMPATH\CodeIgniter.php(355): CodeIgniter\CodeIgniter->handleRequest(null, Object(Config\Cache), false)
 5 SYSTEMPATH\Boot.php(312): CodeIgniter\CodeIgniter->run()
 6 SYSTEMPATH\Boot.php(67): CodeIgniter\Boot::runCodeIgniter(Object(CodeIgniter\CodeIgniter))
 7 FCPATH\index.php(57): CodeIgniter\Boot::bootWeb(Object(Config\Paths))
CRITICAL - 2024-05-20 11:58:03 --> Error: Call to a member function isValid() on null
[Method: POST, Route: update]
in APPPATH\Controllers\Home.php on line 184.
 1 APPPATH\Controllers\Home.php(129): App\Controllers\Home->uploadFile(null, 'G:\\xampp\\htdocs\\podcast\\writable\\uploads/', [...], 2048)
 2 SYSTEMPATH\CodeIgniter.php(933): App\Controllers\Home->update()
 3 SYSTEMPATH\CodeIgniter.php(509): CodeIgniter\CodeIgniter->runController(Object(App\Controllers\Home))
 4 SYSTEMPATH\CodeIgniter.php(355): CodeIgniter\CodeIgniter->handleRequest(null, Object(Config\Cache), false)
 5 SYSTEMPATH\Boot.php(312): CodeIgniter\CodeIgniter->run()
 6 SYSTEMPATH\Boot.php(67): CodeIgniter\Boot::runCodeIgniter(Object(CodeIgniter\CodeIgniter))
 7 FCPATH\index.php(57): CodeIgniter\Boot::bootWeb(Object(Config\Paths))
CRITICAL - 2024-05-20 11:58:54 --> Error: Call to a member function getMimeType() on null
[Method: POST, Route: update]
in APPPATH\Controllers\Home.php on line 187.
 1 APPPATH\Controllers\Home.php(129): App\Controllers\Home->uploadFile(null, 'G:\\xampp\\htdocs\\podcast\\writable\\uploads/', [...], 2048)
 2 SYSTEMPATH\CodeIgniter.php(933): App\Controllers\Home->update()
 3 SYSTEMPATH\CodeIgniter.php(509): CodeIgniter\CodeIgniter->runController(Object(App\Controllers\Home))
 4 SYSTEMPATH\CodeIgniter.php(355): CodeIgniter\CodeIgniter->handleRequest(null, Object(Config\Cache), false)
 5 SYSTEMPATH\Boot.php(312): CodeIgniter\CodeIgniter->run()
 6 SYSTEMPATH\Boot.php(67): CodeIgniter\Boot::runCodeIgniter(Object(CodeIgniter\CodeIgniter))
 7 FCPATH\index.php(57): CodeIgniter\Boot::bootWeb(Object(Config\Paths))
CRITICAL - 2024-05-20 11:59:31 --> Error: Call to a member function getRandomName() on null
[Method: POST, Route: update]
in APPPATH\Controllers\Home.php on line 199.
 1 APPPATH\Controllers\Home.php(129): App\Controllers\Home->uploadFile(null, 'G:\\xampp\\htdocs\\podcast\\writable\\uploads/', [...], 2048)
 2 SYSTEMPATH\CodeIgniter.php(933): App\Controllers\Home->update()
 3 SYSTEMPATH\CodeIgniter.php(509): CodeIgniter\CodeIgniter->runController(Object(App\Controllers\Home))
 4 SYSTEMPATH\CodeIgniter.php(355): CodeIgniter\CodeIgniter->handleRequest(null, Object(Config\Cache), false)
 5 SYSTEMPATH\Boot.php(312): CodeIgniter\CodeIgniter->run()
 6 SYSTEMPATH\Boot.php(67): CodeIgniter\Boot::runCodeIgniter(Object(CodeIgniter\CodeIgniter))
 7 FCPATH\index.php(57): CodeIgniter\Boot::bootWeb(Object(Config\Paths))
CRITICAL - 2024-05-20 12:00:13 --> Error: Call to a member function move() on null
[Method: POST, Route: update]
in APPPATH\Controllers\Home.php on line 201.
 1 APPPATH\Controllers\Home.php(129): App\Controllers\Home->uploadFile(null, 'G:\\xampp\\htdocs\\podcast\\writable\\uploads/', [...], 2048)
 2 SYSTEMPATH\CodeIgniter.php(933): App\Controllers\Home->update()
 3 SYSTEMPATH\CodeIgniter.php(509): CodeIgniter\CodeIgniter->runController(Object(App\Controllers\Home))
 4 SYSTEMPATH\CodeIgniter.php(355): CodeIgniter\CodeIgniter->handleRequest(null, Object(Config\Cache), false)
 5 SYSTEMPATH\Boot.php(312): CodeIgniter\CodeIgniter->run()
 6 SYSTEMPATH\Boot.php(67): CodeIgniter\Boot::runCodeIgniter(Object(CodeIgniter\CodeIgniter))
 7 FCPATH\index.php(57): CodeIgniter\Boot::bootWeb(Object(Config\Paths))
CRITICAL - 2024-05-20 12:05:06 --> Error: Call to a member function isValid() on null
[Method: POST, Route: update]
in APPPATH\Helpers\upload_helper.php on line 31.
 1 APPPATH\Controllers\Home.php(124): generalUploadImages('file', 'uploads/')
 2 SYSTEMPATH\CodeIgniter.php(933): App\Controllers\Home->update()
 3 SYSTEMPATH\CodeIgniter.php(509): CodeIgniter\CodeIgniter->runController(Object(App\Controllers\Home))
 4 SYSTEMPATH\CodeIgniter.php(355): CodeIgniter\CodeIgniter->handleRequest(null, Object(Config\Cache), false)
 5 SYSTEMPATH\Boot.php(312): CodeIgniter\CodeIgniter->run()
 6 SYSTEMPATH\Boot.php(67): CodeIgniter\Boot::runCodeIgniter(Object(CodeIgniter\CodeIgniter))
 7 FCPATH\index.php(57): CodeIgniter\Boot::bootWeb(Object(Config\Paths))
CRITICAL - 2024-05-20 12:05:41 --> Error: Call to a member function isValid() on null
[Method: POST, Route: update]
in APPPATH\Helpers\upload_helper.php on line 31.
 1 APPPATH\Controllers\Home.php(124): generalUploadImages('file', 'uploads/')
 2 SYSTEMPATH\CodeIgniter.php(933): App\Controllers\Home->update()
 3 SYSTEMPATH\CodeIgniter.php(509): CodeIgniter\CodeIgniter->runController(Object(App\Controllers\Home))
 4 SYSTEMPATH\CodeIgniter.php(355): CodeIgniter\CodeIgniter->handleRequest(null, Object(Config\Cache), false)
 5 SYSTEMPATH\Boot.php(312): CodeIgniter\CodeIgniter->run()
 6 SYSTEMPATH\Boot.php(67): CodeIgniter\Boot::runCodeIgniter(Object(CodeIgniter\CodeIgniter))
 7 FCPATH\index.php(57): CodeIgniter\Boot::bootWeb(Object(Config\Paths))
CRITICAL - 2024-05-20 12:05:49 --> ErrorException: Undefined variable $uploadResult
[Method: POST, Route: update]
in APPPATH\Controllers\Home.php on line 125.
 1 APPPATH\Controllers\Home.php(125): CodeIgniter\Debug\Exceptions->errorHandler(2, 'Undefined variable $uploadResult', 'G:\\xampp\\htdocs\\podcast\\app\\Controllers\\Home.php', 125)
 2 SYSTEMPATH\CodeIgniter.php(933): App\Controllers\Home->update()
 3 SYSTEMPATH\CodeIgniter.php(509): CodeIgniter\CodeIgniter->runController(Object(App\Controllers\Home))
 4 SYSTEMPATH\CodeIgniter.php(355): CodeIgniter\CodeIgniter->handleRequest(null, Object(Config\Cache), false)
 5 SYSTEMPATH\Boot.php(312): CodeIgniter\CodeIgniter->run()
 6 SYSTEMPATH\Boot.php(67): CodeIgniter\Boot::runCodeIgniter(Object(CodeIgniter\CodeIgniter))
 7 FCPATH\index.php(57): CodeIgniter\Boot::bootWeb(Object(Config\Paths))
CRITICAL - 2024-05-20 12:08:34 --> Error: Call to a member function isValid() on null
[Method: POST, Route: update]
in APPPATH\Helpers\upload_helper.php on line 31.
 1 APPPATH\Controllers\Home.php(124): generalUploadImages('file', 'uploads/')
 2 SYSTEMPATH\CodeIgniter.php(933): App\Controllers\Home->update()
 3 SYSTEMPATH\CodeIgniter.php(509): CodeIgniter\CodeIgniter->runController(Object(App\Controllers\Home))
 4 SYSTEMPATH\CodeIgniter.php(355): CodeIgniter\CodeIgniter->handleRequest(null, Object(Config\Cache), false)
 5 SYSTEMPATH\Boot.php(312): CodeIgniter\CodeIgniter->run()
 6 SYSTEMPATH\Boot.php(67): CodeIgniter\Boot::runCodeIgniter(Object(CodeIgniter\CodeIgniter))
 7 FCPATH\index.php(57): CodeIgniter\Boot::bootWeb(Object(Config\Paths))
CRITICAL - 2024-05-20 12:08:58 --> Error: Call to a member function isValid() on null
[Method: POST, Route: update]
in APPPATH\Helpers\upload_helper.php on line 31.
 1 APPPATH\Controllers\Home.php(124): generalUploadImages('file', 'uploads/')
 2 SYSTEMPATH\CodeIgniter.php(933): App\Controllers\Home->update()
 3 SYSTEMPATH\CodeIgniter.php(509): CodeIgniter\CodeIgniter->runController(Object(App\Controllers\Home))
 4 SYSTEMPATH\CodeIgniter.php(355): CodeIgniter\CodeIgniter->handleRequest(null, Object(Config\Cache), false)
 5 SYSTEMPATH\Boot.php(312): CodeIgniter\CodeIgniter->run()
 6 SYSTEMPATH\Boot.php(67): CodeIgniter\Boot::runCodeIgniter(Object(CodeIgniter\CodeIgniter))
 7 FCPATH\index.php(57): CodeIgniter\Boot::bootWeb(Object(Config\Paths))
CRITICAL - 2024-05-20 12:09:39 --> Error: Call to a member function isValid() on null
[Method: POST, Route: update]
in APPPATH\Helpers\upload_helper.php on line 31.
 1 APPPATH\Controllers\Home.php(124): generalUploadImages('file', 'uploads/')
 2 SYSTEMPATH\CodeIgniter.php(933): App\Controllers\Home->update()
 3 SYSTEMPATH\CodeIgniter.php(509): CodeIgniter\CodeIgniter->runController(Object(App\Controllers\Home))
 4 SYSTEMPATH\CodeIgniter.php(355): CodeIgniter\CodeIgniter->handleRequest(null, Object(Config\Cache), false)
 5 SYSTEMPATH\Boot.php(312): CodeIgniter\CodeIgniter->run()
 6 SYSTEMPATH\Boot.php(67): CodeIgniter\Boot::runCodeIgniter(Object(CodeIgniter\CodeIgniter))
 7 FCPATH\index.php(57): CodeIgniter\Boot::bootWeb(Object(Config\Paths))
CRITICAL - 2024-05-20 12:10:23 --> ArgumentCountError: ini_restore() expects exactly 1 argument, 2 given
[Method: POST, Route: update]
in APPPATH\Controllers\Home.php on line 124.
 1 APPPATH\Controllers\Home.php(124): ini_restore('display_errors', true)
 2 SYSTEMPATH\CodeIgniter.php(933): App\Controllers\Home->update()
 3 SYSTEMPATH\CodeIgniter.php(509): CodeIgniter\CodeIgniter->runController(Object(App\Controllers\Home))
 4 SYSTEMPATH\CodeIgniter.php(355): CodeIgniter\CodeIgniter->handleRequest(null, Object(Config\Cache), false)
 5 SYSTEMPATH\Boot.php(312): CodeIgniter\CodeIgniter->run()
 6 SYSTEMPATH\Boot.php(67): CodeIgniter\Boot::runCodeIgniter(Object(CodeIgniter\CodeIgniter))
 7 FCPATH\index.php(57): CodeIgniter\Boot::bootWeb(Object(Config\Paths))
CRITICAL - 2024-05-20 12:10:39 --> Error: Call to a member function isValid() on null
[Method: POST, Route: update]
in APPPATH\Helpers\upload_helper.php on line 31.
 1 APPPATH\Controllers\Home.php(125): generalUploadImages('file', 'uploads/')
 2 SYSTEMPATH\CodeIgniter.php(933): App\Controllers\Home->update()
 3 SYSTEMPATH\CodeIgniter.php(509): CodeIgniter\CodeIgniter->runController(Object(App\Controllers\Home))
 4 SYSTEMPATH\CodeIgniter.php(355): CodeIgniter\CodeIgniter->handleRequest(null, Object(Config\Cache), false)
 5 SYSTEMPATH\Boot.php(312): CodeIgniter\CodeIgniter->run()
 6 SYSTEMPATH\Boot.php(67): CodeIgniter\Boot::runCodeIgniter(Object(CodeIgniter\CodeIgniter))
 7 FCPATH\index.php(57): CodeIgniter\Boot::bootWeb(Object(Config\Paths))
CRITICAL - 2024-05-20 12:11:22 --> Error: Call to a member function hasMoved() on null
[Method: POST, Route: update]
in APPPATH\Helpers\upload_helper.php on line 31.
 1 APPPATH\Controllers\Home.php(125): generalUploadImages('file', 'uploads/')
 2 SYSTEMPATH\CodeIgniter.php(933): App\Controllers\Home->update()
 3 SYSTEMPATH\CodeIgniter.php(509): CodeIgniter\CodeIgniter->runController(Object(App\Controllers\Home))
 4 SYSTEMPATH\CodeIgniter.php(355): CodeIgniter\CodeIgniter->handleRequest(null, Object(Config\Cache), false)
 5 SYSTEMPATH\Boot.php(312): CodeIgniter\CodeIgniter->run()
 6 SYSTEMPATH\Boot.php(67): CodeIgniter\Boot::runCodeIgniter(Object(CodeIgniter\CodeIgniter))
 7 FCPATH\index.php(57): CodeIgniter\Boot::bootWeb(Object(Config\Paths))
CRITICAL - 2024-05-20 12:11:56 --> Error: Call to a member function isValid() on null
[Method: POST, Route: update]
in APPPATH\Helpers\upload_helper.php on line 31.
 1 APPPATH\Controllers\Home.php(125): generalUploadImages('file', 'uploads/')
 2 SYSTEMPATH\CodeIgniter.php(933): App\Controllers\Home->update()
 3 SYSTEMPATH\CodeIgniter.php(509): CodeIgniter\CodeIgniter->runController(Object(App\Controllers\Home))
 4 SYSTEMPATH\CodeIgniter.php(355): CodeIgniter\CodeIgniter->handleRequest(null, Object(Config\Cache), false)
 5 SYSTEMPATH\Boot.php(312): CodeIgniter\CodeIgniter->run()
 6 SYSTEMPATH\Boot.php(67): CodeIgniter\Boot::runCodeIgniter(Object(CodeIgniter\CodeIgniter))
 7 FCPATH\index.php(57): CodeIgniter\Boot::bootWeb(Object(Config\Paths))
CRITICAL - 2024-05-20 12:12:29 --> Error: Call to a member function isValid() on null
[Method: POST, Route: update]
in APPPATH\Helpers\upload_helper.php on line 31.
 1 APPPATH\Controllers\Home.php(125): generalUploadImages('file', 'uploads/')
 2 SYSTEMPATH\CodeIgniter.php(933): App\Controllers\Home->update()
 3 SYSTEMPATH\CodeIgniter.php(509): CodeIgniter\CodeIgniter->runController(Object(App\Controllers\Home))
 4 SYSTEMPATH\CodeIgniter.php(355): CodeIgniter\CodeIgniter->handleRequest(null, Object(Config\Cache), false)
 5 SYSTEMPATH\Boot.php(312): CodeIgniter\CodeIgniter->run()
 6 SYSTEMPATH\Boot.php(67): CodeIgniter\Boot::runCodeIgniter(Object(CodeIgniter\CodeIgniter))
 7 FCPATH\index.php(57): CodeIgniter\Boot::bootWeb(Object(Config\Paths))
CRITICAL - 2024-05-20 12:13:29 --> Error: Using $this when not in object context
[Method: POST, Route: update]
in APPPATH\Helpers\upload_helper.php on line 24.
 1 APPPATH\Controllers\Home.php(125): generalUploadImages('file', 'uploads/')
 2 SYSTEMPATH\CodeIgniter.php(933): App\Controllers\Home->update()
 3 SYSTEMPATH\CodeIgniter.php(509): CodeIgniter\CodeIgniter->runController(Object(App\Controllers\Home))
 4 SYSTEMPATH\CodeIgniter.php(355): CodeIgniter\CodeIgniter->handleRequest(null, Object(Config\Cache), false)
 5 SYSTEMPATH\Boot.php(312): CodeIgniter\CodeIgniter->run()
 6 SYSTEMPATH\Boot.php(67): CodeIgniter\Boot::runCodeIgniter(Object(CodeIgniter\CodeIgniter))
 7 FCPATH\index.php(57): CodeIgniter\Boot::bootWeb(Object(Config\Paths))
CRITICAL - 2024-05-20 12:14:19 --> Error: Using $this when not in object context
[Method: POST, Route: update]
in APPPATH\Helpers\upload_helper.php on line 24.
 1 APPPATH\Controllers\Home.php(125): generalUploadImages(Object(CodeIgniter\HTTP\Files\UploadedFile), 'uploads/')
 2 SYSTEMPATH\CodeIgniter.php(933): App\Controllers\Home->update()
 3 SYSTEMPATH\CodeIgniter.php(509): CodeIgniter\CodeIgniter->runController(Object(App\Controllers\Home))
 4 SYSTEMPATH\CodeIgniter.php(355): CodeIgniter\CodeIgniter->handleRequest(null, Object(Config\Cache), false)
 5 SYSTEMPATH\Boot.php(312): CodeIgniter\CodeIgniter->run()
 6 SYSTEMPATH\Boot.php(67): CodeIgniter\Boot::runCodeIgniter(Object(CodeIgniter\CodeIgniter))
 7 FCPATH\index.php(57): CodeIgniter\Boot::bootWeb(Object(Config\Paths))
CRITICAL - 2024-05-20 12:14:52 --> Error: Call to a member function isValid() on null
[Method: POST, Route: update]
in APPPATH\Helpers\upload_helper.php on line 31.
 1 APPPATH\Controllers\Home.php(125): generalUploadImages(Object(CodeIgniter\HTTP\Files\UploadedFile), 'uploads/')
 2 SYSTEMPATH\CodeIgniter.php(933): App\Controllers\Home->update()
 3 SYSTEMPATH\CodeIgniter.php(509): CodeIgniter\CodeIgniter->runController(Object(App\Controllers\Home))
 4 SYSTEMPATH\CodeIgniter.php(355): CodeIgniter\CodeIgniter->handleRequest(null, Object(Config\Cache), false)
 5 SYSTEMPATH\Boot.php(312): CodeIgniter\CodeIgniter->run()
 6 SYSTEMPATH\Boot.php(67): CodeIgniter\Boot::runCodeIgniter(Object(CodeIgniter\CodeIgniter))
 7 FCPATH\index.php(57): CodeIgniter\Boot::bootWeb(Object(Config\Paths))
CRITICAL - 2024-05-20 12:25:38 --> ParseError: syntax error, unexpected token "->", expecting ")"
[Method: POST, Route: update]
in APPPATH\Helpers\upload_helper.php on line 11.
 1 APPPATH\Controllers\Home.php(94): helper([...])
 2 SYSTEMPATH\CodeIgniter.php(933): App\Controllers\Home->update()
 3 SYSTEMPATH\CodeIgniter.php(509): CodeIgniter\CodeIgniter->runController(Object(App\Controllers\Home))
 4 SYSTEMPATH\CodeIgniter.php(355): CodeIgniter\CodeIgniter->handleRequest(null, Object(Config\Cache), false)
 5 SYSTEMPATH\Boot.php(312): CodeIgniter\CodeIgniter->run()
 6 SYSTEMPATH\Boot.php(67): CodeIgniter\Boot::runCodeIgniter(Object(CodeIgniter\CodeIgniter))
 7 FCPATH\index.php(57): CodeIgniter\Boot::bootWeb(Object(Config\Paths))
CRITICAL - 2024-05-20 12:25:53 --> ParseError: syntax error, unexpected token "->", expecting ")"
[Method: POST, Route: update]
in APPPATH\Helpers\upload_helper.php on line 11.
 1 APPPATH\Controllers\Home.php(94): helper([...])
 2 SYSTEMPATH\CodeIgniter.php(933): App\Controllers\Home->update()
 3 SYSTEMPATH\CodeIgniter.php(509): CodeIgniter\CodeIgniter->runController(Object(App\Controllers\Home))
 4 SYSTEMPATH\CodeIgniter.php(355): CodeIgniter\CodeIgniter->handleRequest(null, Object(Config\Cache), false)
 5 SYSTEMPATH\Boot.php(312): CodeIgniter\CodeIgniter->run()
 6 SYSTEMPATH\Boot.php(67): CodeIgniter\Boot::runCodeIgniter(Object(CodeIgniter\CodeIgniter))
 7 FCPATH\index.php(57): CodeIgniter\Boot::bootWeb(Object(Config\Paths))
CRITICAL - 2024-05-20 12:26:27 --> ParseError: Unclosed '{' on line 118 does not match ')'
[Method: POST, Route: update]
in APPPATH\Controllers\Home.php on line 119.
 1 SYSTEMPATH\Autoloader\Autoloader.php(296): CodeIgniter\Autoloader\Autoloader->includeFile('G:\\xampp\\htdocs\\podcast\\app\\Controllers\\Home.php')
 2 SYSTEMPATH\Autoloader\Autoloader.php(272): CodeIgniter\Autoloader\Autoloader->loadInNamespace('App\\Controllers\\Home')
 3 [internal function]: CodeIgniter\Autoloader\Autoloader->loadClass('App\\Controllers\\Home')
 4 SYSTEMPATH\CodeIgniter.php(887): class_exists('\\App\\Controllers\\Home', true)
 5 SYSTEMPATH\CodeIgniter.php(496): CodeIgniter\CodeIgniter->startController()
 6 SYSTEMPATH\CodeIgniter.php(355): CodeIgniter\CodeIgniter->handleRequest(null, Object(Config\Cache), false)
 7 SYSTEMPATH\Boot.php(312): CodeIgniter\CodeIgniter->run()
 8 SYSTEMPATH\Boot.php(67): CodeIgniter\Boot::runCodeIgniter(Object(CodeIgniter\CodeIgniter))
 9 FCPATH\index.php(57): CodeIgniter\Boot::bootWeb(Object(Config\Paths))
CRITICAL - 2024-05-20 12:26:44 --> ParseError: Unclosed '{' on line 118 does not match ')'
[Method: POST, Route: update]
in APPPATH\Controllers\Home.php on line 119.
 1 SYSTEMPATH\Autoloader\Autoloader.php(296): CodeIgniter\Autoloader\Autoloader->includeFile('G:\\xampp\\htdocs\\podcast\\app\\Controllers\\Home.php')
 2 SYSTEMPATH\Autoloader\Autoloader.php(272): CodeIgniter\Autoloader\Autoloader->loadInNamespace('App\\Controllers\\Home')
 3 [internal function]: CodeIgniter\Autoloader\Autoloader->loadClass('App\\Controllers\\Home')
 4 SYSTEMPATH\CodeIgniter.php(887): class_exists('\\App\\Controllers\\Home', true)
 5 SYSTEMPATH\CodeIgniter.php(496): CodeIgniter\CodeIgniter->startController()
 6 SYSTEMPATH\CodeIgniter.php(355): CodeIgniter\CodeIgniter->handleRequest(null, Object(Config\Cache), false)
 7 SYSTEMPATH\Boot.php(312): CodeIgniter\CodeIgniter->run()
 8 SYSTEMPATH\Boot.php(67): CodeIgniter\Boot::runCodeIgniter(Object(CodeIgniter\CodeIgniter))
 9 FCPATH\index.php(57): CodeIgniter\Boot::bootWeb(Object(Config\Paths))
CRITICAL - 2024-05-20 12:26:59 --> ParseError: Unclosed '{' on line 118 does not match ')'
[Method: POST, Route: update]
in APPPATH\Controllers\Home.php on line 119.
 1 SYSTEMPATH\Autoloader\Autoloader.php(296): CodeIgniter\Autoloader\Autoloader->includeFile('G:\\xampp\\htdocs\\podcast\\app\\Controllers\\Home.php')
 2 SYSTEMPATH\Autoloader\Autoloader.php(272): CodeIgniter\Autoloader\Autoloader->loadInNamespace('App\\Controllers\\Home')
 3 [internal function]: CodeIgniter\Autoloader\Autoloader->loadClass('App\\Controllers\\Home')
 4 SYSTEMPATH\CodeIgniter.php(887): class_exists('\\App\\Controllers\\Home', true)
 5 SYSTEMPATH\CodeIgniter.php(496): CodeIgniter\CodeIgniter->startController()
 6 SYSTEMPATH\CodeIgniter.php(355): CodeIgniter\CodeIgniter->handleRequest(null, Object(Config\Cache), false)
 7 SYSTEMPATH\Boot.php(312): CodeIgniter\CodeIgniter->run()
 8 SYSTEMPATH\Boot.php(67): CodeIgniter\Boot::runCodeIgniter(Object(CodeIgniter\CodeIgniter))
 9 FCPATH\index.php(57): CodeIgniter\Boot::bootWeb(Object(Config\Paths))
CRITICAL - 2024-05-20 12:27:19 --> ParseError: Unclosed '{' on line 118 does not match ')'
[Method: POST, Route: update]
in APPPATH\Controllers\Home.php on line 119.
 1 SYSTEMPATH\Autoloader\Autoloader.php(296): CodeIgniter\Autoloader\Autoloader->includeFile('G:\\xampp\\htdocs\\podcast\\app\\Controllers\\Home.php')
 2 SYSTEMPATH\Autoloader\Autoloader.php(272): CodeIgniter\Autoloader\Autoloader->loadInNamespace('App\\Controllers\\Home')
 3 [internal function]: CodeIgniter\Autoloader\Autoloader->loadClass('App\\Controllers\\Home')
 4 SYSTEMPATH\CodeIgniter.php(887): class_exists('\\App\\Controllers\\Home', true)
 5 SYSTEMPATH\CodeIgniter.php(496): CodeIgniter\CodeIgniter->startController()
 6 SYSTEMPATH\CodeIgniter.php(355): CodeIgniter\CodeIgniter->handleRequest(null, Object(Config\Cache), false)
 7 SYSTEMPATH\Boot.php(312): CodeIgniter\CodeIgniter->run()
 8 SYSTEMPATH\Boot.php(67): CodeIgniter\Boot::runCodeIgniter(Object(CodeIgniter\CodeIgniter))
 9 FCPATH\index.php(57): CodeIgniter\Boot::bootWeb(Object(Config\Paths))
CRITICAL - 2024-05-20 12:27:35 --> ParseError: Unclosed '{' on line 118 does not match ')'
[Method: POST, Route: update]
in APPPATH\Controllers\Home.php on line 119.
 1 SYSTEMPATH\Autoloader\Autoloader.php(296): CodeIgniter\Autoloader\Autoloader->includeFile('G:\\xampp\\htdocs\\podcast\\app\\Controllers\\Home.php')
 2 SYSTEMPATH\Autoloader\Autoloader.php(272): CodeIgniter\Autoloader\Autoloader->loadInNamespace('App\\Controllers\\Home')
 3 [internal function]: CodeIgniter\Autoloader\Autoloader->loadClass('App\\Controllers\\Home')
 4 SYSTEMPATH\CodeIgniter.php(887): class_exists('\\App\\Controllers\\Home', true)
 5 SYSTEMPATH\CodeIgniter.php(496): CodeIgniter\CodeIgniter->startController()
 6 SYSTEMPATH\CodeIgniter.php(355): CodeIgniter\CodeIgniter->handleRequest(null, Object(Config\Cache), false)
 7 SYSTEMPATH\Boot.php(312): CodeIgniter\CodeIgniter->run()
 8 SYSTEMPATH\Boot.php(67): CodeIgniter\Boot::runCodeIgniter(Object(CodeIgniter\CodeIgniter))
 9 FCPATH\index.php(57): CodeIgniter\Boot::bootWeb(Object(Config\Paths))
CRITICAL - 2024-05-20 12:27:48 --> ParseError: Unclosed '{' on line 118 does not match ')'
[Method: POST, Route: update]
in APPPATH\Controllers\Home.php on line 119.
 1 SYSTEMPATH\Autoloader\Autoloader.php(296): CodeIgniter\Autoloader\Autoloader->includeFile('G:\\xampp\\htdocs\\podcast\\app\\Controllers\\Home.php')
 2 SYSTEMPATH\Autoloader\Autoloader.php(272): CodeIgniter\Autoloader\Autoloader->loadInNamespace('App\\Controllers\\Home')
 3 [internal function]: CodeIgniter\Autoloader\Autoloader->loadClass('App\\Controllers\\Home')
 4 SYSTEMPATH\CodeIgniter.php(887): class_exists('\\App\\Controllers\\Home', true)
 5 SYSTEMPATH\CodeIgniter.php(496): CodeIgniter\CodeIgniter->startController()
 6 SYSTEMPATH\CodeIgniter.php(355): CodeIgniter\CodeIgniter->handleRequest(null, Object(Config\Cache), false)
 7 SYSTEMPATH\Boot.php(312): CodeIgniter\CodeIgniter->run()
 8 SYSTEMPATH\Boot.php(67): CodeIgniter\Boot::runCodeIgniter(Object(CodeIgniter\CodeIgniter))
 9 FCPATH\index.php(57): CodeIgniter\Boot::bootWeb(Object(Config\Paths))
