CRITICAL - 2024-09-11 07:58:29 --> ErrorException: Cannot redeclare removeIndexPhpFromUrl() (previously declared in /home2/cpfoodboxes/sites/dev.kolaxopackaging.com/ci4/ci-admin/remove_index.php:3)
[Method: GET, Route: /]
in FCPATH/remove_index.php on line 12.
 1 [internal function]: CodeIgniter\Debug\Exceptions->shutdownHandler()
CRITICAL - 2024-09-11 07:59:49 --> ErrorException: Constant URL already defined
[Method: GET, Route: /]
in /home2/cpfoodboxes/sites/dev.kolaxopackaging.com/ci4/constant/config.php on line 2.
 1 /home2/cpfoodboxes/sites/dev.kolaxopackaging.com/ci4/constant/config.php(2): CodeIgniter\Debug\Exceptions->errorHandler(2, 'Constant URL already defined', '/home2/cpfoodboxes/sites/dev.kolaxopackaging.com/ci4/constant/config.php', 2)
 2 FCPATH/index.php(2): include('/home2/cpfoodboxes/sites/dev.kolaxopackaging.com/ci4/constant/config.php')
 3 APPPATH/Views/page.php(4): include('/home2/cpfoodboxes/sites/dev.kolaxopackaging.com/ci4/ci-admin/index.php')
 4 SYSTEMPATH/View/View.php(234): include('/home2/cpfoodboxes/sites/dev.kolaxopackaging.com/ci4/ci-admin/app/Views/page.php')
 5 SYSTEMPATH/View/View.php(237): CodeIgniter\View\View->CodeIgniter\View\{closure}()
 6 SYSTEMPATH/Common.php(1171): CodeIgniter\View\View->render('page', [], true)
 7 APPPATH/Controllers/Home.php(35): view('page', [...])
 8 SYSTEMPATH/CodeIgniter.php(933): App\Controllers\Home->dashboard()
 9 SYSTEMPATH/CodeIgniter.php(509): CodeIgniter\CodeIgniter->runController(Object(App\Controllers\Home))
10 SYSTEMPATH/CodeIgniter.php(355): CodeIgniter\CodeIgniter->handleRequest(null, Object(Config\Cache), false)
11 SYSTEMPATH/Boot.php(312): CodeIgniter\CodeIgniter->run()
12 SYSTEMPATH/Boot.php(67): CodeIgniter\Boot::runCodeIgniter(Object(CodeIgniter\CodeIgniter))
13 FCPATH/index.php(66): CodeIgniter\Boot::bootWeb(Object(Config\Paths))
CRITICAL - 2024-09-11 08:00:16 --> ErrorException: Cannot redeclare removeIndexPhpFromUrl() (previously declared in /home2/cpfoodboxes/sites/dev.kolaxopackaging.com/ci4/ci-admin/remove_index.php:3)
[Method: GET, Route: /]
in FCPATH/remove_index.php on line 12.
 1 [internal function]: CodeIgniter\Debug\Exceptions->shutdownHandler()
CRITICAL - 2024-09-11 08:00:43 --> ErrorException: Cannot redeclare removeIndexPhpFromUrl() (previously declared in /home2/cpfoodboxes/sites/dev.kolaxopackaging.com/ci4/ci-admin/remove_index.php:3)
[Method: GET, Route: /]
in FCPATH/remove_index.php on line 12.
 1 [internal function]: CodeIgniter\Debug\Exceptions->shutdownHandler()
