CRITICAL - 2024-11-28 05:07:49 --> ErrorException: Trying to access array offset on value of type null
[Method: GET, Route: tech/editpage/226]
in APPPATH/Views/pages/editpage.php on line 7.
 1 APPPATH/Views/pages/editpage.php(7): CodeIgniter\Debug\Exceptions->errorHandler()
 2 APPPATH/Views/page.php(3): include('/home/u959318480/domains/thebakeryboxes.com/public_html/dev/projects/ecall/ci-admin/app/Views/pages/editpage.php')
 3 SYSTEMPATH/View/View.php(234): include('/home/u959318480/domains/thebakeryboxes.com/public_html/dev/projects/ecall/ci-admin/app/Views/page.php')
 4 SYSTEMPATH/View/View.php(237): CodeIgniter\View\View->CodeIgniter\View\{closure}()
 5 SYSTEMPATH/Common.php(1171): CodeIgniter\View\View->render()
 6 APPPATH/Controllers/Home.php(514): view()
 7 APPPATH/Controllers/Home.php(88): App\Controllers\Home->editpage()
 8 SYSTEMPATH/CodeIgniter.php(933): App\Controllers\Home->manangerouts()
 9 SYSTEMPATH/CodeIgniter.php(509): CodeIgniter\CodeIgniter->runController()
10 SYSTEMPATH/CodeIgniter.php(355): CodeIgniter\CodeIgniter->handleRequest()
11 SYSTEMPATH/Boot.php(312): CodeIgniter\CodeIgniter->run()
12 SYSTEMPATH/Boot.php(67): CodeIgniter\Boot::runCodeIgniter()
13 FCPATH/index.php(57): CodeIgniter\Boot::bootWeb()
ERROR - 2024-11-28 06:59:17 --> mysqli_sql_exception: Unknown column '2_59' in 'WHERE' in /home/u959318480/domains/thebakeryboxes.com/public_html/dev/projects/ecall/system/Database/MySQLi/Connection.php:308
Stack trace:
#0 /home/u959318480/domains/thebakeryboxes.com/public_html/dev/projects/ecall/system/Database/MySQLi/Connection.php(308): mysqli->query()
#1 /home/u959318480/domains/thebakeryboxes.com/public_html/dev/projects/ecall/system/Database/BaseConnection.php(722): CodeIgniter\Database\MySQLi\Connection->execute()
#2 /home/u959318480/domains/thebakeryboxes.com/public_html/dev/projects/ecall/system/Database/BaseConnection.php(636): CodeIgniter\Database\BaseConnection->simpleQuery()
#3 /home/u959318480/domains/thebakeryboxes.com/public_html/dev/projects/ecall/ci-admin/app/Controllers/CmsSections.php(355): CodeIgniter\Database\BaseConnection->query()
#4 /home/u959318480/domains/thebakeryboxes.com/public_html/dev/projects/ecall/ci-admin/app/Controllers/Home.php(508): App\Controllers\CmsSections->sectionEdit()
#5 /home/u959318480/domains/thebakeryboxes.com/public_html/dev/projects/ecall/ci-admin/app/Controllers/Home.php(88): App\Controllers\Home->editpage()
#6 /home/u959318480/domains/thebakeryboxes.com/public_html/dev/projects/ecall/system/CodeIgniter.php(933): App\Controllers\Home->manangerouts()
#7 /home/u959318480/domains/thebakeryboxes.com/public_html/dev/projects/ecall/system/CodeIgniter.php(509): CodeIgniter\CodeIgniter->runController()
#8 /home/u959318480/domains/thebakeryboxes.com/public_html/dev/projects/ecall/system/CodeIgniter.php(355): CodeIgniter\CodeIgniter->handleRequest()
#9 /home/u959318480/domains/thebakeryboxes.com/public_html/dev/projects/ecall/system/Boot.php(312): CodeIgniter\CodeIgniter->run()
#10 /home/u959318480/domains/thebakeryboxes.com/public_html/dev/projects/ecall/system/Boot.php(67): CodeIgniter\Boot::runCodeIgniter()
#11 /home/u959318480/domains/thebakeryboxes.com/public_html/dev/projects/ecall/ci-admin/index.php(57): CodeIgniter\Boot::bootWeb()
#12 {main}
CRITICAL - 2024-11-28 06:59:17 --> CodeIgniter\Database\Exceptions\DatabaseException: Unknown column '2_59' in 'WHERE'
[Method: POST, Route: tech/editpage/230]
in SYSTEMPATH/Database/BaseConnection.php on line 676.
 1 APPPATH/Controllers/CmsSections.php(355): CodeIgniter\Database\BaseConnection->query()
 2 APPPATH/Controllers/Home.php(508): App\Controllers\CmsSections->sectionEdit()
 3 APPPATH/Controllers/Home.php(88): App\Controllers\Home->editpage()
 4 SYSTEMPATH/CodeIgniter.php(933): App\Controllers\Home->manangerouts()
 5 SYSTEMPATH/CodeIgniter.php(509): CodeIgniter\CodeIgniter->runController()
 6 SYSTEMPATH/CodeIgniter.php(355): CodeIgniter\CodeIgniter->handleRequest()
 7 SYSTEMPATH/Boot.php(312): CodeIgniter\CodeIgniter->run()
 8 SYSTEMPATH/Boot.php(67): CodeIgniter\Boot::runCodeIgniter()
 9 FCPATH/index.php(57): CodeIgniter\Boot::bootWeb()
CRITICAL - 2024-11-28 06:59:17 --> [Caused by] CodeIgniter\Database\Exceptions\DatabaseException: Unknown column '2_59' in 'WHERE'
in SYSTEMPATH/Database/MySQLi/Connection.php on line 313.
 1 SYSTEMPATH/Database/BaseConnection.php(722): CodeIgniter\Database\MySQLi\Connection->execute()
 2 SYSTEMPATH/Database/BaseConnection.php(636): CodeIgniter\Database\BaseConnection->simpleQuery()
 3 APPPATH/Controllers/CmsSections.php(355): CodeIgniter\Database\BaseConnection->query()
 4 APPPATH/Controllers/Home.php(508): App\Controllers\CmsSections->sectionEdit()
 5 APPPATH/Controllers/Home.php(88): App\Controllers\Home->editpage()
 6 SYSTEMPATH/CodeIgniter.php(933): App\Controllers\Home->manangerouts()
 7 SYSTEMPATH/CodeIgniter.php(509): CodeIgniter\CodeIgniter->runController()
 8 SYSTEMPATH/CodeIgniter.php(355): CodeIgniter\CodeIgniter->handleRequest()
 9 SYSTEMPATH/Boot.php(312): CodeIgniter\CodeIgniter->run()
10 SYSTEMPATH/Boot.php(67): CodeIgniter\Boot::runCodeIgniter()
11 FCPATH/index.php(57): CodeIgniter\Boot::bootWeb()
CRITICAL - 2024-11-28 06:59:17 --> [Caused by] mysqli_sql_exception: Unknown column '2_59' in 'WHERE'
in SYSTEMPATH/Database/MySQLi/Connection.php on line 308.
 1 SYSTEMPATH/Database/MySQLi/Connection.php(308): mysqli->query()
 2 SYSTEMPATH/Database/BaseConnection.php(722): CodeIgniter\Database\MySQLi\Connection->execute()
 3 SYSTEMPATH/Database/BaseConnection.php(636): CodeIgniter\Database\BaseConnection->simpleQuery()
 4 APPPATH/Controllers/CmsSections.php(355): CodeIgniter\Database\BaseConnection->query()
 5 APPPATH/Controllers/Home.php(508): App\Controllers\CmsSections->sectionEdit()
 6 APPPATH/Controllers/Home.php(88): App\Controllers\Home->editpage()
 7 SYSTEMPATH/CodeIgniter.php(933): App\Controllers\Home->manangerouts()
 8 SYSTEMPATH/CodeIgniter.php(509): CodeIgniter\CodeIgniter->runController()
 9 SYSTEMPATH/CodeIgniter.php(355): CodeIgniter\CodeIgniter->handleRequest()
10 SYSTEMPATH/Boot.php(312): CodeIgniter\CodeIgniter->run()
11 SYSTEMPATH/Boot.php(67): CodeIgniter\Boot::runCodeIgniter()
12 FCPATH/index.php(57): CodeIgniter\Boot::bootWeb()
ERROR - 2024-11-28 07:00:09 --> mysqli_sql_exception: Unknown column '2_59' in 'WHERE' in /home/u959318480/domains/thebakeryboxes.com/public_html/dev/projects/ecall/system/Database/MySQLi/Connection.php:308
Stack trace:
#0 /home/u959318480/domains/thebakeryboxes.com/public_html/dev/projects/ecall/system/Database/MySQLi/Connection.php(308): mysqli->query()
#1 /home/u959318480/domains/thebakeryboxes.com/public_html/dev/projects/ecall/system/Database/BaseConnection.php(722): CodeIgniter\Database\MySQLi\Connection->execute()
#2 /home/u959318480/domains/thebakeryboxes.com/public_html/dev/projects/ecall/system/Database/BaseConnection.php(636): CodeIgniter\Database\BaseConnection->simpleQuery()
#3 /home/u959318480/domains/thebakeryboxes.com/public_html/dev/projects/ecall/ci-admin/app/Controllers/CmsSections.php(355): CodeIgniter\Database\BaseConnection->query()
#4 /home/u959318480/domains/thebakeryboxes.com/public_html/dev/projects/ecall/ci-admin/app/Controllers/Home.php(508): App\Controllers\CmsSections->sectionEdit()
#5 /home/u959318480/domains/thebakeryboxes.com/public_html/dev/projects/ecall/ci-admin/app/Controllers/Home.php(88): App\Controllers\Home->editpage()
#6 /home/u959318480/domains/thebakeryboxes.com/public_html/dev/projects/ecall/system/CodeIgniter.php(933): App\Controllers\Home->manangerouts()
#7 /home/u959318480/domains/thebakeryboxes.com/public_html/dev/projects/ecall/system/CodeIgniter.php(509): CodeIgniter\CodeIgniter->runController()
#8 /home/u959318480/domains/thebakeryboxes.com/public_html/dev/projects/ecall/system/CodeIgniter.php(355): CodeIgniter\CodeIgniter->handleRequest()
#9 /home/u959318480/domains/thebakeryboxes.com/public_html/dev/projects/ecall/system/Boot.php(312): CodeIgniter\CodeIgniter->run()
#10 /home/u959318480/domains/thebakeryboxes.com/public_html/dev/projects/ecall/system/Boot.php(67): CodeIgniter\Boot::runCodeIgniter()
#11 /home/u959318480/domains/thebakeryboxes.com/public_html/dev/projects/ecall/ci-admin/index.php(57): CodeIgniter\Boot::bootWeb()
#12 {main}
CRITICAL - 2024-11-28 07:00:09 --> CodeIgniter\Database\Exceptions\DatabaseException: Unknown column '2_59' in 'WHERE'
[Method: POST, Route: tech/editpage/230]
in SYSTEMPATH/Database/BaseConnection.php on line 676.
 1 APPPATH/Controllers/CmsSections.php(355): CodeIgniter\Database\BaseConnection->query()
 2 APPPATH/Controllers/Home.php(508): App\Controllers\CmsSections->sectionEdit()
 3 APPPATH/Controllers/Home.php(88): App\Controllers\Home->editpage()
 4 SYSTEMPATH/CodeIgniter.php(933): App\Controllers\Home->manangerouts()
 5 SYSTEMPATH/CodeIgniter.php(509): CodeIgniter\CodeIgniter->runController()
 6 SYSTEMPATH/CodeIgniter.php(355): CodeIgniter\CodeIgniter->handleRequest()
 7 SYSTEMPATH/Boot.php(312): CodeIgniter\CodeIgniter->run()
 8 SYSTEMPATH/Boot.php(67): CodeIgniter\Boot::runCodeIgniter()
 9 FCPATH/index.php(57): CodeIgniter\Boot::bootWeb()
CRITICAL - 2024-11-28 07:00:09 --> [Caused by] CodeIgniter\Database\Exceptions\DatabaseException: Unknown column '2_59' in 'WHERE'
in SYSTEMPATH/Database/MySQLi/Connection.php on line 313.
 1 SYSTEMPATH/Database/BaseConnection.php(722): CodeIgniter\Database\MySQLi\Connection->execute()
 2 SYSTEMPATH/Database/BaseConnection.php(636): CodeIgniter\Database\BaseConnection->simpleQuery()
 3 APPPATH/Controllers/CmsSections.php(355): CodeIgniter\Database\BaseConnection->query()
 4 APPPATH/Controllers/Home.php(508): App\Controllers\CmsSections->sectionEdit()
 5 APPPATH/Controllers/Home.php(88): App\Controllers\Home->editpage()
 6 SYSTEMPATH/CodeIgniter.php(933): App\Controllers\Home->manangerouts()
 7 SYSTEMPATH/CodeIgniter.php(509): CodeIgniter\CodeIgniter->runController()
 8 SYSTEMPATH/CodeIgniter.php(355): CodeIgniter\CodeIgniter->handleRequest()
 9 SYSTEMPATH/Boot.php(312): CodeIgniter\CodeIgniter->run()
10 SYSTEMPATH/Boot.php(67): CodeIgniter\Boot::runCodeIgniter()
11 FCPATH/index.php(57): CodeIgniter\Boot::bootWeb()
CRITICAL - 2024-11-28 07:00:09 --> [Caused by] mysqli_sql_exception: Unknown column '2_59' in 'WHERE'
in SYSTEMPATH/Database/MySQLi/Connection.php on line 308.
 1 SYSTEMPATH/Database/MySQLi/Connection.php(308): mysqli->query()
 2 SYSTEMPATH/Database/BaseConnection.php(722): CodeIgniter\Database\MySQLi\Connection->execute()
 3 SYSTEMPATH/Database/BaseConnection.php(636): CodeIgniter\Database\BaseConnection->simpleQuery()
 4 APPPATH/Controllers/CmsSections.php(355): CodeIgniter\Database\BaseConnection->query()
 5 APPPATH/Controllers/Home.php(508): App\Controllers\CmsSections->sectionEdit()
 6 APPPATH/Controllers/Home.php(88): App\Controllers\Home->editpage()
 7 SYSTEMPATH/CodeIgniter.php(933): App\Controllers\Home->manangerouts()
 8 SYSTEMPATH/CodeIgniter.php(509): CodeIgniter\CodeIgniter->runController()
 9 SYSTEMPATH/CodeIgniter.php(355): CodeIgniter\CodeIgniter->handleRequest()
10 SYSTEMPATH/Boot.php(312): CodeIgniter\CodeIgniter->run()
11 SYSTEMPATH/Boot.php(67): CodeIgniter\Boot::runCodeIgniter()
12 FCPATH/index.php(57): CodeIgniter\Boot::bootWeb()
ERROR - 2024-11-28 07:00:17 --> mysqli_sql_exception: Unknown column '2_59' in 'WHERE' in /home/u959318480/domains/thebakeryboxes.com/public_html/dev/projects/ecall/system/Database/MySQLi/Connection.php:308
Stack trace:
#0 /home/u959318480/domains/thebakeryboxes.com/public_html/dev/projects/ecall/system/Database/MySQLi/Connection.php(308): mysqli->query()
#1 /home/u959318480/domains/thebakeryboxes.com/public_html/dev/projects/ecall/system/Database/BaseConnection.php(722): CodeIgniter\Database\MySQLi\Connection->execute()
#2 /home/u959318480/domains/thebakeryboxes.com/public_html/dev/projects/ecall/system/Database/BaseConnection.php(636): CodeIgniter\Database\BaseConnection->simpleQuery()
#3 /home/u959318480/domains/thebakeryboxes.com/public_html/dev/projects/ecall/ci-admin/app/Controllers/CmsSections.php(355): CodeIgniter\Database\BaseConnection->query()
#4 /home/u959318480/domains/thebakeryboxes.com/public_html/dev/projects/ecall/ci-admin/app/Controllers/Home.php(508): App\Controllers\CmsSections->sectionEdit()
#5 /home/u959318480/domains/thebakeryboxes.com/public_html/dev/projects/ecall/ci-admin/app/Controllers/Home.php(88): App\Controllers\Home->editpage()
#6 /home/u959318480/domains/thebakeryboxes.com/public_html/dev/projects/ecall/system/CodeIgniter.php(933): App\Controllers\Home->manangerouts()
#7 /home/u959318480/domains/thebakeryboxes.com/public_html/dev/projects/ecall/system/CodeIgniter.php(509): CodeIgniter\CodeIgniter->runController()
#8 /home/u959318480/domains/thebakeryboxes.com/public_html/dev/projects/ecall/system/CodeIgniter.php(355): CodeIgniter\CodeIgniter->handleRequest()
#9 /home/u959318480/domains/thebakeryboxes.com/public_html/dev/projects/ecall/system/Boot.php(312): CodeIgniter\CodeIgniter->run()
#10 /home/u959318480/domains/thebakeryboxes.com/public_html/dev/projects/ecall/system/Boot.php(67): CodeIgniter\Boot::runCodeIgniter()
#11 /home/u959318480/domains/thebakeryboxes.com/public_html/dev/projects/ecall/ci-admin/index.php(57): CodeIgniter\Boot::bootWeb()
#12 {main}
CRITICAL - 2024-11-28 07:00:17 --> CodeIgniter\Database\Exceptions\DatabaseException: Unknown column '2_59' in 'WHERE'
[Method: POST, Route: tech/editpage/230]
in SYSTEMPATH/Database/BaseConnection.php on line 676.
 1 APPPATH/Controllers/CmsSections.php(355): CodeIgniter\Database\BaseConnection->query()
 2 APPPATH/Controllers/Home.php(508): App\Controllers\CmsSections->sectionEdit()
 3 APPPATH/Controllers/Home.php(88): App\Controllers\Home->editpage()
 4 SYSTEMPATH/CodeIgniter.php(933): App\Controllers\Home->manangerouts()
 5 SYSTEMPATH/CodeIgniter.php(509): CodeIgniter\CodeIgniter->runController()
 6 SYSTEMPATH/CodeIgniter.php(355): CodeIgniter\CodeIgniter->handleRequest()
 7 SYSTEMPATH/Boot.php(312): CodeIgniter\CodeIgniter->run()
 8 SYSTEMPATH/Boot.php(67): CodeIgniter\Boot::runCodeIgniter()
 9 FCPATH/index.php(57): CodeIgniter\Boot::bootWeb()
CRITICAL - 2024-11-28 07:00:17 --> [Caused by] CodeIgniter\Database\Exceptions\DatabaseException: Unknown column '2_59' in 'WHERE'
in SYSTEMPATH/Database/MySQLi/Connection.php on line 313.
 1 SYSTEMPATH/Database/BaseConnection.php(722): CodeIgniter\Database\MySQLi\Connection->execute()
 2 SYSTEMPATH/Database/BaseConnection.php(636): CodeIgniter\Database\BaseConnection->simpleQuery()
 3 APPPATH/Controllers/CmsSections.php(355): CodeIgniter\Database\BaseConnection->query()
 4 APPPATH/Controllers/Home.php(508): App\Controllers\CmsSections->sectionEdit()
 5 APPPATH/Controllers/Home.php(88): App\Controllers\Home->editpage()
 6 SYSTEMPATH/CodeIgniter.php(933): App\Controllers\Home->manangerouts()
 7 SYSTEMPATH/CodeIgniter.php(509): CodeIgniter\CodeIgniter->runController()
 8 SYSTEMPATH/CodeIgniter.php(355): CodeIgniter\CodeIgniter->handleRequest()
 9 SYSTEMPATH/Boot.php(312): CodeIgniter\CodeIgniter->run()
10 SYSTEMPATH/Boot.php(67): CodeIgniter\Boot::runCodeIgniter()
11 FCPATH/index.php(57): CodeIgniter\Boot::bootWeb()
CRITICAL - 2024-11-28 07:00:17 --> [Caused by] mysqli_sql_exception: Unknown column '2_59' in 'WHERE'
in SYSTEMPATH/Database/MySQLi/Connection.php on line 308.
 1 SYSTEMPATH/Database/MySQLi/Connection.php(308): mysqli->query()
 2 SYSTEMPATH/Database/BaseConnection.php(722): CodeIgniter\Database\MySQLi\Connection->execute()
 3 SYSTEMPATH/Database/BaseConnection.php(636): CodeIgniter\Database\BaseConnection->simpleQuery()
 4 APPPATH/Controllers/CmsSections.php(355): CodeIgniter\Database\BaseConnection->query()
 5 APPPATH/Controllers/Home.php(508): App\Controllers\CmsSections->sectionEdit()
 6 APPPATH/Controllers/Home.php(88): App\Controllers\Home->editpage()
 7 SYSTEMPATH/CodeIgniter.php(933): App\Controllers\Home->manangerouts()
 8 SYSTEMPATH/CodeIgniter.php(509): CodeIgniter\CodeIgniter->runController()
 9 SYSTEMPATH/CodeIgniter.php(355): CodeIgniter\CodeIgniter->handleRequest()
10 SYSTEMPATH/Boot.php(312): CodeIgniter\CodeIgniter->run()
11 SYSTEMPATH/Boot.php(67): CodeIgniter\Boot::runCodeIgniter()
12 FCPATH/index.php(57): CodeIgniter\Boot::bootWeb()
CRITICAL - 2024-11-28 07:14:21 --> CodeIgniter\HTTP\Exceptions\BadRequestException: The URI you submitted has disallowed characters: "[ITM-START]"
[Method: GET, Route: %5BITM-START%5D]
in SYSTEMPATH/Router/Router.php on line 736.
 1 SYSTEMPATH/Router/Router.php(203): CodeIgniter\Router\Router->checkDisallowedChars()
 2 SYSTEMPATH/CodeIgniter.php(834): CodeIgniter\Router\Router->handle()
 3 SYSTEMPATH/CodeIgniter.php(457): CodeIgniter\CodeIgniter->tryToRouteIt()
 4 SYSTEMPATH/CodeIgniter.php(355): CodeIgniter\CodeIgniter->handleRequest()
 5 SYSTEMPATH/Boot.php(312): CodeIgniter\CodeIgniter->run()
 6 SYSTEMPATH/Boot.php(67): CodeIgniter\Boot::runCodeIgniter()
 7 FCPATH/index.php(60): CodeIgniter\Boot::bootWeb()
CRITICAL - 2024-11-28 07:14:23 --> CodeIgniter\HTTP\Exceptions\BadRequestException: The URI you submitted has disallowed characters: "[ITM-START]"
[Method: GET, Route: %5BITM-START%5D]
in SYSTEMPATH/Router/Router.php on line 736.
 1 SYSTEMPATH/Router/Router.php(203): CodeIgniter\Router\Router->checkDisallowedChars()
 2 SYSTEMPATH/CodeIgniter.php(834): CodeIgniter\Router\Router->handle()
 3 SYSTEMPATH/CodeIgniter.php(457): CodeIgniter\CodeIgniter->tryToRouteIt()
 4 SYSTEMPATH/CodeIgniter.php(355): CodeIgniter\CodeIgniter->handleRequest()
 5 SYSTEMPATH/Boot.php(312): CodeIgniter\CodeIgniter->run()
 6 SYSTEMPATH/Boot.php(67): CodeIgniter\Boot::runCodeIgniter()
 7 FCPATH/index.php(60): CodeIgniter\Boot::bootWeb()
CRITICAL - 2024-11-28 07:14:44 --> CodeIgniter\HTTP\Exceptions\BadRequestException: The URI you submitted has disallowed characters: "[ITM-START]"
[Method: GET, Route: %5BITM-START%5D]
in SYSTEMPATH/Router/Router.php on line 736.
 1 SYSTEMPATH/Router/Router.php(203): CodeIgniter\Router\Router->checkDisallowedChars()
 2 SYSTEMPATH/CodeIgniter.php(834): CodeIgniter\Router\Router->handle()
 3 SYSTEMPATH/CodeIgniter.php(457): CodeIgniter\CodeIgniter->tryToRouteIt()
 4 SYSTEMPATH/CodeIgniter.php(355): CodeIgniter\CodeIgniter->handleRequest()
 5 SYSTEMPATH/Boot.php(312): CodeIgniter\CodeIgniter->run()
 6 SYSTEMPATH/Boot.php(67): CodeIgniter\Boot::runCodeIgniter()
 7 FCPATH/index.php(60): CodeIgniter\Boot::bootWeb()
CRITICAL - 2024-11-28 07:14:44 --> CodeIgniter\HTTP\Exceptions\BadRequestException: The URI you submitted has disallowed characters: "[ITM-START]"
[Method: GET, Route: %5BITM-START%5D]
in SYSTEMPATH/Router/Router.php on line 736.
 1 SYSTEMPATH/Router/Router.php(203): CodeIgniter\Router\Router->checkDisallowedChars()
 2 SYSTEMPATH/CodeIgniter.php(834): CodeIgniter\Router\Router->handle()
 3 SYSTEMPATH/CodeIgniter.php(457): CodeIgniter\CodeIgniter->tryToRouteIt()
 4 SYSTEMPATH/CodeIgniter.php(355): CodeIgniter\CodeIgniter->handleRequest()
 5 SYSTEMPATH/Boot.php(312): CodeIgniter\CodeIgniter->run()
 6 SYSTEMPATH/Boot.php(67): CodeIgniter\Boot::runCodeIgniter()
 7 FCPATH/index.php(60): CodeIgniter\Boot::bootWeb()
CRITICAL - 2024-11-28 07:14:46 --> CodeIgniter\HTTP\Exceptions\BadRequestException: The URI you submitted has disallowed characters: "[ITM-START]"
[Method: GET, Route: %5BITM-START%5D]
in SYSTEMPATH/Router/Router.php on line 736.
 1 SYSTEMPATH/Router/Router.php(203): CodeIgniter\Router\Router->checkDisallowedChars()
 2 SYSTEMPATH/CodeIgniter.php(834): CodeIgniter\Router\Router->handle()
 3 SYSTEMPATH/CodeIgniter.php(457): CodeIgniter\CodeIgniter->tryToRouteIt()
 4 SYSTEMPATH/CodeIgniter.php(355): CodeIgniter\CodeIgniter->handleRequest()
 5 SYSTEMPATH/Boot.php(312): CodeIgniter\CodeIgniter->run()
 6 SYSTEMPATH/Boot.php(67): CodeIgniter\Boot::runCodeIgniter()
 7 FCPATH/index.php(60): CodeIgniter\Boot::bootWeb()
CRITICAL - 2024-11-28 07:14:46 --> CodeIgniter\HTTP\Exceptions\BadRequestException: The URI you submitted has disallowed characters: "[ITM-START]"
[Method: GET, Route: %5BITM-START%5D]
in SYSTEMPATH/Router/Router.php on line 736.
 1 SYSTEMPATH/Router/Router.php(203): CodeIgniter\Router\Router->checkDisallowedChars()
 2 SYSTEMPATH/CodeIgniter.php(834): CodeIgniter\Router\Router->handle()
 3 SYSTEMPATH/CodeIgniter.php(457): CodeIgniter\CodeIgniter->tryToRouteIt()
 4 SYSTEMPATH/CodeIgniter.php(355): CodeIgniter\CodeIgniter->handleRequest()
 5 SYSTEMPATH/Boot.php(312): CodeIgniter\CodeIgniter->run()
 6 SYSTEMPATH/Boot.php(67): CodeIgniter\Boot::runCodeIgniter()
 7 FCPATH/index.php(60): CodeIgniter\Boot::bootWeb()
CRITICAL - 2024-11-28 07:15:27 --> CodeIgniter\HTTP\Exceptions\BadRequestException: The URI you submitted has disallowed characters: "[ITM-START]"
[Method: GET, Route: %5BITM-START%5D]
in SYSTEMPATH/Router/Router.php on line 736.
 1 SYSTEMPATH/Router/Router.php(203): CodeIgniter\Router\Router->checkDisallowedChars()
 2 SYSTEMPATH/CodeIgniter.php(834): CodeIgniter\Router\Router->handle()
 3 SYSTEMPATH/CodeIgniter.php(457): CodeIgniter\CodeIgniter->tryToRouteIt()
 4 SYSTEMPATH/CodeIgniter.php(355): CodeIgniter\CodeIgniter->handleRequest()
 5 SYSTEMPATH/Boot.php(312): CodeIgniter\CodeIgniter->run()
 6 SYSTEMPATH/Boot.php(67): CodeIgniter\Boot::runCodeIgniter()
 7 FCPATH/index.php(60): CodeIgniter\Boot::bootWeb()
CRITICAL - 2024-11-28 07:15:27 --> CodeIgniter\HTTP\Exceptions\BadRequestException: The URI you submitted has disallowed characters: "[ITM-START]"
[Method: GET, Route: %5BITM-START%5D]
in SYSTEMPATH/Router/Router.php on line 736.
 1 SYSTEMPATH/Router/Router.php(203): CodeIgniter\Router\Router->checkDisallowedChars()
 2 SYSTEMPATH/CodeIgniter.php(834): CodeIgniter\Router\Router->handle()
 3 SYSTEMPATH/CodeIgniter.php(457): CodeIgniter\CodeIgniter->tryToRouteIt()
 4 SYSTEMPATH/CodeIgniter.php(355): CodeIgniter\CodeIgniter->handleRequest()
 5 SYSTEMPATH/Boot.php(312): CodeIgniter\CodeIgniter->run()
 6 SYSTEMPATH/Boot.php(67): CodeIgniter\Boot::runCodeIgniter()
 7 FCPATH/index.php(60): CodeIgniter\Boot::bootWeb()
CRITICAL - 2024-11-28 07:15:31 --> CodeIgniter\HTTP\Exceptions\BadRequestException: The URI you submitted has disallowed characters: "[ITM-START]"
[Method: GET, Route: %5BITM-START%5D]
in SYSTEMPATH/Router/Router.php on line 736.
 1 SYSTEMPATH/Router/Router.php(203): CodeIgniter\Router\Router->checkDisallowedChars()
 2 SYSTEMPATH/CodeIgniter.php(834): CodeIgniter\Router\Router->handle()
 3 SYSTEMPATH/CodeIgniter.php(457): CodeIgniter\CodeIgniter->tryToRouteIt()
 4 SYSTEMPATH/CodeIgniter.php(355): CodeIgniter\CodeIgniter->handleRequest()
 5 SYSTEMPATH/Boot.php(312): CodeIgniter\CodeIgniter->run()
 6 SYSTEMPATH/Boot.php(67): CodeIgniter\Boot::runCodeIgniter()
 7 FCPATH/index.php(60): CodeIgniter\Boot::bootWeb()
CRITICAL - 2024-11-28 07:15:31 --> CodeIgniter\HTTP\Exceptions\BadRequestException: The URI you submitted has disallowed characters: "[ITM-START]"
[Method: GET, Route: %5BITM-START%5D]
in SYSTEMPATH/Router/Router.php on line 736.
 1 SYSTEMPATH/Router/Router.php(203): CodeIgniter\Router\Router->checkDisallowedChars()
 2 SYSTEMPATH/CodeIgniter.php(834): CodeIgniter\Router\Router->handle()
 3 SYSTEMPATH/CodeIgniter.php(457): CodeIgniter\CodeIgniter->tryToRouteIt()
 4 SYSTEMPATH/CodeIgniter.php(355): CodeIgniter\CodeIgniter->handleRequest()
 5 SYSTEMPATH/Boot.php(312): CodeIgniter\CodeIgniter->run()
 6 SYSTEMPATH/Boot.php(67): CodeIgniter\Boot::runCodeIgniter()
 7 FCPATH/index.php(60): CodeIgniter\Boot::bootWeb()
CRITICAL - 2024-11-28 07:25:45 --> ErrorException: Undefined variable $nwebsecid
[Method: POST, Route: tech/editpage/230]
in APPPATH/Controllers/CmsSections.php on line 387.
 1 APPPATH/Controllers/CmsSections.php(387): CodeIgniter\Debug\Exceptions->errorHandler()
 2 APPPATH/Controllers/Home.php(508): App\Controllers\CmsSections->sectionEdit()
 3 APPPATH/Controllers/Home.php(88): App\Controllers\Home->editpage()
 4 SYSTEMPATH/CodeIgniter.php(933): App\Controllers\Home->manangerouts()
 5 SYSTEMPATH/CodeIgniter.php(509): CodeIgniter\CodeIgniter->runController()
 6 SYSTEMPATH/CodeIgniter.php(355): CodeIgniter\CodeIgniter->handleRequest()
 7 SYSTEMPATH/Boot.php(312): CodeIgniter\CodeIgniter->run()
 8 SYSTEMPATH/Boot.php(67): CodeIgniter\Boot::runCodeIgniter()
 9 FCPATH/index.php(57): CodeIgniter\Boot::bootWeb()
ERROR - 2024-11-28 07:34:10 --> mysqli_sql_exception: Cannot add or update a child row: a foreign key constraint fails (`u959318480_customdb`.`sections_data`, CONSTRAINT `web sections` FOREIGN KEY (`web_section_id`) REFERENCES `sections_website` (`id`) ON DELETE CASCADE ON UPDATE CASCADE) in /home/u959318480/domains/thebakeryboxes.com/public_html/dev/projects/ecall/system/Database/MySQLi/Connection.php:308
Stack trace:
#0 /home/u959318480/domains/thebakeryboxes.com/public_html/dev/projects/ecall/system/Database/MySQLi/Connection.php(308): mysqli->query()
#1 /home/u959318480/domains/thebakeryboxes.com/public_html/dev/projects/ecall/system/Database/BaseConnection.php(722): CodeIgniter\Database\MySQLi\Connection->execute()
#2 /home/u959318480/domains/thebakeryboxes.com/public_html/dev/projects/ecall/system/Database/BaseConnection.php(636): CodeIgniter\Database\BaseConnection->simpleQuery()
#3 /home/u959318480/domains/thebakeryboxes.com/public_html/dev/projects/ecall/system/Database/BaseBuilder.php(2325): CodeIgniter\Database\BaseConnection->query()
#4 /home/u959318480/domains/thebakeryboxes.com/public_html/dev/projects/ecall/ci-admin/app/Controllers/CmsSections.php(394): CodeIgniter\Database\BaseBuilder->insert()
#5 /home/u959318480/domains/thebakeryboxes.com/public_html/dev/projects/ecall/ci-admin/app/Controllers/Home.php(508): App\Controllers\CmsSections->sectionEdit()
#6 /home/u959318480/domains/thebakeryboxes.com/public_html/dev/projects/ecall/ci-admin/app/Controllers/Home.php(88): App\Controllers\Home->editpage()
#7 /home/u959318480/domains/thebakeryboxes.com/public_html/dev/projects/ecall/system/CodeIgniter.php(933): App\Controllers\Home->manangerouts()
#8 /home/u959318480/domains/thebakeryboxes.com/public_html/dev/projects/ecall/system/CodeIgniter.php(509): CodeIgniter\CodeIgniter->runController()
#9 /home/u959318480/domains/thebakeryboxes.com/public_html/dev/projects/ecall/system/CodeIgniter.php(355): CodeIgniter\CodeIgniter->handleRequest()
#10 /home/u959318480/domains/thebakeryboxes.com/public_html/dev/projects/ecall/system/Boot.php(312): CodeIgniter\CodeIgniter->run()
#11 /home/u959318480/domains/thebakeryboxes.com/public_html/dev/projects/ecall/system/Boot.php(67): CodeIgniter\Boot::runCodeIgniter()
#12 /home/u959318480/domains/thebakeryboxes.com/public_html/dev/projects/ecall/ci-admin/index.php(57): CodeIgniter\Boot::bootWeb()
#13 {main}
CRITICAL - 2024-11-28 07:34:10 --> CodeIgniter\Database\Exceptions\DatabaseException: Cannot add or update a child row: a foreign key constraint fails (`u959318480_customdb`.`sections_data`, CONSTRAINT `web sections` FOREIGN KEY (`web_section_id`) REFERENCES `sections_website` (`id`) ON DELETE CASCADE ON UPDATE CASCADE)
[Method: POST, Route: tech/editpage/230]
in SYSTEMPATH/Database/BaseConnection.php on line 676.
 1 SYSTEMPATH/Database/BaseBuilder.php(2325): CodeIgniter\Database\BaseConnection->query()
 2 APPPATH/Controllers/CmsSections.php(394): CodeIgniter\Database\BaseBuilder->insert()
 3 APPPATH/Controllers/Home.php(508): App\Controllers\CmsSections->sectionEdit()
 4 APPPATH/Controllers/Home.php(88): App\Controllers\Home->editpage()
 5 SYSTEMPATH/CodeIgniter.php(933): App\Controllers\Home->manangerouts()
 6 SYSTEMPATH/CodeIgniter.php(509): CodeIgniter\CodeIgniter->runController()
 7 SYSTEMPATH/CodeIgniter.php(355): CodeIgniter\CodeIgniter->handleRequest()
 8 SYSTEMPATH/Boot.php(312): CodeIgniter\CodeIgniter->run()
 9 SYSTEMPATH/Boot.php(67): CodeIgniter\Boot::runCodeIgniter()
10 FCPATH/index.php(57): CodeIgniter\Boot::bootWeb()
CRITICAL - 2024-11-28 07:34:10 --> [Caused by] CodeIgniter\Database\Exceptions\DatabaseException: Cannot add or update a child row: a foreign key constraint fails (`u959318480_customdb`.`sections_data`, CONSTRAINT `web sections` FOREIGN KEY (`web_section_id`) REFERENCES `sections_website` (`id`) ON DELETE CASCADE ON UPDATE CASCADE)
in SYSTEMPATH/Database/MySQLi/Connection.php on line 313.
 1 SYSTEMPATH/Database/BaseConnection.php(722): CodeIgniter\Database\MySQLi\Connection->execute()
 2 SYSTEMPATH/Database/BaseConnection.php(636): CodeIgniter\Database\BaseConnection->simpleQuery()
 3 SYSTEMPATH/Database/BaseBuilder.php(2325): CodeIgniter\Database\BaseConnection->query()
 4 APPPATH/Controllers/CmsSections.php(394): CodeIgniter\Database\BaseBuilder->insert()
 5 APPPATH/Controllers/Home.php(508): App\Controllers\CmsSections->sectionEdit()
 6 APPPATH/Controllers/Home.php(88): App\Controllers\Home->editpage()
 7 SYSTEMPATH/CodeIgniter.php(933): App\Controllers\Home->manangerouts()
 8 SYSTEMPATH/CodeIgniter.php(509): CodeIgniter\CodeIgniter->runController()
 9 SYSTEMPATH/CodeIgniter.php(355): CodeIgniter\CodeIgniter->handleRequest()
10 SYSTEMPATH/Boot.php(312): CodeIgniter\CodeIgniter->run()
11 SYSTEMPATH/Boot.php(67): CodeIgniter\Boot::runCodeIgniter()
12 FCPATH/index.php(57): CodeIgniter\Boot::bootWeb()
CRITICAL - 2024-11-28 07:34:10 --> [Caused by] mysqli_sql_exception: Cannot add or update a child row: a foreign key constraint fails (`u959318480_customdb`.`sections_data`, CONSTRAINT `web sections` FOREIGN KEY (`web_section_id`) REFERENCES `sections_website` (`id`) ON DELETE CASCADE ON UPDATE CASCADE)
in SYSTEMPATH/Database/MySQLi/Connection.php on line 308.
 1 SYSTEMPATH/Database/MySQLi/Connection.php(308): mysqli->query()
 2 SYSTEMPATH/Database/BaseConnection.php(722): CodeIgniter\Database\MySQLi\Connection->execute()
 3 SYSTEMPATH/Database/BaseConnection.php(636): CodeIgniter\Database\BaseConnection->simpleQuery()
 4 SYSTEMPATH/Database/BaseBuilder.php(2325): CodeIgniter\Database\BaseConnection->query()
 5 APPPATH/Controllers/CmsSections.php(394): CodeIgniter\Database\BaseBuilder->insert()
 6 APPPATH/Controllers/Home.php(508): App\Controllers\CmsSections->sectionEdit()
 7 APPPATH/Controllers/Home.php(88): App\Controllers\Home->editpage()
 8 SYSTEMPATH/CodeIgniter.php(933): App\Controllers\Home->manangerouts()
 9 SYSTEMPATH/CodeIgniter.php(509): CodeIgniter\CodeIgniter->runController()
10 SYSTEMPATH/CodeIgniter.php(355): CodeIgniter\CodeIgniter->handleRequest()
11 SYSTEMPATH/Boot.php(312): CodeIgniter\CodeIgniter->run()
12 SYSTEMPATH/Boot.php(67): CodeIgniter\Boot::runCodeIgniter()
13 FCPATH/index.php(57): CodeIgniter\Boot::bootWeb()
ERROR - 2024-11-28 07:35:46 --> mysqli_sql_exception: Cannot add or update a child row: a foreign key constraint fails (`u959318480_customdb`.`sections_data`, CONSTRAINT `web sections` FOREIGN KEY (`web_section_id`) REFERENCES `sections_website` (`id`) ON DELETE CASCADE ON UPDATE NO ACTION) in /home/u959318480/domains/thebakeryboxes.com/public_html/dev/projects/ecall/system/Database/MySQLi/Connection.php:308
Stack trace:
#0 /home/u959318480/domains/thebakeryboxes.com/public_html/dev/projects/ecall/system/Database/MySQLi/Connection.php(308): mysqli->query()
#1 /home/u959318480/domains/thebakeryboxes.com/public_html/dev/projects/ecall/system/Database/BaseConnection.php(722): CodeIgniter\Database\MySQLi\Connection->execute()
#2 /home/u959318480/domains/thebakeryboxes.com/public_html/dev/projects/ecall/system/Database/BaseConnection.php(636): CodeIgniter\Database\BaseConnection->simpleQuery()
#3 /home/u959318480/domains/thebakeryboxes.com/public_html/dev/projects/ecall/system/Database/BaseBuilder.php(2325): CodeIgniter\Database\BaseConnection->query()
#4 /home/u959318480/domains/thebakeryboxes.com/public_html/dev/projects/ecall/ci-admin/app/Controllers/CmsSections.php(394): CodeIgniter\Database\BaseBuilder->insert()
#5 /home/u959318480/domains/thebakeryboxes.com/public_html/dev/projects/ecall/ci-admin/app/Controllers/Home.php(508): App\Controllers\CmsSections->sectionEdit()
#6 /home/u959318480/domains/thebakeryboxes.com/public_html/dev/projects/ecall/ci-admin/app/Controllers/Home.php(88): App\Controllers\Home->editpage()
#7 /home/u959318480/domains/thebakeryboxes.com/public_html/dev/projects/ecall/system/CodeIgniter.php(933): App\Controllers\Home->manangerouts()
#8 /home/u959318480/domains/thebakeryboxes.com/public_html/dev/projects/ecall/system/CodeIgniter.php(509): CodeIgniter\CodeIgniter->runController()
#9 /home/u959318480/domains/thebakeryboxes.com/public_html/dev/projects/ecall/system/CodeIgniter.php(355): CodeIgniter\CodeIgniter->handleRequest()
#10 /home/u959318480/domains/thebakeryboxes.com/public_html/dev/projects/ecall/system/Boot.php(312): CodeIgniter\CodeIgniter->run()
#11 /home/u959318480/domains/thebakeryboxes.com/public_html/dev/projects/ecall/system/Boot.php(67): CodeIgniter\Boot::runCodeIgniter()
#12 /home/u959318480/domains/thebakeryboxes.com/public_html/dev/projects/ecall/ci-admin/index.php(57): CodeIgniter\Boot::bootWeb()
#13 {main}
CRITICAL - 2024-11-28 07:35:46 --> CodeIgniter\Database\Exceptions\DatabaseException: Cannot add or update a child row: a foreign key constraint fails (`u959318480_customdb`.`sections_data`, CONSTRAINT `web sections` FOREIGN KEY (`web_section_id`) REFERENCES `sections_website` (`id`) ON DELETE CASCADE ON UPDATE NO ACTION)
[Method: POST, Route: tech/editpage/230]
in SYSTEMPATH/Database/BaseConnection.php on line 676.
 1 SYSTEMPATH/Database/BaseBuilder.php(2325): CodeIgniter\Database\BaseConnection->query()
 2 APPPATH/Controllers/CmsSections.php(394): CodeIgniter\Database\BaseBuilder->insert()
 3 APPPATH/Controllers/Home.php(508): App\Controllers\CmsSections->sectionEdit()
 4 APPPATH/Controllers/Home.php(88): App\Controllers\Home->editpage()
 5 SYSTEMPATH/CodeIgniter.php(933): App\Controllers\Home->manangerouts()
 6 SYSTEMPATH/CodeIgniter.php(509): CodeIgniter\CodeIgniter->runController()
 7 SYSTEMPATH/CodeIgniter.php(355): CodeIgniter\CodeIgniter->handleRequest()
 8 SYSTEMPATH/Boot.php(312): CodeIgniter\CodeIgniter->run()
 9 SYSTEMPATH/Boot.php(67): CodeIgniter\Boot::runCodeIgniter()
10 FCPATH/index.php(57): CodeIgniter\Boot::bootWeb()
CRITICAL - 2024-11-28 07:35:46 --> [Caused by] CodeIgniter\Database\Exceptions\DatabaseException: Cannot add or update a child row: a foreign key constraint fails (`u959318480_customdb`.`sections_data`, CONSTRAINT `web sections` FOREIGN KEY (`web_section_id`) REFERENCES `sections_website` (`id`) ON DELETE CASCADE ON UPDATE NO ACTION)
in SYSTEMPATH/Database/MySQLi/Connection.php on line 313.
 1 SYSTEMPATH/Database/BaseConnection.php(722): CodeIgniter\Database\MySQLi\Connection->execute()
 2 SYSTEMPATH/Database/BaseConnection.php(636): CodeIgniter\Database\BaseConnection->simpleQuery()
 3 SYSTEMPATH/Database/BaseBuilder.php(2325): CodeIgniter\Database\BaseConnection->query()
 4 APPPATH/Controllers/CmsSections.php(394): CodeIgniter\Database\BaseBuilder->insert()
 5 APPPATH/Controllers/Home.php(508): App\Controllers\CmsSections->sectionEdit()
 6 APPPATH/Controllers/Home.php(88): App\Controllers\Home->editpage()
 7 SYSTEMPATH/CodeIgniter.php(933): App\Controllers\Home->manangerouts()
 8 SYSTEMPATH/CodeIgniter.php(509): CodeIgniter\CodeIgniter->runController()
 9 SYSTEMPATH/CodeIgniter.php(355): CodeIgniter\CodeIgniter->handleRequest()
10 SYSTEMPATH/Boot.php(312): CodeIgniter\CodeIgniter->run()
11 SYSTEMPATH/Boot.php(67): CodeIgniter\Boot::runCodeIgniter()
12 FCPATH/index.php(57): CodeIgniter\Boot::bootWeb()
CRITICAL - 2024-11-28 07:35:46 --> [Caused by] mysqli_sql_exception: Cannot add or update a child row: a foreign key constraint fails (`u959318480_customdb`.`sections_data`, CONSTRAINT `web sections` FOREIGN KEY (`web_section_id`) REFERENCES `sections_website` (`id`) ON DELETE CASCADE ON UPDATE NO ACTION)
in SYSTEMPATH/Database/MySQLi/Connection.php on line 308.
 1 SYSTEMPATH/Database/MySQLi/Connection.php(308): mysqli->query()
 2 SYSTEMPATH/Database/BaseConnection.php(722): CodeIgniter\Database\MySQLi\Connection->execute()
 3 SYSTEMPATH/Database/BaseConnection.php(636): CodeIgniter\Database\BaseConnection->simpleQuery()
 4 SYSTEMPATH/Database/BaseBuilder.php(2325): CodeIgniter\Database\BaseConnection->query()
 5 APPPATH/Controllers/CmsSections.php(394): CodeIgniter\Database\BaseBuilder->insert()
 6 APPPATH/Controllers/Home.php(508): App\Controllers\CmsSections->sectionEdit()
 7 APPPATH/Controllers/Home.php(88): App\Controllers\Home->editpage()
 8 SYSTEMPATH/CodeIgniter.php(933): App\Controllers\Home->manangerouts()
 9 SYSTEMPATH/CodeIgniter.php(509): CodeIgniter\CodeIgniter->runController()
10 SYSTEMPATH/CodeIgniter.php(355): CodeIgniter\CodeIgniter->handleRequest()
11 SYSTEMPATH/Boot.php(312): CodeIgniter\CodeIgniter->run()
12 SYSTEMPATH/Boot.php(67): CodeIgniter\Boot::runCodeIgniter()
13 FCPATH/index.php(57): CodeIgniter\Boot::bootWeb()
ERROR - 2024-11-28 07:35:54 --> mysqli_sql_exception: Cannot add or update a child row: a foreign key constraint fails (`u959318480_customdb`.`sections_data`, CONSTRAINT `web sections` FOREIGN KEY (`web_section_id`) REFERENCES `sections_website` (`id`) ON DELETE CASCADE ON UPDATE NO ACTION) in /home/u959318480/domains/thebakeryboxes.com/public_html/dev/projects/ecall/system/Database/MySQLi/Connection.php:308
Stack trace:
#0 /home/u959318480/domains/thebakeryboxes.com/public_html/dev/projects/ecall/system/Database/MySQLi/Connection.php(308): mysqli->query()
#1 /home/u959318480/domains/thebakeryboxes.com/public_html/dev/projects/ecall/system/Database/BaseConnection.php(722): CodeIgniter\Database\MySQLi\Connection->execute()
#2 /home/u959318480/domains/thebakeryboxes.com/public_html/dev/projects/ecall/system/Database/BaseConnection.php(636): CodeIgniter\Database\BaseConnection->simpleQuery()
#3 /home/u959318480/domains/thebakeryboxes.com/public_html/dev/projects/ecall/system/Database/BaseBuilder.php(2325): CodeIgniter\Database\BaseConnection->query()
#4 /home/u959318480/domains/thebakeryboxes.com/public_html/dev/projects/ecall/ci-admin/app/Controllers/CmsSections.php(394): CodeIgniter\Database\BaseBuilder->insert()
#5 /home/u959318480/domains/thebakeryboxes.com/public_html/dev/projects/ecall/ci-admin/app/Controllers/Home.php(508): App\Controllers\CmsSections->sectionEdit()
#6 /home/u959318480/domains/thebakeryboxes.com/public_html/dev/projects/ecall/ci-admin/app/Controllers/Home.php(88): App\Controllers\Home->editpage()
#7 /home/u959318480/domains/thebakeryboxes.com/public_html/dev/projects/ecall/system/CodeIgniter.php(933): App\Controllers\Home->manangerouts()
#8 /home/u959318480/domains/thebakeryboxes.com/public_html/dev/projects/ecall/system/CodeIgniter.php(509): CodeIgniter\CodeIgniter->runController()
#9 /home/u959318480/domains/thebakeryboxes.com/public_html/dev/projects/ecall/system/CodeIgniter.php(355): CodeIgniter\CodeIgniter->handleRequest()
#10 /home/u959318480/domains/thebakeryboxes.com/public_html/dev/projects/ecall/system/Boot.php(312): CodeIgniter\CodeIgniter->run()
#11 /home/u959318480/domains/thebakeryboxes.com/public_html/dev/projects/ecall/system/Boot.php(67): CodeIgniter\Boot::runCodeIgniter()
#12 /home/u959318480/domains/thebakeryboxes.com/public_html/dev/projects/ecall/ci-admin/index.php(57): CodeIgniter\Boot::bootWeb()
#13 {main}
CRITICAL - 2024-11-28 07:35:54 --> CodeIgniter\Database\Exceptions\DatabaseException: Cannot add or update a child row: a foreign key constraint fails (`u959318480_customdb`.`sections_data`, CONSTRAINT `web sections` FOREIGN KEY (`web_section_id`) REFERENCES `sections_website` (`id`) ON DELETE CASCADE ON UPDATE NO ACTION)
[Method: POST, Route: tech/editpage/230]
in SYSTEMPATH/Database/BaseConnection.php on line 676.
 1 SYSTEMPATH/Database/BaseBuilder.php(2325): CodeIgniter\Database\BaseConnection->query()
 2 APPPATH/Controllers/CmsSections.php(394): CodeIgniter\Database\BaseBuilder->insert()
 3 APPPATH/Controllers/Home.php(508): App\Controllers\CmsSections->sectionEdit()
 4 APPPATH/Controllers/Home.php(88): App\Controllers\Home->editpage()
 5 SYSTEMPATH/CodeIgniter.php(933): App\Controllers\Home->manangerouts()
 6 SYSTEMPATH/CodeIgniter.php(509): CodeIgniter\CodeIgniter->runController()
 7 SYSTEMPATH/CodeIgniter.php(355): CodeIgniter\CodeIgniter->handleRequest()
 8 SYSTEMPATH/Boot.php(312): CodeIgniter\CodeIgniter->run()
 9 SYSTEMPATH/Boot.php(67): CodeIgniter\Boot::runCodeIgniter()
10 FCPATH/index.php(57): CodeIgniter\Boot::bootWeb()
CRITICAL - 2024-11-28 07:35:54 --> [Caused by] CodeIgniter\Database\Exceptions\DatabaseException: Cannot add or update a child row: a foreign key constraint fails (`u959318480_customdb`.`sections_data`, CONSTRAINT `web sections` FOREIGN KEY (`web_section_id`) REFERENCES `sections_website` (`id`) ON DELETE CASCADE ON UPDATE NO ACTION)
in SYSTEMPATH/Database/MySQLi/Connection.php on line 313.
 1 SYSTEMPATH/Database/BaseConnection.php(722): CodeIgniter\Database\MySQLi\Connection->execute()
 2 SYSTEMPATH/Database/BaseConnection.php(636): CodeIgniter\Database\BaseConnection->simpleQuery()
 3 SYSTEMPATH/Database/BaseBuilder.php(2325): CodeIgniter\Database\BaseConnection->query()
 4 APPPATH/Controllers/CmsSections.php(394): CodeIgniter\Database\BaseBuilder->insert()
 5 APPPATH/Controllers/Home.php(508): App\Controllers\CmsSections->sectionEdit()
 6 APPPATH/Controllers/Home.php(88): App\Controllers\Home->editpage()
 7 SYSTEMPATH/CodeIgniter.php(933): App\Controllers\Home->manangerouts()
 8 SYSTEMPATH/CodeIgniter.php(509): CodeIgniter\CodeIgniter->runController()
 9 SYSTEMPATH/CodeIgniter.php(355): CodeIgniter\CodeIgniter->handleRequest()
10 SYSTEMPATH/Boot.php(312): CodeIgniter\CodeIgniter->run()
11 SYSTEMPATH/Boot.php(67): CodeIgniter\Boot::runCodeIgniter()
12 FCPATH/index.php(57): CodeIgniter\Boot::bootWeb()
CRITICAL - 2024-11-28 07:35:54 --> [Caused by] mysqli_sql_exception: Cannot add or update a child row: a foreign key constraint fails (`u959318480_customdb`.`sections_data`, CONSTRAINT `web sections` FOREIGN KEY (`web_section_id`) REFERENCES `sections_website` (`id`) ON DELETE CASCADE ON UPDATE NO ACTION)
in SYSTEMPATH/Database/MySQLi/Connection.php on line 308.
 1 SYSTEMPATH/Database/MySQLi/Connection.php(308): mysqli->query()
 2 SYSTEMPATH/Database/BaseConnection.php(722): CodeIgniter\Database\MySQLi\Connection->execute()
 3 SYSTEMPATH/Database/BaseConnection.php(636): CodeIgniter\Database\BaseConnection->simpleQuery()
 4 SYSTEMPATH/Database/BaseBuilder.php(2325): CodeIgniter\Database\BaseConnection->query()
 5 APPPATH/Controllers/CmsSections.php(394): CodeIgniter\Database\BaseBuilder->insert()
 6 APPPATH/Controllers/Home.php(508): App\Controllers\CmsSections->sectionEdit()
 7 APPPATH/Controllers/Home.php(88): App\Controllers\Home->editpage()
 8 SYSTEMPATH/CodeIgniter.php(933): App\Controllers\Home->manangerouts()
 9 SYSTEMPATH/CodeIgniter.php(509): CodeIgniter\CodeIgniter->runController()
10 SYSTEMPATH/CodeIgniter.php(355): CodeIgniter\CodeIgniter->handleRequest()
11 SYSTEMPATH/Boot.php(312): CodeIgniter\CodeIgniter->run()
12 SYSTEMPATH/Boot.php(67): CodeIgniter\Boot::runCodeIgniter()
13 FCPATH/index.php(57): CodeIgniter\Boot::bootWeb()
ERROR - 2024-11-28 07:36:42 --> mysqli_sql_exception: Cannot add or update a child row: a foreign key constraint fails (`u959318480_customdb`.`sections_data`, CONSTRAINT `web sections` FOREIGN KEY (`web_section_id`) REFERENCES `sections_website` (`id`) ON UPDATE NO ACTION) in /home/u959318480/domains/thebakeryboxes.com/public_html/dev/projects/ecall/system/Database/MySQLi/Connection.php:308
Stack trace:
#0 /home/u959318480/domains/thebakeryboxes.com/public_html/dev/projects/ecall/system/Database/MySQLi/Connection.php(308): mysqli->query()
#1 /home/u959318480/domains/thebakeryboxes.com/public_html/dev/projects/ecall/system/Database/BaseConnection.php(722): CodeIgniter\Database\MySQLi\Connection->execute()
#2 /home/u959318480/domains/thebakeryboxes.com/public_html/dev/projects/ecall/system/Database/BaseConnection.php(636): CodeIgniter\Database\BaseConnection->simpleQuery()
#3 /home/u959318480/domains/thebakeryboxes.com/public_html/dev/projects/ecall/system/Database/BaseBuilder.php(2325): CodeIgniter\Database\BaseConnection->query()
#4 /home/u959318480/domains/thebakeryboxes.com/public_html/dev/projects/ecall/ci-admin/app/Controllers/CmsSections.php(394): CodeIgniter\Database\BaseBuilder->insert()
#5 /home/u959318480/domains/thebakeryboxes.com/public_html/dev/projects/ecall/ci-admin/app/Controllers/Home.php(508): App\Controllers\CmsSections->sectionEdit()
#6 /home/u959318480/domains/thebakeryboxes.com/public_html/dev/projects/ecall/ci-admin/app/Controllers/Home.php(88): App\Controllers\Home->editpage()
#7 /home/u959318480/domains/thebakeryboxes.com/public_html/dev/projects/ecall/system/CodeIgniter.php(933): App\Controllers\Home->manangerouts()
#8 /home/u959318480/domains/thebakeryboxes.com/public_html/dev/projects/ecall/system/CodeIgniter.php(509): CodeIgniter\CodeIgniter->runController()
#9 /home/u959318480/domains/thebakeryboxes.com/public_html/dev/projects/ecall/system/CodeIgniter.php(355): CodeIgniter\CodeIgniter->handleRequest()
#10 /home/u959318480/domains/thebakeryboxes.com/public_html/dev/projects/ecall/system/Boot.php(312): CodeIgniter\CodeIgniter->run()
#11 /home/u959318480/domains/thebakeryboxes.com/public_html/dev/projects/ecall/system/Boot.php(67): CodeIgniter\Boot::runCodeIgniter()
#12 /home/u959318480/domains/thebakeryboxes.com/public_html/dev/projects/ecall/ci-admin/index.php(57): CodeIgniter\Boot::bootWeb()
#13 {main}
CRITICAL - 2024-11-28 07:36:42 --> CodeIgniter\Database\Exceptions\DatabaseException: Cannot add or update a child row: a foreign key constraint fails (`u959318480_customdb`.`sections_data`, CONSTRAINT `web sections` FOREIGN KEY (`web_section_id`) REFERENCES `sections_website` (`id`) ON UPDATE NO ACTION)
[Method: POST, Route: tech/editpage/230]
in SYSTEMPATH/Database/BaseConnection.php on line 676.
 1 SYSTEMPATH/Database/BaseBuilder.php(2325): CodeIgniter\Database\BaseConnection->query()
 2 APPPATH/Controllers/CmsSections.php(394): CodeIgniter\Database\BaseBuilder->insert()
 3 APPPATH/Controllers/Home.php(508): App\Controllers\CmsSections->sectionEdit()
 4 APPPATH/Controllers/Home.php(88): App\Controllers\Home->editpage()
 5 SYSTEMPATH/CodeIgniter.php(933): App\Controllers\Home->manangerouts()
 6 SYSTEMPATH/CodeIgniter.php(509): CodeIgniter\CodeIgniter->runController()
 7 SYSTEMPATH/CodeIgniter.php(355): CodeIgniter\CodeIgniter->handleRequest()
 8 SYSTEMPATH/Boot.php(312): CodeIgniter\CodeIgniter->run()
 9 SYSTEMPATH/Boot.php(67): CodeIgniter\Boot::runCodeIgniter()
10 FCPATH/index.php(57): CodeIgniter\Boot::bootWeb()
CRITICAL - 2024-11-28 07:36:42 --> [Caused by] CodeIgniter\Database\Exceptions\DatabaseException: Cannot add or update a child row: a foreign key constraint fails (`u959318480_customdb`.`sections_data`, CONSTRAINT `web sections` FOREIGN KEY (`web_section_id`) REFERENCES `sections_website` (`id`) ON UPDATE NO ACTION)
in SYSTEMPATH/Database/MySQLi/Connection.php on line 313.
 1 SYSTEMPATH/Database/BaseConnection.php(722): CodeIgniter\Database\MySQLi\Connection->execute()
 2 SYSTEMPATH/Database/BaseConnection.php(636): CodeIgniter\Database\BaseConnection->simpleQuery()
 3 SYSTEMPATH/Database/BaseBuilder.php(2325): CodeIgniter\Database\BaseConnection->query()
 4 APPPATH/Controllers/CmsSections.php(394): CodeIgniter\Database\BaseBuilder->insert()
 5 APPPATH/Controllers/Home.php(508): App\Controllers\CmsSections->sectionEdit()
 6 APPPATH/Controllers/Home.php(88): App\Controllers\Home->editpage()
 7 SYSTEMPATH/CodeIgniter.php(933): App\Controllers\Home->manangerouts()
 8 SYSTEMPATH/CodeIgniter.php(509): CodeIgniter\CodeIgniter->runController()
 9 SYSTEMPATH/CodeIgniter.php(355): CodeIgniter\CodeIgniter->handleRequest()
10 SYSTEMPATH/Boot.php(312): CodeIgniter\CodeIgniter->run()
11 SYSTEMPATH/Boot.php(67): CodeIgniter\Boot::runCodeIgniter()
12 FCPATH/index.php(57): CodeIgniter\Boot::bootWeb()
CRITICAL - 2024-11-28 07:36:42 --> [Caused by] mysqli_sql_exception: Cannot add or update a child row: a foreign key constraint fails (`u959318480_customdb`.`sections_data`, CONSTRAINT `web sections` FOREIGN KEY (`web_section_id`) REFERENCES `sections_website` (`id`) ON UPDATE NO ACTION)
in SYSTEMPATH/Database/MySQLi/Connection.php on line 308.
 1 SYSTEMPATH/Database/MySQLi/Connection.php(308): mysqli->query()
 2 SYSTEMPATH/Database/BaseConnection.php(722): CodeIgniter\Database\MySQLi\Connection->execute()
 3 SYSTEMPATH/Database/BaseConnection.php(636): CodeIgniter\Database\BaseConnection->simpleQuery()
 4 SYSTEMPATH/Database/BaseBuilder.php(2325): CodeIgniter\Database\BaseConnection->query()
 5 APPPATH/Controllers/CmsSections.php(394): CodeIgniter\Database\BaseBuilder->insert()
 6 APPPATH/Controllers/Home.php(508): App\Controllers\CmsSections->sectionEdit()
 7 APPPATH/Controllers/Home.php(88): App\Controllers\Home->editpage()
 8 SYSTEMPATH/CodeIgniter.php(933): App\Controllers\Home->manangerouts()
 9 SYSTEMPATH/CodeIgniter.php(509): CodeIgniter\CodeIgniter->runController()
10 SYSTEMPATH/CodeIgniter.php(355): CodeIgniter\CodeIgniter->handleRequest()
11 SYSTEMPATH/Boot.php(312): CodeIgniter\CodeIgniter->run()
12 SYSTEMPATH/Boot.php(67): CodeIgniter\Boot::runCodeIgniter()
13 FCPATH/index.php(57): CodeIgniter\Boot::bootWeb()
